2022-02-22 22:10:08,120 - runner - INFO: Froze parametrs: ['conv1.weight', 'layer1.0.conv1.weight', 'layer1.0.conv2.weight', 'layer1.1.conv1.weight', 'layer1.1.conv2.weight', 'layer1.2.conv1.weight', 'layer1.2.conv2.weight', 'layer1.3.conv1.weight', 'layer1.3.conv2.weight', 'layer1.4.conv1.weight', 'layer1.4.conv2.weight', 'layer1.5.conv1.weight', 'layer1.5.conv2.weight', 'layer1.6.conv1.weight', 'layer1.6.conv2.weight', 'layer1.7.conv1.weight', 'layer1.7.conv2.weight', 'layer1.8.conv1.weight', 'layer1.8.conv2.weight', 'layer2.0.conv1.weight', 'layer2.0.conv2.weight', 'layer2.1.conv1.weight', 'layer2.1.conv2.weight', 'layer2.2.conv1.weight', 'layer2.2.conv2.weight', 'layer2.3.conv1.weight', 'layer2.3.conv2.weight', 'layer2.4.conv1.weight', 'layer2.4.conv2.weight', 'layer2.5.conv1.weight', 'layer2.5.conv2.weight', 'layer2.6.conv1.weight', 'layer2.6.conv2.weight', 'layer2.7.conv1.weight', 'layer2.7.conv2.weight', 'layer2.8.conv1.weight', 'layer2.8.conv2.weight', 'layer3.0.conv1.weight', 'layer3.0.conv2.weight', 'layer3.1.conv1.weight', 'layer3.1.conv2.weight', 'layer3.2.conv1.weight', 'layer3.2.conv2.weight', 'layer3.3.conv1.weight', 'layer3.3.conv2.weight', 'layer3.4.conv1.weight', 'layer3.4.conv2.weight', 'layer3.5.conv1.weight', 'layer3.5.conv2.weight', 'layer3.6.conv1.weight', 'layer3.6.conv2.weight', 'layer3.7.conv1.weight', 'layer3.7.conv2.weight', 'layer3.8.conv1.weight', 'layer3.8.conv2.weight', 'linear.weight', 'linear.bias']
2022-02-22 22:10:08,121 - runner - INFO: Layer names containing 'conv' : 55
2022-02-22 22:10:08,121 - runner - INFO: Layer names containing 'bn' : 55
2022-02-22 22:10:08,121 - runner - INFO: Non-trainable parameters (Thousands): 848.954
2022-02-22 22:10:08,121 - runner - INFO: Trainable parameters (Thousands): 4.064
2022-02-22 22:10:08,121 - runner - INFO: Total Parameters (Thousands): 853.018
2022-02-22 22:10:12,158 - runner - INFO: Using GPU: Tesla K80
2022-02-22 22:10:12,158 - runner - INFO: Using GPU: Tesla K80
2022-02-22 22:11:00,842 - runner - INFO: Using 45000 training samples, and 5000 validation samples.
2022-02-22 22:11:01,088 - runner - INFO: Begun training at epoch 1.
2022-02-22 22:11:52,001 - runner - INFO: Epoch 1/80 : train_acc:0.256, train_loss:2.009, val_acc:0.320, val_loss:1.806 (50.91s, ETA:1h:7m)
2022-02-22 22:11:52,001 - runner - DEBUG: Time split: train:48.24s val:2.49s
2022-02-22 22:11:52,001 - runner - DEBUG: Next learning rate: 0.1000
2022-02-22 22:12:32,220 - runner - INFO: Epoch 2/80 : train_acc:0.340, train_loss:1.764, val_acc:0.355, val_loss:1.705 (40.22s, ETA:0h:52m)
2022-02-22 22:12:32,221 - runner - DEBUG: Time split: train:37.67s val:2.38s
2022-02-22 22:12:32,221 - runner - DEBUG: Next learning rate: 0.1000
2022-02-22 22:13:12,547 - runner - INFO: Epoch 3/80 : train_acc:0.367, train_loss:1.693, val_acc:0.375, val_loss:1.657 (40.33s, ETA:0h:52m)
2022-02-22 22:13:12,547 - runner - DEBUG: Time split: train:37.71s val:2.44s
2022-02-22 22:13:12,547 - runner - DEBUG: Next learning rate: 0.1000
2022-02-22 22:13:52,923 - runner - INFO: Epoch 4/80 : train_acc:0.391, train_loss:1.636, val_acc:0.397, val_loss:1.619 (40.38s, ETA:0h:51m)
2022-02-22 22:13:52,923 - runner - DEBUG: Time split: train:37.85s val:2.35s
2022-02-22 22:13:52,924 - runner - DEBUG: Next learning rate: 0.1000
2022-02-22 22:14:33,196 - runner - INFO: Epoch 5/80 : train_acc:0.408, train_loss:1.599, val_acc:0.407, val_loss:1.596 (40.27s, ETA:0h:51m)
2022-02-22 22:14:33,197 - runner - DEBUG: Time split: train:37.69s val:2.40s
2022-02-22 22:14:33,197 - runner - DEBUG: Next learning rate: 0.1000
2022-02-22 22:15:13,677 - runner - INFO: Epoch 6/80 : train_acc:0.422, train_loss:1.563, val_acc:0.414, val_loss:1.584 (40.48s, ETA:0h:50m)
2022-02-22 22:15:13,678 - runner - DEBUG: Time split: train:37.86s val:2.50s
2022-02-22 22:15:13,678 - runner - DEBUG: Next learning rate: 0.1000
2022-02-22 22:15:54,519 - runner - INFO: Epoch 7/80 : train_acc:0.438, train_loss:1.532, val_acc:0.411, val_loss:1.618 (40.84s, ETA:0h:50m)
2022-02-22 22:15:54,519 - runner - DEBUG: Time split: train:38.27s val:2.39s
2022-02-22 22:15:54,519 - runner - DEBUG: Next learning rate: 0.1000
2022-02-22 22:16:35,612 - runner - INFO: Epoch 8/80 : train_acc:0.444, train_loss:1.510, val_acc:0.414, val_loss:1.616 (41.09s, ETA:0h:49m)
2022-02-22 22:16:35,612 - runner - DEBUG: Time split: train:38.40s val:2.57s
2022-02-22 22:16:35,612 - runner - DEBUG: Next learning rate: 0.1000
2022-02-22 22:17:16,166 - runner - INFO: Epoch 9/80 : train_acc:0.450, train_loss:1.495, val_acc:0.435, val_loss:1.547 (40.55s, ETA:0h:48m)
2022-02-22 22:17:16,166 - runner - DEBUG: Time split: train:37.89s val:2.51s
2022-02-22 22:17:16,166 - runner - DEBUG: Next learning rate: 0.1000
2022-02-22 22:17:56,631 - runner - INFO: Epoch 10/80 : train_acc:0.459, train_loss:1.478, val_acc:0.421, val_loss:1.553 (40.47s, ETA:0h:47m)
2022-02-22 22:17:56,631 - runner - DEBUG: Time split: train:37.94s val:2.38s
2022-02-22 22:17:56,632 - runner - DEBUG: Next learning rate: 0.1000
2022-02-22 22:18:36,943 - runner - INFO: Epoch 11/80 : train_acc:0.463, train_loss:1.465, val_acc:0.458, val_loss:1.468 (40.31s, ETA:0h:47m)
2022-02-22 22:18:36,944 - runner - DEBUG: Time split: train:37.79s val:2.34s
2022-02-22 22:18:36,944 - runner - DEBUG: Next learning rate: 0.1000
2022-02-22 22:19:17,319 - runner - INFO: Epoch 12/80 : train_acc:0.467, train_loss:1.456, val_acc:0.436, val_loss:1.537 (40.38s, ETA:0h:46m)
2022-02-22 22:19:17,319 - runner - DEBUG: Time split: train:37.88s val:2.32s
2022-02-22 22:19:17,320 - runner - DEBUG: Next learning rate: 0.1000
2022-02-22 22:19:57,355 - runner - INFO: Epoch 13/80 : train_acc:0.472, train_loss:1.445, val_acc:0.482, val_loss:1.433 (40.04s, ETA:0h:45m)
2022-02-22 22:19:57,355 - runner - DEBUG: Time split: train:37.41s val:2.49s
2022-02-22 22:19:57,356 - runner - DEBUG: Next learning rate: 0.1000
2022-02-22 22:20:37,279 - runner - INFO: Epoch 14/80 : train_acc:0.475, train_loss:1.435, val_acc:0.446, val_loss:1.494 (39.92s, ETA:0h:44m)
2022-02-22 22:20:37,279 - runner - DEBUG: Time split: train:37.35s val:2.39s
2022-02-22 22:20:37,279 - runner - DEBUG: Next learning rate: 0.1000
2022-02-22 22:21:17,976 - runner - INFO: Epoch 15/80 : train_acc:0.483, train_loss:1.425, val_acc:0.473, val_loss:1.467 (40.70s, ETA:0h:44m)
2022-02-22 22:21:17,976 - runner - DEBUG: Time split: train:38.25s val:2.30s
2022-02-22 22:21:17,977 - runner - DEBUG: Next learning rate: 0.1000
2022-02-22 22:21:58,147 - runner - INFO: Epoch 16/80 : train_acc:0.481, train_loss:1.419, val_acc:0.450, val_loss:1.532 (40.17s, ETA:0h:43m)
2022-02-22 22:21:58,147 - runner - DEBUG: Time split: train:37.52s val:2.49s
2022-02-22 22:21:58,147 - runner - DEBUG: Next learning rate: 0.1000
2022-02-22 22:22:38,650 - runner - INFO: Epoch 17/80 : train_acc:0.488, train_loss:1.416, val_acc:0.461, val_loss:1.522 (40.50s, ETA:0h:43m)
2022-02-22 22:22:38,651 - runner - DEBUG: Time split: train:38.00s val:2.36s
2022-02-22 22:22:38,651 - runner - DEBUG: Next learning rate: 0.1000
2022-02-22 22:23:18,610 - runner - INFO: Epoch 18/80 : train_acc:0.488, train_loss:1.409, val_acc:0.490, val_loss:1.459 (39.96s, ETA:0h:41m)
2022-02-22 22:23:18,610 - runner - DEBUG: Time split: train:37.45s val:2.33s
2022-02-22 22:23:18,610 - runner - DEBUG: Next learning rate: 0.1000
2022-02-22 22:23:58,638 - runner - INFO: Epoch 19/80 : train_acc:0.490, train_loss:1.405, val_acc:0.481, val_loss:1.429 (40.03s, ETA:0h:41m)
2022-02-22 22:23:58,638 - runner - DEBUG: Time split: train:37.47s val:2.39s
2022-02-22 22:23:58,638 - runner - DEBUG: Next learning rate: 0.1000
2022-02-22 22:24:39,028 - runner - INFO: Epoch 20/80 : train_acc:0.490, train_loss:1.396, val_acc:0.476, val_loss:1.429 (40.39s, ETA:0h:41m)
2022-02-22 22:24:39,028 - runner - DEBUG: Time split: train:37.95s val:2.28s
2022-02-22 22:24:39,028 - runner - DEBUG: Next learning rate: 0.1000
2022-02-22 22:25:19,081 - runner - INFO: Epoch 21/80 : train_acc:0.497, train_loss:1.389, val_acc:0.494, val_loss:1.419 (40.05s, ETA:0h:40m)
2022-02-22 22:25:19,081 - runner - DEBUG: Time split: train:37.48s val:2.36s
2022-02-22 22:25:19,081 - runner - DEBUG: Next learning rate: 0.1000
2022-02-22 22:25:59,474 - runner - INFO: Epoch 22/80 : train_acc:0.495, train_loss:1.386, val_acc:0.471, val_loss:1.451 (40.39s, ETA:0h:39m)
2022-02-22 22:25:59,474 - runner - DEBUG: Time split: train:37.80s val:2.41s
2022-02-22 22:25:59,474 - runner - DEBUG: Next learning rate: 0.1000
2022-02-22 22:26:39,779 - runner - INFO: Epoch 23/80 : train_acc:0.499, train_loss:1.382, val_acc:0.498, val_loss:1.385 (40.30s, ETA:0h:38m)
2022-02-22 22:26:39,779 - runner - DEBUG: Time split: train:37.78s val:2.35s
2022-02-22 22:26:39,780 - runner - DEBUG: Next learning rate: 0.1000
2022-02-22 22:27:19,845 - runner - INFO: Epoch 24/80 : train_acc:0.497, train_loss:1.383, val_acc:0.437, val_loss:1.525 (40.07s, ETA:0h:38m)
2022-02-22 22:27:19,845 - runner - DEBUG: Time split: train:37.51s val:2.36s
2022-02-22 22:27:19,846 - runner - DEBUG: Next learning rate: 0.1000
2022-02-22 22:27:59,601 - runner - INFO: Epoch 25/80 : train_acc:0.499, train_loss:1.379, val_acc:0.465, val_loss:1.468 (39.75s, ETA:0h:37m)
2022-02-22 22:27:59,601 - runner - DEBUG: Time split: train:37.27s val:2.32s
2022-02-22 22:27:59,601 - runner - DEBUG: Next learning rate: 0.1000
2022-02-22 22:28:39,658 - runner - INFO: Epoch 26/80 : train_acc:0.503, train_loss:1.374, val_acc:0.518, val_loss:1.350 (40.06s, ETA:0h:36m)
2022-02-22 22:28:39,658 - runner - DEBUG: Time split: train:37.58s val:2.32s
2022-02-22 22:28:39,658 - runner - DEBUG: Next learning rate: 0.1000
2022-02-22 22:29:19,718 - runner - INFO: Epoch 27/80 : train_acc:0.505, train_loss:1.368, val_acc:0.487, val_loss:1.427 (40.06s, ETA:0h:36m)
2022-02-22 22:29:19,718 - runner - DEBUG: Time split: train:37.62s val:2.26s
2022-02-22 22:29:19,718 - runner - DEBUG: Next learning rate: 0.1000
2022-02-22 22:29:59,924 - runner - INFO: Epoch 28/80 : train_acc:0.505, train_loss:1.368, val_acc:0.482, val_loss:1.441 (40.21s, ETA:0h:35m)
2022-02-22 22:29:59,924 - runner - DEBUG: Time split: train:37.72s val:2.29s
2022-02-22 22:29:59,924 - runner - DEBUG: Next learning rate: 0.1000
2022-02-22 22:30:40,156 - runner - INFO: Epoch 29/80 : train_acc:0.508, train_loss:1.363, val_acc:0.485, val_loss:1.423 (40.23s, ETA:0h:34m)
2022-02-22 22:30:40,157 - runner - DEBUG: Time split: train:37.62s val:2.44s
2022-02-22 22:30:40,157 - runner - DEBUG: Next learning rate: 0.1000
2022-02-22 22:31:20,408 - runner - INFO: Epoch 30/80 : train_acc:0.509, train_loss:1.359, val_acc:0.481, val_loss:1.420 (40.25s, ETA:0h:34m)
2022-02-22 22:31:20,408 - runner - DEBUG: Time split: train:37.68s val:2.40s
2022-02-22 22:31:20,408 - runner - DEBUG: Next learning rate: 0.1000
2022-02-22 22:32:00,592 - runner - INFO: Epoch 31/80 : train_acc:0.506, train_loss:1.361, val_acc:0.512, val_loss:1.348 (40.18s, ETA:0h:33m)
2022-02-22 22:32:00,592 - runner - DEBUG: Time split: train:37.59s val:2.44s
2022-02-22 22:32:00,592 - runner - DEBUG: Next learning rate: 0.1000
2022-02-22 22:32:40,670 - runner - INFO: Epoch 32/80 : train_acc:0.508, train_loss:1.359, val_acc:0.514, val_loss:1.346 (40.08s, ETA:0h:32m)
2022-02-22 22:32:40,670 - runner - DEBUG: Time split: train:37.54s val:2.38s
2022-02-22 22:32:40,670 - runner - DEBUG: Next learning rate: 0.1000
2022-02-22 22:33:21,292 - runner - INFO: Epoch 33/80 : train_acc:0.508, train_loss:1.356, val_acc:0.491, val_loss:1.408 (40.62s, ETA:0h:32m)
2022-02-22 22:33:21,293 - runner - DEBUG: Time split: train:37.89s val:2.55s
2022-02-22 22:33:21,293 - runner - DEBUG: Next learning rate: 0.1000
2022-02-22 22:34:01,695 - runner - INFO: Epoch 34/80 : train_acc:0.512, train_loss:1.353, val_acc:0.485, val_loss:1.476 (40.40s, ETA:0h:31m)
2022-02-22 22:34:01,695 - runner - DEBUG: Time split: train:37.87s val:2.38s
2022-02-22 22:34:01,696 - runner - DEBUG: Next learning rate: 0.1000
2022-02-22 22:34:42,279 - runner - INFO: Epoch 35/80 : train_acc:0.510, train_loss:1.355, val_acc:0.450, val_loss:1.516 (40.58s, ETA:0h:31m)
2022-02-22 22:34:42,280 - runner - DEBUG: Time split: train:38.04s val:2.38s
2022-02-22 22:34:42,280 - runner - DEBUG: Next learning rate: 0.1000
2022-02-22 22:35:23,136 - runner - INFO: Epoch 36/80 : train_acc:0.514, train_loss:1.352, val_acc:0.495, val_loss:1.384 (40.86s, ETA:0h:30m)
2022-02-22 22:35:23,136 - runner - DEBUG: Time split: train:38.32s val:2.41s
2022-02-22 22:35:23,136 - runner - DEBUG: Next learning rate: 0.1000
2022-02-22 22:36:03,496 - runner - INFO: Epoch 37/80 : train_acc:0.512, train_loss:1.349, val_acc:0.477, val_loss:1.441 (40.36s, ETA:0h:29m)
2022-02-22 22:36:03,496 - runner - DEBUG: Time split: train:37.66s val:2.55s
2022-02-22 22:36:03,496 - runner - DEBUG: Next learning rate: 0.1000
2022-02-22 22:36:43,712 - runner - INFO: Epoch 38/80 : train_acc:0.513, train_loss:1.346, val_acc:0.492, val_loss:1.398 (40.22s, ETA:0h:28m)
2022-02-22 22:36:43,712 - runner - DEBUG: Time split: train:37.68s val:2.35s
2022-02-22 22:36:43,712 - runner - DEBUG: Next learning rate: 0.1000
2022-02-22 22:37:24,107 - runner - INFO: Epoch 39/80 : train_acc:0.516, train_loss:1.343, val_acc:0.507, val_loss:1.350 (40.39s, ETA:0h:28m)
2022-02-22 22:37:24,107 - runner - DEBUG: Time split: train:37.78s val:2.44s
2022-02-22 22:37:24,107 - runner - DEBUG: Next learning rate: 0.1000
2022-02-22 22:38:04,512 - runner - INFO: Epoch 40/80 : train_acc:0.516, train_loss:1.341, val_acc:0.511, val_loss:1.345 (40.40s, ETA:0h:27m)
2022-02-22 22:38:04,512 - runner - DEBUG: Time split: train:37.87s val:2.40s
2022-02-22 22:38:04,512 - runner - DEBUG: Next learning rate: 0.0100
2022-02-22 22:38:44,528 - runner - INFO: Epoch 41/80 : train_acc:0.533, train_loss:1.300, val_acc:0.547, val_loss:1.261 (40.02s, ETA:0h:26m)
2022-02-22 22:38:44,528 - runner - DEBUG: Time split: train:37.48s val:2.35s
2022-02-22 22:38:44,529 - runner - DEBUG: Next learning rate: 0.0100
2022-02-22 22:39:25,278 - runner - INFO: Epoch 42/80 : train_acc:0.536, train_loss:1.292, val_acc:0.542, val_loss:1.257 (40.75s, ETA:0h:26m)
2022-02-22 22:39:25,279 - runner - DEBUG: Time split: train:38.07s val:2.50s
2022-02-22 22:39:25,279 - runner - DEBUG: Next learning rate: 0.0100
2022-02-22 22:40:05,262 - runner - INFO: Epoch 43/80 : train_acc:0.534, train_loss:1.292, val_acc:0.548, val_loss:1.254 (39.98s, ETA:0h:25m)
2022-02-22 22:40:05,262 - runner - DEBUG: Time split: train:37.38s val:2.44s
2022-02-22 22:40:05,262 - runner - DEBUG: Next learning rate: 0.0100
2022-02-22 22:40:45,323 - runner - INFO: Epoch 44/80 : train_acc:0.538, train_loss:1.288, val_acc:0.554, val_loss:1.253 (40.06s, ETA:0h:24m)
2022-02-22 22:40:45,324 - runner - DEBUG: Time split: train:37.35s val:2.52s
2022-02-22 22:40:45,324 - runner - DEBUG: Next learning rate: 0.0100
2022-02-22 22:41:25,423 - runner - INFO: Epoch 45/80 : train_acc:0.537, train_loss:1.289, val_acc:0.549, val_loss:1.250 (40.10s, ETA:0h:24m)
2022-02-22 22:41:25,423 - runner - DEBUG: Time split: train:37.58s val:2.33s
2022-02-22 22:41:25,423 - runner - DEBUG: Next learning rate: 0.0100
2022-02-22 22:42:05,479 - runner - INFO: Epoch 46/80 : train_acc:0.539, train_loss:1.284, val_acc:0.550, val_loss:1.253 (40.06s, ETA:0h:23m)
2022-02-22 22:42:05,480 - runner - DEBUG: Time split: train:37.64s val:2.26s
2022-02-22 22:42:05,480 - runner - DEBUG: Next learning rate: 0.0100
2022-02-22 22:42:45,513 - runner - INFO: Epoch 47/80 : train_acc:0.537, train_loss:1.285, val_acc:0.549, val_loss:1.249 (40.03s, ETA:0h:22m)
2022-02-22 22:42:45,513 - runner - DEBUG: Time split: train:37.49s val:2.37s
2022-02-22 22:42:45,513 - runner - DEBUG: Next learning rate: 0.0100
2022-02-22 22:43:25,840 - runner - INFO: Epoch 48/80 : train_acc:0.537, train_loss:1.281, val_acc:0.549, val_loss:1.252 (40.33s, ETA:0h:22m)
2022-02-22 22:43:25,840 - runner - DEBUG: Time split: train:37.74s val:2.43s
2022-02-22 22:43:25,840 - runner - DEBUG: Next learning rate: 0.0100
2022-02-22 22:44:05,983 - runner - INFO: Epoch 49/80 : train_acc:0.537, train_loss:1.284, val_acc:0.549, val_loss:1.259 (40.14s, ETA:0h:21m)
2022-02-22 22:44:05,983 - runner - DEBUG: Time split: train:37.61s val:2.35s
2022-02-22 22:44:05,983 - runner - DEBUG: Next learning rate: 0.0100
2022-02-22 22:44:46,069 - runner - INFO: Epoch 50/80 : train_acc:0.536, train_loss:1.286, val_acc:0.551, val_loss:1.248 (40.09s, ETA:0h:20m)
2022-02-22 22:44:46,070 - runner - DEBUG: Time split: train:37.44s val:2.45s
2022-02-22 22:44:46,070 - runner - DEBUG: Next learning rate: 0.0100
2022-02-22 22:45:26,508 - runner - INFO: Epoch 51/80 : train_acc:0.539, train_loss:1.283, val_acc:0.552, val_loss:1.249 (40.44s, ETA:0h:20m)
2022-02-22 22:45:26,508 - runner - DEBUG: Time split: train:37.94s val:2.32s
2022-02-22 22:45:26,508 - runner - DEBUG: Next learning rate: 0.0100
2022-02-22 22:46:06,685 - runner - INFO: Epoch 52/80 : train_acc:0.538, train_loss:1.283, val_acc:0.554, val_loss:1.245 (40.18s, ETA:0h:19m)
2022-02-22 22:46:06,685 - runner - DEBUG: Time split: train:37.64s val:2.36s
2022-02-22 22:46:06,685 - runner - DEBUG: Next learning rate: 0.0100
2022-02-22 22:46:46,796 - runner - INFO: Epoch 53/80 : train_acc:0.540, train_loss:1.279, val_acc:0.548, val_loss:1.256 (40.11s, ETA:0h:18m)
2022-02-22 22:46:46,797 - runner - DEBUG: Time split: train:37.57s val:2.37s
2022-02-22 22:46:46,797 - runner - DEBUG: Next learning rate: 0.0100
2022-02-22 22:47:27,026 - runner - INFO: Epoch 54/80 : train_acc:0.538, train_loss:1.281, val_acc:0.553, val_loss:1.247 (40.23s, ETA:0h:18m)
2022-02-22 22:47:27,026 - runner - DEBUG: Time split: train:37.59s val:2.44s
2022-02-22 22:47:27,026 - runner - DEBUG: Next learning rate: 0.0100
2022-02-22 22:48:07,132 - runner - INFO: Epoch 55/80 : train_acc:0.539, train_loss:1.277, val_acc:0.547, val_loss:1.252 (40.11s, ETA:0h:17m)
2022-02-22 22:48:07,132 - runner - DEBUG: Time split: train:37.43s val:2.51s
2022-02-22 22:48:07,132 - runner - DEBUG: Next learning rate: 0.0100
2022-02-22 22:48:47,400 - runner - INFO: Epoch 56/80 : train_acc:0.541, train_loss:1.279, val_acc:0.548, val_loss:1.250 (40.27s, ETA:0h:16m)
2022-02-22 22:48:47,400 - runner - DEBUG: Time split: train:37.65s val:2.46s
2022-02-22 22:48:47,400 - runner - DEBUG: Next learning rate: 0.0100
2022-02-22 22:49:27,899 - runner - INFO: Epoch 57/80 : train_acc:0.539, train_loss:1.281, val_acc:0.555, val_loss:1.240 (40.50s, ETA:0h:16m)
2022-02-22 22:49:27,900 - runner - DEBUG: Time split: train:38.03s val:2.30s
2022-02-22 22:49:27,900 - runner - DEBUG: Next learning rate: 0.0100
2022-02-22 22:50:08,579 - runner - INFO: Epoch 58/80 : train_acc:0.543, train_loss:1.279, val_acc:0.553, val_loss:1.243 (40.68s, ETA:0h:15m)
2022-02-22 22:50:08,579 - runner - DEBUG: Time split: train:38.07s val:2.45s
2022-02-22 22:50:08,579 - runner - DEBUG: Next learning rate: 0.0100
2022-02-22 22:50:48,575 - runner - INFO: Epoch 59/80 : train_acc:0.539, train_loss:1.279, val_acc:0.551, val_loss:1.244 (40.00s, ETA:0h:14m)
2022-02-22 22:50:48,576 - runner - DEBUG: Time split: train:37.51s val:2.30s
2022-02-22 22:50:48,576 - runner - DEBUG: Next learning rate: 0.0100
2022-02-22 22:51:28,360 - runner - INFO: Epoch 60/80 : train_acc:0.541, train_loss:1.278, val_acc:0.552, val_loss:1.250 (39.78s, ETA:0h:13m)
2022-02-22 22:51:28,360 - runner - DEBUG: Time split: train:37.29s val:2.32s
2022-02-22 22:51:28,361 - runner - DEBUG: Next learning rate: 0.0010
2022-02-22 22:52:08,715 - runner - INFO: Epoch 61/80 : train_acc:0.544, train_loss:1.272, val_acc:0.563, val_loss:1.228 (40.35s, ETA:0h:13m)
2022-02-22 22:52:08,716 - runner - DEBUG: Time split: train:37.78s val:2.39s
2022-02-22 22:52:08,716 - runner - DEBUG: Next learning rate: 0.0010
2022-02-22 22:52:48,579 - runner - INFO: Epoch 62/80 : train_acc:0.543, train_loss:1.271, val_acc:0.562, val_loss:1.229 (39.86s, ETA:0h:12m)
2022-02-22 22:52:48,580 - runner - DEBUG: Time split: train:37.30s val:2.41s
2022-02-22 22:52:48,580 - runner - DEBUG: Next learning rate: 0.0010
2022-02-22 22:53:28,855 - runner - INFO: Epoch 63/80 : train_acc:0.542, train_loss:1.270, val_acc:0.560, val_loss:1.229 (40.28s, ETA:0h:12m)
2022-02-22 22:53:28,855 - runner - DEBUG: Time split: train:37.77s val:2.30s
2022-02-22 22:53:28,856 - runner - DEBUG: Next learning rate: 0.0010
2022-02-22 22:54:09,409 - runner - INFO: Epoch 64/80 : train_acc:0.545, train_loss:1.267, val_acc:0.560, val_loss:1.228 (40.55s, ETA:0h:11m)
2022-02-22 22:54:09,410 - runner - DEBUG: Time split: train:38.04s val:2.33s
2022-02-22 22:54:09,410 - runner - DEBUG: Next learning rate: 0.0010
2022-02-22 22:54:49,616 - runner - INFO: Epoch 65/80 : train_acc:0.543, train_loss:1.269, val_acc:0.562, val_loss:1.228 (40.21s, ETA:0h:10m)
2022-02-22 22:54:49,616 - runner - DEBUG: Time split: train:37.69s val:2.33s
2022-02-22 22:54:49,616 - runner - DEBUG: Next learning rate: 0.0010
2022-02-22 22:55:29,893 - runner - INFO: Epoch 66/80 : train_acc:0.541, train_loss:1.272, val_acc:0.562, val_loss:1.229 (40.28s, ETA:0h:10m)
2022-02-22 22:55:29,893 - runner - DEBUG: Time split: train:37.77s val:2.32s
2022-02-22 22:55:29,893 - runner - DEBUG: Next learning rate: 0.0010
2022-02-22 22:56:10,112 - runner - INFO: Epoch 67/80 : train_acc:0.546, train_loss:1.268, val_acc:0.562, val_loss:1.227 (40.22s, ETA:0h:9m)
2022-02-22 22:56:10,112 - runner - DEBUG: Time split: train:37.78s val:2.29s
2022-02-22 22:56:10,112 - runner - DEBUG: Next learning rate: 0.0010
2022-02-22 22:56:50,467 - runner - INFO: Epoch 68/80 : train_acc:0.545, train_loss:1.267, val_acc:0.558, val_loss:1.226 (40.35s, ETA:0h:8m)
2022-02-22 22:56:50,467 - runner - DEBUG: Time split: train:37.75s val:2.42s
2022-02-22 22:56:50,467 - runner - DEBUG: Next learning rate: 0.0010
2022-02-22 22:57:30,762 - runner - INFO: Epoch 69/80 : train_acc:0.544, train_loss:1.267, val_acc:0.561, val_loss:1.227 (40.29s, ETA:0h:8m)
2022-02-22 22:57:30,762 - runner - DEBUG: Time split: train:37.76s val:2.36s
2022-02-22 22:57:30,762 - runner - DEBUG: Next learning rate: 0.0010
2022-02-22 22:58:10,745 - runner - INFO: Epoch 70/80 : train_acc:0.542, train_loss:1.269, val_acc:0.559, val_loss:1.225 (39.98s, ETA:0h:7m)
2022-02-22 22:58:10,745 - runner - DEBUG: Time split: train:37.46s val:2.34s
2022-02-22 22:58:10,746 - runner - DEBUG: Next learning rate: 0.0010
2022-02-22 22:58:50,631 - runner - INFO: Epoch 71/80 : train_acc:0.544, train_loss:1.270, val_acc:0.558, val_loss:1.227 (39.88s, ETA:0h:6m)
2022-02-22 22:58:50,631 - runner - DEBUG: Time split: train:37.22s val:2.47s
2022-02-22 22:58:50,631 - runner - DEBUG: Next learning rate: 0.0010
2022-02-22 22:59:30,880 - runner - INFO: Epoch 72/80 : train_acc:0.542, train_loss:1.271, val_acc:0.560, val_loss:1.228 (40.25s, ETA:0h:6m)
2022-02-22 22:59:30,880 - runner - DEBUG: Time split: train:37.71s val:2.38s
2022-02-22 22:59:30,880 - runner - DEBUG: Next learning rate: 0.0010
2022-02-22 23:00:11,207 - runner - INFO: Epoch 73/80 : train_acc:0.543, train_loss:1.268, val_acc:0.564, val_loss:1.227 (40.33s, ETA:0h:5m)
2022-02-22 23:00:11,207 - runner - DEBUG: Time split: train:37.77s val:2.39s
2022-02-22 23:00:11,207 - runner - DEBUG: Next learning rate: 0.0010
2022-02-22 23:00:51,033 - runner - INFO: Epoch 74/80 : train_acc:0.545, train_loss:1.267, val_acc:0.558, val_loss:1.228 (39.83s, ETA:0h:4m)
2022-02-22 23:00:51,034 - runner - DEBUG: Time split: train:37.19s val:2.47s
2022-02-22 23:00:51,034 - runner - DEBUG: Next learning rate: 0.0010
2022-02-22 23:01:31,502 - runner - INFO: Epoch 75/80 : train_acc:0.541, train_loss:1.272, val_acc:0.559, val_loss:1.226 (40.47s, ETA:0h:4m)
2022-02-22 23:01:31,502 - runner - DEBUG: Time split: train:37.85s val:2.45s
2022-02-22 23:01:31,502 - runner - DEBUG: Next learning rate: 0.0010
2022-02-22 23:02:11,554 - runner - INFO: Epoch 76/80 : train_acc:0.543, train_loss:1.270, val_acc:0.558, val_loss:1.227 (40.05s, ETA:0h:3m)
2022-02-22 23:02:11,554 - runner - DEBUG: Time split: train:37.50s val:2.42s
2022-02-22 23:02:11,554 - runner - DEBUG: Next learning rate: 0.0010
2022-02-22 23:02:51,620 - runner - INFO: Epoch 77/80 : train_acc:0.544, train_loss:1.265, val_acc:0.558, val_loss:1.226 (40.07s, ETA:0h:2m)
2022-02-22 23:02:51,620 - runner - DEBUG: Time split: train:37.58s val:2.36s
2022-02-22 23:02:51,620 - runner - DEBUG: Next learning rate: 0.0010
2022-02-22 23:03:31,851 - runner - INFO: Epoch 78/80 : train_acc:0.544, train_loss:1.263, val_acc:0.559, val_loss:1.225 (40.23s, ETA:0h:2m)
2022-02-22 23:03:31,851 - runner - DEBUG: Time split: train:37.70s val:2.36s
2022-02-22 23:03:31,852 - runner - DEBUG: Next learning rate: 0.0010
2022-02-22 23:04:11,957 - runner - INFO: Epoch 79/80 : train_acc:0.543, train_loss:1.270, val_acc:0.557, val_loss:1.226 (40.11s, ETA:0h:1m)
2022-02-22 23:04:11,958 - runner - DEBUG: Time split: train:37.59s val:2.37s
2022-02-22 23:04:11,958 - runner - DEBUG: Next learning rate: 0.0010
2022-02-22 23:04:51,831 - runner - INFO: Epoch 80/80 : train_acc:0.542, train_loss:1.269, val_acc:0.563, val_loss:1.226 (39.87s, ETA:0h:0m)
2022-02-22 23:04:51,831 - runner - DEBUG: Time split: train:37.35s val:2.38s
2022-02-22 23:04:51,831 - runner - DEBUG: Next learning rate: 0.0010
2022-02-22 23:04:56,418 - runner - INFO: Experiment Completed.
