2022-03-15 17:14:31,109 - runner - INFO: Froze parametrs: []
2022-03-15 17:14:31,109 - runner - INFO: Unfrozen parametrs: []
2022-03-15 17:14:31,109 - runner - INFO: Froze parametrs: []
2022-03-15 17:14:31,109 - runner - INFO: Unfrozen parametrs: []
2022-03-15 17:14:31,110 - runner - INFO: Layer names containing 'conv' : 55
2022-03-15 17:14:31,110 - runner - INFO: Layer names containing 'bn' : 13
2022-03-15 17:14:31,110 - runner - INFO: Non-trainable parameters (Thousands): 0.0
2022-03-15 17:14:31,110 - runner - INFO: Trainable parameters (Thousands): 849.882
2022-03-15 17:14:31,110 - runner - INFO: Total Parameters (Thousands): 849.882
2022-03-15 17:14:34,563 - runner - INFO: Using GPU: Tesla K80
2022-03-15 17:14:34,563 - runner - INFO: Using GPU: Tesla K80
2022-03-15 17:14:40,931 - runner - INFO: Using 45000 training samples, and 5000 validation samples.
2022-03-15 17:14:40,957 - runner - INFO: Begun training at epoch 1.
2022-03-15 17:15:36,548 - runner - INFO: Epoch 1/160 : train_acc:0.105, train_loss:2.643, val_acc:0.124, val_loss:2.287 (55.59s, ETA:2h:28m)
2022-03-15 17:15:36,548 - runner - DEBUG: Time split: train:53.45s val:2.00s
2022-03-15 17:15:36,548 - runner - DEBUG: Next learning rate: 0.0010
2022-03-15 17:16:30,169 - runner - INFO: Epoch 2/160 : train_acc:0.192, train_loss:2.153, val_acc:0.214, val_loss:2.059 (53.62s, ETA:2h:22m)
2022-03-15 17:16:30,169 - runner - DEBUG: Time split: train:51.38s val:2.11s
2022-03-15 17:16:30,169 - runner - DEBUG: Next learning rate: 0.0010
2022-03-15 17:17:23,996 - runner - INFO: Epoch 3/160 : train_acc:0.254, train_loss:1.953, val_acc:0.236, val_loss:1.988 (53.83s, ETA:2h:21m)
2022-03-15 17:17:23,996 - runner - DEBUG: Time split: train:51.68s val:2.01s
2022-03-15 17:17:23,997 - runner - DEBUG: Next learning rate: 0.0010
2022-03-15 17:18:17,901 - runner - INFO: Epoch 4/160 : train_acc:0.298, train_loss:1.839, val_acc:0.317, val_loss:1.795 (53.90s, ETA:2h:21m)
2022-03-15 17:18:17,901 - runner - DEBUG: Time split: train:51.68s val:2.06s
2022-03-15 17:18:17,901 - runner - DEBUG: Next learning rate: 0.0010
2022-03-15 17:19:11,780 - runner - INFO: Epoch 5/160 : train_acc:0.334, train_loss:1.759, val_acc:0.352, val_loss:1.736 (53.88s, ETA:2h:20m)
2022-03-15 17:19:11,780 - runner - DEBUG: Time split: train:51.75s val:2.00s
2022-03-15 17:19:11,780 - runner - DEBUG: Next learning rate: 0.0010
2022-03-15 17:20:05,115 - runner - INFO: Epoch 6/160 : train_acc:0.369, train_loss:1.682, val_acc:0.321, val_loss:1.878 (53.33s, ETA:2h:17m)
2022-03-15 17:20:05,115 - runner - DEBUG: Time split: train:51.07s val:2.11s
2022-03-15 17:20:05,115 - runner - DEBUG: Next learning rate: 0.0010
2022-03-15 17:20:58,685 - runner - INFO: Epoch 7/160 : train_acc:0.397, train_loss:1.614, val_acc:0.386, val_loss:1.641 (53.57s, ETA:2h:17m)
2022-03-15 17:20:58,685 - runner - DEBUG: Time split: train:51.42s val:2.01s
2022-03-15 17:20:58,685 - runner - DEBUG: Next learning rate: 0.0010
2022-03-15 17:21:51,995 - runner - INFO: Epoch 8/160 : train_acc:0.421, train_loss:1.556, val_acc:0.415, val_loss:1.559 (53.31s, ETA:2h:15m)
2022-03-15 17:21:51,995 - runner - DEBUG: Time split: train:51.00s val:2.12s
2022-03-15 17:21:51,995 - runner - DEBUG: Next learning rate: 0.0010
2022-03-15 17:22:45,919 - runner - INFO: Epoch 9/160 : train_acc:0.444, train_loss:1.502, val_acc:0.404, val_loss:1.653 (53.92s, ETA:2h:16m)
2022-03-15 17:22:45,920 - runner - DEBUG: Time split: train:51.67s val:2.09s
2022-03-15 17:22:45,920 - runner - DEBUG: Next learning rate: 0.0010
2022-03-15 17:23:39,097 - runner - INFO: Epoch 10/160 : train_acc:0.464, train_loss:1.450, val_acc:0.437, val_loss:1.499 (53.18s, ETA:2h:13m)
2022-03-15 17:23:39,098 - runner - DEBUG: Time split: train:50.99s val:2.02s
2022-03-15 17:23:39,098 - runner - DEBUG: Next learning rate: 0.0010
2022-03-15 17:24:32,862 - runner - INFO: Epoch 11/160 : train_acc:0.481, train_loss:1.414, val_acc:0.474, val_loss:1.450 (53.76s, ETA:2h:14m)
2022-03-15 17:24:32,863 - runner - DEBUG: Time split: train:51.65s val:1.97s
2022-03-15 17:24:32,863 - runner - DEBUG: Next learning rate: 0.0010
2022-03-15 17:25:26,818 - runner - INFO: Epoch 12/160 : train_acc:0.494, train_loss:1.382, val_acc:0.505, val_loss:1.357 (53.95s, ETA:2h:13m)
2022-03-15 17:25:26,818 - runner - DEBUG: Time split: train:51.71s val:2.11s
2022-03-15 17:25:26,818 - runner - DEBUG: Next learning rate: 0.0010
2022-03-15 17:26:20,728 - runner - INFO: Epoch 13/160 : train_acc:0.507, train_loss:1.346, val_acc:0.501, val_loss:1.380 (53.91s, ETA:2h:12m)
2022-03-15 17:26:20,729 - runner - DEBUG: Time split: train:51.73s val:2.04s
2022-03-15 17:26:20,729 - runner - DEBUG: Next learning rate: 0.0010
2022-03-15 17:27:14,136 - runner - INFO: Epoch 14/160 : train_acc:0.521, train_loss:1.312, val_acc:0.494, val_loss:1.469 (53.41s, ETA:2h:10m)
2022-03-15 17:27:14,136 - runner - DEBUG: Time split: train:51.15s val:2.11s
2022-03-15 17:27:14,136 - runner - DEBUG: Next learning rate: 0.0010
2022-03-15 17:28:07,624 - runner - INFO: Epoch 15/160 : train_acc:0.534, train_loss:1.281, val_acc:0.510, val_loss:1.371 (53.49s, ETA:2h:10m)
2022-03-15 17:28:07,624 - runner - DEBUG: Time split: train:51.36s val:2.02s
2022-03-15 17:28:07,624 - runner - DEBUG: Next learning rate: 0.0010
2022-03-15 17:29:00,953 - runner - INFO: Epoch 16/160 : train_acc:0.544, train_loss:1.250, val_acc:0.486, val_loss:1.489 (53.33s, ETA:2h:8m)
2022-03-15 17:29:00,953 - runner - DEBUG: Time split: train:51.06s val:2.12s
2022-03-15 17:29:00,953 - runner - DEBUG: Next learning rate: 0.0010
2022-03-15 17:29:54,301 - runner - INFO: Epoch 17/160 : train_acc:0.557, train_loss:1.225, val_acc:0.511, val_loss:1.450 (53.35s, ETA:2h:8m)
2022-03-15 17:29:54,301 - runner - DEBUG: Time split: train:51.14s val:2.05s
2022-03-15 17:29:54,301 - runner - DEBUG: Next learning rate: 0.0010
2022-03-15 17:30:47,341 - runner - INFO: Epoch 18/160 : train_acc:0.566, train_loss:1.195, val_acc:0.471, val_loss:1.657 (53.04s, ETA:2h:6m)
2022-03-15 17:30:47,341 - runner - DEBUG: Time split: train:50.84s val:2.06s
2022-03-15 17:30:47,342 - runner - DEBUG: Next learning rate: 0.0010
2022-03-15 17:31:41,048 - runner - INFO: Epoch 19/160 : train_acc:0.573, train_loss:1.176, val_acc:0.546, val_loss:1.327 (53.71s, ETA:2h:7m)
2022-03-15 17:31:41,048 - runner - DEBUG: Time split: train:51.46s val:2.06s
2022-03-15 17:31:41,049 - runner - DEBUG: Next learning rate: 0.0010
2022-03-15 17:32:34,632 - runner - INFO: Epoch 20/160 : train_acc:0.579, train_loss:1.158, val_acc:0.506, val_loss:1.376 (53.58s, ETA:2h:5m)
2022-03-15 17:32:34,633 - runner - DEBUG: Time split: train:51.42s val:2.04s
2022-03-15 17:32:34,633 - runner - DEBUG: Next learning rate: 0.0010
2022-03-15 17:33:27,903 - runner - INFO: Epoch 21/160 : train_acc:0.592, train_loss:1.128, val_acc:0.406, val_loss:1.886 (53.27s, ETA:2h:4m)
2022-03-15 17:33:27,904 - runner - DEBUG: Time split: train:51.15s val:1.97s
2022-03-15 17:33:27,904 - runner - DEBUG: Next learning rate: 0.0010
2022-03-15 17:34:21,071 - runner - INFO: Epoch 22/160 : train_acc:0.600, train_loss:1.108, val_acc:0.474, val_loss:1.577 (53.17s, ETA:2h:3m)
2022-03-15 17:34:21,072 - runner - DEBUG: Time split: train:50.99s val:2.01s
2022-03-15 17:34:21,072 - runner - DEBUG: Next learning rate: 0.0010
2022-03-15 17:35:14,758 - runner - INFO: Epoch 23/160 : train_acc:0.606, train_loss:1.090, val_acc:0.515, val_loss:1.380 (53.69s, ETA:2h:3m)
2022-03-15 17:35:14,758 - runner - DEBUG: Time split: train:51.35s val:2.19s
2022-03-15 17:35:14,759 - runner - DEBUG: Next learning rate: 0.0010
2022-03-15 17:36:08,764 - runner - INFO: Epoch 24/160 : train_acc:0.612, train_loss:1.071, val_acc:0.601, val_loss:1.140 (54.01s, ETA:2h:3m)
2022-03-15 17:36:08,765 - runner - DEBUG: Time split: train:51.86s val:2.00s
2022-03-15 17:36:08,765 - runner - DEBUG: Next learning rate: 0.0010
2022-03-15 17:37:02,067 - runner - INFO: Epoch 25/160 : train_acc:0.619, train_loss:1.052, val_acc:0.472, val_loss:1.627 (53.30s, ETA:2h:0m)
2022-03-15 17:37:02,067 - runner - DEBUG: Time split: train:51.01s val:2.09s
2022-03-15 17:37:02,068 - runner - DEBUG: Next learning rate: 0.0010
2022-03-15 17:37:55,653 - runner - INFO: Epoch 26/160 : train_acc:0.625, train_loss:1.033, val_acc:0.510, val_loss:1.456 (53.59s, ETA:2h:0m)
2022-03-15 17:37:55,653 - runner - DEBUG: Time split: train:51.44s val:2.00s
2022-03-15 17:37:55,653 - runner - DEBUG: Next learning rate: 0.0010
2022-03-15 17:38:49,312 - runner - INFO: Epoch 27/160 : train_acc:0.633, train_loss:1.019, val_acc:0.526, val_loss:1.414 (53.66s, ETA:1h:59m)
2022-03-15 17:38:49,313 - runner - DEBUG: Time split: train:51.41s val:2.11s
2022-03-15 17:38:49,313 - runner - DEBUG: Next learning rate: 0.0010
2022-03-15 17:39:43,008 - runner - INFO: Epoch 28/160 : train_acc:0.635, train_loss:1.003, val_acc:0.587, val_loss:1.213 (53.70s, ETA:1h:59m)
2022-03-15 17:39:43,008 - runner - DEBUG: Time split: train:51.54s val:1.99s
2022-03-15 17:39:43,009 - runner - DEBUG: Next learning rate: 0.0010
2022-03-15 17:40:36,995 - runner - INFO: Epoch 29/160 : train_acc:0.643, train_loss:0.985, val_acc:0.618, val_loss:1.104 (53.99s, ETA:1h:58m)
2022-03-15 17:40:36,995 - runner - DEBUG: Time split: train:51.79s val:2.00s
2022-03-15 17:40:36,995 - runner - DEBUG: Next learning rate: 0.0010
2022-03-15 17:41:30,188 - runner - INFO: Epoch 30/160 : train_acc:0.649, train_loss:0.973, val_acc:0.622, val_loss:1.094 (53.19s, ETA:1h:56m)
2022-03-15 17:41:30,188 - runner - DEBUG: Time split: train:50.97s val:2.06s
2022-03-15 17:41:30,188 - runner - DEBUG: Next learning rate: 0.0010
2022-03-15 17:42:23,895 - runner - INFO: Epoch 31/160 : train_acc:0.651, train_loss:0.962, val_acc:0.628, val_loss:1.066 (53.71s, ETA:1h:56m)
2022-03-15 17:42:23,895 - runner - DEBUG: Time split: train:51.61s val:1.95s
2022-03-15 17:42:23,895 - runner - DEBUG: Next learning rate: 0.0010
2022-03-15 17:43:17,622 - runner - INFO: Epoch 32/160 : train_acc:0.659, train_loss:0.947, val_acc:0.612, val_loss:1.125 (53.73s, ETA:1h:55m)
2022-03-15 17:43:17,622 - runner - DEBUG: Time split: train:51.59s val:1.98s
2022-03-15 17:43:17,622 - runner - DEBUG: Next learning rate: 0.0010
2022-03-15 17:44:11,320 - runner - INFO: Epoch 33/160 : train_acc:0.664, train_loss:0.932, val_acc:0.572, val_loss:1.287 (53.70s, ETA:1h:54m)
2022-03-15 17:44:11,320 - runner - DEBUG: Time split: train:51.52s val:2.00s
2022-03-15 17:44:11,321 - runner - DEBUG: Next learning rate: 0.0010
2022-03-15 17:45:04,861 - runner - INFO: Epoch 34/160 : train_acc:0.670, train_loss:0.919, val_acc:0.623, val_loss:1.108 (53.54s, ETA:1h:53m)
2022-03-15 17:45:04,861 - runner - DEBUG: Time split: train:50.72s val:2.66s
2022-03-15 17:45:04,861 - runner - DEBUG: Next learning rate: 0.0010
2022-03-15 17:45:58,689 - runner - INFO: Epoch 35/160 : train_acc:0.674, train_loss:0.912, val_acc:0.641, val_loss:1.023 (53.83s, ETA:1h:53m)
2022-03-15 17:45:58,690 - runner - DEBUG: Time split: train:51.54s val:2.11s
2022-03-15 17:45:58,690 - runner - DEBUG: Next learning rate: 0.0010
2022-03-15 17:46:52,880 - runner - INFO: Epoch 36/160 : train_acc:0.676, train_loss:0.898, val_acc:0.589, val_loss:1.271 (54.19s, ETA:1h:52m)
2022-03-15 17:46:52,881 - runner - DEBUG: Time split: train:51.89s val:2.13s
2022-03-15 17:46:52,881 - runner - DEBUG: Next learning rate: 0.0010
2022-03-15 17:47:46,703 - runner - INFO: Epoch 37/160 : train_acc:0.683, train_loss:0.885, val_acc:0.667, val_loss:0.959 (53.82s, ETA:1h:51m)
2022-03-15 17:47:46,703 - runner - DEBUG: Time split: train:51.72s val:1.94s
2022-03-15 17:47:46,703 - runner - DEBUG: Next learning rate: 0.0010
2022-03-15 17:48:39,918 - runner - INFO: Epoch 38/160 : train_acc:0.687, train_loss:0.872, val_acc:0.621, val_loss:1.115 (53.21s, ETA:1h:49m)
2022-03-15 17:48:39,918 - runner - DEBUG: Time split: train:51.00s val:2.10s
2022-03-15 17:48:39,918 - runner - DEBUG: Next learning rate: 0.0010
2022-03-15 17:49:33,817 - runner - INFO: Epoch 39/160 : train_acc:0.690, train_loss:0.870, val_acc:0.612, val_loss:1.143 (53.90s, ETA:1h:49m)
2022-03-15 17:49:33,817 - runner - DEBUG: Time split: train:51.72s val:1.98s
2022-03-15 17:49:33,817 - runner - DEBUG: Next learning rate: 0.0010
2022-03-15 17:50:27,545 - runner - INFO: Epoch 40/160 : train_acc:0.694, train_loss:0.854, val_acc:0.664, val_loss:0.994 (53.73s, ETA:1h:48m)
2022-03-15 17:50:27,545 - runner - DEBUG: Time split: train:51.53s val:2.04s
2022-03-15 17:50:27,545 - runner - DEBUG: Next learning rate: 0.0010
2022-03-15 17:51:21,240 - runner - INFO: Epoch 41/160 : train_acc:0.698, train_loss:0.843, val_acc:0.557, val_loss:1.437 (53.70s, ETA:1h:47m)
2022-03-15 17:51:21,241 - runner - DEBUG: Time split: train:51.55s val:2.01s
2022-03-15 17:51:21,241 - runner - DEBUG: Next learning rate: 0.0010
2022-03-15 17:52:14,761 - runner - INFO: Epoch 42/160 : train_acc:0.702, train_loss:0.836, val_acc:0.666, val_loss:0.969 (53.52s, ETA:1h:46m)
2022-03-15 17:52:14,762 - runner - DEBUG: Time split: train:51.21s val:2.15s
2022-03-15 17:52:14,762 - runner - DEBUG: Next learning rate: 0.0010
2022-03-15 17:53:08,325 - runner - INFO: Epoch 43/160 : train_acc:0.705, train_loss:0.830, val_acc:0.689, val_loss:0.912 (53.56s, ETA:1h:45m)
2022-03-15 17:53:08,326 - runner - DEBUG: Time split: train:51.49s val:1.96s
2022-03-15 17:53:08,326 - runner - DEBUG: Next learning rate: 0.0010
2022-03-15 17:54:01,973 - runner - INFO: Epoch 44/160 : train_acc:0.707, train_loss:0.822, val_acc:0.672, val_loss:0.930 (53.65s, ETA:1h:44m)
2022-03-15 17:54:01,973 - runner - DEBUG: Time split: train:51.15s val:2.30s
2022-03-15 17:54:01,973 - runner - DEBUG: Next learning rate: 0.0010
2022-03-15 17:54:55,655 - runner - INFO: Epoch 45/160 : train_acc:0.713, train_loss:0.808, val_acc:0.669, val_loss:0.970 (53.68s, ETA:1h:43m)
2022-03-15 17:54:55,655 - runner - DEBUG: Time split: train:51.53s val:2.02s
2022-03-15 17:54:55,655 - runner - DEBUG: Next learning rate: 0.0010
2022-03-15 17:55:48,843 - runner - INFO: Epoch 46/160 : train_acc:0.713, train_loss:0.803, val_acc:0.691, val_loss:0.914 (53.19s, ETA:1h:41m)
2022-03-15 17:55:48,843 - runner - DEBUG: Time split: train:51.05s val:1.98s
2022-03-15 17:55:48,843 - runner - DEBUG: Next learning rate: 0.0010
2022-03-15 17:56:42,469 - runner - INFO: Epoch 47/160 : train_acc:0.716, train_loss:0.796, val_acc:0.688, val_loss:0.918 (53.63s, ETA:1h:41m)
2022-03-15 17:56:42,470 - runner - DEBUG: Time split: train:51.44s val:2.05s
2022-03-15 17:56:42,470 - runner - DEBUG: Next learning rate: 0.0010
2022-03-15 17:57:36,144 - runner - INFO: Epoch 48/160 : train_acc:0.722, train_loss:0.783, val_acc:0.647, val_loss:1.082 (53.67s, ETA:1h:41m)
2022-03-15 17:57:36,144 - runner - DEBUG: Time split: train:51.46s val:2.06s
2022-03-15 17:57:36,145 - runner - DEBUG: Next learning rate: 0.0010
2022-03-15 17:58:29,899 - runner - INFO: Epoch 49/160 : train_acc:0.724, train_loss:0.775, val_acc:0.716, val_loss:0.828 (53.75s, ETA:1h:40m)
2022-03-15 17:58:29,900 - runner - DEBUG: Time split: train:51.53s val:2.06s
2022-03-15 17:58:29,900 - runner - DEBUG: Next learning rate: 0.0010
2022-03-15 17:59:23,128 - runner - INFO: Epoch 50/160 : train_acc:0.726, train_loss:0.771, val_acc:0.691, val_loss:0.918 (53.23s, ETA:1h:38m)
2022-03-15 17:59:23,128 - runner - DEBUG: Time split: train:51.03s val:2.06s
2022-03-15 17:59:23,128 - runner - DEBUG: Next learning rate: 0.0010
2022-03-15 18:00:16,539 - runner - INFO: Epoch 51/160 : train_acc:0.729, train_loss:0.762, val_acc:0.709, val_loss:0.824 (53.41s, ETA:1h:37m)
2022-03-15 18:00:16,539 - runner - DEBUG: Time split: train:51.27s val:2.01s
2022-03-15 18:00:16,539 - runner - DEBUG: Next learning rate: 0.0010
2022-03-15 18:01:10,156 - runner - INFO: Epoch 52/160 : train_acc:0.732, train_loss:0.755, val_acc:0.654, val_loss:1.065 (53.62s, ETA:1h:37m)
2022-03-15 18:01:10,157 - runner - DEBUG: Time split: train:51.45s val:2.02s
2022-03-15 18:01:10,157 - runner - DEBUG: Next learning rate: 0.0010
2022-03-15 18:02:04,098 - runner - INFO: Epoch 53/160 : train_acc:0.734, train_loss:0.750, val_acc:0.669, val_loss:1.007 (53.94s, ETA:1h:37m)
2022-03-15 18:02:04,099 - runner - DEBUG: Time split: train:51.19s val:2.61s
2022-03-15 18:02:04,099 - runner - DEBUG: Next learning rate: 0.0010
2022-03-15 18:02:57,029 - runner - INFO: Epoch 54/160 : train_acc:0.737, train_loss:0.741, val_acc:0.709, val_loss:0.854 (52.93s, ETA:1h:34m)
2022-03-15 18:02:57,029 - runner - DEBUG: Time split: train:50.76s val:2.01s
2022-03-15 18:02:57,029 - runner - DEBUG: Next learning rate: 0.0010
2022-03-15 18:03:50,961 - runner - INFO: Epoch 55/160 : train_acc:0.740, train_loss:0.732, val_acc:0.699, val_loss:0.910 (53.93s, ETA:1h:35m)
2022-03-15 18:03:50,961 - runner - DEBUG: Time split: train:51.71s val:2.06s
2022-03-15 18:03:50,961 - runner - DEBUG: Next learning rate: 0.0010
2022-03-15 18:04:44,834 - runner - INFO: Epoch 56/160 : train_acc:0.742, train_loss:0.727, val_acc:0.720, val_loss:0.800 (53.87s, ETA:1h:34m)
2022-03-15 18:04:44,834 - runner - DEBUG: Time split: train:51.74s val:2.00s
2022-03-15 18:04:44,834 - runner - DEBUG: Next learning rate: 0.0010
2022-03-15 18:05:38,135 - runner - INFO: Epoch 57/160 : train_acc:0.743, train_loss:0.726, val_acc:0.646, val_loss:1.037 (53.30s, ETA:1h:32m)
2022-03-15 18:05:38,135 - runner - DEBUG: Time split: train:51.12s val:2.03s
2022-03-15 18:05:38,136 - runner - DEBUG: Next learning rate: 0.0010
2022-03-15 18:06:31,084 - runner - INFO: Epoch 58/160 : train_acc:0.749, train_loss:0.715, val_acc:0.704, val_loss:0.888 (52.95s, ETA:1h:30m)
2022-03-15 18:06:31,084 - runner - DEBUG: Time split: train:50.68s val:2.10s
2022-03-15 18:06:31,084 - runner - DEBUG: Next learning rate: 0.0010
2022-03-15 18:07:25,045 - runner - INFO: Epoch 59/160 : train_acc:0.750, train_loss:0.708, val_acc:0.730, val_loss:0.784 (53.96s, ETA:1h:31m)
2022-03-15 18:07:25,045 - runner - DEBUG: Time split: train:51.81s val:2.00s
2022-03-15 18:07:25,045 - runner - DEBUG: Next learning rate: 0.0010
2022-03-15 18:08:19,128 - runner - INFO: Epoch 60/160 : train_acc:0.755, train_loss:0.702, val_acc:0.718, val_loss:0.827 (54.08s, ETA:1h:31m)
2022-03-15 18:08:19,128 - runner - DEBUG: Time split: train:51.70s val:2.14s
2022-03-15 18:08:19,128 - runner - DEBUG: Next learning rate: 0.0010
2022-03-15 18:09:12,774 - runner - INFO: Epoch 61/160 : train_acc:0.755, train_loss:0.693, val_acc:0.713, val_loss:0.812 (53.65s, ETA:1h:29m)
2022-03-15 18:09:12,774 - runner - DEBUG: Time split: train:51.53s val:1.98s
2022-03-15 18:09:12,774 - runner - DEBUG: Next learning rate: 0.0010
2022-03-15 18:10:05,639 - runner - INFO: Epoch 62/160 : train_acc:0.756, train_loss:0.688, val_acc:0.715, val_loss:0.818 (52.86s, ETA:1h:27m)
2022-03-15 18:10:05,639 - runner - DEBUG: Time split: train:50.63s val:2.08s
2022-03-15 18:10:05,639 - runner - DEBUG: Next learning rate: 0.0010
2022-03-15 18:10:58,004 - runner - INFO: Epoch 63/160 : train_acc:0.757, train_loss:0.683, val_acc:0.629, val_loss:1.162 (52.37s, ETA:1h:25m)
2022-03-15 18:10:58,005 - runner - DEBUG: Time split: train:50.28s val:1.94s
2022-03-15 18:10:58,005 - runner - DEBUG: Next learning rate: 0.0010
2022-03-15 18:11:51,167 - runner - INFO: Epoch 64/160 : train_acc:0.761, train_loss:0.678, val_acc:0.713, val_loss:0.857 (53.16s, ETA:1h:25m)
2022-03-15 18:11:51,168 - runner - DEBUG: Time split: train:50.96s val:2.06s
2022-03-15 18:11:51,168 - runner - DEBUG: Next learning rate: 0.0010
2022-03-15 18:12:43,861 - runner - INFO: Epoch 65/160 : train_acc:0.761, train_loss:0.676, val_acc:0.696, val_loss:0.913 (52.69s, ETA:1h:24m)
2022-03-15 18:12:43,861 - runner - DEBUG: Time split: train:50.58s val:1.99s
2022-03-15 18:12:43,862 - runner - DEBUG: Next learning rate: 0.0010
2022-03-15 18:13:36,440 - runner - INFO: Epoch 66/160 : train_acc:0.763, train_loss:0.667, val_acc:0.737, val_loss:0.775 (52.58s, ETA:1h:23m)
2022-03-15 18:13:36,440 - runner - DEBUG: Time split: train:50.39s val:2.04s
2022-03-15 18:13:36,440 - runner - DEBUG: Next learning rate: 0.0010
2022-03-15 18:14:29,655 - runner - INFO: Epoch 67/160 : train_acc:0.767, train_loss:0.663, val_acc:0.639, val_loss:1.287 (53.21s, ETA:1h:23m)
2022-03-15 18:14:29,655 - runner - DEBUG: Time split: train:50.98s val:2.08s
2022-03-15 18:14:29,655 - runner - DEBUG: Next learning rate: 0.0010
2022-03-15 18:15:22,666 - runner - INFO: Epoch 68/160 : train_acc:0.766, train_loss:0.664, val_acc:0.726, val_loss:0.815 (53.01s, ETA:1h:22m)
2022-03-15 18:15:22,666 - runner - DEBUG: Time split: train:50.87s val:1.99s
2022-03-15 18:15:22,667 - runner - DEBUG: Next learning rate: 0.0010
2022-03-15 18:16:15,628 - runner - INFO: Epoch 69/160 : train_acc:0.770, train_loss:0.653, val_acc:0.705, val_loss:0.863 (52.96s, ETA:1h:21m)
2022-03-15 18:16:15,628 - runner - DEBUG: Time split: train:50.77s val:2.06s
2022-03-15 18:16:15,629 - runner - DEBUG: Next learning rate: 0.0010
2022-03-15 18:17:08,053 - runner - INFO: Epoch 70/160 : train_acc:0.771, train_loss:0.647, val_acc:0.678, val_loss:1.033 (52.42s, ETA:1h:19m)
2022-03-15 18:17:08,053 - runner - DEBUG: Time split: train:50.19s val:2.12s
2022-03-15 18:17:08,053 - runner - DEBUG: Next learning rate: 0.0010
2022-03-15 18:18:00,683 - runner - INFO: Epoch 71/160 : train_acc:0.774, train_loss:0.640, val_acc:0.742, val_loss:0.772 (52.63s, ETA:1h:18m)
2022-03-15 18:18:00,683 - runner - DEBUG: Time split: train:50.41s val:2.09s
2022-03-15 18:18:00,683 - runner - DEBUG: Next learning rate: 0.0010
2022-03-15 18:18:53,546 - runner - INFO: Epoch 72/160 : train_acc:0.775, train_loss:0.636, val_acc:0.737, val_loss:0.773 (52.86s, ETA:1h:18m)
2022-03-15 18:18:53,546 - runner - DEBUG: Time split: train:50.71s val:2.03s
2022-03-15 18:18:53,547 - runner - DEBUG: Next learning rate: 0.0010
2022-03-15 18:19:46,537 - runner - INFO: Epoch 73/160 : train_acc:0.777, train_loss:0.634, val_acc:0.725, val_loss:0.841 (52.99s, ETA:1h:17m)
2022-03-15 18:19:46,537 - runner - DEBUG: Time split: train:50.72s val:2.14s
2022-03-15 18:19:46,537 - runner - DEBUG: Next learning rate: 0.0010
2022-03-15 18:20:38,869 - runner - INFO: Epoch 74/160 : train_acc:0.779, train_loss:0.624, val_acc:0.728, val_loss:0.819 (52.33s, ETA:1h:15m)
2022-03-15 18:20:38,869 - runner - DEBUG: Time split: train:50.16s val:2.04s
2022-03-15 18:20:38,869 - runner - DEBUG: Next learning rate: 0.0010
2022-03-15 18:21:31,677 - runner - INFO: Epoch 75/160 : train_acc:0.780, train_loss:0.628, val_acc:0.719, val_loss:0.828 (52.81s, ETA:1h:15m)
2022-03-15 18:21:31,678 - runner - DEBUG: Time split: train:50.57s val:2.09s
2022-03-15 18:21:31,678 - runner - DEBUG: Next learning rate: 0.0010
2022-03-15 18:22:24,725 - runner - INFO: Epoch 76/160 : train_acc:0.781, train_loss:0.618, val_acc:0.738, val_loss:0.766 (53.05s, ETA:1h:15m)
2022-03-15 18:22:24,725 - runner - DEBUG: Time split: train:50.83s val:2.07s
2022-03-15 18:22:24,725 - runner - DEBUG: Next learning rate: 0.0010
2022-03-15 18:23:17,605 - runner - INFO: Epoch 77/160 : train_acc:0.784, train_loss:0.615, val_acc:0.759, val_loss:0.713 (52.88s, ETA:1h:14m)
2022-03-15 18:23:17,606 - runner - DEBUG: Time split: train:50.71s val:1.99s
2022-03-15 18:23:17,606 - runner - DEBUG: Next learning rate: 0.0010
2022-03-15 18:24:10,449 - runner - INFO: Epoch 78/160 : train_acc:0.787, train_loss:0.608, val_acc:0.667, val_loss:1.030 (52.84s, ETA:1h:13m)
2022-03-15 18:24:10,449 - runner - DEBUG: Time split: train:50.61s val:2.04s
2022-03-15 18:24:10,449 - runner - DEBUG: Next learning rate: 0.0010
2022-03-15 18:25:03,860 - runner - INFO: Epoch 79/160 : train_acc:0.785, train_loss:0.607, val_acc:0.663, val_loss:1.072 (53.41s, ETA:1h:12m)
2022-03-15 18:25:03,861 - runner - DEBUG: Time split: train:50.65s val:2.59s
2022-03-15 18:25:03,861 - runner - DEBUG: Next learning rate: 0.0010
2022-03-15 18:25:56,605 - runner - INFO: Epoch 80/160 : train_acc:0.787, train_loss:0.606, val_acc:0.626, val_loss:1.278 (52.74s, ETA:1h:11m)
2022-03-15 18:25:56,605 - runner - DEBUG: Time split: train:50.48s val:2.10s
2022-03-15 18:25:56,605 - runner - DEBUG: Next learning rate: 0.0001
2022-03-15 18:26:49,499 - runner - INFO: Epoch 81/160 : train_acc:0.805, train_loss:0.556, val_acc:0.785, val_loss:0.628 (52.89s, ETA:1h:10m)
2022-03-15 18:26:49,499 - runner - DEBUG: Time split: train:50.80s val:1.95s
2022-03-15 18:26:49,499 - runner - DEBUG: Next learning rate: 0.0001
2022-03-15 18:27:42,209 - runner - INFO: Epoch 82/160 : train_acc:0.811, train_loss:0.541, val_acc:0.786, val_loss:0.639 (52.71s, ETA:1h:9m)
2022-03-15 18:27:42,210 - runner - DEBUG: Time split: train:50.37s val:2.18s
2022-03-15 18:27:42,210 - runner - DEBUG: Next learning rate: 0.0001
2022-03-15 18:28:35,320 - runner - INFO: Epoch 83/160 : train_acc:0.811, train_loss:0.537, val_acc:0.790, val_loss:0.621 (53.11s, ETA:1h:9m)
2022-03-15 18:28:35,321 - runner - DEBUG: Time split: train:50.92s val:2.01s
2022-03-15 18:28:35,321 - runner - DEBUG: Next learning rate: 0.0001
2022-03-15 18:29:28,676 - runner - INFO: Epoch 84/160 : train_acc:0.813, train_loss:0.535, val_acc:0.787, val_loss:0.623 (53.36s, ETA:1h:8m)
2022-03-15 18:29:28,677 - runner - DEBUG: Time split: train:51.10s val:2.07s
2022-03-15 18:29:28,677 - runner - DEBUG: Next learning rate: 0.0001
2022-03-15 18:30:21,444 - runner - INFO: Epoch 85/160 : train_acc:0.813, train_loss:0.531, val_acc:0.789, val_loss:0.634 (52.77s, ETA:1h:6m)
2022-03-15 18:30:21,445 - runner - DEBUG: Time split: train:50.62s val:1.97s
2022-03-15 18:30:21,445 - runner - DEBUG: Next learning rate: 0.0001
2022-03-15 18:31:13,888 - runner - INFO: Epoch 86/160 : train_acc:0.812, train_loss:0.533, val_acc:0.788, val_loss:0.634 (52.44s, ETA:1h:5m)
2022-03-15 18:31:13,889 - runner - DEBUG: Time split: train:50.09s val:2.17s
2022-03-15 18:31:13,889 - runner - DEBUG: Next learning rate: 0.0001
2022-03-15 18:32:07,041 - runner - INFO: Epoch 87/160 : train_acc:0.815, train_loss:0.528, val_acc:0.786, val_loss:0.630 (53.15s, ETA:1h:5m)
2022-03-15 18:32:07,041 - runner - DEBUG: Time split: train:50.99s val:2.02s
2022-03-15 18:32:07,041 - runner - DEBUG: Next learning rate: 0.0001
2022-03-15 18:32:59,247 - runner - INFO: Epoch 88/160 : train_acc:0.815, train_loss:0.527, val_acc:0.784, val_loss:0.653 (52.21s, ETA:1h:3m)
2022-03-15 18:32:59,247 - runner - DEBUG: Time split: train:50.04s val:2.01s
2022-03-15 18:32:59,248 - runner - DEBUG: Next learning rate: 0.0001
2022-03-15 18:33:52,074 - runner - INFO: Epoch 89/160 : train_acc:0.814, train_loss:0.528, val_acc:0.789, val_loss:0.629 (52.83s, ETA:1h:3m)
2022-03-15 18:33:52,074 - runner - DEBUG: Time split: train:50.71s val:1.99s
2022-03-15 18:33:52,075 - runner - DEBUG: Next learning rate: 0.0001
2022-03-15 18:34:44,784 - runner - INFO: Epoch 90/160 : train_acc:0.814, train_loss:0.524, val_acc:0.786, val_loss:0.646 (52.71s, ETA:1h:2m)
2022-03-15 18:34:44,784 - runner - DEBUG: Time split: train:50.39s val:2.19s
2022-03-15 18:34:44,785 - runner - DEBUG: Next learning rate: 0.0001
2022-03-15 18:35:37,331 - runner - INFO: Epoch 91/160 : train_acc:0.814, train_loss:0.527, val_acc:0.789, val_loss:0.633 (52.55s, ETA:1h:1m)
2022-03-15 18:35:37,331 - runner - DEBUG: Time split: train:50.33s val:2.08s
2022-03-15 18:35:37,332 - runner - DEBUG: Next learning rate: 0.0001
2022-03-15 18:36:30,361 - runner - INFO: Epoch 92/160 : train_acc:0.817, train_loss:0.521, val_acc:0.788, val_loss:0.633 (53.03s, ETA:1h:0m)
2022-03-15 18:36:30,361 - runner - DEBUG: Time split: train:50.77s val:2.09s
2022-03-15 18:36:30,361 - runner - DEBUG: Next learning rate: 0.0001
2022-03-15 18:37:22,873 - runner - INFO: Epoch 93/160 : train_acc:0.816, train_loss:0.524, val_acc:0.788, val_loss:0.624 (52.51s, ETA:0h:59m)
2022-03-15 18:37:22,873 - runner - DEBUG: Time split: train:50.36s val:1.98s
2022-03-15 18:37:22,873 - runner - DEBUG: Next learning rate: 0.0001
2022-03-15 18:38:15,592 - runner - INFO: Epoch 94/160 : train_acc:0.816, train_loss:0.525, val_acc:0.787, val_loss:0.639 (52.72s, ETA:0h:58m)
2022-03-15 18:38:15,592 - runner - DEBUG: Time split: train:50.46s val:2.09s
2022-03-15 18:38:15,592 - runner - DEBUG: Next learning rate: 0.0001
2022-03-15 18:39:08,167 - runner - INFO: Epoch 95/160 : train_acc:0.816, train_loss:0.522, val_acc:0.792, val_loss:0.622 (52.57s, ETA:0h:57m)
2022-03-15 18:39:08,167 - runner - DEBUG: Time split: train:50.44s val:2.01s
2022-03-15 18:39:08,167 - runner - DEBUG: Next learning rate: 0.0001
2022-03-15 18:40:00,831 - runner - INFO: Epoch 96/160 : train_acc:0.817, train_loss:0.518, val_acc:0.788, val_loss:0.637 (52.66s, ETA:0h:57m)
2022-03-15 18:40:00,831 - runner - DEBUG: Time split: train:50.40s val:2.13s
2022-03-15 18:40:00,831 - runner - DEBUG: Next learning rate: 0.0001
2022-03-15 18:40:53,735 - runner - INFO: Epoch 97/160 : train_acc:0.817, train_loss:0.519, val_acc:0.793, val_loss:0.633 (52.90s, ETA:0h:56m)
2022-03-15 18:40:53,735 - runner - DEBUG: Time split: train:50.64s val:2.12s
2022-03-15 18:40:53,735 - runner - DEBUG: Next learning rate: 0.0001
2022-03-15 18:41:46,088 - runner - INFO: Epoch 98/160 : train_acc:0.818, train_loss:0.518, val_acc:0.789, val_loss:0.625 (52.35s, ETA:0h:54m)
2022-03-15 18:41:46,088 - runner - DEBUG: Time split: train:50.21s val:2.00s
2022-03-15 18:41:46,089 - runner - DEBUG: Next learning rate: 0.0001
2022-03-15 18:42:39,075 - runner - INFO: Epoch 99/160 : train_acc:0.818, train_loss:0.519, val_acc:0.790, val_loss:0.629 (52.99s, ETA:0h:54m)
2022-03-15 18:42:39,075 - runner - DEBUG: Time split: train:50.77s val:2.06s
2022-03-15 18:42:39,075 - runner - DEBUG: Next learning rate: 0.0001
2022-03-15 18:43:31,666 - runner - INFO: Epoch 100/160 : train_acc:0.817, train_loss:0.519, val_acc:0.791, val_loss:0.627 (52.59s, ETA:0h:53m)
2022-03-15 18:43:31,666 - runner - DEBUG: Time split: train:50.33s val:2.08s
2022-03-15 18:43:31,667 - runner - DEBUG: Next learning rate: 0.0001
2022-03-15 18:44:24,712 - runner - INFO: Epoch 101/160 : train_acc:0.817, train_loss:0.517, val_acc:0.790, val_loss:0.633 (53.05s, ETA:0h:53m)
2022-03-15 18:44:24,712 - runner - DEBUG: Time split: train:50.82s val:2.05s
2022-03-15 18:44:24,712 - runner - DEBUG: Next learning rate: 0.0001
2022-03-15 18:45:17,854 - runner - INFO: Epoch 102/160 : train_acc:0.819, train_loss:0.516, val_acc:0.788, val_loss:0.626 (53.14s, ETA:0h:52m)
2022-03-15 18:45:17,854 - runner - DEBUG: Time split: train:50.88s val:2.09s
2022-03-15 18:45:17,854 - runner - DEBUG: Next learning rate: 0.0001
2022-03-15 18:46:11,393 - runner - INFO: Epoch 103/160 : train_acc:0.820, train_loss:0.515, val_acc:0.785, val_loss:0.640 (53.54s, ETA:0h:51m)
2022-03-15 18:46:11,393 - runner - DEBUG: Time split: train:51.32s val:2.06s
2022-03-15 18:46:11,393 - runner - DEBUG: Next learning rate: 0.0001
2022-03-15 18:47:04,978 - runner - INFO: Epoch 104/160 : train_acc:0.822, train_loss:0.505, val_acc:0.788, val_loss:0.641 (53.58s, ETA:0h:50m)
2022-03-15 18:47:04,978 - runner - DEBUG: Time split: train:51.30s val:2.11s
2022-03-15 18:47:04,978 - runner - DEBUG: Next learning rate: 0.0001
2022-03-15 18:47:57,522 - runner - INFO: Epoch 105/160 : train_acc:0.818, train_loss:0.516, val_acc:0.787, val_loss:0.642 (52.54s, ETA:0h:49m)
2022-03-15 18:47:57,522 - runner - DEBUG: Time split: train:50.31s val:2.08s
2022-03-15 18:47:57,523 - runner - DEBUG: Next learning rate: 0.0001
2022-03-15 18:48:49,938 - runner - INFO: Epoch 106/160 : train_acc:0.819, train_loss:0.514, val_acc:0.789, val_loss:0.638 (52.42s, ETA:0h:48m)
2022-03-15 18:48:49,938 - runner - DEBUG: Time split: train:50.27s val:2.01s
2022-03-15 18:48:49,939 - runner - DEBUG: Next learning rate: 0.0001
2022-03-15 18:49:42,937 - runner - INFO: Epoch 107/160 : train_acc:0.820, train_loss:0.513, val_acc:0.784, val_loss:0.656 (53.00s, ETA:0h:47m)
2022-03-15 18:49:42,937 - runner - DEBUG: Time split: train:50.83s val:2.04s
2022-03-15 18:49:42,938 - runner - DEBUG: Next learning rate: 0.0001
2022-03-15 18:50:35,450 - runner - INFO: Epoch 108/160 : train_acc:0.819, train_loss:0.511, val_acc:0.792, val_loss:0.620 (52.51s, ETA:0h:46m)
2022-03-15 18:50:35,450 - runner - DEBUG: Time split: train:50.40s val:1.96s
2022-03-15 18:50:35,450 - runner - DEBUG: Next learning rate: 0.0001
2022-03-15 18:51:27,961 - runner - INFO: Epoch 109/160 : train_acc:0.821, train_loss:0.511, val_acc:0.786, val_loss:0.639 (52.51s, ETA:0h:45m)
2022-03-15 18:51:27,962 - runner - DEBUG: Time split: train:50.45s val:1.94s
2022-03-15 18:51:27,962 - runner - DEBUG: Next learning rate: 0.0001
2022-03-15 18:52:20,125 - runner - INFO: Epoch 110/160 : train_acc:0.821, train_loss:0.510, val_acc:0.787, val_loss:0.640 (52.16s, ETA:0h:44m)
2022-03-15 18:52:20,126 - runner - DEBUG: Time split: train:50.03s val:1.98s
2022-03-15 18:52:20,126 - runner - DEBUG: Next learning rate: 0.0001
2022-03-15 18:53:12,947 - runner - INFO: Epoch 111/160 : train_acc:0.821, train_loss:0.513, val_acc:0.789, val_loss:0.630 (52.82s, ETA:0h:44m)
2022-03-15 18:53:12,947 - runner - DEBUG: Time split: train:50.56s val:2.10s
2022-03-15 18:53:12,947 - runner - DEBUG: Next learning rate: 0.0001
2022-03-15 18:54:05,905 - runner - INFO: Epoch 112/160 : train_acc:0.822, train_loss:0.505, val_acc:0.791, val_loss:0.626 (52.96s, ETA:0h:43m)
2022-03-15 18:54:05,905 - runner - DEBUG: Time split: train:50.63s val:2.17s
2022-03-15 18:54:05,905 - runner - DEBUG: Next learning rate: 0.0001
2022-03-15 18:54:58,186 - runner - INFO: Epoch 113/160 : train_acc:0.821, train_loss:0.505, val_acc:0.788, val_loss:0.623 (52.28s, ETA:0h:41m)
2022-03-15 18:54:58,186 - runner - DEBUG: Time split: train:50.14s val:2.00s
2022-03-15 18:54:58,187 - runner - DEBUG: Next learning rate: 0.0001
2022-03-15 18:55:50,685 - runner - INFO: Epoch 114/160 : train_acc:0.820, train_loss:0.508, val_acc:0.792, val_loss:0.630 (52.50s, ETA:0h:41m)
2022-03-15 18:55:50,685 - runner - DEBUG: Time split: train:50.13s val:2.22s
2022-03-15 18:55:50,685 - runner - DEBUG: Next learning rate: 0.0001
2022-03-15 18:56:43,758 - runner - INFO: Epoch 115/160 : train_acc:0.821, train_loss:0.508, val_acc:0.788, val_loss:0.624 (53.07s, ETA:0h:40m)
2022-03-15 18:56:43,758 - runner - DEBUG: Time split: train:50.84s val:2.09s
2022-03-15 18:56:43,758 - runner - DEBUG: Next learning rate: 0.0001
2022-03-15 18:57:36,634 - runner - INFO: Epoch 116/160 : train_acc:0.822, train_loss:0.510, val_acc:0.789, val_loss:0.629 (52.88s, ETA:0h:39m)
2022-03-15 18:57:36,634 - runner - DEBUG: Time split: train:50.68s val:2.06s
2022-03-15 18:57:36,635 - runner - DEBUG: Next learning rate: 0.0001
2022-03-15 18:58:29,328 - runner - INFO: Epoch 117/160 : train_acc:0.822, train_loss:0.505, val_acc:0.787, val_loss:0.644 (52.69s, ETA:0h:38m)
2022-03-15 18:58:29,328 - runner - DEBUG: Time split: train:50.57s val:1.97s
2022-03-15 18:58:29,328 - runner - DEBUG: Next learning rate: 0.0001
2022-03-15 18:59:22,124 - runner - INFO: Epoch 118/160 : train_acc:0.822, train_loss:0.507, val_acc:0.788, val_loss:0.628 (52.80s, ETA:0h:37m)
2022-03-15 18:59:22,125 - runner - DEBUG: Time split: train:50.56s val:2.08s
2022-03-15 18:59:22,125 - runner - DEBUG: Next learning rate: 0.0001
2022-03-15 19:00:14,788 - runner - INFO: Epoch 119/160 : train_acc:0.823, train_loss:0.507, val_acc:0.790, val_loss:0.624 (52.66s, ETA:0h:36m)
2022-03-15 19:00:14,789 - runner - DEBUG: Time split: train:50.56s val:1.95s
2022-03-15 19:00:14,789 - runner - DEBUG: Next learning rate: 0.0001
2022-03-15 19:01:07,534 - runner - INFO: Epoch 120/160 : train_acc:0.823, train_loss:0.502, val_acc:0.786, val_loss:0.638 (52.75s, ETA:0h:36m)
2022-03-15 19:01:07,534 - runner - DEBUG: Time split: train:50.43s val:2.17s
2022-03-15 19:01:07,534 - runner - DEBUG: Next learning rate: 0.0000
2022-03-15 19:01:59,858 - runner - INFO: Epoch 121/160 : train_acc:0.825, train_loss:0.496, val_acc:0.793, val_loss:0.614 (52.32s, ETA:0h:34m)
2022-03-15 19:01:59,858 - runner - DEBUG: Time split: train:50.20s val:1.96s
2022-03-15 19:01:59,858 - runner - DEBUG: Next learning rate: 0.0000
2022-03-15 19:02:52,282 - runner - INFO: Epoch 122/160 : train_acc:0.828, train_loss:0.495, val_acc:0.792, val_loss:0.616 (52.42s, ETA:0h:34m)
2022-03-15 19:02:52,282 - runner - DEBUG: Time split: train:50.24s val:2.04s
2022-03-15 19:02:52,283 - runner - DEBUG: Next learning rate: 0.0000
2022-03-15 19:03:45,389 - runner - INFO: Epoch 123/160 : train_acc:0.825, train_loss:0.494, val_acc:0.792, val_loss:0.612 (53.11s, ETA:0h:33m)
2022-03-15 19:03:45,389 - runner - DEBUG: Time split: train:50.89s val:2.06s
2022-03-15 19:03:45,389 - runner - DEBUG: Next learning rate: 0.0000
2022-03-15 19:04:37,769 - runner - INFO: Epoch 124/160 : train_acc:0.826, train_loss:0.495, val_acc:0.794, val_loss:0.614 (52.38s, ETA:0h:32m)
2022-03-15 19:04:37,769 - runner - DEBUG: Time split: train:50.17s val:2.05s
2022-03-15 19:04:37,770 - runner - DEBUG: Next learning rate: 0.0000
2022-03-15 19:05:30,079 - runner - INFO: Epoch 125/160 : train_acc:0.827, train_loss:0.493, val_acc:0.793, val_loss:0.614 (52.31s, ETA:0h:31m)
2022-03-15 19:05:30,079 - runner - DEBUG: Time split: train:50.18s val:1.98s
2022-03-15 19:05:30,079 - runner - DEBUG: Next learning rate: 0.0000
2022-03-15 19:06:22,612 - runner - INFO: Epoch 126/160 : train_acc:0.827, train_loss:0.492, val_acc:0.795, val_loss:0.614 (52.53s, ETA:0h:30m)
2022-03-15 19:06:22,612 - runner - DEBUG: Time split: train:50.38s val:2.02s
2022-03-15 19:06:22,612 - runner - DEBUG: Next learning rate: 0.0000
2022-03-15 19:07:15,466 - runner - INFO: Epoch 127/160 : train_acc:0.827, train_loss:0.494, val_acc:0.793, val_loss:0.614 (52.85s, ETA:0h:29m)
2022-03-15 19:07:15,466 - runner - DEBUG: Time split: train:50.57s val:2.15s
2022-03-15 19:07:15,466 - runner - DEBUG: Next learning rate: 0.0000
2022-03-15 19:08:08,714 - runner - INFO: Epoch 128/160 : train_acc:0.826, train_loss:0.492, val_acc:0.793, val_loss:0.614 (53.25s, ETA:0h:29m)
2022-03-15 19:08:08,714 - runner - DEBUG: Time split: train:50.98s val:2.11s
2022-03-15 19:08:08,714 - runner - DEBUG: Next learning rate: 0.0000
2022-03-15 19:09:01,101 - runner - INFO: Epoch 129/160 : train_acc:0.829, train_loss:0.490, val_acc:0.794, val_loss:0.613 (52.39s, ETA:0h:27m)
2022-03-15 19:09:01,101 - runner - DEBUG: Time split: train:50.09s val:2.14s
2022-03-15 19:09:01,101 - runner - DEBUG: Next learning rate: 0.0000
2022-03-15 19:09:53,701 - runner - INFO: Epoch 130/160 : train_acc:0.826, train_loss:0.495, val_acc:0.793, val_loss:0.613 (52.60s, ETA:0h:27m)
2022-03-15 19:09:53,701 - runner - DEBUG: Time split: train:50.38s val:2.07s
2022-03-15 19:09:53,701 - runner - DEBUG: Next learning rate: 0.0000
2022-03-15 19:10:46,702 - runner - INFO: Epoch 131/160 : train_acc:0.827, train_loss:0.494, val_acc:0.791, val_loss:0.614 (53.00s, ETA:0h:26m)
2022-03-15 19:10:46,703 - runner - DEBUG: Time split: train:50.80s val:2.04s
2022-03-15 19:10:46,703 - runner - DEBUG: Next learning rate: 0.0000
2022-03-15 19:11:39,401 - runner - INFO: Epoch 132/160 : train_acc:0.827, train_loss:0.494, val_acc:0.793, val_loss:0.614 (52.70s, ETA:0h:25m)
2022-03-15 19:11:39,401 - runner - DEBUG: Time split: train:50.49s val:2.06s
2022-03-15 19:11:39,401 - runner - DEBUG: Next learning rate: 0.0000
2022-03-15 19:12:32,034 - runner - INFO: Epoch 133/160 : train_acc:0.827, train_loss:0.494, val_acc:0.794, val_loss:0.614 (52.63s, ETA:0h:24m)
2022-03-15 19:12:32,035 - runner - DEBUG: Time split: train:50.56s val:1.94s
2022-03-15 19:12:32,035 - runner - DEBUG: Next learning rate: 0.0000
2022-03-15 19:13:24,258 - runner - INFO: Epoch 134/160 : train_acc:0.826, train_loss:0.490, val_acc:0.793, val_loss:0.613 (52.22s, ETA:0h:23m)
2022-03-15 19:13:24,259 - runner - DEBUG: Time split: train:50.07s val:1.99s
2022-03-15 19:13:24,259 - runner - DEBUG: Next learning rate: 0.0000
2022-03-15 19:14:17,228 - runner - INFO: Epoch 135/160 : train_acc:0.829, train_loss:0.491, val_acc:0.795, val_loss:0.614 (52.97s, ETA:0h:22m)
2022-03-15 19:14:17,229 - runner - DEBUG: Time split: train:50.78s val:2.00s
2022-03-15 19:14:17,229 - runner - DEBUG: Next learning rate: 0.0000
2022-03-15 19:15:09,884 - runner - INFO: Epoch 136/160 : train_acc:0.825, train_loss:0.495, val_acc:0.794, val_loss:0.613 (52.66s, ETA:0h:21m)
2022-03-15 19:15:09,885 - runner - DEBUG: Time split: train:50.43s val:2.05s
2022-03-15 19:15:09,885 - runner - DEBUG: Next learning rate: 0.0000
2022-03-15 19:16:02,656 - runner - INFO: Epoch 137/160 : train_acc:0.828, train_loss:0.490, val_acc:0.795, val_loss:0.614 (52.77s, ETA:0h:21m)
2022-03-15 19:16:02,656 - runner - DEBUG: Time split: train:50.24s val:2.28s
2022-03-15 19:16:02,656 - runner - DEBUG: Next learning rate: 0.0000
2022-03-15 19:16:55,003 - runner - INFO: Epoch 138/160 : train_acc:0.828, train_loss:0.491, val_acc:0.793, val_loss:0.615 (52.35s, ETA:0h:20m)
2022-03-15 19:16:55,004 - runner - DEBUG: Time split: train:50.11s val:2.09s
2022-03-15 19:16:55,004 - runner - DEBUG: Next learning rate: 0.0000
2022-03-15 19:17:48,130 - runner - INFO: Epoch 139/160 : train_acc:0.826, train_loss:0.495, val_acc:0.792, val_loss:0.615 (53.13s, ETA:0h:19m)
2022-03-15 19:17:48,130 - runner - DEBUG: Time split: train:50.83s val:2.14s
2022-03-15 19:17:48,131 - runner - DEBUG: Next learning rate: 0.0000
2022-03-15 19:18:40,942 - runner - INFO: Epoch 140/160 : train_acc:0.830, train_loss:0.489, val_acc:0.794, val_loss:0.616 (52.81s, ETA:0h:18m)
2022-03-15 19:18:40,942 - runner - DEBUG: Time split: train:50.54s val:2.13s
2022-03-15 19:18:40,942 - runner - DEBUG: Next learning rate: 0.0000
2022-03-15 19:19:33,503 - runner - INFO: Epoch 141/160 : train_acc:0.828, train_loss:0.494, val_acc:0.794, val_loss:0.615 (52.56s, ETA:0h:17m)
2022-03-15 19:19:33,503 - runner - DEBUG: Time split: train:50.44s val:1.97s
2022-03-15 19:19:33,503 - runner - DEBUG: Next learning rate: 0.0000
2022-03-15 19:20:25,819 - runner - INFO: Epoch 142/160 : train_acc:0.829, train_loss:0.489, val_acc:0.794, val_loss:0.615 (52.32s, ETA:0h:16m)
2022-03-15 19:20:25,820 - runner - DEBUG: Time split: train:50.15s val:2.01s
2022-03-15 19:20:25,820 - runner - DEBUG: Next learning rate: 0.0000
2022-03-15 19:21:18,659 - runner - INFO: Epoch 143/160 : train_acc:0.825, train_loss:0.492, val_acc:0.794, val_loss:0.615 (52.84s, ETA:0h:15m)
2022-03-15 19:21:18,660 - runner - DEBUG: Time split: train:50.64s val:2.04s
2022-03-15 19:21:18,660 - runner - DEBUG: Next learning rate: 0.0000
2022-03-15 19:22:11,549 - runner - INFO: Epoch 144/160 : train_acc:0.828, train_loss:0.488, val_acc:0.794, val_loss:0.615 (52.89s, ETA:0h:14m)
2022-03-15 19:22:11,549 - runner - DEBUG: Time split: train:50.72s val:2.02s
2022-03-15 19:22:11,550 - runner - DEBUG: Next learning rate: 0.0000
2022-03-15 19:23:04,984 - runner - INFO: Epoch 145/160 : train_acc:0.826, train_loss:0.492, val_acc:0.794, val_loss:0.614 (53.43s, ETA:0h:14m)
2022-03-15 19:23:04,984 - runner - DEBUG: Time split: train:51.15s val:2.12s
2022-03-15 19:23:04,984 - runner - DEBUG: Next learning rate: 0.0000
2022-03-15 19:23:57,892 - runner - INFO: Epoch 146/160 : train_acc:0.828, train_loss:0.490, val_acc:0.793, val_loss:0.615 (52.91s, ETA:0h:13m)
2022-03-15 19:23:57,892 - runner - DEBUG: Time split: train:50.63s val:2.13s
2022-03-15 19:23:57,892 - runner - DEBUG: Next learning rate: 0.0000
2022-03-15 19:24:51,722 - runner - INFO: Epoch 147/160 : train_acc:0.827, train_loss:0.489, val_acc:0.792, val_loss:0.615 (53.83s, ETA:0h:12m)
2022-03-15 19:24:51,722 - runner - DEBUG: Time split: train:51.64s val:2.03s
2022-03-15 19:24:51,722 - runner - DEBUG: Next learning rate: 0.0000
2022-03-15 19:25:45,775 - runner - INFO: Epoch 148/160 : train_acc:0.826, train_loss:0.495, val_acc:0.793, val_loss:0.614 (54.05s, ETA:0h:11m)
2022-03-15 19:25:45,775 - runner - DEBUG: Time split: train:51.81s val:2.12s
2022-03-15 19:25:45,776 - runner - DEBUG: Next learning rate: 0.0000
2022-03-15 19:26:39,941 - runner - INFO: Epoch 149/160 : train_acc:0.827, train_loss:0.490, val_acc:0.793, val_loss:0.615 (54.17s, ETA:0h:10m)
2022-03-15 19:26:39,941 - runner - DEBUG: Time split: train:51.85s val:2.15s
2022-03-15 19:26:39,941 - runner - DEBUG: Next learning rate: 0.0000
2022-03-15 19:27:33,288 - runner - INFO: Epoch 150/160 : train_acc:0.828, train_loss:0.492, val_acc:0.793, val_loss:0.614 (53.35s, ETA:0h:9m)
2022-03-15 19:27:33,288 - runner - DEBUG: Time split: train:51.06s val:2.10s
2022-03-15 19:27:33,288 - runner - DEBUG: Next learning rate: 0.0000
2022-03-15 19:28:27,734 - runner - INFO: Epoch 151/160 : train_acc:0.827, train_loss:0.489, val_acc:0.793, val_loss:0.613 (54.45s, ETA:0h:9m)
2022-03-15 19:28:27,735 - runner - DEBUG: Time split: train:52.18s val:2.09s
2022-03-15 19:28:27,735 - runner - DEBUG: Next learning rate: 0.0000
2022-03-15 19:29:22,072 - runner - INFO: Epoch 152/160 : train_acc:0.827, train_loss:0.493, val_acc:0.794, val_loss:0.614 (54.34s, ETA:0h:8m)
2022-03-15 19:29:22,073 - runner - DEBUG: Time split: train:52.13s val:2.02s
2022-03-15 19:29:22,073 - runner - DEBUG: Next learning rate: 0.0000
2022-03-15 19:30:15,951 - runner - INFO: Epoch 153/160 : train_acc:0.829, train_loss:0.485, val_acc:0.793, val_loss:0.615 (53.88s, ETA:0h:7m)
2022-03-15 19:30:15,952 - runner - DEBUG: Time split: train:51.70s val:2.02s
2022-03-15 19:30:15,952 - runner - DEBUG: Next learning rate: 0.0000
2022-03-15 19:31:09,596 - runner - INFO: Epoch 154/160 : train_acc:0.828, train_loss:0.490, val_acc:0.793, val_loss:0.615 (53.64s, ETA:0h:6m)
2022-03-15 19:31:09,596 - runner - DEBUG: Time split: train:51.38s val:2.10s
2022-03-15 19:31:09,596 - runner - DEBUG: Next learning rate: 0.0000
2022-03-15 19:32:03,968 - runner - INFO: Epoch 155/160 : train_acc:0.828, train_loss:0.488, val_acc:0.796, val_loss:0.615 (54.37s, ETA:0h:5m)
2022-03-15 19:32:03,968 - runner - DEBUG: Time split: train:51.68s val:2.56s
2022-03-15 19:32:03,969 - runner - DEBUG: Next learning rate: 0.0000
2022-03-15 19:32:57,728 - runner - INFO: Epoch 156/160 : train_acc:0.826, train_loss:0.490, val_acc:0.794, val_loss:0.614 (53.76s, ETA:0h:4m)
2022-03-15 19:32:57,728 - runner - DEBUG: Time split: train:51.53s val:2.08s
2022-03-15 19:32:57,729 - runner - DEBUG: Next learning rate: 0.0000
2022-03-15 19:33:51,530 - runner - INFO: Epoch 157/160 : train_acc:0.828, train_loss:0.493, val_acc:0.793, val_loss:0.613 (53.80s, ETA:0h:3m)
2022-03-15 19:33:51,530 - runner - DEBUG: Time split: train:51.58s val:2.06s
2022-03-15 19:33:51,530 - runner - DEBUG: Next learning rate: 0.0000
2022-03-15 19:34:45,289 - runner - INFO: Epoch 158/160 : train_acc:0.826, train_loss:0.494, val_acc:0.793, val_loss:0.614 (53.76s, ETA:0h:2m)
2022-03-15 19:34:45,290 - runner - DEBUG: Time split: train:51.59s val:2.00s
2022-03-15 19:34:45,290 - runner - DEBUG: Next learning rate: 0.0000
2022-03-15 19:35:39,558 - runner - INFO: Epoch 159/160 : train_acc:0.830, train_loss:0.491, val_acc:0.794, val_loss:0.614 (54.27s, ETA:0h:1m)
2022-03-15 19:35:39,558 - runner - DEBUG: Time split: train:51.97s val:2.14s
2022-03-15 19:35:39,559 - runner - DEBUG: Next learning rate: 0.0000
2022-03-15 19:36:33,285 - runner - INFO: Epoch 160/160 : train_acc:0.828, train_loss:0.491, val_acc:0.794, val_loss:0.614 (53.73s, ETA:0h:0m)
2022-03-15 19:36:33,285 - runner - DEBUG: Time split: train:51.56s val:2.02s
2022-03-15 19:36:33,285 - runner - DEBUG: Next learning rate: 0.0000
2022-03-15 19:36:37,309 - runner - INFO: Experiment Completed.
