2022-02-25 21:57:25,623 - runner - INFO: Froze parametrs: ['conv1.weight', 'layer1.0.conv1.weight', 'layer1.0.conv2.weight', 'layer1.1.conv1.weight', 'layer1.1.conv2.weight', 'layer1.2.conv1.weight', 'layer1.2.conv2.weight', 'layer1.3.conv1.weight', 'layer1.3.conv2.weight', 'layer1.4.conv1.weight', 'layer1.4.conv2.weight', 'layer1.5.conv1.weight', 'layer1.5.conv2.weight', 'layer1.6.conv1.weight', 'layer1.6.conv2.weight', 'layer1.7.conv1.weight', 'layer1.7.conv2.weight', 'layer1.8.conv1.weight', 'layer1.8.conv2.weight', 'layer1.9.conv1.weight', 'layer1.9.conv2.weight', 'layer1.10.conv1.weight', 'layer1.10.conv2.weight', 'layer1.11.conv1.weight', 'layer1.11.conv2.weight', 'layer1.12.conv1.weight', 'layer1.12.conv2.weight', 'layer1.13.conv1.weight', 'layer1.13.conv2.weight', 'layer1.14.conv1.weight', 'layer1.14.conv2.weight', 'layer1.15.conv1.weight', 'layer1.15.conv2.weight', 'layer1.16.conv1.weight', 'layer1.16.conv2.weight', 'layer1.17.conv1.weight', 'layer1.17.conv2.weight', 'layer2.0.conv1.weight', 'layer2.0.conv2.weight', 'layer2.1.conv1.weight', 'layer2.1.conv2.weight', 'layer2.2.conv1.weight', 'layer2.2.conv2.weight', 'layer2.3.conv1.weight', 'layer2.3.conv2.weight', 'layer2.4.conv1.weight', 'layer2.4.conv2.weight', 'layer2.5.conv1.weight', 'layer2.5.conv2.weight', 'layer2.6.conv1.weight', 'layer2.6.conv2.weight', 'layer2.7.conv1.weight', 'layer2.7.conv2.weight', 'layer2.8.conv1.weight', 'layer2.8.conv2.weight', 'layer2.9.conv1.weight', 'layer2.9.conv2.weight', 'layer2.10.conv1.weight', 'layer2.10.conv2.weight', 'layer2.11.conv1.weight', 'layer2.11.conv2.weight', 'layer2.12.conv1.weight', 'layer2.12.conv2.weight', 'layer2.13.conv1.weight', 'layer2.13.conv2.weight', 'layer2.14.conv1.weight', 'layer2.14.conv2.weight', 'layer2.15.conv1.weight', 'layer2.15.conv2.weight', 'layer2.16.conv1.weight', 'layer2.16.conv2.weight', 'layer2.17.conv1.weight', 'layer2.17.conv2.weight', 'layer3.0.conv1.weight', 'layer3.0.conv2.weight', 'layer3.1.conv1.weight', 'layer3.1.conv2.weight', 'layer3.2.conv1.weight', 'layer3.2.conv2.weight', 'layer3.3.conv1.weight', 'layer3.3.conv2.weight', 'layer3.4.conv1.weight', 'layer3.4.conv2.weight', 'layer3.5.conv1.weight', 'layer3.5.conv2.weight', 'layer3.6.conv1.weight', 'layer3.6.conv2.weight', 'layer3.7.conv1.weight', 'layer3.7.conv2.weight', 'layer3.8.conv1.weight', 'layer3.8.conv2.weight', 'layer3.9.conv1.weight', 'layer3.9.conv2.weight', 'layer3.10.conv1.weight', 'layer3.10.conv2.weight', 'layer3.11.conv1.weight', 'layer3.11.conv2.weight', 'layer3.12.conv1.weight', 'layer3.12.conv2.weight', 'layer3.13.conv1.weight', 'layer3.13.conv2.weight', 'layer3.14.conv1.weight', 'layer3.14.conv2.weight', 'layer3.15.conv1.weight', 'layer3.15.conv2.weight', 'layer3.16.conv1.weight', 'layer3.16.conv2.weight', 'layer3.17.conv1.weight', 'layer3.17.conv2.weight', 'linear.weight', 'linear.bias']
2022-02-25 21:57:25,625 - runner - INFO: Layer names containing 'conv' : 109
2022-02-25 21:57:25,628 - runner - INFO: Layer names containing 'bn' : 109
2022-02-25 21:57:25,628 - runner - INFO: Non-trainable parameters (Thousands): 1719.866
2022-02-25 21:57:25,629 - runner - INFO: Trainable parameters (Thousands): 8.096
2022-02-25 21:57:25,629 - runner - INFO: Total Parameters (Thousands): 1727.962
2022-02-25 21:57:30,417 - runner - INFO: Using GPU: Tesla K80
2022-02-25 21:57:30,417 - runner - INFO: Using GPU: Tesla K80
2022-02-25 21:58:04,862 - runner - INFO: Using 45000 training samples, and 5000 validation samples.
2022-02-25 21:58:05,272 - runner - INFO: Begun training at epoch 1.
2022-02-25 21:59:27,296 - runner - INFO: Epoch 1/160 : train_acc:0.256, train_loss:1.950, val_acc:0.336, val_loss:1.729 (82.02s, ETA:3h:38m)
2022-02-25 21:59:27,297 - runner - DEBUG: Time split: train:77.45s val:4.24s
2022-02-25 21:59:27,297 - runner - DEBUG: Next learning rate: 0.1000
2022-02-25 22:00:44,127 - runner - INFO: Epoch 2/160 : train_acc:0.354, train_loss:1.701, val_acc:0.392, val_loss:1.636 (76.83s, ETA:3h:23m)
2022-02-25 22:00:44,128 - runner - DEBUG: Time split: train:72.38s val:4.21s
2022-02-25 22:00:44,128 - runner - DEBUG: Next learning rate: 0.1000
2022-02-25 22:02:02,308 - runner - INFO: Epoch 3/160 : train_acc:0.394, train_loss:1.616, val_acc:0.427, val_loss:1.541 (78.18s, ETA:3h:25m)
2022-02-25 22:02:02,308 - runner - DEBUG: Time split: train:73.44s val:4.49s
2022-02-25 22:02:02,309 - runner - DEBUG: Next learning rate: 0.1000
2022-02-25 22:03:18,713 - runner - INFO: Epoch 4/160 : train_acc:0.432, train_loss:1.530, val_acc:0.445, val_loss:1.471 (76.40s, ETA:3h:19m)
2022-02-25 22:03:18,714 - runner - DEBUG: Time split: train:71.90s val:4.26s
2022-02-25 22:03:18,714 - runner - DEBUG: Next learning rate: 0.1000
2022-02-25 22:04:35,951 - runner - INFO: Epoch 5/160 : train_acc:0.463, train_loss:1.465, val_acc:0.438, val_loss:1.561 (77.24s, ETA:3h:20m)
2022-02-25 22:04:35,951 - runner - DEBUG: Time split: train:72.75s val:4.25s
2022-02-25 22:04:35,952 - runner - DEBUG: Next learning rate: 0.1000
2022-02-25 22:05:52,116 - runner - INFO: Epoch 6/160 : train_acc:0.487, train_loss:1.407, val_acc:0.503, val_loss:1.363 (76.16s, ETA:3h:16m)
2022-02-25 22:05:52,116 - runner - DEBUG: Time split: train:71.70s val:4.21s
2022-02-25 22:05:52,116 - runner - DEBUG: Next learning rate: 0.1000
2022-02-25 22:07:08,668 - runner - INFO: Epoch 7/160 : train_acc:0.507, train_loss:1.357, val_acc:0.495, val_loss:1.404 (76.55s, ETA:3h:16m)
2022-02-25 22:07:08,668 - runner - DEBUG: Time split: train:72.08s val:4.21s
2022-02-25 22:07:08,668 - runner - DEBUG: Next learning rate: 0.1000
2022-02-25 22:08:25,199 - runner - INFO: Epoch 8/160 : train_acc:0.523, train_loss:1.325, val_acc:0.485, val_loss:1.434 (76.53s, ETA:3h:15m)
2022-02-25 22:08:25,199 - runner - DEBUG: Time split: train:71.93s val:4.33s
2022-02-25 22:08:25,199 - runner - DEBUG: Next learning rate: 0.1000
2022-02-25 22:09:41,550 - runner - INFO: Epoch 9/160 : train_acc:0.537, train_loss:1.291, val_acc:0.513, val_loss:1.360 (76.35s, ETA:3h:13m)
2022-02-25 22:09:41,551 - runner - DEBUG: Time split: train:71.96s val:4.13s
2022-02-25 22:09:41,551 - runner - DEBUG: Next learning rate: 0.1000
2022-02-25 22:10:58,769 - runner - INFO: Epoch 10/160 : train_acc:0.544, train_loss:1.266, val_acc:0.523, val_loss:1.332 (77.22s, ETA:3h:14m)
2022-02-25 22:10:58,769 - runner - DEBUG: Time split: train:72.69s val:4.27s
2022-02-25 22:10:58,769 - runner - DEBUG: Next learning rate: 0.1000
2022-02-25 22:12:16,063 - runner - INFO: Epoch 11/160 : train_acc:0.551, train_loss:1.247, val_acc:0.528, val_loss:1.358 (77.29s, ETA:3h:13m)
2022-02-25 22:12:16,063 - runner - DEBUG: Time split: train:72.41s val:4.60s
2022-02-25 22:12:16,064 - runner - DEBUG: Next learning rate: 0.1000
2022-02-25 22:13:32,623 - runner - INFO: Epoch 12/160 : train_acc:0.558, train_loss:1.226, val_acc:0.539, val_loss:1.267 (76.56s, ETA:3h:10m)
2022-02-25 22:13:32,623 - runner - DEBUG: Time split: train:72.10s val:4.21s
2022-02-25 22:13:32,623 - runner - DEBUG: Next learning rate: 0.1000
2022-02-25 22:14:49,205 - runner - INFO: Epoch 13/160 : train_acc:0.567, train_loss:1.209, val_acc:0.538, val_loss:1.289 (76.58s, ETA:3h:8m)
2022-02-25 22:14:49,205 - runner - DEBUG: Time split: train:72.19s val:4.13s
2022-02-25 22:14:49,205 - runner - DEBUG: Next learning rate: 0.1000
2022-02-25 22:16:06,706 - runner - INFO: Epoch 14/160 : train_acc:0.571, train_loss:1.193, val_acc:0.511, val_loss:1.398 (77.50s, ETA:3h:9m)
2022-02-25 22:16:06,706 - runner - DEBUG: Time split: train:72.94s val:4.30s
2022-02-25 22:16:06,706 - runner - DEBUG: Next learning rate: 0.1000
2022-02-25 22:17:23,047 - runner - INFO: Epoch 15/160 : train_acc:0.576, train_loss:1.179, val_acc:0.571, val_loss:1.234 (76.34s, ETA:3h:5m)
2022-02-25 22:17:23,047 - runner - DEBUG: Time split: train:71.78s val:4.30s
2022-02-25 22:17:23,047 - runner - DEBUG: Next learning rate: 0.1000
2022-02-25 22:18:40,218 - runner - INFO: Epoch 16/160 : train_acc:0.579, train_loss:1.176, val_acc:0.492, val_loss:1.458 (77.17s, ETA:3h:6m)
2022-02-25 22:18:40,218 - runner - DEBUG: Time split: train:72.56s val:4.36s
2022-02-25 22:18:40,218 - runner - DEBUG: Next learning rate: 0.1000
2022-02-25 22:19:56,926 - runner - INFO: Epoch 17/160 : train_acc:0.585, train_loss:1.162, val_acc:0.558, val_loss:1.247 (76.71s, ETA:3h:4m)
2022-02-25 22:19:56,927 - runner - DEBUG: Time split: train:72.22s val:4.21s
2022-02-25 22:19:56,927 - runner - DEBUG: Next learning rate: 0.1000
2022-02-25 22:21:13,469 - runner - INFO: Epoch 18/160 : train_acc:0.585, train_loss:1.154, val_acc:0.564, val_loss:1.203 (76.54s, ETA:3h:2m)
2022-02-25 22:21:13,469 - runner - DEBUG: Time split: train:72.15s val:4.12s
2022-02-25 22:21:13,469 - runner - DEBUG: Next learning rate: 0.1000
2022-02-25 22:22:29,576 - runner - INFO: Epoch 19/160 : train_acc:0.590, train_loss:1.150, val_acc:0.527, val_loss:1.348 (76.11s, ETA:3h:0m)
2022-02-25 22:22:29,576 - runner - DEBUG: Time split: train:71.60s val:4.22s
2022-02-25 22:22:29,576 - runner - DEBUG: Next learning rate: 0.1000
2022-02-25 22:23:46,061 - runner - INFO: Epoch 20/160 : train_acc:0.591, train_loss:1.142, val_acc:0.518, val_loss:1.411 (76.48s, ETA:2h:59m)
2022-02-25 22:23:46,061 - runner - DEBUG: Time split: train:71.66s val:4.54s
2022-02-25 22:23:46,061 - runner - DEBUG: Next learning rate: 0.1000
2022-02-25 22:25:02,811 - runner - INFO: Epoch 21/160 : train_acc:0.593, train_loss:1.132, val_acc:0.506, val_loss:1.458 (76.75s, ETA:2h:59m)
2022-02-25 22:25:02,811 - runner - DEBUG: Time split: train:72.19s val:4.30s
2022-02-25 22:25:02,811 - runner - DEBUG: Next learning rate: 0.1000
2022-02-25 22:26:20,825 - runner - INFO: Epoch 22/160 : train_acc:0.594, train_loss:1.128, val_acc:0.511, val_loss:1.394 (78.01s, ETA:3h:0m)
2022-02-25 22:26:20,825 - runner - DEBUG: Time split: train:73.60s val:4.16s
2022-02-25 22:26:20,825 - runner - DEBUG: Next learning rate: 0.1000
2022-02-25 22:27:36,992 - runner - INFO: Epoch 23/160 : train_acc:0.597, train_loss:1.119, val_acc:0.503, val_loss:1.448 (76.17s, ETA:2h:55m)
2022-02-25 22:27:36,992 - runner - DEBUG: Time split: train:71.78s val:4.12s
2022-02-25 22:27:36,992 - runner - DEBUG: Next learning rate: 0.1000
2022-02-25 22:28:53,821 - runner - INFO: Epoch 24/160 : train_acc:0.600, train_loss:1.114, val_acc:0.502, val_loss:1.459 (76.83s, ETA:2h:55m)
2022-02-25 22:28:53,821 - runner - DEBUG: Time split: train:72.20s val:4.32s
2022-02-25 22:28:53,822 - runner - DEBUG: Next learning rate: 0.1000
2022-02-25 22:30:10,350 - runner - INFO: Epoch 25/160 : train_acc:0.603, train_loss:1.111, val_acc:0.568, val_loss:1.244 (76.53s, ETA:2h:53m)
2022-02-25 22:30:10,350 - runner - DEBUG: Time split: train:72.01s val:4.24s
2022-02-25 22:30:10,351 - runner - DEBUG: Next learning rate: 0.1000
2022-02-25 22:31:27,112 - runner - INFO: Epoch 26/160 : train_acc:0.603, train_loss:1.107, val_acc:0.521, val_loss:1.409 (76.76s, ETA:2h:52m)
2022-02-25 22:31:27,113 - runner - DEBUG: Time split: train:72.26s val:4.17s
2022-02-25 22:31:27,113 - runner - DEBUG: Next learning rate: 0.1000
2022-02-25 22:32:42,921 - runner - INFO: Epoch 27/160 : train_acc:0.608, train_loss:1.099, val_acc:0.571, val_loss:1.238 (75.81s, ETA:2h:49m)
2022-02-25 22:32:42,921 - runner - DEBUG: Time split: train:71.33s val:4.21s
2022-02-25 22:32:42,921 - runner - DEBUG: Next learning rate: 0.1000
2022-02-25 22:34:01,396 - runner - INFO: Epoch 28/160 : train_acc:0.605, train_loss:1.100, val_acc:0.496, val_loss:1.510 (78.47s, ETA:2h:53m)
2022-02-25 22:34:01,396 - runner - DEBUG: Time split: train:74.03s val:4.17s
2022-02-25 22:34:01,396 - runner - DEBUG: Next learning rate: 0.1000
2022-02-25 22:35:18,917 - runner - INFO: Epoch 29/160 : train_acc:0.612, train_loss:1.089, val_acc:0.548, val_loss:1.314 (77.52s, ETA:2h:50m)
2022-02-25 22:35:18,918 - runner - DEBUG: Time split: train:73.06s val:4.15s
2022-02-25 22:35:18,918 - runner - DEBUG: Next learning rate: 0.1000
2022-02-25 22:36:35,546 - runner - INFO: Epoch 30/160 : train_acc:0.612, train_loss:1.090, val_acc:0.531, val_loss:1.345 (76.63s, ETA:2h:47m)
2022-02-25 22:36:35,546 - runner - DEBUG: Time split: train:71.92s val:4.41s
2022-02-25 22:36:35,546 - runner - DEBUG: Next learning rate: 0.1000
2022-02-25 22:37:51,885 - runner - INFO: Epoch 31/160 : train_acc:0.612, train_loss:1.087, val_acc:0.547, val_loss:1.308 (76.34s, ETA:2h:45m)
2022-02-25 22:37:51,885 - runner - DEBUG: Time split: train:71.78s val:4.29s
2022-02-25 22:37:51,886 - runner - DEBUG: Next learning rate: 0.1000
2022-02-25 22:39:09,866 - runner - INFO: Epoch 32/160 : train_acc:0.614, train_loss:1.086, val_acc:0.579, val_loss:1.205 (77.98s, ETA:2h:47m)
2022-02-25 22:39:09,866 - runner - DEBUG: Time split: train:73.54s val:4.17s
2022-02-25 22:39:09,866 - runner - DEBUG: Next learning rate: 0.1000
2022-02-25 22:40:26,327 - runner - INFO: Epoch 33/160 : train_acc:0.614, train_loss:1.080, val_acc:0.533, val_loss:1.378 (76.46s, ETA:2h:43m)
2022-02-25 22:40:26,327 - runner - DEBUG: Time split: train:72.05s val:4.13s
2022-02-25 22:40:26,327 - runner - DEBUG: Next learning rate: 0.1000
2022-02-25 22:41:43,154 - runner - INFO: Epoch 34/160 : train_acc:0.615, train_loss:1.076, val_acc:0.600, val_loss:1.112 (76.83s, ETA:2h:42m)
2022-02-25 22:41:43,154 - runner - DEBUG: Time split: train:72.43s val:4.13s
2022-02-25 22:41:43,154 - runner - DEBUG: Next learning rate: 0.1000
2022-02-25 22:42:59,336 - runner - INFO: Epoch 35/160 : train_acc:0.617, train_loss:1.075, val_acc:0.545, val_loss:1.335 (76.18s, ETA:2h:39m)
2022-02-25 22:42:59,337 - runner - DEBUG: Time split: train:71.77s val:4.14s
2022-02-25 22:42:59,337 - runner - DEBUG: Next learning rate: 0.1000
2022-02-25 22:44:16,459 - runner - INFO: Epoch 36/160 : train_acc:0.618, train_loss:1.074, val_acc:0.578, val_loss:1.206 (77.12s, ETA:2h:40m)
2022-02-25 22:44:16,459 - runner - DEBUG: Time split: train:72.46s val:4.38s
2022-02-25 22:44:16,459 - runner - DEBUG: Next learning rate: 0.1000
2022-02-25 22:45:33,020 - runner - INFO: Epoch 37/160 : train_acc:0.617, train_loss:1.075, val_acc:0.534, val_loss:1.386 (76.56s, ETA:2h:38m)
2022-02-25 22:45:33,020 - runner - DEBUG: Time split: train:72.03s val:4.25s
2022-02-25 22:45:33,020 - runner - DEBUG: Next learning rate: 0.1000
2022-02-25 22:46:49,805 - runner - INFO: Epoch 38/160 : train_acc:0.620, train_loss:1.068, val_acc:0.533, val_loss:1.376 (76.78s, ETA:2h:37m)
2022-02-25 22:46:49,805 - runner - DEBUG: Time split: train:72.28s val:4.17s
2022-02-25 22:46:49,805 - runner - DEBUG: Next learning rate: 0.1000
2022-02-25 22:48:07,210 - runner - INFO: Epoch 39/160 : train_acc:0.620, train_loss:1.068, val_acc:0.492, val_loss:1.538 (77.40s, ETA:2h:37m)
2022-02-25 22:48:07,210 - runner - DEBUG: Time split: train:72.97s val:4.16s
2022-02-25 22:48:07,210 - runner - DEBUG: Next learning rate: 0.1000
2022-02-25 22:49:24,140 - runner - INFO: Epoch 40/160 : train_acc:0.620, train_loss:1.066, val_acc:0.542, val_loss:1.379 (76.93s, ETA:2h:35m)
2022-02-25 22:49:24,141 - runner - DEBUG: Time split: train:72.35s val:4.32s
2022-02-25 22:49:24,141 - runner - DEBUG: Next learning rate: 0.1000
2022-02-25 22:50:40,718 - runner - INFO: Epoch 41/160 : train_acc:0.620, train_loss:1.065, val_acc:0.586, val_loss:1.204 (76.58s, ETA:2h:33m)
2022-02-25 22:50:40,719 - runner - DEBUG: Time split: train:72.12s val:4.15s
2022-02-25 22:50:40,719 - runner - DEBUG: Next learning rate: 0.1000
2022-02-25 22:51:57,619 - runner - INFO: Epoch 42/160 : train_acc:0.624, train_loss:1.062, val_acc:0.574, val_loss:1.257 (76.90s, ETA:2h:32m)
2022-02-25 22:51:57,619 - runner - DEBUG: Time split: train:72.41s val:4.19s
2022-02-25 22:51:57,619 - runner - DEBUG: Next learning rate: 0.1000
2022-02-25 22:53:14,467 - runner - INFO: Epoch 43/160 : train_acc:0.622, train_loss:1.055, val_acc:0.575, val_loss:1.250 (76.85s, ETA:2h:31m)
2022-02-25 22:53:14,468 - runner - DEBUG: Time split: train:72.37s val:4.19s
2022-02-25 22:53:14,468 - runner - DEBUG: Next learning rate: 0.1000
2022-02-25 22:54:31,779 - runner - INFO: Epoch 44/160 : train_acc:0.625, train_loss:1.059, val_acc:0.569, val_loss:1.235 (77.31s, ETA:2h:30m)
2022-02-25 22:54:31,779 - runner - DEBUG: Time split: train:72.75s val:4.25s
2022-02-25 22:54:31,779 - runner - DEBUG: Next learning rate: 0.1000
2022-02-25 22:55:48,763 - runner - INFO: Epoch 45/160 : train_acc:0.623, train_loss:1.059, val_acc:0.596, val_loss:1.159 (76.98s, ETA:2h:28m)
2022-02-25 22:55:48,763 - runner - DEBUG: Time split: train:72.52s val:4.17s
2022-02-25 22:55:48,764 - runner - DEBUG: Next learning rate: 0.1000
2022-02-25 22:57:05,655 - runner - INFO: Epoch 46/160 : train_acc:0.626, train_loss:1.053, val_acc:0.567, val_loss:1.282 (76.89s, ETA:2h:27m)
2022-02-25 22:57:05,655 - runner - DEBUG: Time split: train:72.21s val:4.41s
2022-02-25 22:57:05,655 - runner - DEBUG: Next learning rate: 0.1000
2022-02-25 22:58:22,146 - runner - INFO: Epoch 47/160 : train_acc:0.626, train_loss:1.053, val_acc:0.569, val_loss:1.282 (76.49s, ETA:2h:25m)
2022-02-25 22:58:22,146 - runner - DEBUG: Time split: train:71.70s val:4.51s
2022-02-25 22:58:22,146 - runner - DEBUG: Next learning rate: 0.1000
2022-02-25 22:59:38,892 - runner - INFO: Epoch 48/160 : train_acc:0.627, train_loss:1.051, val_acc:0.599, val_loss:1.149 (76.75s, ETA:2h:24m)
2022-02-25 22:59:38,892 - runner - DEBUG: Time split: train:72.23s val:4.25s
2022-02-25 22:59:38,892 - runner - DEBUG: Next learning rate: 0.1000
2022-02-25 23:00:55,657 - runner - INFO: Epoch 49/160 : train_acc:0.626, train_loss:1.047, val_acc:0.525, val_loss:1.430 (76.76s, ETA:2h:23m)
2022-02-25 23:00:55,657 - runner - DEBUG: Time split: train:72.19s val:4.29s
2022-02-25 23:00:55,658 - runner - DEBUG: Next learning rate: 0.1000
2022-02-25 23:02:13,679 - runner - INFO: Epoch 50/160 : train_acc:0.627, train_loss:1.046, val_acc:0.542, val_loss:1.330 (78.02s, ETA:2h:24m)
2022-02-25 23:02:13,679 - runner - DEBUG: Time split: train:73.18s val:4.54s
2022-02-25 23:02:13,679 - runner - DEBUG: Next learning rate: 0.1000
2022-02-25 23:03:30,578 - runner - INFO: Epoch 51/160 : train_acc:0.628, train_loss:1.046, val_acc:0.540, val_loss:1.387 (76.90s, ETA:2h:20m)
2022-02-25 23:03:30,578 - runner - DEBUG: Time split: train:72.30s val:4.34s
2022-02-25 23:03:30,578 - runner - DEBUG: Next learning rate: 0.1000
2022-02-25 23:04:46,806 - runner - INFO: Epoch 52/160 : train_acc:0.631, train_loss:1.042, val_acc:0.564, val_loss:1.258 (76.23s, ETA:2h:18m)
2022-02-25 23:04:46,806 - runner - DEBUG: Time split: train:71.79s val:4.14s
2022-02-25 23:04:46,806 - runner - DEBUG: Next learning rate: 0.1000
2022-02-25 23:06:03,176 - runner - INFO: Epoch 53/160 : train_acc:0.629, train_loss:1.045, val_acc:0.577, val_loss:1.192 (76.37s, ETA:2h:17m)
2022-02-25 23:06:03,176 - runner - DEBUG: Time split: train:71.75s val:4.32s
2022-02-25 23:06:03,176 - runner - DEBUG: Next learning rate: 0.1000
2022-02-25 23:07:19,511 - runner - INFO: Epoch 54/160 : train_acc:0.629, train_loss:1.039, val_acc:0.566, val_loss:1.253 (76.33s, ETA:2h:16m)
2022-02-25 23:07:19,511 - runner - DEBUG: Time split: train:71.78s val:4.30s
2022-02-25 23:07:19,511 - runner - DEBUG: Next learning rate: 0.1000
2022-02-25 23:08:35,717 - runner - INFO: Epoch 55/160 : train_acc:0.629, train_loss:1.041, val_acc:0.504, val_loss:1.532 (76.21s, ETA:2h:14m)
2022-02-25 23:08:35,717 - runner - DEBUG: Time split: train:71.77s val:4.17s
2022-02-25 23:08:35,717 - runner - DEBUG: Next learning rate: 0.1000
2022-02-25 23:09:52,709 - runner - INFO: Epoch 56/160 : train_acc:0.631, train_loss:1.036, val_acc:0.526, val_loss:1.390 (76.99s, ETA:2h:14m)
2022-02-25 23:09:52,709 - runner - DEBUG: Time split: train:72.59s val:4.12s
2022-02-25 23:09:52,709 - runner - DEBUG: Next learning rate: 0.1000
2022-02-25 23:11:09,807 - runner - INFO: Epoch 57/160 : train_acc:0.631, train_loss:1.035, val_acc:0.603, val_loss:1.162 (77.10s, ETA:2h:13m)
2022-02-25 23:11:09,807 - runner - DEBUG: Time split: train:72.67s val:4.13s
2022-02-25 23:11:09,807 - runner - DEBUG: Next learning rate: 0.1000
2022-02-25 23:12:26,677 - runner - INFO: Epoch 58/160 : train_acc:0.632, train_loss:1.042, val_acc:0.618, val_loss:1.125 (76.87s, ETA:2h:11m)
2022-02-25 23:12:26,677 - runner - DEBUG: Time split: train:72.39s val:4.20s
2022-02-25 23:12:26,677 - runner - DEBUG: Next learning rate: 0.1000
2022-02-25 23:13:42,699 - runner - INFO: Epoch 59/160 : train_acc:0.633, train_loss:1.035, val_acc:0.582, val_loss:1.197 (76.02s, ETA:2h:9m)
2022-02-25 23:13:42,699 - runner - DEBUG: Time split: train:71.57s val:4.15s
2022-02-25 23:13:42,700 - runner - DEBUG: Next learning rate: 0.1000
2022-02-25 23:14:59,832 - runner - INFO: Epoch 60/160 : train_acc:0.631, train_loss:1.037, val_acc:0.605, val_loss:1.117 (77.13s, ETA:2h:9m)
2022-02-25 23:14:59,833 - runner - DEBUG: Time split: train:72.73s val:4.11s
2022-02-25 23:14:59,833 - runner - DEBUG: Next learning rate: 0.1000
2022-02-25 23:16:16,999 - runner - INFO: Epoch 61/160 : train_acc:0.631, train_loss:1.034, val_acc:0.606, val_loss:1.118 (77.17s, ETA:2h:8m)
2022-02-25 23:16:16,999 - runner - DEBUG: Time split: train:72.50s val:4.40s
2022-02-25 23:16:16,999 - runner - DEBUG: Next learning rate: 0.1000
2022-02-25 23:17:34,158 - runner - INFO: Epoch 62/160 : train_acc:0.631, train_loss:1.035, val_acc:0.605, val_loss:1.153 (77.16s, ETA:2h:7m)
2022-02-25 23:17:34,159 - runner - DEBUG: Time split: train:72.77s val:4.09s
2022-02-25 23:17:34,159 - runner - DEBUG: Next learning rate: 0.1000
2022-02-25 23:18:50,724 - runner - INFO: Epoch 63/160 : train_acc:0.634, train_loss:1.029, val_acc:0.592, val_loss:1.219 (76.57s, ETA:2h:5m)
2022-02-25 23:18:50,724 - runner - DEBUG: Time split: train:72.09s val:4.20s
2022-02-25 23:18:50,725 - runner - DEBUG: Next learning rate: 0.1000
2022-02-25 23:20:07,532 - runner - INFO: Epoch 64/160 : train_acc:0.634, train_loss:1.030, val_acc:0.538, val_loss:1.338 (76.81s, ETA:2h:4m)
2022-02-25 23:20:07,532 - runner - DEBUG: Time split: train:72.46s val:4.11s
2022-02-25 23:20:07,532 - runner - DEBUG: Next learning rate: 0.1000
2022-02-25 23:21:23,890 - runner - INFO: Epoch 65/160 : train_acc:0.633, train_loss:1.029, val_acc:0.566, val_loss:1.246 (76.36s, ETA:2h:2m)
2022-02-25 23:21:23,890 - runner - DEBUG: Time split: train:71.85s val:4.22s
2022-02-25 23:21:23,891 - runner - DEBUG: Next learning rate: 0.1000
2022-02-25 23:22:40,897 - runner - INFO: Epoch 66/160 : train_acc:0.636, train_loss:1.027, val_acc:0.597, val_loss:1.134 (77.01s, ETA:2h:1m)
2022-02-25 23:22:40,897 - runner - DEBUG: Time split: train:72.47s val:4.27s
2022-02-25 23:22:40,897 - runner - DEBUG: Next learning rate: 0.1000
2022-02-25 23:23:56,931 - runner - INFO: Epoch 67/160 : train_acc:0.635, train_loss:1.028, val_acc:0.560, val_loss:1.265 (76.03s, ETA:1h:59m)
2022-02-25 23:23:56,932 - runner - DEBUG: Time split: train:71.53s val:4.22s
2022-02-25 23:23:56,932 - runner - DEBUG: Next learning rate: 0.1000
2022-02-25 23:25:13,302 - runner - INFO: Epoch 68/160 : train_acc:0.635, train_loss:1.028, val_acc:0.593, val_loss:1.159 (76.37s, ETA:1h:58m)
2022-02-25 23:25:13,303 - runner - DEBUG: Time split: train:71.89s val:4.22s
2022-02-25 23:25:13,303 - runner - DEBUG: Next learning rate: 0.1000
2022-02-25 23:26:29,824 - runner - INFO: Epoch 69/160 : train_acc:0.638, train_loss:1.023, val_acc:0.534, val_loss:1.374 (76.52s, ETA:1h:57m)
2022-02-25 23:26:29,825 - runner - DEBUG: Time split: train:72.00s val:4.24s
2022-02-25 23:26:29,825 - runner - DEBUG: Next learning rate: 0.1000
2022-02-25 23:27:46,305 - runner - INFO: Epoch 70/160 : train_acc:0.637, train_loss:1.026, val_acc:0.584, val_loss:1.180 (76.48s, ETA:1h:55m)
2022-02-25 23:27:46,305 - runner - DEBUG: Time split: train:71.99s val:4.24s
2022-02-25 23:27:46,306 - runner - DEBUG: Next learning rate: 0.1000
2022-02-25 23:29:02,568 - runner - INFO: Epoch 71/160 : train_acc:0.636, train_loss:1.022, val_acc:0.601, val_loss:1.137 (76.26s, ETA:1h:54m)
2022-02-25 23:29:02,568 - runner - DEBUG: Time split: train:71.50s val:4.47s
2022-02-25 23:29:02,568 - runner - DEBUG: Next learning rate: 0.1000
2022-02-25 23:30:19,871 - runner - INFO: Epoch 72/160 : train_acc:0.637, train_loss:1.024, val_acc:0.596, val_loss:1.155 (77.30s, ETA:1h:54m)
2022-02-25 23:30:19,872 - runner - DEBUG: Time split: train:72.92s val:4.13s
2022-02-25 23:30:19,872 - runner - DEBUG: Next learning rate: 0.1000
2022-02-25 23:31:37,024 - runner - INFO: Epoch 73/160 : train_acc:0.639, train_loss:1.019, val_acc:0.528, val_loss:1.453 (77.15s, ETA:1h:53m)
2022-02-25 23:31:37,024 - runner - DEBUG: Time split: train:72.68s val:4.22s
2022-02-25 23:31:37,025 - runner - DEBUG: Next learning rate: 0.1000
2022-02-25 23:32:53,473 - runner - INFO: Epoch 74/160 : train_acc:0.637, train_loss:1.018, val_acc:0.498, val_loss:1.533 (76.45s, ETA:1h:50m)
2022-02-25 23:32:53,473 - runner - DEBUG: Time split: train:71.83s val:4.35s
2022-02-25 23:32:53,473 - runner - DEBUG: Next learning rate: 0.1000
2022-02-25 23:34:11,188 - runner - INFO: Epoch 75/160 : train_acc:0.637, train_loss:1.018, val_acc:0.615, val_loss:1.123 (77.71s, ETA:1h:51m)
2022-02-25 23:34:11,188 - runner - DEBUG: Time split: train:73.23s val:4.20s
2022-02-25 23:34:11,189 - runner - DEBUG: Next learning rate: 0.1000
2022-02-25 23:35:27,506 - runner - INFO: Epoch 76/160 : train_acc:0.637, train_loss:1.020, val_acc:0.571, val_loss:1.246 (76.32s, ETA:1h:48m)
2022-02-25 23:35:27,506 - runner - DEBUG: Time split: train:71.88s val:4.18s
2022-02-25 23:35:27,507 - runner - DEBUG: Next learning rate: 0.1000
2022-02-25 23:36:43,976 - runner - INFO: Epoch 77/160 : train_acc:0.638, train_loss:1.018, val_acc:0.571, val_loss:1.230 (76.47s, ETA:1h:47m)
2022-02-25 23:36:43,976 - runner - DEBUG: Time split: train:71.82s val:4.36s
2022-02-25 23:36:43,976 - runner - DEBUG: Next learning rate: 0.1000
2022-02-25 23:38:00,972 - runner - INFO: Epoch 78/160 : train_acc:0.642, train_loss:1.011, val_acc:0.546, val_loss:1.334 (77.00s, ETA:1h:46m)
2022-02-25 23:38:00,972 - runner - DEBUG: Time split: train:72.55s val:4.18s
2022-02-25 23:38:00,973 - runner - DEBUG: Next learning rate: 0.1000
2022-02-25 23:39:17,877 - runner - INFO: Epoch 79/160 : train_acc:0.642, train_loss:1.012, val_acc:0.564, val_loss:1.289 (76.90s, ETA:1h:45m)
2022-02-25 23:39:17,877 - runner - DEBUG: Time split: train:72.50s val:4.14s
2022-02-25 23:39:17,877 - runner - DEBUG: Next learning rate: 0.1000
2022-02-25 23:40:34,507 - runner - INFO: Epoch 80/160 : train_acc:0.637, train_loss:1.014, val_acc:0.586, val_loss:1.169 (76.63s, ETA:1h:43m)
2022-02-25 23:40:34,507 - runner - DEBUG: Time split: train:72.09s val:4.25s
2022-02-25 23:40:34,507 - runner - DEBUG: Next learning rate: 0.0100
2022-02-25 23:41:50,604 - runner - INFO: Epoch 81/160 : train_acc:0.665, train_loss:0.954, val_acc:0.681, val_loss:0.893 (76.10s, ETA:1h:41m)
2022-02-25 23:41:50,604 - runner - DEBUG: Time split: train:71.66s val:4.16s
2022-02-25 23:41:50,604 - runner - DEBUG: Next learning rate: 0.0100
2022-02-25 23:43:07,985 - runner - INFO: Epoch 82/160 : train_acc:0.669, train_loss:0.939, val_acc:0.680, val_loss:0.890 (77.38s, ETA:1h:41m)
2022-02-25 23:43:07,986 - runner - DEBUG: Time split: train:72.89s val:4.18s
2022-02-25 23:43:07,986 - runner - DEBUG: Next learning rate: 0.0100
2022-02-25 23:44:24,146 - runner - INFO: Epoch 83/160 : train_acc:0.670, train_loss:0.934, val_acc:0.685, val_loss:0.887 (76.16s, ETA:1h:39m)
2022-02-25 23:44:24,147 - runner - DEBUG: Time split: train:71.65s val:4.22s
2022-02-25 23:44:24,147 - runner - DEBUG: Next learning rate: 0.0100
2022-02-25 23:45:41,176 - runner - INFO: Epoch 84/160 : train_acc:0.671, train_loss:0.932, val_acc:0.692, val_loss:0.881 (77.03s, ETA:1h:38m)
2022-02-25 23:45:41,177 - runner - DEBUG: Time split: train:72.49s val:4.26s
2022-02-25 23:45:41,177 - runner - DEBUG: Next learning rate: 0.0100
2022-02-25 23:46:57,856 - runner - INFO: Epoch 85/160 : train_acc:0.670, train_loss:0.930, val_acc:0.695, val_loss:0.882 (76.68s, ETA:1h:37m)
2022-02-25 23:46:57,856 - runner - DEBUG: Time split: train:72.29s val:4.13s
2022-02-25 23:46:57,857 - runner - DEBUG: Next learning rate: 0.0100
2022-02-25 23:48:14,401 - runner - INFO: Epoch 86/160 : train_acc:0.671, train_loss:0.929, val_acc:0.692, val_loss:0.884 (76.54s, ETA:1h:35m)
2022-02-25 23:48:14,401 - runner - DEBUG: Time split: train:72.13s val:4.12s
2022-02-25 23:48:14,401 - runner - DEBUG: Next learning rate: 0.0100
2022-02-25 23:49:30,993 - runner - INFO: Epoch 87/160 : train_acc:0.673, train_loss:0.925, val_acc:0.694, val_loss:0.880 (76.59s, ETA:1h:34m)
2022-02-25 23:49:30,994 - runner - DEBUG: Time split: train:72.02s val:4.32s
2022-02-25 23:49:30,994 - runner - DEBUG: Next learning rate: 0.0100
2022-02-25 23:50:47,244 - runner - INFO: Epoch 88/160 : train_acc:0.672, train_loss:0.924, val_acc:0.693, val_loss:0.877 (76.25s, ETA:1h:32m)
2022-02-25 23:50:47,244 - runner - DEBUG: Time split: train:71.93s val:4.06s
2022-02-25 23:50:47,244 - runner - DEBUG: Next learning rate: 0.0100
2022-02-25 23:52:03,808 - runner - INFO: Epoch 89/160 : train_acc:0.675, train_loss:0.925, val_acc:0.691, val_loss:0.881 (76.56s, ETA:1h:31m)
2022-02-25 23:52:03,809 - runner - DEBUG: Time split: train:71.96s val:4.33s
2022-02-25 23:52:03,809 - runner - DEBUG: Next learning rate: 0.0100
2022-02-25 23:53:19,820 - runner - INFO: Epoch 90/160 : train_acc:0.673, train_loss:0.925, val_acc:0.692, val_loss:0.884 (76.01s, ETA:1h:29m)
2022-02-25 23:53:19,821 - runner - DEBUG: Time split: train:71.56s val:4.19s
2022-02-25 23:53:19,821 - runner - DEBUG: Next learning rate: 0.0100
2022-02-25 23:54:36,232 - runner - INFO: Epoch 91/160 : train_acc:0.671, train_loss:0.930, val_acc:0.692, val_loss:0.885 (76.41s, ETA:1h:29m)
2022-02-25 23:54:36,232 - runner - DEBUG: Time split: train:71.92s val:4.22s
2022-02-25 23:54:36,233 - runner - DEBUG: Next learning rate: 0.0100
2022-02-25 23:55:52,330 - runner - INFO: Epoch 92/160 : train_acc:0.672, train_loss:0.928, val_acc:0.689, val_loss:0.888 (76.10s, ETA:1h:27m)
2022-02-25 23:55:52,330 - runner - DEBUG: Time split: train:71.62s val:4.20s
2022-02-25 23:55:52,330 - runner - DEBUG: Next learning rate: 0.0100
2022-02-25 23:57:09,405 - runner - INFO: Epoch 93/160 : train_acc:0.674, train_loss:0.923, val_acc:0.695, val_loss:0.877 (77.07s, ETA:1h:27m)
2022-02-25 23:57:09,405 - runner - DEBUG: Time split: train:72.40s val:4.40s
2022-02-25 23:57:09,405 - runner - DEBUG: Next learning rate: 0.0100
2022-02-25 23:58:26,383 - runner - INFO: Epoch 94/160 : train_acc:0.675, train_loss:0.924, val_acc:0.693, val_loss:0.883 (76.98s, ETA:1h:25m)
2022-02-25 23:58:26,384 - runner - DEBUG: Time split: train:72.45s val:4.25s
2022-02-25 23:58:26,384 - runner - DEBUG: Next learning rate: 0.0100
2022-02-25 23:59:42,375 - runner - INFO: Epoch 95/160 : train_acc:0.676, train_loss:0.919, val_acc:0.688, val_loss:0.890 (75.99s, ETA:1h:23m)
2022-02-25 23:59:42,376 - runner - DEBUG: Time split: train:71.54s val:4.19s
2022-02-25 23:59:42,376 - runner - DEBUG: Next learning rate: 0.0100
2022-02-26 00:00:59,247 - runner - INFO: Epoch 96/160 : train_acc:0.674, train_loss:0.921, val_acc:0.692, val_loss:0.884 (76.87s, ETA:1h:23m)
2022-02-26 00:00:59,248 - runner - DEBUG: Time split: train:72.19s val:4.43s
2022-02-26 00:00:59,248 - runner - DEBUG: Next learning rate: 0.0100
2022-02-26 00:02:16,081 - runner - INFO: Epoch 97/160 : train_acc:0.675, train_loss:0.916, val_acc:0.697, val_loss:0.876 (76.83s, ETA:1h:21m)
2022-02-26 00:02:16,082 - runner - DEBUG: Time split: train:72.29s val:4.23s
2022-02-26 00:02:16,082 - runner - DEBUG: Next learning rate: 0.0100
2022-02-26 00:03:32,294 - runner - INFO: Epoch 98/160 : train_acc:0.676, train_loss:0.921, val_acc:0.693, val_loss:0.878 (76.21s, ETA:1h:20m)
2022-02-26 00:03:32,294 - runner - DEBUG: Time split: train:71.85s val:4.10s
2022-02-26 00:03:32,294 - runner - DEBUG: Next learning rate: 0.0100
2022-02-26 00:04:48,440 - runner - INFO: Epoch 99/160 : train_acc:0.673, train_loss:0.920, val_acc:0.699, val_loss:0.878 (76.15s, ETA:1h:18m)
2022-02-26 00:04:48,441 - runner - DEBUG: Time split: train:71.64s val:4.23s
2022-02-26 00:04:48,441 - runner - DEBUG: Next learning rate: 0.0100
2022-02-26 00:06:06,348 - runner - INFO: Epoch 100/160 : train_acc:0.673, train_loss:0.922, val_acc:0.692, val_loss:0.886 (77.91s, ETA:1h:19m)
2022-02-26 00:06:06,348 - runner - DEBUG: Time split: train:73.31s val:4.32s
2022-02-26 00:06:06,348 - runner - DEBUG: Next learning rate: 0.0100
2022-02-26 00:07:24,006 - runner - INFO: Epoch 101/160 : train_acc:0.674, train_loss:0.924, val_acc:0.694, val_loss:0.880 (77.66s, ETA:1h:17m)
2022-02-26 00:07:24,007 - runner - DEBUG: Time split: train:73.07s val:4.33s
2022-02-26 00:07:24,007 - runner - DEBUG: Next learning rate: 0.0100
2022-02-26 00:08:40,213 - runner - INFO: Epoch 102/160 : train_acc:0.675, train_loss:0.919, val_acc:0.696, val_loss:0.885 (76.21s, ETA:1h:14m)
2022-02-26 00:08:40,213 - runner - DEBUG: Time split: train:71.81s val:4.12s
2022-02-26 00:08:40,213 - runner - DEBUG: Next learning rate: 0.0100
2022-02-26 00:09:58,607 - runner - INFO: Epoch 103/160 : train_acc:0.676, train_loss:0.919, val_acc:0.694, val_loss:0.879 (78.39s, ETA:1h:15m)
2022-02-26 00:09:58,607 - runner - DEBUG: Time split: train:73.92s val:4.20s
2022-02-26 00:09:58,607 - runner - DEBUG: Next learning rate: 0.0100
2022-02-26 00:11:15,179 - runner - INFO: Epoch 104/160 : train_acc:0.673, train_loss:0.919, val_acc:0.693, val_loss:0.877 (76.57s, ETA:1h:12m)
2022-02-26 00:11:15,180 - runner - DEBUG: Time split: train:72.09s val:4.22s
2022-02-26 00:11:15,180 - runner - DEBUG: Next learning rate: 0.0100
2022-02-26 00:12:31,933 - runner - INFO: Epoch 105/160 : train_acc:0.677, train_loss:0.916, val_acc:0.692, val_loss:0.882 (76.75s, ETA:1h:11m)
2022-02-26 00:12:31,934 - runner - DEBUG: Time split: train:72.26s val:4.23s
2022-02-26 00:12:31,934 - runner - DEBUG: Next learning rate: 0.0100
2022-02-26 00:13:48,909 - runner - INFO: Epoch 106/160 : train_acc:0.674, train_loss:0.921, val_acc:0.693, val_loss:0.881 (76.98s, ETA:1h:10m)
2022-02-26 00:13:48,909 - runner - DEBUG: Time split: train:72.48s val:4.22s
2022-02-26 00:13:48,909 - runner - DEBUG: Next learning rate: 0.0100
2022-02-26 00:15:05,898 - runner - INFO: Epoch 107/160 : train_acc:0.675, train_loss:0.916, val_acc:0.692, val_loss:0.875 (76.99s, ETA:1h:9m)
2022-02-26 00:15:05,898 - runner - DEBUG: Time split: train:72.34s val:4.39s
2022-02-26 00:15:05,899 - runner - DEBUG: Next learning rate: 0.0100
2022-02-26 00:16:22,631 - runner - INFO: Epoch 108/160 : train_acc:0.676, train_loss:0.916, val_acc:0.693, val_loss:0.872 (76.73s, ETA:1h:7m)
2022-02-26 00:16:22,631 - runner - DEBUG: Time split: train:72.21s val:4.25s
2022-02-26 00:16:22,631 - runner - DEBUG: Next learning rate: 0.0100
2022-02-26 00:17:39,130 - runner - INFO: Epoch 109/160 : train_acc:0.676, train_loss:0.918, val_acc:0.696, val_loss:0.879 (76.50s, ETA:1h:6m)
2022-02-26 00:17:39,131 - runner - DEBUG: Time split: train:72.13s val:4.13s
2022-02-26 00:17:39,131 - runner - DEBUG: Next learning rate: 0.0100
2022-02-26 00:18:55,879 - runner - INFO: Epoch 110/160 : train_acc:0.678, train_loss:0.912, val_acc:0.694, val_loss:0.880 (76.75s, ETA:1h:5m)
2022-02-26 00:18:55,880 - runner - DEBUG: Time split: train:72.09s val:4.36s
2022-02-26 00:18:55,880 - runner - DEBUG: Next learning rate: 0.0100
2022-02-26 00:20:12,657 - runner - INFO: Epoch 111/160 : train_acc:0.677, train_loss:0.914, val_acc:0.700, val_loss:0.879 (76.78s, ETA:1h:3m)
2022-02-26 00:20:12,658 - runner - DEBUG: Time split: train:72.21s val:4.29s
2022-02-26 00:20:12,658 - runner - DEBUG: Next learning rate: 0.0100
2022-02-26 00:21:29,416 - runner - INFO: Epoch 112/160 : train_acc:0.678, train_loss:0.913, val_acc:0.692, val_loss:0.889 (76.76s, ETA:1h:2m)
2022-02-26 00:21:29,416 - runner - DEBUG: Time split: train:72.30s val:4.18s
2022-02-26 00:21:29,417 - runner - DEBUG: Next learning rate: 0.0100
2022-02-26 00:22:47,046 - runner - INFO: Epoch 113/160 : train_acc:0.675, train_loss:0.919, val_acc:0.697, val_loss:0.879 (77.63s, ETA:1h:2m)
2022-02-26 00:22:47,047 - runner - DEBUG: Time split: train:73.18s val:4.17s
2022-02-26 00:22:47,047 - runner - DEBUG: Next learning rate: 0.0100
2022-02-26 00:24:04,679 - runner - INFO: Epoch 114/160 : train_acc:0.677, train_loss:0.913, val_acc:0.694, val_loss:0.880 (77.63s, ETA:1h:0m)
2022-02-26 00:24:04,680 - runner - DEBUG: Time split: train:73.02s val:4.35s
2022-02-26 00:24:04,680 - runner - DEBUG: Next learning rate: 0.0100
2022-02-26 00:25:21,275 - runner - INFO: Epoch 115/160 : train_acc:0.679, train_loss:0.915, val_acc:0.700, val_loss:0.874 (76.60s, ETA:0h:58m)
2022-02-26 00:25:21,275 - runner - DEBUG: Time split: train:72.08s val:4.26s
2022-02-26 00:25:21,276 - runner - DEBUG: Next learning rate: 0.0100
2022-02-26 00:26:38,527 - runner - INFO: Epoch 116/160 : train_acc:0.674, train_loss:0.917, val_acc:0.697, val_loss:0.875 (77.25s, ETA:0h:57m)
2022-02-26 00:26:38,528 - runner - DEBUG: Time split: train:72.58s val:4.41s
2022-02-26 00:26:38,528 - runner - DEBUG: Next learning rate: 0.0100
2022-02-26 00:27:55,357 - runner - INFO: Epoch 117/160 : train_acc:0.679, train_loss:0.914, val_acc:0.692, val_loss:0.876 (76.83s, ETA:0h:56m)
2022-02-26 00:27:55,357 - runner - DEBUG: Time split: train:72.41s val:4.15s
2022-02-26 00:27:55,357 - runner - DEBUG: Next learning rate: 0.0100
2022-02-26 00:29:12,200 - runner - INFO: Epoch 118/160 : train_acc:0.677, train_loss:0.913, val_acc:0.688, val_loss:0.889 (76.84s, ETA:0h:55m)
2022-02-26 00:29:12,200 - runner - DEBUG: Time split: train:72.41s val:4.20s
2022-02-26 00:29:12,201 - runner - DEBUG: Next learning rate: 0.0100
2022-02-26 00:30:29,027 - runner - INFO: Epoch 119/160 : train_acc:0.677, train_loss:0.913, val_acc:0.698, val_loss:0.870 (76.83s, ETA:0h:53m)
2022-02-26 00:30:29,027 - runner - DEBUG: Time split: train:72.43s val:4.11s
2022-02-26 00:30:29,027 - runner - DEBUG: Next learning rate: 0.0100
2022-02-26 00:31:45,470 - runner - INFO: Epoch 120/160 : train_acc:0.679, train_loss:0.915, val_acc:0.695, val_loss:0.879 (76.44s, ETA:0h:52m)
2022-02-26 00:31:45,471 - runner - DEBUG: Time split: train:71.85s val:4.32s
2022-02-26 00:31:45,471 - runner - DEBUG: Next learning rate: 0.0010
2022-02-26 00:33:02,532 - runner - INFO: Epoch 121/160 : train_acc:0.683, train_loss:0.901, val_acc:0.702, val_loss:0.860 (77.06s, ETA:0h:51m)
2022-02-26 00:33:02,532 - runner - DEBUG: Time split: train:72.48s val:4.30s
2022-02-26 00:33:02,533 - runner - DEBUG: Next learning rate: 0.0010
2022-02-26 00:34:19,277 - runner - INFO: Epoch 122/160 : train_acc:0.683, train_loss:0.900, val_acc:0.705, val_loss:0.858 (76.74s, ETA:0h:49m)
2022-02-26 00:34:19,277 - runner - DEBUG: Time split: train:72.34s val:4.14s
2022-02-26 00:34:19,277 - runner - DEBUG: Next learning rate: 0.0010
2022-02-26 00:35:36,534 - runner - INFO: Epoch 123/160 : train_acc:0.683, train_loss:0.898, val_acc:0.704, val_loss:0.859 (77.26s, ETA:0h:48m)
2022-02-26 00:35:36,534 - runner - DEBUG: Time split: train:72.78s val:4.20s
2022-02-26 00:35:36,535 - runner - DEBUG: Next learning rate: 0.0010
2022-02-26 00:36:53,075 - runner - INFO: Epoch 124/160 : train_acc:0.683, train_loss:0.900, val_acc:0.705, val_loss:0.857 (76.54s, ETA:0h:47m)
2022-02-26 00:36:53,075 - runner - DEBUG: Time split: train:72.10s val:4.16s
2022-02-26 00:36:53,076 - runner - DEBUG: Next learning rate: 0.0010
2022-02-26 00:38:11,023 - runner - INFO: Epoch 125/160 : train_acc:0.684, train_loss:0.895, val_acc:0.704, val_loss:0.857 (77.95s, ETA:0h:46m)
2022-02-26 00:38:11,023 - runner - DEBUG: Time split: train:73.53s val:4.15s
2022-02-26 00:38:11,023 - runner - DEBUG: Next learning rate: 0.0010
2022-02-26 00:39:28,143 - runner - INFO: Epoch 126/160 : train_acc:0.682, train_loss:0.897, val_acc:0.702, val_loss:0.859 (77.12s, ETA:0h:44m)
2022-02-26 00:39:28,143 - runner - DEBUG: Time split: train:72.57s val:4.26s
2022-02-26 00:39:28,143 - runner - DEBUG: Next learning rate: 0.0010
2022-02-26 00:40:44,887 - runner - INFO: Epoch 127/160 : train_acc:0.682, train_loss:0.898, val_acc:0.705, val_loss:0.857 (76.74s, ETA:0h:43m)
2022-02-26 00:40:44,887 - runner - DEBUG: Time split: train:72.30s val:4.11s
2022-02-26 00:40:44,888 - runner - DEBUG: Next learning rate: 0.0010
2022-02-26 00:42:01,427 - runner - INFO: Epoch 128/160 : train_acc:0.684, train_loss:0.897, val_acc:0.707, val_loss:0.857 (76.54s, ETA:0h:42m)
2022-02-26 00:42:01,428 - runner - DEBUG: Time split: train:72.05s val:4.22s
2022-02-26 00:42:01,428 - runner - DEBUG: Next learning rate: 0.0010
2022-02-26 00:43:18,145 - runner - INFO: Epoch 129/160 : train_acc:0.685, train_loss:0.892, val_acc:0.705, val_loss:0.857 (76.72s, ETA:0h:40m)
2022-02-26 00:43:18,145 - runner - DEBUG: Time split: train:72.22s val:4.23s
2022-02-26 00:43:18,145 - runner - DEBUG: Next learning rate: 0.0010
2022-02-26 00:44:34,994 - runner - INFO: Epoch 130/160 : train_acc:0.684, train_loss:0.895, val_acc:0.708, val_loss:0.857 (76.85s, ETA:0h:39m)
2022-02-26 00:44:34,994 - runner - DEBUG: Time split: train:72.22s val:4.36s
2022-02-26 00:44:34,995 - runner - DEBUG: Next learning rate: 0.0010
2022-02-26 00:45:51,518 - runner - INFO: Epoch 131/160 : train_acc:0.683, train_loss:0.899, val_acc:0.707, val_loss:0.858 (76.52s, ETA:0h:38m)
2022-02-26 00:45:51,518 - runner - DEBUG: Time split: train:72.06s val:4.18s
2022-02-26 00:45:51,518 - runner - DEBUG: Next learning rate: 0.0010
2022-02-26 00:47:08,257 - runner - INFO: Epoch 132/160 : train_acc:0.683, train_loss:0.898, val_acc:0.706, val_loss:0.857 (76.74s, ETA:0h:37m)
2022-02-26 00:47:08,257 - runner - DEBUG: Time split: train:72.31s val:4.13s
2022-02-26 00:47:08,257 - runner - DEBUG: Next learning rate: 0.0010
2022-02-26 00:48:25,661 - runner - INFO: Epoch 133/160 : train_acc:0.684, train_loss:0.894, val_acc:0.706, val_loss:0.857 (77.40s, ETA:0h:36m)
2022-02-26 00:48:25,661 - runner - DEBUG: Time split: train:72.80s val:4.36s
2022-02-26 00:48:25,662 - runner - DEBUG: Next learning rate: 0.0010
2022-02-26 00:49:42,240 - runner - INFO: Epoch 134/160 : train_acc:0.683, train_loss:0.899, val_acc:0.708, val_loss:0.857 (76.58s, ETA:0h:34m)
2022-02-26 00:49:42,240 - runner - DEBUG: Time split: train:72.16s val:4.14s
2022-02-26 00:49:42,240 - runner - DEBUG: Next learning rate: 0.0010
2022-02-26 00:50:59,779 - runner - INFO: Epoch 135/160 : train_acc:0.681, train_loss:0.900, val_acc:0.707, val_loss:0.856 (77.54s, ETA:0h:33m)
2022-02-26 00:50:59,779 - runner - DEBUG: Time split: train:73.10s val:4.16s
2022-02-26 00:50:59,780 - runner - DEBUG: Next learning rate: 0.0010
2022-02-26 00:52:17,577 - runner - INFO: Epoch 136/160 : train_acc:0.685, train_loss:0.896, val_acc:0.708, val_loss:0.856 (77.80s, ETA:0h:32m)
2022-02-26 00:52:17,577 - runner - DEBUG: Time split: train:73.17s val:4.32s
2022-02-26 00:52:17,577 - runner - DEBUG: Next learning rate: 0.0010
2022-02-26 00:53:34,129 - runner - INFO: Epoch 137/160 : train_acc:0.683, train_loss:0.896, val_acc:0.710, val_loss:0.856 (76.55s, ETA:0h:30m)
2022-02-26 00:53:34,130 - runner - DEBUG: Time split: train:72.14s val:4.15s
2022-02-26 00:53:34,130 - runner - DEBUG: Next learning rate: 0.0010
2022-02-26 00:54:50,808 - runner - INFO: Epoch 138/160 : train_acc:0.682, train_loss:0.897, val_acc:0.707, val_loss:0.854 (76.68s, ETA:0h:29m)
2022-02-26 00:54:50,808 - runner - DEBUG: Time split: train:71.95s val:4.39s
2022-02-26 00:54:50,808 - runner - DEBUG: Next learning rate: 0.0010
2022-02-26 00:56:08,001 - runner - INFO: Epoch 139/160 : train_acc:0.685, train_loss:0.897, val_acc:0.708, val_loss:0.855 (77.19s, ETA:0h:28m)
2022-02-26 00:56:08,001 - runner - DEBUG: Time split: train:72.75s val:4.21s
2022-02-26 00:56:08,002 - runner - DEBUG: Next learning rate: 0.0010
2022-02-26 00:57:26,556 - runner - INFO: Epoch 140/160 : train_acc:0.683, train_loss:0.897, val_acc:0.708, val_loss:0.855 (78.55s, ETA:0h:27m)
2022-02-26 00:57:26,556 - runner - DEBUG: Time split: train:73.87s val:4.36s
2022-02-26 00:57:26,556 - runner - DEBUG: Next learning rate: 0.0010
2022-02-26 00:58:43,820 - runner - INFO: Epoch 141/160 : train_acc:0.682, train_loss:0.900, val_acc:0.707, val_loss:0.854 (77.26s, ETA:0h:25m)
2022-02-26 00:58:43,820 - runner - DEBUG: Time split: train:72.80s val:4.20s
2022-02-26 00:58:43,820 - runner - DEBUG: Next learning rate: 0.0010
2022-02-26 01:00:00,699 - runner - INFO: Epoch 142/160 : train_acc:0.686, train_loss:0.896, val_acc:0.709, val_loss:0.853 (76.88s, ETA:0h:24m)
2022-02-26 01:00:00,699 - runner - DEBUG: Time split: train:72.44s val:4.17s
2022-02-26 01:00:00,699 - runner - DEBUG: Next learning rate: 0.0010
2022-02-26 01:01:17,759 - runner - INFO: Epoch 143/160 : train_acc:0.684, train_loss:0.894, val_acc:0.708, val_loss:0.855 (77.06s, ETA:0h:23m)
2022-02-26 01:01:17,759 - runner - DEBUG: Time split: train:72.62s val:4.16s
2022-02-26 01:01:17,759 - runner - DEBUG: Next learning rate: 0.0010
2022-02-26 01:02:34,950 - runner - INFO: Epoch 144/160 : train_acc:0.685, train_loss:0.894, val_acc:0.708, val_loss:0.855 (77.19s, ETA:0h:21m)
2022-02-26 01:02:34,950 - runner - DEBUG: Time split: train:72.73s val:4.19s
2022-02-26 01:02:34,951 - runner - DEBUG: Next learning rate: 0.0010
2022-02-26 01:03:52,053 - runner - INFO: Epoch 145/160 : train_acc:0.687, train_loss:0.893, val_acc:0.707, val_loss:0.855 (77.10s, ETA:0h:20m)
2022-02-26 01:03:52,053 - runner - DEBUG: Time split: train:72.54s val:4.26s
2022-02-26 01:03:52,053 - runner - DEBUG: Next learning rate: 0.0010
2022-02-26 01:05:09,174 - runner - INFO: Epoch 146/160 : train_acc:0.683, train_loss:0.894, val_acc:0.706, val_loss:0.853 (77.12s, ETA:0h:19m)
2022-02-26 01:05:09,174 - runner - DEBUG: Time split: train:72.54s val:4.30s
2022-02-26 01:05:09,174 - runner - DEBUG: Next learning rate: 0.0010
2022-02-26 01:06:25,819 - runner - INFO: Epoch 147/160 : train_acc:0.684, train_loss:0.892, val_acc:0.706, val_loss:0.855 (76.64s, ETA:0h:17m)
2022-02-26 01:06:25,819 - runner - DEBUG: Time split: train:72.20s val:4.13s
2022-02-26 01:06:25,819 - runner - DEBUG: Next learning rate: 0.0010
2022-02-26 01:07:43,077 - runner - INFO: Epoch 148/160 : train_acc:0.685, train_loss:0.895, val_acc:0.706, val_loss:0.854 (77.26s, ETA:0h:16m)
2022-02-26 01:07:43,077 - runner - DEBUG: Time split: train:72.81s val:4.14s
2022-02-26 01:07:43,077 - runner - DEBUG: Next learning rate: 0.0010
2022-02-26 01:08:59,809 - runner - INFO: Epoch 149/160 : train_acc:0.685, train_loss:0.893, val_acc:0.707, val_loss:0.855 (76.73s, ETA:0h:15m)
2022-02-26 01:08:59,809 - runner - DEBUG: Time split: train:72.24s val:4.24s
2022-02-26 01:08:59,810 - runner - DEBUG: Next learning rate: 0.0010
2022-02-26 01:10:18,043 - runner - INFO: Epoch 150/160 : train_acc:0.684, train_loss:0.894, val_acc:0.710, val_loss:0.853 (78.23s, ETA:0h:14m)
2022-02-26 01:10:18,043 - runner - DEBUG: Time split: train:73.48s val:4.45s
2022-02-26 01:10:18,043 - runner - DEBUG: Next learning rate: 0.0010
2022-02-26 01:11:34,086 - runner - INFO: Epoch 151/160 : train_acc:0.687, train_loss:0.892, val_acc:0.705, val_loss:0.854 (76.04s, ETA:0h:12m)
2022-02-26 01:11:34,086 - runner - DEBUG: Time split: train:71.62s val:4.15s
2022-02-26 01:11:34,087 - runner - DEBUG: Next learning rate: 0.0010
2022-02-26 01:12:50,742 - runner - INFO: Epoch 152/160 : train_acc:0.686, train_loss:0.895, val_acc:0.709, val_loss:0.854 (76.66s, ETA:0h:11m)
2022-02-26 01:12:50,742 - runner - DEBUG: Time split: train:72.19s val:4.20s
2022-02-26 01:12:50,742 - runner - DEBUG: Next learning rate: 0.0010
2022-02-26 01:14:07,704 - runner - INFO: Epoch 153/160 : train_acc:0.683, train_loss:0.897, val_acc:0.708, val_loss:0.854 (76.96s, ETA:0h:10m)
2022-02-26 01:14:07,705 - runner - DEBUG: Time split: train:72.45s val:4.25s
2022-02-26 01:14:07,705 - runner - DEBUG: Next learning rate: 0.0010
2022-02-26 01:15:24,330 - runner - INFO: Epoch 154/160 : train_acc:0.684, train_loss:0.895, val_acc:0.707, val_loss:0.854 (76.63s, ETA:0h:8m)
2022-02-26 01:15:24,331 - runner - DEBUG: Time split: train:72.14s val:4.20s
2022-02-26 01:15:24,331 - runner - DEBUG: Next learning rate: 0.0010
2022-02-26 01:16:41,336 - runner - INFO: Epoch 155/160 : train_acc:0.684, train_loss:0.895, val_acc:0.707, val_loss:0.854 (77.01s, ETA:0h:7m)
2022-02-26 01:16:41,336 - runner - DEBUG: Time split: train:72.60s val:4.13s
2022-02-26 01:16:41,337 - runner - DEBUG: Next learning rate: 0.0010
2022-02-26 01:17:58,374 - runner - INFO: Epoch 156/160 : train_acc:0.685, train_loss:0.896, val_acc:0.706, val_loss:0.854 (77.04s, ETA:0h:6m)
2022-02-26 01:17:58,374 - runner - DEBUG: Time split: train:72.41s val:4.32s
2022-02-26 01:17:58,374 - runner - DEBUG: Next learning rate: 0.0010
2022-02-26 01:19:15,868 - runner - INFO: Epoch 157/160 : train_acc:0.685, train_loss:0.895, val_acc:0.708, val_loss:0.854 (77.49s, ETA:0h:5m)
2022-02-26 01:19:15,869 - runner - DEBUG: Time split: train:72.72s val:4.47s
2022-02-26 01:19:15,869 - runner - DEBUG: Next learning rate: 0.0010
2022-02-26 01:20:32,610 - runner - INFO: Epoch 158/160 : train_acc:0.684, train_loss:0.893, val_acc:0.711, val_loss:0.855 (76.74s, ETA:0h:3m)
2022-02-26 01:20:32,610 - runner - DEBUG: Time split: train:72.18s val:4.30s
2022-02-26 01:20:32,611 - runner - DEBUG: Next learning rate: 0.0010
2022-02-26 01:21:49,736 - runner - INFO: Epoch 159/160 : train_acc:0.687, train_loss:0.895, val_acc:0.709, val_loss:0.854 (77.13s, ETA:0h:2m)
2022-02-26 01:21:49,737 - runner - DEBUG: Time split: train:72.69s val:4.14s
2022-02-26 01:21:49,737 - runner - DEBUG: Next learning rate: 0.0010
2022-02-26 01:23:06,954 - runner - INFO: Epoch 160/160 : train_acc:0.685, train_loss:0.894, val_acc:0.708, val_loss:0.854 (77.22s, ETA:0h:1m)
2022-02-26 01:23:06,954 - runner - DEBUG: Time split: train:72.52s val:4.44s
2022-02-26 01:23:06,954 - runner - DEBUG: Next learning rate: 0.0010
2022-02-26 01:23:15,535 - runner - INFO: Experiment Completed.
