2022-02-24 14:42:03,518 - runner - INFO: Froze parametrs: ['conv1.weight', 'layer1.0.conv1.weight', 'layer1.0.conv2.weight', 'layer1.1.conv1.weight', 'layer1.1.conv2.weight', 'layer1.2.conv1.weight', 'layer1.2.conv2.weight', 'layer1.3.conv1.weight', 'layer1.3.conv2.weight', 'layer1.4.conv1.weight', 'layer1.4.conv2.weight', 'layer1.5.conv1.weight', 'layer1.5.conv2.weight', 'layer1.6.conv1.weight', 'layer1.6.conv2.weight', 'layer1.7.conv1.weight', 'layer1.7.conv2.weight', 'layer1.8.conv1.weight', 'layer1.8.conv2.weight', 'layer2.0.conv1.weight', 'layer2.0.conv2.weight', 'layer2.1.conv1.weight', 'layer2.1.conv2.weight', 'layer2.2.conv1.weight', 'layer2.2.conv2.weight', 'layer2.3.conv1.weight', 'layer2.3.conv2.weight', 'layer2.4.conv1.weight', 'layer2.4.conv2.weight', 'layer2.5.conv1.weight', 'layer2.5.conv2.weight', 'layer2.6.conv1.weight', 'layer2.6.conv2.weight', 'layer2.7.conv1.weight', 'layer2.7.conv2.weight', 'layer2.8.conv1.weight', 'layer2.8.conv2.weight', 'layer3.0.conv1.weight', 'layer3.0.conv2.weight', 'layer3.1.conv1.weight', 'layer3.1.conv2.weight', 'layer3.2.conv1.weight', 'layer3.2.conv2.weight', 'layer3.3.conv1.weight', 'layer3.3.conv2.weight', 'layer3.4.conv1.weight', 'layer3.4.conv2.weight', 'layer3.5.conv1.weight', 'layer3.5.conv2.weight', 'layer3.6.conv1.weight', 'layer3.6.conv2.weight', 'layer3.7.conv1.weight', 'layer3.7.conv2.weight', 'layer3.8.conv1.weight', 'layer3.8.conv2.weight', 'linear.weight', 'linear.bias']
2022-02-24 14:42:03,519 - runner - INFO: Layer names containing 'conv' : 55
2022-02-24 14:42:03,519 - runner - INFO: Layer names containing 'bn' : 55
2022-02-24 14:42:03,519 - runner - INFO: Non-trainable parameters (Thousands): 848.954
2022-02-24 14:42:03,519 - runner - INFO: Trainable parameters (Thousands): 4.064
2022-02-24 14:42:03,519 - runner - INFO: Total Parameters (Thousands): 853.018
2022-02-24 14:42:08,240 - runner - INFO: Using GPU: Tesla K80
2022-02-24 14:42:08,240 - runner - INFO: Using GPU: Tesla K80
2022-02-24 14:42:41,876 - runner - INFO: Using 45000 training samples, and 5000 validation samples.
2022-02-24 14:42:42,076 - runner - INFO: Begun training at epoch 1.
2022-02-24 14:43:27,380 - runner - INFO: Epoch 1/160 : train_acc:0.239, train_loss:1.992, val_acc:0.300, val_loss:1.836 (45.30s, ETA:2h:0m)
2022-02-24 14:43:27,380 - runner - DEBUG: Time split: train:42.91s val:2.25s
2022-02-24 14:43:27,380 - runner - DEBUG: Next learning rate: 0.1000
2022-02-24 14:44:07,497 - runner - INFO: Epoch 2/160 : train_acc:0.342, train_loss:1.713, val_acc:0.379, val_loss:1.628 (40.12s, ETA:1h:46m)
2022-02-24 14:44:07,498 - runner - DEBUG: Time split: train:37.59s val:2.41s
2022-02-24 14:44:07,498 - runner - DEBUG: Next learning rate: 0.1000
2022-02-24 14:44:47,206 - runner - INFO: Epoch 3/160 : train_acc:0.384, train_loss:1.629, val_acc:0.406, val_loss:1.645 (39.71s, ETA:1h:44m)
2022-02-24 14:44:47,206 - runner - DEBUG: Time split: train:37.34s val:2.25s
2022-02-24 14:44:47,206 - runner - DEBUG: Next learning rate: 0.1000
2022-02-24 14:45:26,923 - runner - INFO: Epoch 4/160 : train_acc:0.411, train_loss:1.577, val_acc:0.409, val_loss:1.568 (39.72s, ETA:1h:43m)
2022-02-24 14:45:26,923 - runner - DEBUG: Time split: train:37.31s val:2.28s
2022-02-24 14:45:26,923 - runner - DEBUG: Next learning rate: 0.1000
2022-02-24 14:46:06,664 - runner - INFO: Epoch 5/160 : train_acc:0.433, train_loss:1.539, val_acc:0.452, val_loss:1.479 (39.74s, ETA:1h:43m)
2022-02-24 14:46:06,664 - runner - DEBUG: Time split: train:37.31s val:2.30s
2022-02-24 14:46:06,664 - runner - DEBUG: Next learning rate: 0.1000
2022-02-24 14:46:46,112 - runner - INFO: Epoch 6/160 : train_acc:0.450, train_loss:1.501, val_acc:0.477, val_loss:1.434 (39.45s, ETA:1h:41m)
2022-02-24 14:46:46,112 - runner - DEBUG: Time split: train:37.09s val:2.25s
2022-02-24 14:46:46,112 - runner - DEBUG: Next learning rate: 0.1000
2022-02-24 14:47:25,534 - runner - INFO: Epoch 7/160 : train_acc:0.462, train_loss:1.471, val_acc:0.481, val_loss:1.435 (39.42s, ETA:1h:41m)
2022-02-24 14:47:25,534 - runner - DEBUG: Time split: train:37.05s val:2.24s
2022-02-24 14:47:25,534 - runner - DEBUG: Next learning rate: 0.1000
2022-02-24 14:48:05,502 - runner - INFO: Epoch 8/160 : train_acc:0.470, train_loss:1.453, val_acc:0.471, val_loss:1.451 (39.97s, ETA:1h:41m)
2022-02-24 14:48:05,502 - runner - DEBUG: Time split: train:37.53s val:2.31s
2022-02-24 14:48:05,503 - runner - DEBUG: Next learning rate: 0.1000
2022-02-24 14:48:44,981 - runner - INFO: Epoch 9/160 : train_acc:0.483, train_loss:1.427, val_acc:0.486, val_loss:1.425 (39.48s, ETA:1h:40m)
2022-02-24 14:48:44,981 - runner - DEBUG: Time split: train:37.05s val:2.31s
2022-02-24 14:48:44,981 - runner - DEBUG: Next learning rate: 0.1000
2022-02-24 14:49:24,341 - runner - INFO: Epoch 10/160 : train_acc:0.487, train_loss:1.412, val_acc:0.495, val_loss:1.361 (39.36s, ETA:1h:39m)
2022-02-24 14:49:24,342 - runner - DEBUG: Time split: train:36.97s val:2.26s
2022-02-24 14:49:24,342 - runner - DEBUG: Next learning rate: 0.1000
2022-02-24 14:50:03,933 - runner - INFO: Epoch 11/160 : train_acc:0.495, train_loss:1.393, val_acc:0.499, val_loss:1.382 (39.59s, ETA:1h:38m)
2022-02-24 14:50:03,933 - runner - DEBUG: Time split: train:37.01s val:2.45s
2022-02-24 14:50:03,933 - runner - DEBUG: Next learning rate: 0.1000
2022-02-24 14:50:43,036 - runner - INFO: Epoch 12/160 : train_acc:0.503, train_loss:1.381, val_acc:0.491, val_loss:1.417 (39.10s, ETA:1h:37m)
2022-02-24 14:50:43,037 - runner - DEBUG: Time split: train:36.76s val:2.22s
2022-02-24 14:50:43,037 - runner - DEBUG: Next learning rate: 0.1000
2022-02-24 14:51:22,500 - runner - INFO: Epoch 13/160 : train_acc:0.507, train_loss:1.369, val_acc:0.492, val_loss:1.418 (39.46s, ETA:1h:37m)
2022-02-24 14:51:22,500 - runner - DEBUG: Time split: train:37.06s val:2.27s
2022-02-24 14:51:22,500 - runner - DEBUG: Next learning rate: 0.1000
2022-02-24 14:52:02,655 - runner - INFO: Epoch 14/160 : train_acc:0.508, train_loss:1.367, val_acc:0.519, val_loss:1.314 (40.15s, ETA:1h:38m)
2022-02-24 14:52:02,655 - runner - DEBUG: Time split: train:37.46s val:2.55s
2022-02-24 14:52:02,655 - runner - DEBUG: Next learning rate: 0.1000
2022-02-24 14:52:42,537 - runner - INFO: Epoch 15/160 : train_acc:0.514, train_loss:1.353, val_acc:0.518, val_loss:1.315 (39.88s, ETA:1h:37m)
2022-02-24 14:52:42,537 - runner - DEBUG: Time split: train:37.49s val:2.26s
2022-02-24 14:52:42,537 - runner - DEBUG: Next learning rate: 0.1000
2022-02-24 14:53:22,364 - runner - INFO: Epoch 16/160 : train_acc:0.517, train_loss:1.348, val_acc:0.519, val_loss:1.305 (39.83s, ETA:1h:36m)
2022-02-24 14:53:22,364 - runner - DEBUG: Time split: train:37.34s val:2.34s
2022-02-24 14:53:22,364 - runner - DEBUG: Next learning rate: 0.1000
2022-02-24 14:54:01,944 - runner - INFO: Epoch 17/160 : train_acc:0.517, train_loss:1.340, val_acc:0.520, val_loss:1.331 (39.58s, ETA:1h:34m)
2022-02-24 14:54:01,944 - runner - DEBUG: Time split: train:37.04s val:2.40s
2022-02-24 14:54:01,944 - runner - DEBUG: Next learning rate: 0.1000
2022-02-24 14:54:41,244 - runner - INFO: Epoch 18/160 : train_acc:0.522, train_loss:1.334, val_acc:0.500, val_loss:1.403 (39.30s, ETA:1h:33m)
2022-02-24 14:54:41,244 - runner - DEBUG: Time split: train:36.85s val:2.31s
2022-02-24 14:54:41,244 - runner - DEBUG: Next learning rate: 0.1000
2022-02-24 14:55:21,025 - runner - INFO: Epoch 19/160 : train_acc:0.522, train_loss:1.331, val_acc:0.518, val_loss:1.329 (39.78s, ETA:1h:34m)
2022-02-24 14:55:21,025 - runner - DEBUG: Time split: train:37.25s val:2.40s
2022-02-24 14:55:21,025 - runner - DEBUG: Next learning rate: 0.1000
2022-02-24 14:56:00,503 - runner - INFO: Epoch 20/160 : train_acc:0.522, train_loss:1.332, val_acc:0.529, val_loss:1.287 (39.48s, ETA:1h:32m)
2022-02-24 14:56:00,504 - runner - DEBUG: Time split: train:37.03s val:2.31s
2022-02-24 14:56:00,504 - runner - DEBUG: Next learning rate: 0.1000
2022-02-24 14:56:39,823 - runner - INFO: Epoch 21/160 : train_acc:0.525, train_loss:1.319, val_acc:0.521, val_loss:1.299 (39.32s, ETA:1h:31m)
2022-02-24 14:56:39,823 - runner - DEBUG: Time split: train:36.84s val:2.34s
2022-02-24 14:56:39,823 - runner - DEBUG: Next learning rate: 0.1000
2022-02-24 14:57:19,808 - runner - INFO: Epoch 22/160 : train_acc:0.527, train_loss:1.316, val_acc:0.507, val_loss:1.363 (39.98s, ETA:1h:32m)
2022-02-24 14:57:19,808 - runner - DEBUG: Time split: train:37.54s val:2.29s
2022-02-24 14:57:19,809 - runner - DEBUG: Next learning rate: 0.1000
2022-02-24 14:57:59,961 - runner - INFO: Epoch 23/160 : train_acc:0.528, train_loss:1.316, val_acc:0.542, val_loss:1.253 (40.15s, ETA:1h:32m)
2022-02-24 14:57:59,961 - runner - DEBUG: Time split: train:37.42s val:2.55s
2022-02-24 14:57:59,961 - runner - DEBUG: Next learning rate: 0.1000
2022-02-24 14:58:41,477 - runner - INFO: Epoch 24/160 : train_acc:0.532, train_loss:1.307, val_acc:0.533, val_loss:1.290 (41.52s, ETA:1h:34m)
2022-02-24 14:58:41,477 - runner - DEBUG: Time split: train:38.78s val:2.56s
2022-02-24 14:58:41,477 - runner - DEBUG: Next learning rate: 0.1000
2022-02-24 14:59:21,596 - runner - INFO: Epoch 25/160 : train_acc:0.529, train_loss:1.310, val_acc:0.523, val_loss:1.294 (40.12s, ETA:1h:30m)
2022-02-24 14:59:21,596 - runner - DEBUG: Time split: train:37.69s val:2.28s
2022-02-24 14:59:21,596 - runner - DEBUG: Next learning rate: 0.1000
2022-02-24 15:00:00,820 - runner - INFO: Epoch 26/160 : train_acc:0.530, train_loss:1.305, val_acc:0.523, val_loss:1.318 (39.22s, ETA:1h:28m)
2022-02-24 15:00:00,820 - runner - DEBUG: Time split: train:36.84s val:2.24s
2022-02-24 15:00:00,820 - runner - DEBUG: Next learning rate: 0.1000
2022-02-24 15:00:40,283 - runner - INFO: Epoch 27/160 : train_acc:0.536, train_loss:1.299, val_acc:0.526, val_loss:1.316 (39.46s, ETA:1h:28m)
2022-02-24 15:00:40,283 - runner - DEBUG: Time split: train:37.02s val:2.31s
2022-02-24 15:00:40,283 - runner - DEBUG: Next learning rate: 0.1000
2022-02-24 15:01:20,159 - runner - INFO: Epoch 28/160 : train_acc:0.533, train_loss:1.298, val_acc:0.458, val_loss:1.723 (39.88s, ETA:1h:28m)
2022-02-24 15:01:20,159 - runner - DEBUG: Time split: train:37.40s val:2.33s
2022-02-24 15:01:20,160 - runner - DEBUG: Next learning rate: 0.1000
2022-02-24 15:01:59,498 - runner - INFO: Epoch 29/160 : train_acc:0.533, train_loss:1.297, val_acc:0.512, val_loss:1.375 (39.34s, ETA:1h:26m)
2022-02-24 15:01:59,498 - runner - DEBUG: Time split: train:36.95s val:2.23s
2022-02-24 15:01:59,499 - runner - DEBUG: Next learning rate: 0.1000
2022-02-24 15:02:39,151 - runner - INFO: Epoch 30/160 : train_acc:0.536, train_loss:1.291, val_acc:0.532, val_loss:1.262 (39.65s, ETA:1h:26m)
2022-02-24 15:02:39,151 - runner - DEBUG: Time split: train:37.23s val:2.29s
2022-02-24 15:02:39,151 - runner - DEBUG: Next learning rate: 0.1000
2022-02-24 15:03:18,796 - runner - INFO: Epoch 31/160 : train_acc:0.538, train_loss:1.287, val_acc:0.534, val_loss:1.283 (39.65s, ETA:1h:25m)
2022-02-24 15:03:18,797 - runner - DEBUG: Time split: train:37.25s val:2.26s
2022-02-24 15:03:18,797 - runner - DEBUG: Next learning rate: 0.1000
2022-02-24 15:03:58,264 - runner - INFO: Epoch 32/160 : train_acc:0.537, train_loss:1.288, val_acc:0.536, val_loss:1.298 (39.47s, ETA:1h:24m)
2022-02-24 15:03:58,264 - runner - DEBUG: Time split: train:37.12s val:2.25s
2022-02-24 15:03:58,264 - runner - DEBUG: Next learning rate: 0.1000
2022-02-24 15:04:37,983 - runner - INFO: Epoch 33/160 : train_acc:0.537, train_loss:1.288, val_acc:0.503, val_loss:1.424 (39.72s, ETA:1h:24m)
2022-02-24 15:04:37,983 - runner - DEBUG: Time split: train:37.23s val:2.36s
2022-02-24 15:04:37,983 - runner - DEBUG: Next learning rate: 0.1000
2022-02-24 15:05:17,686 - runner - INFO: Epoch 34/160 : train_acc:0.542, train_loss:1.279, val_acc:0.538, val_loss:1.259 (39.70s, ETA:1h:24m)
2022-02-24 15:05:17,686 - runner - DEBUG: Time split: train:37.29s val:2.26s
2022-02-24 15:05:17,686 - runner - DEBUG: Next learning rate: 0.1000
2022-02-24 15:05:56,715 - runner - INFO: Epoch 35/160 : train_acc:0.541, train_loss:1.280, val_acc:0.539, val_loss:1.275 (39.03s, ETA:1h:21m)
2022-02-24 15:05:56,715 - runner - DEBUG: Time split: train:36.68s val:2.22s
2022-02-24 15:05:56,716 - runner - DEBUG: Next learning rate: 0.1000
2022-02-24 15:06:36,112 - runner - INFO: Epoch 36/160 : train_acc:0.542, train_loss:1.275, val_acc:0.497, val_loss:1.483 (39.40s, ETA:1h:22m)
2022-02-24 15:06:36,112 - runner - DEBUG: Time split: train:37.05s val:2.20s
2022-02-24 15:06:36,113 - runner - DEBUG: Next learning rate: 0.1000
2022-02-24 15:07:15,721 - runner - INFO: Epoch 37/160 : train_acc:0.543, train_loss:1.275, val_acc:0.537, val_loss:1.294 (39.61s, ETA:1h:21m)
2022-02-24 15:07:15,721 - runner - DEBUG: Time split: train:37.14s val:2.33s
2022-02-24 15:07:15,721 - runner - DEBUG: Next learning rate: 0.1000
2022-02-24 15:07:55,221 - runner - INFO: Epoch 38/160 : train_acc:0.544, train_loss:1.274, val_acc:0.515, val_loss:1.353 (39.50s, ETA:1h:20m)
2022-02-24 15:07:55,222 - runner - DEBUG: Time split: train:37.08s val:2.27s
2022-02-24 15:07:55,222 - runner - DEBUG: Next learning rate: 0.1000
2022-02-24 15:08:34,996 - runner - INFO: Epoch 39/160 : train_acc:0.545, train_loss:1.271, val_acc:0.521, val_loss:1.325 (39.77s, ETA:1h:20m)
2022-02-24 15:08:34,996 - runner - DEBUG: Time split: train:37.36s val:2.29s
2022-02-24 15:08:34,996 - runner - DEBUG: Next learning rate: 0.1000
2022-02-24 15:09:14,619 - runner - INFO: Epoch 40/160 : train_acc:0.547, train_loss:1.265, val_acc:0.551, val_loss:1.255 (39.62s, ETA:1h:19m)
2022-02-24 15:09:14,620 - runner - DEBUG: Time split: train:37.25s val:2.22s
2022-02-24 15:09:14,620 - runner - DEBUG: Next learning rate: 0.1000
2022-02-24 15:09:54,401 - runner - INFO: Epoch 41/160 : train_acc:0.545, train_loss:1.267, val_acc:0.551, val_loss:1.245 (39.78s, ETA:1h:19m)
2022-02-24 15:09:54,401 - runner - DEBUG: Time split: train:37.37s val:2.25s
2022-02-24 15:09:54,401 - runner - DEBUG: Next learning rate: 0.1000
2022-02-24 15:10:34,056 - runner - INFO: Epoch 42/160 : train_acc:0.547, train_loss:1.261, val_acc:0.543, val_loss:1.255 (39.66s, ETA:1h:18m)
2022-02-24 15:10:34,057 - runner - DEBUG: Time split: train:37.21s val:2.26s
2022-02-24 15:10:34,057 - runner - DEBUG: Next learning rate: 0.1000
2022-02-24 15:11:13,542 - runner - INFO: Epoch 43/160 : train_acc:0.549, train_loss:1.257, val_acc:0.558, val_loss:1.208 (39.49s, ETA:1h:17m)
2022-02-24 15:11:13,542 - runner - DEBUG: Time split: train:36.96s val:2.35s
2022-02-24 15:11:13,543 - runner - DEBUG: Next learning rate: 0.1000
2022-02-24 15:11:52,970 - runner - INFO: Epoch 44/160 : train_acc:0.548, train_loss:1.260, val_acc:0.524, val_loss:1.316 (39.43s, ETA:1h:16m)
2022-02-24 15:11:52,971 - runner - DEBUG: Time split: train:36.93s val:2.34s
2022-02-24 15:11:52,971 - runner - DEBUG: Next learning rate: 0.1000
2022-02-24 15:12:32,277 - runner - INFO: Epoch 45/160 : train_acc:0.548, train_loss:1.257, val_acc:0.554, val_loss:1.225 (39.31s, ETA:1h:15m)
2022-02-24 15:12:32,278 - runner - DEBUG: Time split: train:36.95s val:2.22s
2022-02-24 15:12:32,278 - runner - DEBUG: Next learning rate: 0.1000
2022-02-24 15:13:11,660 - runner - INFO: Epoch 46/160 : train_acc:0.550, train_loss:1.257, val_acc:0.534, val_loss:1.282 (39.38s, ETA:1h:15m)
2022-02-24 15:13:11,661 - runner - DEBUG: Time split: train:36.96s val:2.29s
2022-02-24 15:13:11,661 - runner - DEBUG: Next learning rate: 0.1000
2022-02-24 15:13:51,262 - runner - INFO: Epoch 47/160 : train_acc:0.550, train_loss:1.254, val_acc:0.555, val_loss:1.212 (39.60s, ETA:1h:15m)
2022-02-24 15:13:51,262 - runner - DEBUG: Time split: train:37.00s val:2.41s
2022-02-24 15:13:51,262 - runner - DEBUG: Next learning rate: 0.1000
2022-02-24 15:14:30,510 - runner - INFO: Epoch 48/160 : train_acc:0.553, train_loss:1.253, val_acc:0.539, val_loss:1.269 (39.25s, ETA:1h:13m)
2022-02-24 15:14:30,510 - runner - DEBUG: Time split: train:36.82s val:2.25s
2022-02-24 15:14:30,510 - runner - DEBUG: Next learning rate: 0.1000
2022-02-24 15:15:10,353 - runner - INFO: Epoch 49/160 : train_acc:0.550, train_loss:1.254, val_acc:0.550, val_loss:1.243 (39.84s, ETA:1h:14m)
2022-02-24 15:15:10,353 - runner - DEBUG: Time split: train:37.42s val:2.28s
2022-02-24 15:15:10,354 - runner - DEBUG: Next learning rate: 0.1000
2022-02-24 15:15:50,004 - runner - INFO: Epoch 50/160 : train_acc:0.551, train_loss:1.254, val_acc:0.525, val_loss:1.313 (39.65s, ETA:1h:13m)
2022-02-24 15:15:50,004 - runner - DEBUG: Time split: train:37.12s val:2.38s
2022-02-24 15:15:50,004 - runner - DEBUG: Next learning rate: 0.1000
2022-02-24 15:16:29,466 - runner - INFO: Epoch 51/160 : train_acc:0.553, train_loss:1.249, val_acc:0.557, val_loss:1.213 (39.46s, ETA:1h:12m)
2022-02-24 15:16:29,466 - runner - DEBUG: Time split: train:36.99s val:2.29s
2022-02-24 15:16:29,466 - runner - DEBUG: Next learning rate: 0.1000
2022-02-24 15:17:09,355 - runner - INFO: Epoch 52/160 : train_acc:0.550, train_loss:1.255, val_acc:0.549, val_loss:1.217 (39.89s, ETA:1h:12m)
2022-02-24 15:17:09,355 - runner - DEBUG: Time split: train:37.48s val:2.24s
2022-02-24 15:17:09,355 - runner - DEBUG: Next learning rate: 0.1000
2022-02-24 15:17:48,535 - runner - INFO: Epoch 53/160 : train_acc:0.553, train_loss:1.246, val_acc:0.552, val_loss:1.239 (39.18s, ETA:1h:10m)
2022-02-24 15:17:48,535 - runner - DEBUG: Time split: train:36.74s val:2.29s
2022-02-24 15:17:48,535 - runner - DEBUG: Next learning rate: 0.1000
2022-02-24 15:18:28,175 - runner - INFO: Epoch 54/160 : train_acc:0.552, train_loss:1.244, val_acc:0.524, val_loss:1.337 (39.64s, ETA:1h:10m)
2022-02-24 15:18:28,175 - runner - DEBUG: Time split: train:37.13s val:2.36s
2022-02-24 15:18:28,175 - runner - DEBUG: Next learning rate: 0.1000
2022-02-24 15:19:07,719 - runner - INFO: Epoch 55/160 : train_acc:0.555, train_loss:1.246, val_acc:0.552, val_loss:1.220 (39.54s, ETA:1h:9m)
2022-02-24 15:19:07,719 - runner - DEBUG: Time split: train:37.11s val:2.28s
2022-02-24 15:19:07,719 - runner - DEBUG: Next learning rate: 0.1000
2022-02-24 15:19:47,211 - runner - INFO: Epoch 56/160 : train_acc:0.555, train_loss:1.244, val_acc:0.545, val_loss:1.290 (39.49s, ETA:1h:9m)
2022-02-24 15:19:47,212 - runner - DEBUG: Time split: train:37.09s val:2.23s
2022-02-24 15:19:47,212 - runner - DEBUG: Next learning rate: 0.1000
2022-02-24 15:20:27,028 - runner - INFO: Epoch 57/160 : train_acc:0.551, train_loss:1.247, val_acc:0.550, val_loss:1.246 (39.82s, ETA:1h:9m)
2022-02-24 15:20:27,029 - runner - DEBUG: Time split: train:37.34s val:2.32s
2022-02-24 15:20:27,029 - runner - DEBUG: Next learning rate: 0.1000
2022-02-24 15:21:06,498 - runner - INFO: Epoch 58/160 : train_acc:0.553, train_loss:1.244, val_acc:0.545, val_loss:1.251 (39.47s, ETA:1h:7m)
2022-02-24 15:21:06,498 - runner - DEBUG: Time split: train:37.09s val:2.22s
2022-02-24 15:21:06,498 - runner - DEBUG: Next learning rate: 0.1000
2022-02-24 15:21:45,795 - runner - INFO: Epoch 59/160 : train_acc:0.553, train_loss:1.241, val_acc:0.554, val_loss:1.218 (39.30s, ETA:1h:6m)
2022-02-24 15:21:45,795 - runner - DEBUG: Time split: train:36.88s val:2.28s
2022-02-24 15:21:45,795 - runner - DEBUG: Next learning rate: 0.1000
2022-02-24 15:22:25,660 - runner - INFO: Epoch 60/160 : train_acc:0.555, train_loss:1.243, val_acc:0.575, val_loss:1.192 (39.86s, ETA:1h:7m)
2022-02-24 15:22:25,660 - runner - DEBUG: Time split: train:37.43s val:2.27s
2022-02-24 15:22:25,660 - runner - DEBUG: Next learning rate: 0.1000
2022-02-24 15:23:04,961 - runner - INFO: Epoch 61/160 : train_acc:0.555, train_loss:1.240, val_acc:0.554, val_loss:1.235 (39.30s, ETA:1h:5m)
2022-02-24 15:23:04,961 - runner - DEBUG: Time split: train:36.89s val:2.25s
2022-02-24 15:23:04,961 - runner - DEBUG: Next learning rate: 0.1000
2022-02-24 15:23:44,497 - runner - INFO: Epoch 62/160 : train_acc:0.555, train_loss:1.239, val_acc:0.528, val_loss:1.316 (39.54s, ETA:1h:5m)
2022-02-24 15:23:44,497 - runner - DEBUG: Time split: train:37.09s val:2.30s
2022-02-24 15:23:44,497 - runner - DEBUG: Next learning rate: 0.1000
2022-02-24 15:24:23,853 - runner - INFO: Epoch 63/160 : train_acc:0.556, train_loss:1.236, val_acc:0.522, val_loss:1.329 (39.36s, ETA:1h:4m)
2022-02-24 15:24:23,853 - runner - DEBUG: Time split: train:36.85s val:2.35s
2022-02-24 15:24:23,853 - runner - DEBUG: Next learning rate: 0.1000
2022-02-24 15:25:03,791 - runner - INFO: Epoch 64/160 : train_acc:0.556, train_loss:1.239, val_acc:0.550, val_loss:1.253 (39.94s, ETA:1h:4m)
2022-02-24 15:25:03,792 - runner - DEBUG: Time split: train:37.31s val:2.48s
2022-02-24 15:25:03,792 - runner - DEBUG: Next learning rate: 0.1000
2022-02-24 15:25:43,201 - runner - INFO: Epoch 65/160 : train_acc:0.553, train_loss:1.245, val_acc:0.539, val_loss:1.255 (39.41s, ETA:1h:3m)
2022-02-24 15:25:43,201 - runner - DEBUG: Time split: train:36.99s val:2.30s
2022-02-24 15:25:43,201 - runner - DEBUG: Next learning rate: 0.1000
2022-02-24 15:26:22,852 - runner - INFO: Epoch 66/160 : train_acc:0.553, train_loss:1.241, val_acc:0.545, val_loss:1.246 (39.65s, ETA:1h:2m)
2022-02-24 15:26:22,853 - runner - DEBUG: Time split: train:37.12s val:2.39s
2022-02-24 15:26:22,853 - runner - DEBUG: Next learning rate: 0.1000
2022-02-24 15:27:02,481 - runner - INFO: Epoch 67/160 : train_acc:0.556, train_loss:1.239, val_acc:0.540, val_loss:1.276 (39.63s, ETA:1h:2m)
2022-02-24 15:27:02,481 - runner - DEBUG: Time split: train:37.02s val:2.45s
2022-02-24 15:27:02,481 - runner - DEBUG: Next learning rate: 0.1000
2022-02-24 15:27:41,904 - runner - INFO: Epoch 68/160 : train_acc:0.558, train_loss:1.234, val_acc:0.499, val_loss:1.412 (39.42s, ETA:1h:1m)
2022-02-24 15:27:41,905 - runner - DEBUG: Time split: train:37.05s val:2.23s
2022-02-24 15:27:41,905 - runner - DEBUG: Next learning rate: 0.1000
2022-02-24 15:28:21,541 - runner - INFO: Epoch 69/160 : train_acc:0.557, train_loss:1.235, val_acc:0.554, val_loss:1.214 (39.64s, ETA:1h:0m)
2022-02-24 15:28:21,541 - runner - DEBUG: Time split: train:37.23s val:2.25s
2022-02-24 15:28:21,541 - runner - DEBUG: Next learning rate: 0.1000
2022-02-24 15:29:00,931 - runner - INFO: Epoch 70/160 : train_acc:0.557, train_loss:1.239, val_acc:0.506, val_loss:1.393 (39.39s, ETA:0h:59m)
2022-02-24 15:29:00,931 - runner - DEBUG: Time split: train:36.99s val:2.23s
2022-02-24 15:29:00,931 - runner - DEBUG: Next learning rate: 0.1000
2022-02-24 15:29:40,456 - runner - INFO: Epoch 71/160 : train_acc:0.555, train_loss:1.238, val_acc:0.567, val_loss:1.185 (39.52s, ETA:0h:59m)
2022-02-24 15:29:40,456 - runner - DEBUG: Time split: train:37.13s val:2.24s
2022-02-24 15:29:40,456 - runner - DEBUG: Next learning rate: 0.1000
2022-02-24 15:30:19,974 - runner - INFO: Epoch 72/160 : train_acc:0.553, train_loss:1.244, val_acc:0.553, val_loss:1.210 (39.52s, ETA:0h:58m)
2022-02-24 15:30:19,974 - runner - DEBUG: Time split: train:37.17s val:2.21s
2022-02-24 15:30:19,974 - runner - DEBUG: Next learning rate: 0.1000
2022-02-24 15:30:59,307 - runner - INFO: Epoch 73/160 : train_acc:0.555, train_loss:1.239, val_acc:0.572, val_loss:1.187 (39.33s, ETA:0h:57m)
2022-02-24 15:30:59,307 - runner - DEBUG: Time split: train:36.98s val:2.22s
2022-02-24 15:30:59,307 - runner - DEBUG: Next learning rate: 0.1000
2022-02-24 15:31:38,771 - runner - INFO: Epoch 74/160 : train_acc:0.556, train_loss:1.237, val_acc:0.574, val_loss:1.176 (39.46s, ETA:0h:57m)
2022-02-24 15:31:38,771 - runner - DEBUG: Time split: train:37.08s val:2.23s
2022-02-24 15:31:38,771 - runner - DEBUG: Next learning rate: 0.1000
2022-02-24 15:32:18,375 - runner - INFO: Epoch 75/160 : train_acc:0.556, train_loss:1.237, val_acc:0.544, val_loss:1.250 (39.60s, ETA:0h:56m)
2022-02-24 15:32:18,376 - runner - DEBUG: Time split: train:37.21s val:2.24s
2022-02-24 15:32:18,376 - runner - DEBUG: Next learning rate: 0.1000
2022-02-24 15:32:57,706 - runner - INFO: Epoch 76/160 : train_acc:0.559, train_loss:1.233, val_acc:0.554, val_loss:1.208 (39.33s, ETA:0h:55m)
2022-02-24 15:32:57,707 - runner - DEBUG: Time split: train:36.91s val:2.26s
2022-02-24 15:32:57,707 - runner - DEBUG: Next learning rate: 0.1000
2022-02-24 15:33:36,761 - runner - INFO: Epoch 77/160 : train_acc:0.559, train_loss:1.234, val_acc:0.559, val_loss:1.213 (39.05s, ETA:0h:54m)
2022-02-24 15:33:36,761 - runner - DEBUG: Time split: train:36.71s val:2.21s
2022-02-24 15:33:36,762 - runner - DEBUG: Next learning rate: 0.1000
2022-02-24 15:34:16,604 - runner - INFO: Epoch 78/160 : train_acc:0.559, train_loss:1.232, val_acc:0.561, val_loss:1.193 (39.84s, ETA:0h:55m)
2022-02-24 15:34:16,604 - runner - DEBUG: Time split: train:37.44s val:2.23s
2022-02-24 15:34:16,604 - runner - DEBUG: Next learning rate: 0.1000
2022-02-24 15:34:56,262 - runner - INFO: Epoch 79/160 : train_acc:0.560, train_loss:1.234, val_acc:0.550, val_loss:1.237 (39.66s, ETA:0h:54m)
2022-02-24 15:34:56,262 - runner - DEBUG: Time split: train:37.20s val:2.29s
2022-02-24 15:34:56,262 - runner - DEBUG: Next learning rate: 0.1000
2022-02-24 15:35:35,993 - runner - INFO: Epoch 80/160 : train_acc:0.558, train_loss:1.230, val_acc:0.543, val_loss:1.315 (39.73s, ETA:0h:53m)
2022-02-24 15:35:35,994 - runner - DEBUG: Time split: train:37.36s val:2.22s
2022-02-24 15:35:35,994 - runner - DEBUG: Next learning rate: 0.0100
2022-02-24 15:36:15,619 - runner - INFO: Epoch 81/160 : train_acc:0.576, train_loss:1.188, val_acc:0.590, val_loss:1.128 (39.63s, ETA:0h:52m)
2022-02-24 15:36:15,619 - runner - DEBUG: Time split: train:37.16s val:2.33s
2022-02-24 15:36:15,619 - runner - DEBUG: Next learning rate: 0.0100
2022-02-24 15:36:55,163 - runner - INFO: Epoch 82/160 : train_acc:0.580, train_loss:1.176, val_acc:0.596, val_loss:1.121 (39.54s, ETA:0h:52m)
2022-02-24 15:36:55,163 - runner - DEBUG: Time split: train:37.15s val:2.24s
2022-02-24 15:36:55,163 - runner - DEBUG: Next learning rate: 0.0100
2022-02-24 15:37:34,812 - runner - INFO: Epoch 83/160 : train_acc:0.579, train_loss:1.176, val_acc:0.591, val_loss:1.124 (39.65s, ETA:0h:51m)
2022-02-24 15:37:34,812 - runner - DEBUG: Time split: train:37.10s val:2.39s
2022-02-24 15:37:34,813 - runner - DEBUG: Next learning rate: 0.0100
2022-02-24 15:38:14,738 - runner - INFO: Epoch 84/160 : train_acc:0.580, train_loss:1.175, val_acc:0.595, val_loss:1.118 (39.93s, ETA:0h:51m)
2022-02-24 15:38:14,739 - runner - DEBUG: Time split: train:37.52s val:2.25s
2022-02-24 15:38:14,739 - runner - DEBUG: Next learning rate: 0.0100
2022-02-24 15:38:54,196 - runner - INFO: Epoch 85/160 : train_acc:0.579, train_loss:1.175, val_acc:0.591, val_loss:1.119 (39.46s, ETA:0h:49m)
2022-02-24 15:38:54,197 - runner - DEBUG: Time split: train:37.03s val:2.28s
2022-02-24 15:38:54,197 - runner - DEBUG: Next learning rate: 0.0100
2022-02-24 15:39:33,554 - runner - INFO: Epoch 86/160 : train_acc:0.578, train_loss:1.175, val_acc:0.597, val_loss:1.121 (39.36s, ETA:0h:49m)
2022-02-24 15:39:33,555 - runner - DEBUG: Time split: train:36.97s val:2.23s
2022-02-24 15:39:33,555 - runner - DEBUG: Next learning rate: 0.0100
2022-02-24 15:40:13,193 - runner - INFO: Epoch 87/160 : train_acc:0.584, train_loss:1.170, val_acc:0.597, val_loss:1.119 (39.64s, ETA:0h:48m)
2022-02-24 15:40:13,193 - runner - DEBUG: Time split: train:37.20s val:2.29s
2022-02-24 15:40:13,193 - runner - DEBUG: Next learning rate: 0.0100
2022-02-24 15:40:52,403 - runner - INFO: Epoch 88/160 : train_acc:0.582, train_loss:1.172, val_acc:0.600, val_loss:1.120 (39.21s, ETA:0h:47m)
2022-02-24 15:40:52,403 - runner - DEBUG: Time split: train:36.80s val:2.24s
2022-02-24 15:40:52,403 - runner - DEBUG: Next learning rate: 0.0100
2022-02-24 15:41:31,566 - runner - INFO: Epoch 89/160 : train_acc:0.580, train_loss:1.171, val_acc:0.593, val_loss:1.118 (39.16s, ETA:0h:46m)
2022-02-24 15:41:31,567 - runner - DEBUG: Time split: train:36.70s val:2.33s
2022-02-24 15:41:31,567 - runner - DEBUG: Next learning rate: 0.0100
2022-02-24 15:42:11,003 - runner - INFO: Epoch 90/160 : train_acc:0.581, train_loss:1.169, val_acc:0.596, val_loss:1.114 (39.44s, ETA:0h:46m)
2022-02-24 15:42:11,004 - runner - DEBUG: Time split: train:37.06s val:2.22s
2022-02-24 15:42:11,004 - runner - DEBUG: Next learning rate: 0.0100
2022-02-24 15:42:49,998 - runner - INFO: Epoch 91/160 : train_acc:0.582, train_loss:1.170, val_acc:0.594, val_loss:1.114 (38.99s, ETA:0h:45m)
2022-02-24 15:42:49,999 - runner - DEBUG: Time split: train:36.62s val:2.24s
2022-02-24 15:42:49,999 - runner - DEBUG: Next learning rate: 0.0100
2022-02-24 15:43:29,689 - runner - INFO: Epoch 92/160 : train_acc:0.582, train_loss:1.171, val_acc:0.594, val_loss:1.116 (39.69s, ETA:0h:45m)
2022-02-24 15:43:29,690 - runner - DEBUG: Time split: train:37.24s val:2.31s
2022-02-24 15:43:29,690 - runner - DEBUG: Next learning rate: 0.0100
2022-02-24 15:44:09,668 - runner - INFO: Epoch 93/160 : train_acc:0.581, train_loss:1.171, val_acc:0.596, val_loss:1.110 (39.98s, ETA:0h:45m)
2022-02-24 15:44:09,669 - runner - DEBUG: Time split: train:37.58s val:2.24s
2022-02-24 15:44:09,669 - runner - DEBUG: Next learning rate: 0.0100
2022-02-24 15:44:49,270 - runner - INFO: Epoch 94/160 : train_acc:0.582, train_loss:1.172, val_acc:0.595, val_loss:1.116 (39.60s, ETA:0h:44m)
2022-02-24 15:44:49,270 - runner - DEBUG: Time split: train:37.05s val:2.37s
2022-02-24 15:44:49,271 - runner - DEBUG: Next learning rate: 0.0100
2022-02-24 15:45:29,022 - runner - INFO: Epoch 95/160 : train_acc:0.581, train_loss:1.171, val_acc:0.593, val_loss:1.115 (39.75s, ETA:0h:43m)
2022-02-24 15:45:29,023 - runner - DEBUG: Time split: train:37.26s val:2.34s
2022-02-24 15:45:29,023 - runner - DEBUG: Next learning rate: 0.0100
2022-02-24 15:46:09,059 - runner - INFO: Epoch 96/160 : train_acc:0.582, train_loss:1.170, val_acc:0.595, val_loss:1.108 (40.04s, ETA:0h:43m)
2022-02-24 15:46:09,059 - runner - DEBUG: Time split: train:37.63s val:2.25s
2022-02-24 15:46:09,059 - runner - DEBUG: Next learning rate: 0.0100
2022-02-24 15:46:48,511 - runner - INFO: Epoch 97/160 : train_acc:0.584, train_loss:1.166, val_acc:0.592, val_loss:1.112 (39.45s, ETA:0h:42m)
2022-02-24 15:46:48,511 - runner - DEBUG: Time split: train:37.02s val:2.27s
2022-02-24 15:46:48,511 - runner - DEBUG: Next learning rate: 0.0100
2022-02-24 15:47:28,719 - runner - INFO: Epoch 98/160 : train_acc:0.581, train_loss:1.169, val_acc:0.596, val_loss:1.114 (40.21s, ETA:0h:42m)
2022-02-24 15:47:28,719 - runner - DEBUG: Time split: train:37.67s val:2.37s
2022-02-24 15:47:28,720 - runner - DEBUG: Next learning rate: 0.0100
2022-02-24 15:48:08,539 - runner - INFO: Epoch 99/160 : train_acc:0.582, train_loss:1.167, val_acc:0.588, val_loss:1.128 (39.82s, ETA:0h:41m)
2022-02-24 15:48:08,540 - runner - DEBUG: Time split: train:37.32s val:2.35s
2022-02-24 15:48:08,540 - runner - DEBUG: Next learning rate: 0.0100
2022-02-24 15:48:48,313 - runner - INFO: Epoch 100/160 : train_acc:0.583, train_loss:1.167, val_acc:0.593, val_loss:1.111 (39.77s, ETA:0h:40m)
2022-02-24 15:48:48,313 - runner - DEBUG: Time split: train:37.32s val:2.31s
2022-02-24 15:48:48,313 - runner - DEBUG: Next learning rate: 0.0100
2022-02-24 15:49:27,986 - runner - INFO: Epoch 101/160 : train_acc:0.582, train_loss:1.167, val_acc:0.590, val_loss:1.118 (39.67s, ETA:0h:39m)
2022-02-24 15:49:27,986 - runner - DEBUG: Time split: train:37.21s val:2.33s
2022-02-24 15:49:27,987 - runner - DEBUG: Next learning rate: 0.0100
2022-02-24 15:50:07,280 - runner - INFO: Epoch 102/160 : train_acc:0.582, train_loss:1.165, val_acc:0.595, val_loss:1.108 (39.29s, ETA:0h:38m)
2022-02-24 15:50:07,280 - runner - DEBUG: Time split: train:36.84s val:2.28s
2022-02-24 15:50:07,281 - runner - DEBUG: Next learning rate: 0.0100
2022-02-24 15:50:47,131 - runner - INFO: Epoch 103/160 : train_acc:0.582, train_loss:1.166, val_acc:0.590, val_loss:1.120 (39.85s, ETA:0h:38m)
2022-02-24 15:50:47,131 - runner - DEBUG: Time split: train:37.38s val:2.28s
2022-02-24 15:50:47,131 - runner - DEBUG: Next learning rate: 0.0100
2022-02-24 15:51:26,985 - runner - INFO: Epoch 104/160 : train_acc:0.582, train_loss:1.165, val_acc:0.591, val_loss:1.119 (39.85s, ETA:0h:37m)
2022-02-24 15:51:26,985 - runner - DEBUG: Time split: train:37.35s val:2.37s
2022-02-24 15:51:26,985 - runner - DEBUG: Next learning rate: 0.0100
2022-02-24 15:52:06,415 - runner - INFO: Epoch 105/160 : train_acc:0.584, train_loss:1.170, val_acc:0.592, val_loss:1.117 (39.43s, ETA:0h:36m)
2022-02-24 15:52:06,415 - runner - DEBUG: Time split: train:36.91s val:2.38s
2022-02-24 15:52:06,415 - runner - DEBUG: Next learning rate: 0.0100
2022-02-24 15:52:45,830 - runner - INFO: Epoch 106/160 : train_acc:0.582, train_loss:1.165, val_acc:0.592, val_loss:1.119 (39.41s, ETA:0h:36m)
2022-02-24 15:52:45,830 - runner - DEBUG: Time split: train:36.99s val:2.29s
2022-02-24 15:52:45,830 - runner - DEBUG: Next learning rate: 0.0100
2022-02-24 15:53:25,667 - runner - INFO: Epoch 107/160 : train_acc:0.583, train_loss:1.165, val_acc:0.596, val_loss:1.120 (39.84s, ETA:0h:35m)
2022-02-24 15:53:25,668 - runner - DEBUG: Time split: train:37.26s val:2.42s
2022-02-24 15:53:25,668 - runner - DEBUG: Next learning rate: 0.0100
2022-02-24 15:54:04,959 - runner - INFO: Epoch 108/160 : train_acc:0.582, train_loss:1.166, val_acc:0.592, val_loss:1.114 (39.29s, ETA:0h:34m)
2022-02-24 15:54:04,959 - runner - DEBUG: Time split: train:36.91s val:2.27s
2022-02-24 15:54:04,959 - runner - DEBUG: Next learning rate: 0.0100
2022-02-24 15:54:44,588 - runner - INFO: Epoch 109/160 : train_acc:0.583, train_loss:1.167, val_acc:0.592, val_loss:1.111 (39.63s, ETA:0h:34m)
2022-02-24 15:54:44,588 - runner - DEBUG: Time split: train:37.25s val:2.25s
2022-02-24 15:54:44,589 - runner - DEBUG: Next learning rate: 0.0100
2022-02-24 15:55:24,071 - runner - INFO: Epoch 110/160 : train_acc:0.585, train_loss:1.161, val_acc:0.597, val_loss:1.109 (39.48s, ETA:0h:33m)
2022-02-24 15:55:24,072 - runner - DEBUG: Time split: train:37.07s val:2.25s
2022-02-24 15:55:24,072 - runner - DEBUG: Next learning rate: 0.0100
2022-02-24 15:56:03,830 - runner - INFO: Epoch 111/160 : train_acc:0.581, train_loss:1.168, val_acc:0.597, val_loss:1.111 (39.76s, ETA:0h:33m)
2022-02-24 15:56:03,830 - runner - DEBUG: Time split: train:37.15s val:2.49s
2022-02-24 15:56:03,830 - runner - DEBUG: Next learning rate: 0.0100
2022-02-24 15:56:43,659 - runner - INFO: Epoch 112/160 : train_acc:0.582, train_loss:1.164, val_acc:0.596, val_loss:1.111 (39.83s, ETA:0h:32m)
2022-02-24 15:56:43,659 - runner - DEBUG: Time split: train:37.29s val:2.40s
2022-02-24 15:56:43,659 - runner - DEBUG: Next learning rate: 0.0100
2022-02-24 15:57:23,393 - runner - INFO: Epoch 113/160 : train_acc:0.585, train_loss:1.164, val_acc:0.593, val_loss:1.118 (39.73s, ETA:0h:31m)
2022-02-24 15:57:23,393 - runner - DEBUG: Time split: train:37.22s val:2.37s
2022-02-24 15:57:23,393 - runner - DEBUG: Next learning rate: 0.0100
2022-02-24 15:58:03,405 - runner - INFO: Epoch 114/160 : train_acc:0.583, train_loss:1.163, val_acc:0.596, val_loss:1.107 (40.01s, ETA:0h:31m)
2022-02-24 15:58:03,405 - runner - DEBUG: Time split: train:37.32s val:2.54s
2022-02-24 15:58:03,405 - runner - DEBUG: Next learning rate: 0.0100
2022-02-24 15:58:42,848 - runner - INFO: Epoch 115/160 : train_acc:0.581, train_loss:1.164, val_acc:0.598, val_loss:1.110 (39.44s, ETA:0h:30m)
2022-02-24 15:58:42,848 - runner - DEBUG: Time split: train:37.08s val:2.23s
2022-02-24 15:58:42,848 - runner - DEBUG: Next learning rate: 0.0100
2022-02-24 15:59:22,830 - runner - INFO: Epoch 116/160 : train_acc:0.582, train_loss:1.165, val_acc:0.601, val_loss:1.114 (39.98s, ETA:0h:29m)
2022-02-24 15:59:22,830 - runner - DEBUG: Time split: train:37.50s val:2.29s
2022-02-24 15:59:22,830 - runner - DEBUG: Next learning rate: 0.0100
2022-02-24 16:00:02,094 - runner - INFO: Epoch 117/160 : train_acc:0.583, train_loss:1.164, val_acc:0.592, val_loss:1.126 (39.26s, ETA:0h:28m)
2022-02-24 16:00:02,095 - runner - DEBUG: Time split: train:36.79s val:2.26s
2022-02-24 16:00:02,095 - runner - DEBUG: Next learning rate: 0.0100
2022-02-24 16:00:41,781 - runner - INFO: Epoch 118/160 : train_acc:0.583, train_loss:1.165, val_acc:0.597, val_loss:1.107 (39.69s, ETA:0h:28m)
2022-02-24 16:00:41,781 - runner - DEBUG: Time split: train:37.15s val:2.38s
2022-02-24 16:00:41,781 - runner - DEBUG: Next learning rate: 0.0100
2022-02-24 16:01:21,297 - runner - INFO: Epoch 119/160 : train_acc:0.584, train_loss:1.160, val_acc:0.593, val_loss:1.117 (39.52s, ETA:0h:27m)
2022-02-24 16:01:21,297 - runner - DEBUG: Time split: train:37.12s val:2.26s
2022-02-24 16:01:21,297 - runner - DEBUG: Next learning rate: 0.0100
2022-02-24 16:02:00,863 - runner - INFO: Epoch 120/160 : train_acc:0.584, train_loss:1.164, val_acc:0.590, val_loss:1.121 (39.57s, ETA:0h:27m)
2022-02-24 16:02:00,864 - runner - DEBUG: Time split: train:37.16s val:2.25s
2022-02-24 16:02:00,864 - runner - DEBUG: Next learning rate: 0.0010
2022-02-24 16:02:40,543 - runner - INFO: Epoch 121/160 : train_acc:0.587, train_loss:1.156, val_acc:0.597, val_loss:1.098 (39.68s, ETA:0h:26m)
2022-02-24 16:02:40,543 - runner - DEBUG: Time split: train:37.12s val:2.41s
2022-02-24 16:02:40,543 - runner - DEBUG: Next learning rate: 0.0010
2022-02-24 16:03:20,387 - runner - INFO: Epoch 122/160 : train_acc:0.587, train_loss:1.153, val_acc:0.598, val_loss:1.100 (39.84s, ETA:0h:25m)
2022-02-24 16:03:20,388 - runner - DEBUG: Time split: train:37.40s val:2.29s
2022-02-24 16:03:20,388 - runner - DEBUG: Next learning rate: 0.0010
2022-02-24 16:03:59,958 - runner - INFO: Epoch 123/160 : train_acc:0.588, train_loss:1.154, val_acc:0.597, val_loss:1.100 (39.57s, ETA:0h:25m)
2022-02-24 16:03:59,958 - runner - DEBUG: Time split: train:37.17s val:2.26s
2022-02-24 16:03:59,958 - runner - DEBUG: Next learning rate: 0.0010
2022-02-24 16:04:40,200 - runner - INFO: Epoch 124/160 : train_acc:0.587, train_loss:1.153, val_acc:0.598, val_loss:1.099 (40.24s, ETA:0h:24m)
2022-02-24 16:04:40,201 - runner - DEBUG: Time split: train:37.77s val:2.32s
2022-02-24 16:04:40,201 - runner - DEBUG: Next learning rate: 0.0010
2022-02-24 16:05:19,870 - runner - INFO: Epoch 125/160 : train_acc:0.588, train_loss:1.152, val_acc:0.596, val_loss:1.101 (39.67s, ETA:0h:23m)
2022-02-24 16:05:19,870 - runner - DEBUG: Time split: train:37.23s val:2.28s
2022-02-24 16:05:19,871 - runner - DEBUG: Next learning rate: 0.0010
2022-02-24 16:05:59,468 - runner - INFO: Epoch 126/160 : train_acc:0.586, train_loss:1.154, val_acc:0.598, val_loss:1.099 (39.60s, ETA:0h:23m)
2022-02-24 16:05:59,468 - runner - DEBUG: Time split: train:37.21s val:2.24s
2022-02-24 16:05:59,468 - runner - DEBUG: Next learning rate: 0.0010
2022-02-24 16:06:39,252 - runner - INFO: Epoch 127/160 : train_acc:0.589, train_loss:1.154, val_acc:0.598, val_loss:1.098 (39.78s, ETA:0h:22m)
2022-02-24 16:06:39,252 - runner - DEBUG: Time split: train:37.30s val:2.33s
2022-02-24 16:06:39,252 - runner - DEBUG: Next learning rate: 0.0010
2022-02-24 16:07:19,100 - runner - INFO: Epoch 128/160 : train_acc:0.589, train_loss:1.152, val_acc:0.603, val_loss:1.098 (39.85s, ETA:0h:21m)
2022-02-24 16:07:19,101 - runner - DEBUG: Time split: train:37.45s val:2.24s
2022-02-24 16:07:19,101 - runner - DEBUG: Next learning rate: 0.0010
2022-02-24 16:07:58,446 - runner - INFO: Epoch 129/160 : train_acc:0.588, train_loss:1.151, val_acc:0.600, val_loss:1.098 (39.34s, ETA:0h:20m)
2022-02-24 16:07:58,446 - runner - DEBUG: Time split: train:36.91s val:2.28s
2022-02-24 16:07:58,446 - runner - DEBUG: Next learning rate: 0.0010
2022-02-24 16:08:38,489 - runner - INFO: Epoch 130/160 : train_acc:0.588, train_loss:1.153, val_acc:0.598, val_loss:1.096 (40.04s, ETA:0h:20m)
2022-02-24 16:08:38,489 - runner - DEBUG: Time split: train:37.54s val:2.35s
2022-02-24 16:08:38,489 - runner - DEBUG: Next learning rate: 0.0010
2022-02-24 16:09:18,715 - runner - INFO: Epoch 131/160 : train_acc:0.588, train_loss:1.154, val_acc:0.597, val_loss:1.097 (40.23s, ETA:0h:20m)
2022-02-24 16:09:18,715 - runner - DEBUG: Time split: train:37.76s val:2.32s
2022-02-24 16:09:18,715 - runner - DEBUG: Next learning rate: 0.0010
2022-02-24 16:09:58,275 - runner - INFO: Epoch 132/160 : train_acc:0.588, train_loss:1.150, val_acc:0.600, val_loss:1.098 (39.56s, ETA:0h:19m)
2022-02-24 16:09:58,275 - runner - DEBUG: Time split: train:37.17s val:2.25s
2022-02-24 16:09:58,275 - runner - DEBUG: Next learning rate: 0.0010
2022-02-24 16:10:37,493 - runner - INFO: Epoch 133/160 : train_acc:0.589, train_loss:1.152, val_acc:0.599, val_loss:1.097 (39.22s, ETA:0h:18m)
2022-02-24 16:10:37,494 - runner - DEBUG: Time split: train:36.75s val:2.29s
2022-02-24 16:10:37,494 - runner - DEBUG: Next learning rate: 0.0010
2022-02-24 16:11:17,120 - runner - INFO: Epoch 134/160 : train_acc:0.588, train_loss:1.153, val_acc:0.603, val_loss:1.096 (39.63s, ETA:0h:17m)
2022-02-24 16:11:17,120 - runner - DEBUG: Time split: train:37.18s val:2.29s
2022-02-24 16:11:17,120 - runner - DEBUG: Next learning rate: 0.0010
2022-02-24 16:11:56,494 - runner - INFO: Epoch 135/160 : train_acc:0.587, train_loss:1.155, val_acc:0.600, val_loss:1.098 (39.37s, ETA:0h:17m)
2022-02-24 16:11:56,494 - runner - DEBUG: Time split: train:36.96s val:2.26s
2022-02-24 16:11:56,494 - runner - DEBUG: Next learning rate: 0.0010
2022-02-24 16:12:36,180 - runner - INFO: Epoch 136/160 : train_acc:0.590, train_loss:1.149, val_acc:0.602, val_loss:1.097 (39.69s, ETA:0h:16m)
2022-02-24 16:12:36,181 - runner - DEBUG: Time split: train:37.27s val:2.28s
2022-02-24 16:12:36,181 - runner - DEBUG: Next learning rate: 0.0010
2022-02-24 16:13:15,813 - runner - INFO: Epoch 137/160 : train_acc:0.589, train_loss:1.151, val_acc:0.601, val_loss:1.098 (39.63s, ETA:0h:15m)
2022-02-24 16:13:15,813 - runner - DEBUG: Time split: train:37.13s val:2.37s
2022-02-24 16:13:15,814 - runner - DEBUG: Next learning rate: 0.0010
2022-02-24 16:13:55,116 - runner - INFO: Epoch 138/160 : train_acc:0.588, train_loss:1.150, val_acc:0.602, val_loss:1.096 (39.30s, ETA:0h:15m)
2022-02-24 16:13:55,116 - runner - DEBUG: Time split: train:36.89s val:2.29s
2022-02-24 16:13:55,116 - runner - DEBUG: Next learning rate: 0.0010
2022-02-24 16:14:35,176 - runner - INFO: Epoch 139/160 : train_acc:0.589, train_loss:1.153, val_acc:0.603, val_loss:1.095 (40.06s, ETA:0h:14m)
2022-02-24 16:14:35,176 - runner - DEBUG: Time split: train:37.62s val:2.27s
2022-02-24 16:14:35,176 - runner - DEBUG: Next learning rate: 0.0010
2022-02-24 16:15:15,100 - runner - INFO: Epoch 140/160 : train_acc:0.588, train_loss:1.153, val_acc:0.599, val_loss:1.096 (39.92s, ETA:0h:13m)
2022-02-24 16:15:15,100 - runner - DEBUG: Time split: train:37.47s val:2.30s
2022-02-24 16:15:15,100 - runner - DEBUG: Next learning rate: 0.0010
2022-02-24 16:15:54,694 - runner - INFO: Epoch 141/160 : train_acc:0.589, train_loss:1.152, val_acc:0.599, val_loss:1.098 (39.59s, ETA:0h:13m)
2022-02-24 16:15:54,694 - runner - DEBUG: Time split: train:37.09s val:2.33s
2022-02-24 16:15:54,695 - runner - DEBUG: Next learning rate: 0.0010
2022-02-24 16:16:34,471 - runner - INFO: Epoch 142/160 : train_acc:0.587, train_loss:1.151, val_acc:0.600, val_loss:1.096 (39.78s, ETA:0h:12m)
2022-02-24 16:16:34,471 - runner - DEBUG: Time split: train:37.38s val:2.23s
2022-02-24 16:16:34,471 - runner - DEBUG: Next learning rate: 0.0010
2022-02-24 16:17:14,492 - runner - INFO: Epoch 143/160 : train_acc:0.586, train_loss:1.151, val_acc:0.598, val_loss:1.096 (40.02s, ETA:0h:12m)
2022-02-24 16:17:14,492 - runner - DEBUG: Time split: train:37.56s val:2.31s
2022-02-24 16:17:14,492 - runner - DEBUG: Next learning rate: 0.0010
2022-02-24 16:17:54,226 - runner - INFO: Epoch 144/160 : train_acc:0.588, train_loss:1.152, val_acc:0.603, val_loss:1.097 (39.73s, ETA:0h:11m)
2022-02-24 16:17:54,227 - runner - DEBUG: Time split: train:37.34s val:2.23s
2022-02-24 16:17:54,227 - runner - DEBUG: Next learning rate: 0.0010
2022-02-24 16:18:33,919 - runner - INFO: Epoch 145/160 : train_acc:0.587, train_loss:1.154, val_acc:0.600, val_loss:1.097 (39.69s, ETA:0h:10m)
2022-02-24 16:18:33,919 - runner - DEBUG: Time split: train:37.25s val:2.25s
2022-02-24 16:18:33,920 - runner - DEBUG: Next learning rate: 0.0010
2022-02-24 16:19:13,699 - runner - INFO: Epoch 146/160 : train_acc:0.589, train_loss:1.153, val_acc:0.599, val_loss:1.096 (39.78s, ETA:0h:9m)
2022-02-24 16:19:13,700 - runner - DEBUG: Time split: train:37.40s val:2.23s
2022-02-24 16:19:13,700 - runner - DEBUG: Next learning rate: 0.0010
2022-02-24 16:19:53,675 - runner - INFO: Epoch 147/160 : train_acc:0.589, train_loss:1.151, val_acc:0.600, val_loss:1.097 (39.98s, ETA:0h:9m)
2022-02-24 16:19:53,675 - runner - DEBUG: Time split: train:37.50s val:2.31s
2022-02-24 16:19:53,676 - runner - DEBUG: Next learning rate: 0.0010
2022-02-24 16:20:33,523 - runner - INFO: Epoch 148/160 : train_acc:0.589, train_loss:1.152, val_acc:0.599, val_loss:1.097 (39.85s, ETA:0h:8m)
2022-02-24 16:20:33,524 - runner - DEBUG: Time split: train:37.45s val:2.24s
2022-02-24 16:20:33,524 - runner - DEBUG: Next learning rate: 0.0010
2022-02-24 16:21:13,260 - runner - INFO: Epoch 149/160 : train_acc:0.586, train_loss:1.153, val_acc:0.599, val_loss:1.096 (39.74s, ETA:0h:7m)
2022-02-24 16:21:13,260 - runner - DEBUG: Time split: train:37.24s val:2.34s
2022-02-24 16:21:13,261 - runner - DEBUG: Next learning rate: 0.0010
2022-02-24 16:21:52,669 - runner - INFO: Epoch 150/160 : train_acc:0.590, train_loss:1.152, val_acc:0.598, val_loss:1.097 (39.41s, ETA:0h:7m)
2022-02-24 16:21:52,670 - runner - DEBUG: Time split: train:36.99s val:2.26s
2022-02-24 16:21:52,670 - runner - DEBUG: Next learning rate: 0.0010
2022-02-24 16:22:32,470 - runner - INFO: Epoch 151/160 : train_acc:0.587, train_loss:1.151, val_acc:0.597, val_loss:1.096 (39.80s, ETA:0h:6m)
2022-02-24 16:22:32,470 - runner - DEBUG: Time split: train:37.35s val:2.25s
2022-02-24 16:22:32,470 - runner - DEBUG: Next learning rate: 0.0010
2022-02-24 16:23:12,544 - runner - INFO: Epoch 152/160 : train_acc:0.588, train_loss:1.153, val_acc:0.602, val_loss:1.095 (40.07s, ETA:0h:6m)
2022-02-24 16:23:12,544 - runner - DEBUG: Time split: train:37.63s val:2.29s
2022-02-24 16:23:12,544 - runner - DEBUG: Next learning rate: 0.0010
2022-02-24 16:23:51,905 - runner - INFO: Epoch 153/160 : train_acc:0.590, train_loss:1.152, val_acc:0.601, val_loss:1.096 (39.36s, ETA:0h:5m)
2022-02-24 16:23:51,905 - runner - DEBUG: Time split: train:37.02s val:2.24s
2022-02-24 16:23:51,905 - runner - DEBUG: Next learning rate: 0.0010
2022-02-24 16:24:31,700 - runner - INFO: Epoch 154/160 : train_acc:0.587, train_loss:1.153, val_acc:0.599, val_loss:1.095 (39.79s, ETA:0h:4m)
2022-02-24 16:24:31,700 - runner - DEBUG: Time split: train:37.16s val:2.46s
2022-02-24 16:24:31,700 - runner - DEBUG: Next learning rate: 0.0010
2022-02-24 16:25:11,495 - runner - INFO: Epoch 155/160 : train_acc:0.589, train_loss:1.151, val_acc:0.598, val_loss:1.096 (39.79s, ETA:0h:3m)
2022-02-24 16:25:11,495 - runner - DEBUG: Time split: train:37.38s val:2.27s
2022-02-24 16:25:11,496 - runner - DEBUG: Next learning rate: 0.0010
2022-02-24 16:25:50,915 - runner - INFO: Epoch 156/160 : train_acc:0.588, train_loss:1.152, val_acc:0.601, val_loss:1.096 (39.42s, ETA:0h:3m)
2022-02-24 16:25:50,915 - runner - DEBUG: Time split: train:37.02s val:2.25s
2022-02-24 16:25:50,915 - runner - DEBUG: Next learning rate: 0.0010
2022-02-24 16:26:30,752 - runner - INFO: Epoch 157/160 : train_acc:0.588, train_loss:1.155, val_acc:0.603, val_loss:1.095 (39.84s, ETA:0h:2m)
2022-02-24 16:26:30,752 - runner - DEBUG: Time split: train:37.44s val:2.25s
2022-02-24 16:26:30,752 - runner - DEBUG: Next learning rate: 0.0010
2022-02-24 16:27:10,486 - runner - INFO: Epoch 158/160 : train_acc:0.586, train_loss:1.153, val_acc:0.601, val_loss:1.095 (39.73s, ETA:0h:1m)
2022-02-24 16:27:10,486 - runner - DEBUG: Time split: train:37.22s val:2.36s
2022-02-24 16:27:10,486 - runner - DEBUG: Next learning rate: 0.0010
2022-02-24 16:27:50,287 - runner - INFO: Epoch 159/160 : train_acc:0.591, train_loss:1.150, val_acc:0.599, val_loss:1.095 (39.80s, ETA:0h:1m)
2022-02-24 16:27:50,288 - runner - DEBUG: Time split: train:37.39s val:2.27s
2022-02-24 16:27:50,288 - runner - DEBUG: Next learning rate: 0.0010
2022-02-24 16:28:30,391 - runner - INFO: Epoch 160/160 : train_acc:0.590, train_loss:1.150, val_acc:0.601, val_loss:1.096 (40.10s, ETA:0h:0m)
2022-02-24 16:28:30,391 - runner - DEBUG: Time split: train:37.61s val:2.33s
2022-02-24 16:28:30,391 - runner - DEBUG: Next learning rate: 0.0010
2022-02-24 16:28:34,768 - runner - INFO: Experiment Completed.
