2022-03-19 15:15:33,283 - runner - INFO: Froze parametrs: []
2022-03-19 15:15:33,283 - runner - INFO: Unfrozen parametrs: []
2022-03-19 15:15:33,284 - runner - INFO: Froze parametrs: ['bn1.weight', 'bn1.bias', 'layer1.0.bn1.weight', 'layer1.0.bn1.bias', 'layer1.0.bn2.weight', 'layer1.0.bn2.bias', 'layer1.1.bn1.weight', 'layer1.1.bn1.bias', 'layer1.1.bn2.weight', 'layer1.1.bn2.bias', 'layer1.2.bn1.weight', 'layer1.2.bn1.bias', 'layer1.2.bn2.weight', 'layer1.2.bn2.bias', 'layer1.3.bn1.weight', 'layer1.3.bn1.bias', 'layer1.3.bn2.weight', 'layer1.3.bn2.bias', 'layer1.4.bn1.weight', 'layer1.4.bn1.bias', 'layer1.4.bn2.weight', 'layer1.4.bn2.bias', 'layer1.5.bn1.weight', 'layer1.5.bn1.bias', 'layer1.5.bn2.weight', 'layer1.5.bn2.bias', 'layer1.6.bn1.weight', 'layer1.6.bn1.bias', 'layer1.6.bn2.weight', 'layer1.6.bn2.bias', 'layer1.7.bn1.weight', 'layer1.7.bn1.bias', 'layer1.7.bn2.weight', 'layer1.7.bn2.bias', 'layer1.8.bn1.weight', 'layer1.8.bn1.bias', 'layer1.8.bn2.weight', 'layer1.8.bn2.bias', 'layer2.0.bn1.weight', 'layer2.0.bn1.bias', 'layer2.0.bn2.weight', 'layer2.0.bn2.bias', 'layer2.1.bn1.weight', 'layer2.1.bn1.bias', 'layer2.1.bn2.weight', 'layer2.1.bn2.bias', 'layer2.2.bn1.weight', 'layer2.2.bn1.bias', 'layer2.2.bn2.weight', 'layer2.2.bn2.bias', 'layer2.3.bn1.weight', 'layer2.3.bn1.bias', 'layer2.3.bn2.weight', 'layer2.3.bn2.bias', 'layer2.4.bn1.weight', 'layer2.4.bn1.bias', 'layer2.4.bn2.weight', 'layer2.4.bn2.bias', 'layer2.5.bn1.weight', 'layer2.5.bn1.bias', 'layer2.5.bn2.weight', 'layer2.5.bn2.bias', 'layer2.6.bn1.weight', 'layer2.6.bn1.bias', 'layer2.6.bn2.weight', 'layer2.6.bn2.bias', 'layer2.7.bn1.weight', 'layer2.7.bn1.bias', 'layer2.7.bn2.weight', 'layer2.7.bn2.bias', 'layer2.8.bn1.weight', 'layer2.8.bn1.bias', 'layer2.8.bn2.weight', 'layer2.8.bn2.bias', 'layer3.0.bn1.weight', 'layer3.0.bn1.bias', 'layer3.0.bn2.weight', 'layer3.0.bn2.bias', 'layer3.1.bn1.weight', 'layer3.1.bn1.bias', 'layer3.1.bn2.weight', 'layer3.1.bn2.bias', 'layer3.2.bn1.weight', 'layer3.2.bn1.bias', 'layer3.2.bn2.weight', 'layer3.2.bn2.bias', 'layer3.3.bn1.weight', 'layer3.3.bn1.bias', 'layer3.3.bn2.weight', 'layer3.3.bn2.bias', 'layer3.4.bn1.weight', 'layer3.4.bn1.bias', 'layer3.4.bn2.weight', 'layer3.4.bn2.bias', 'layer3.5.bn1.weight', 'layer3.5.bn1.bias', 'layer3.5.bn2.weight', 'layer3.5.bn2.bias', 'layer3.6.bn1.weight', 'layer3.6.bn1.bias', 'layer3.6.bn2.weight', 'layer3.6.bn2.bias', 'layer3.7.bn1.weight', 'layer3.7.bn1.bias', 'layer3.7.bn2.weight', 'layer3.7.bn2.bias', 'layer3.8.bn1.weight', 'layer3.8.bn1.bias', 'layer3.8.bn2.weight', 'layer3.8.bn2.bias']
2022-03-19 15:15:33,284 - runner - INFO: Unfrozen parametrs: ['conv1.weight', 'layer1.0.conv1.weight', 'layer1.0.conv2.weight', 'layer1.1.conv1.weight', 'layer1.1.conv2.weight', 'layer1.2.conv1.weight', 'layer1.2.conv2.weight', 'layer1.3.conv1.weight', 'layer1.3.conv2.weight', 'layer1.4.conv1.weight', 'layer1.4.conv2.weight', 'layer1.5.conv1.weight', 'layer1.5.conv2.weight', 'layer1.6.conv1.weight', 'layer1.6.conv2.weight', 'layer1.7.conv1.weight', 'layer1.7.conv2.weight', 'layer1.8.conv1.weight', 'layer1.8.conv2.weight', 'layer2.0.conv1.weight', 'layer2.0.conv2.weight', 'layer2.1.conv1.weight', 'layer2.1.conv2.weight', 'layer2.2.conv1.weight', 'layer2.2.conv2.weight', 'layer2.3.conv1.weight', 'layer2.3.conv2.weight', 'layer2.4.conv1.weight', 'layer2.4.conv2.weight', 'layer2.5.conv1.weight', 'layer2.5.conv2.weight', 'layer2.6.conv1.weight', 'layer2.6.conv2.weight', 'layer2.7.conv1.weight', 'layer2.7.conv2.weight', 'layer2.8.conv1.weight', 'layer2.8.conv2.weight', 'layer3.0.conv1.weight', 'layer3.0.conv2.weight', 'layer3.1.conv1.weight', 'layer3.1.conv2.weight', 'layer3.2.conv1.weight', 'layer3.2.conv2.weight', 'layer3.3.conv1.weight', 'layer3.3.conv2.weight', 'layer3.4.conv1.weight', 'layer3.4.conv2.weight', 'layer3.5.conv1.weight', 'layer3.5.conv2.weight', 'layer3.6.conv1.weight', 'layer3.6.conv2.weight', 'layer3.7.conv1.weight', 'layer3.7.conv2.weight', 'layer3.8.conv1.weight', 'layer3.8.conv2.weight', 'linear.weight', 'linear.bias']
2022-03-19 15:15:33,284 - runner - INFO: Layer names containing 'conv' : 55
2022-03-19 15:15:33,284 - runner - INFO: Layer names containing 'bn' : 55
2022-03-19 15:15:33,284 - runner - INFO: Non-trainable parameters (Thousands): 0.0
2022-03-19 15:15:33,284 - runner - INFO: Trainable parameters (Thousands): 853.018
2022-03-19 15:15:33,284 - runner - INFO: Total Parameters (Thousands): 853.018
2022-03-19 15:15:33,350 - runner - INFO: Using GPU: NVIDIA GeForce GTX 1080 Ti
2022-03-19 15:15:52,274 - runner - INFO: Using 45000 training samples, and 5000 validation samples.
2022-03-19 15:15:52,349 - runner - INFO: Begun training at epoch 1.
2022-03-19 15:16:09,952 - runner - INFO: Epoch 1/160 : train_acc:0.372, train_loss:1.702, val_acc:0.490, val_loss:1.485 (17.60s, ETA:0h:46m)
2022-03-19 15:16:09,952 - runner - DEBUG: Time split: train:16.88s val:0.63s
2022-03-19 15:16:09,952 - runner - DEBUG: Next learning rate: 0.1000
2022-03-19 15:16:25,071 - runner - INFO: Epoch 2/160 : train_acc:0.579, train_loss:1.164, val_acc:0.591, val_loss:1.218 (15.12s, ETA:0h:40m)
2022-03-19 15:16:25,071 - runner - DEBUG: Time split: train:14.39s val:0.64s
2022-03-19 15:16:25,072 - runner - DEBUG: Next learning rate: 0.1000
2022-03-19 15:16:40,195 - runner - INFO: Epoch 3/160 : train_acc:0.670, train_loss:0.923, val_acc:0.655, val_loss:0.994 (15.12s, ETA:0h:39m)
2022-03-19 15:16:40,195 - runner - DEBUG: Time split: train:14.39s val:0.64s
2022-03-19 15:16:40,195 - runner - DEBUG: Next learning rate: 0.1000
2022-03-19 15:16:55,405 - runner - INFO: Epoch 4/160 : train_acc:0.726, train_loss:0.778, val_acc:0.717, val_loss:0.846 (15.21s, ETA:0h:39m)
2022-03-19 15:16:55,405 - runner - DEBUG: Time split: train:14.43s val:0.63s
2022-03-19 15:16:55,405 - runner - DEBUG: Next learning rate: 0.1000
2022-03-19 15:17:10,606 - runner - INFO: Epoch 5/160 : train_acc:0.760, train_loss:0.685, val_acc:0.722, val_loss:0.862 (15.20s, ETA:0h:39m)
2022-03-19 15:17:10,606 - runner - DEBUG: Time split: train:14.47s val:0.64s
2022-03-19 15:17:10,606 - runner - DEBUG: Next learning rate: 0.1000
2022-03-19 15:17:25,818 - runner - INFO: Epoch 6/160 : train_acc:0.783, train_loss:0.623, val_acc:0.696, val_loss:1.013 (15.21s, ETA:0h:39m)
2022-03-19 15:17:25,818 - runner - DEBUG: Time split: train:14.44s val:0.65s
2022-03-19 15:17:25,818 - runner - DEBUG: Next learning rate: 0.1000
2022-03-19 15:17:41,030 - runner - INFO: Epoch 7/160 : train_acc:0.803, train_loss:0.571, val_acc:0.784, val_loss:0.657 (15.21s, ETA:0h:39m)
2022-03-19 15:17:41,030 - runner - DEBUG: Time split: train:14.47s val:0.63s
2022-03-19 15:17:41,030 - runner - DEBUG: Next learning rate: 0.1000
2022-03-19 15:17:56,282 - runner - INFO: Epoch 8/160 : train_acc:0.815, train_loss:0.529, val_acc:0.784, val_loss:0.635 (15.25s, ETA:0h:38m)
2022-03-19 15:17:56,282 - runner - DEBUG: Time split: train:14.47s val:0.63s
2022-03-19 15:17:56,282 - runner - DEBUG: Next learning rate: 0.1000
2022-03-19 15:18:11,470 - runner - INFO: Epoch 9/160 : train_acc:0.827, train_loss:0.497, val_acc:0.817, val_loss:0.535 (15.19s, ETA:0h:38m)
2022-03-19 15:18:11,470 - runner - DEBUG: Time split: train:14.46s val:0.64s
2022-03-19 15:18:11,470 - runner - DEBUG: Next learning rate: 0.1000
2022-03-19 15:18:26,670 - runner - INFO: Epoch 10/160 : train_acc:0.838, train_loss:0.465, val_acc:0.805, val_loss:0.597 (15.20s, ETA:0h:38m)
2022-03-19 15:18:26,670 - runner - DEBUG: Time split: train:14.45s val:0.65s
2022-03-19 15:18:26,670 - runner - DEBUG: Next learning rate: 0.1000
2022-03-19 15:18:41,906 - runner - INFO: Epoch 11/160 : train_acc:0.846, train_loss:0.440, val_acc:0.793, val_loss:0.656 (15.24s, ETA:0h:38m)
2022-03-19 15:18:41,906 - runner - DEBUG: Time split: train:14.50s val:0.64s
2022-03-19 15:18:41,906 - runner - DEBUG: Next learning rate: 0.1000
2022-03-19 15:18:57,119 - runner - INFO: Epoch 12/160 : train_acc:0.854, train_loss:0.419, val_acc:0.811, val_loss:0.572 (15.21s, ETA:0h:37m)
2022-03-19 15:18:57,119 - runner - DEBUG: Time split: train:14.47s val:0.65s
2022-03-19 15:18:57,119 - runner - DEBUG: Next learning rate: 0.1000
2022-03-19 15:19:12,348 - runner - INFO: Epoch 13/160 : train_acc:0.862, train_loss:0.403, val_acc:0.822, val_loss:0.555 (15.23s, ETA:0h:37m)
2022-03-19 15:19:12,349 - runner - DEBUG: Time split: train:14.49s val:0.65s
2022-03-19 15:19:12,349 - runner - DEBUG: Next learning rate: 0.1000
2022-03-19 15:19:27,602 - runner - INFO: Epoch 14/160 : train_acc:0.866, train_loss:0.385, val_acc:0.828, val_loss:0.545 (15.25s, ETA:0h:37m)
2022-03-19 15:19:27,602 - runner - DEBUG: Time split: train:14.49s val:0.66s
2022-03-19 15:19:27,602 - runner - DEBUG: Next learning rate: 0.1000
2022-03-19 15:19:42,829 - runner - INFO: Epoch 15/160 : train_acc:0.872, train_loss:0.371, val_acc:0.801, val_loss:0.664 (15.23s, ETA:0h:37m)
2022-03-19 15:19:42,829 - runner - DEBUG: Time split: train:14.48s val:0.64s
2022-03-19 15:19:42,829 - runner - DEBUG: Next learning rate: 0.1000
2022-03-19 15:19:58,106 - runner - INFO: Epoch 16/160 : train_acc:0.878, train_loss:0.355, val_acc:0.841, val_loss:0.495 (15.28s, ETA:0h:36m)
2022-03-19 15:19:58,106 - runner - DEBUG: Time split: train:14.47s val:0.70s
2022-03-19 15:19:58,106 - runner - DEBUG: Next learning rate: 0.1000
2022-03-19 15:20:13,353 - runner - INFO: Epoch 17/160 : train_acc:0.880, train_loss:0.343, val_acc:0.829, val_loss:0.573 (15.25s, ETA:0h:36m)
2022-03-19 15:20:13,354 - runner - DEBUG: Time split: train:14.52s val:0.63s
2022-03-19 15:20:13,354 - runner - DEBUG: Next learning rate: 0.1000
2022-03-19 15:20:28,693 - runner - INFO: Epoch 18/160 : train_acc:0.888, train_loss:0.325, val_acc:0.848, val_loss:0.474 (15.34s, ETA:0h:36m)
2022-03-19 15:20:28,693 - runner - DEBUG: Time split: train:14.53s val:0.66s
2022-03-19 15:20:28,694 - runner - DEBUG: Next learning rate: 0.1000
2022-03-19 15:20:43,833 - runner - INFO: Epoch 19/160 : train_acc:0.889, train_loss:0.318, val_acc:0.842, val_loss:0.529 (15.14s, ETA:0h:35m)
2022-03-19 15:20:43,834 - runner - DEBUG: Time split: train:14.43s val:0.62s
2022-03-19 15:20:43,834 - runner - DEBUG: Next learning rate: 0.1000
2022-03-19 15:20:58,939 - runner - INFO: Epoch 20/160 : train_acc:0.892, train_loss:0.312, val_acc:0.854, val_loss:0.473 (15.11s, ETA:0h:35m)
2022-03-19 15:20:58,939 - runner - DEBUG: Time split: train:14.37s val:0.64s
2022-03-19 15:20:58,939 - runner - DEBUG: Next learning rate: 0.1000
2022-03-19 15:21:14,081 - runner - INFO: Epoch 21/160 : train_acc:0.895, train_loss:0.300, val_acc:0.840, val_loss:0.506 (15.14s, ETA:0h:35m)
2022-03-19 15:21:14,081 - runner - DEBUG: Time split: train:14.40s val:0.63s
2022-03-19 15:21:14,081 - runner - DEBUG: Next learning rate: 0.1000
2022-03-19 15:21:29,206 - runner - INFO: Epoch 22/160 : train_acc:0.897, train_loss:0.293, val_acc:0.833, val_loss:0.575 (15.13s, ETA:0h:35m)
2022-03-19 15:21:29,207 - runner - DEBUG: Time split: train:14.40s val:0.63s
2022-03-19 15:21:29,207 - runner - DEBUG: Next learning rate: 0.1000
2022-03-19 15:21:44,385 - runner - INFO: Epoch 23/160 : train_acc:0.901, train_loss:0.284, val_acc:0.820, val_loss:0.592 (15.18s, ETA:0h:34m)
2022-03-19 15:21:44,385 - runner - DEBUG: Time split: train:14.43s val:0.62s
2022-03-19 15:21:44,385 - runner - DEBUG: Next learning rate: 0.1000
2022-03-19 15:21:59,526 - runner - INFO: Epoch 24/160 : train_acc:0.904, train_loss:0.277, val_acc:0.845, val_loss:0.533 (15.14s, ETA:0h:34m)
2022-03-19 15:21:59,527 - runner - DEBUG: Time split: train:14.37s val:0.64s
2022-03-19 15:21:59,527 - runner - DEBUG: Next learning rate: 0.1000
2022-03-19 15:22:14,684 - runner - INFO: Epoch 25/160 : train_acc:0.905, train_loss:0.273, val_acc:0.857, val_loss:0.459 (15.16s, ETA:0h:34m)
2022-03-19 15:22:14,684 - runner - DEBUG: Time split: train:14.42s val:0.64s
2022-03-19 15:22:14,684 - runner - DEBUG: Next learning rate: 0.1000
2022-03-19 15:22:29,793 - runner - INFO: Epoch 26/160 : train_acc:0.907, train_loss:0.265, val_acc:0.820, val_loss:0.656 (15.11s, ETA:0h:33m)
2022-03-19 15:22:29,793 - runner - DEBUG: Time split: train:14.37s val:0.62s
2022-03-19 15:22:29,793 - runner - DEBUG: Next learning rate: 0.1000
2022-03-19 15:22:44,898 - runner - INFO: Epoch 27/160 : train_acc:0.911, train_loss:0.256, val_acc:0.849, val_loss:0.499 (15.10s, ETA:0h:33m)
2022-03-19 15:22:44,898 - runner - DEBUG: Time split: train:14.38s val:0.63s
2022-03-19 15:22:44,898 - runner - DEBUG: Next learning rate: 0.1000
2022-03-19 15:23:00,013 - runner - INFO: Epoch 28/160 : train_acc:0.913, train_loss:0.250, val_acc:0.857, val_loss:0.460 (15.11s, ETA:0h:33m)
2022-03-19 15:23:00,013 - runner - DEBUG: Time split: train:14.37s val:0.64s
2022-03-19 15:23:00,013 - runner - DEBUG: Next learning rate: 0.1000
2022-03-19 15:23:15,146 - runner - INFO: Epoch 29/160 : train_acc:0.913, train_loss:0.247, val_acc:0.862, val_loss:0.479 (15.13s, ETA:0h:33m)
2022-03-19 15:23:15,146 - runner - DEBUG: Time split: train:14.40s val:0.62s
2022-03-19 15:23:15,146 - runner - DEBUG: Next learning rate: 0.1000
2022-03-19 15:23:30,308 - runner - INFO: Epoch 30/160 : train_acc:0.918, train_loss:0.236, val_acc:0.862, val_loss:0.469 (15.16s, ETA:0h:33m)
2022-03-19 15:23:30,308 - runner - DEBUG: Time split: train:14.39s val:0.64s
2022-03-19 15:23:30,308 - runner - DEBUG: Next learning rate: 0.1000
2022-03-19 15:23:45,528 - runner - INFO: Epoch 31/160 : train_acc:0.918, train_loss:0.235, val_acc:0.850, val_loss:0.526 (15.22s, ETA:0h:32m)
2022-03-19 15:23:45,528 - runner - DEBUG: Time split: train:14.44s val:0.64s
2022-03-19 15:23:45,528 - runner - DEBUG: Next learning rate: 0.1000
2022-03-19 15:24:00,686 - runner - INFO: Epoch 32/160 : train_acc:0.921, train_loss:0.227, val_acc:0.855, val_loss:0.502 (15.16s, ETA:0h:32m)
2022-03-19 15:24:00,687 - runner - DEBUG: Time split: train:14.40s val:0.64s
2022-03-19 15:24:00,687 - runner - DEBUG: Next learning rate: 0.1000
2022-03-19 15:24:16,021 - runner - INFO: Epoch 33/160 : train_acc:0.923, train_loss:0.225, val_acc:0.863, val_loss:0.444 (15.33s, ETA:0h:32m)
2022-03-19 15:24:16,021 - runner - DEBUG: Time split: train:14.55s val:0.68s
2022-03-19 15:24:16,021 - runner - DEBUG: Next learning rate: 0.1000
2022-03-19 15:24:31,452 - runner - INFO: Epoch 34/160 : train_acc:0.923, train_loss:0.217, val_acc:0.869, val_loss:0.459 (15.43s, ETA:0h:32m)
2022-03-19 15:24:31,452 - runner - DEBUG: Time split: train:14.68s val:0.65s
2022-03-19 15:24:31,452 - runner - DEBUG: Next learning rate: 0.1000
2022-03-19 15:24:46,828 - runner - INFO: Epoch 35/160 : train_acc:0.924, train_loss:0.218, val_acc:0.875, val_loss:0.429 (15.38s, ETA:0h:32m)
2022-03-19 15:24:46,828 - runner - DEBUG: Time split: train:14.63s val:0.65s
2022-03-19 15:24:46,828 - runner - DEBUG: Next learning rate: 0.1000
2022-03-19 15:25:02,872 - runner - INFO: Epoch 36/160 : train_acc:0.924, train_loss:0.211, val_acc:0.867, val_loss:0.483 (16.04s, ETA:0h:33m)
2022-03-19 15:25:02,873 - runner - DEBUG: Time split: train:15.14s val:0.73s
2022-03-19 15:25:02,873 - runner - DEBUG: Next learning rate: 0.1000
2022-03-19 15:25:18,589 - runner - INFO: Epoch 37/160 : train_acc:0.925, train_loss:0.214, val_acc:0.862, val_loss:0.473 (15.72s, ETA:0h:32m)
2022-03-19 15:25:18,589 - runner - DEBUG: Time split: train:14.95s val:0.66s
2022-03-19 15:25:18,589 - runner - DEBUG: Next learning rate: 0.1000
2022-03-19 15:25:34,058 - runner - INFO: Epoch 38/160 : train_acc:0.926, train_loss:0.208, val_acc:0.874, val_loss:0.428 (15.47s, ETA:0h:31m)
2022-03-19 15:25:34,059 - runner - DEBUG: Time split: train:14.72s val:0.65s
2022-03-19 15:25:34,059 - runner - DEBUG: Next learning rate: 0.1000
2022-03-19 15:25:49,313 - runner - INFO: Epoch 39/160 : train_acc:0.930, train_loss:0.198, val_acc:0.857, val_loss:0.513 (15.25s, ETA:0h:31m)
2022-03-19 15:25:49,313 - runner - DEBUG: Time split: train:14.51s val:0.65s
2022-03-19 15:25:49,313 - runner - DEBUG: Next learning rate: 0.1000
2022-03-19 15:26:04,733 - runner - INFO: Epoch 40/160 : train_acc:0.930, train_loss:0.197, val_acc:0.858, val_loss:0.488 (15.42s, ETA:0h:31m)
2022-03-19 15:26:04,734 - runner - DEBUG: Time split: train:14.61s val:0.70s
2022-03-19 15:26:04,734 - runner - DEBUG: Next learning rate: 0.1000
2022-03-19 15:26:20,516 - runner - INFO: Epoch 41/160 : train_acc:0.931, train_loss:0.198, val_acc:0.865, val_loss:0.459 (15.78s, ETA:0h:31m)
2022-03-19 15:26:20,517 - runner - DEBUG: Time split: train:15.02s val:0.67s
2022-03-19 15:26:20,517 - runner - DEBUG: Next learning rate: 0.1000
2022-03-19 15:26:35,878 - runner - INFO: Epoch 42/160 : train_acc:0.931, train_loss:0.195, val_acc:0.871, val_loss:0.429 (15.36s, ETA:0h:30m)
2022-03-19 15:26:35,878 - runner - DEBUG: Time split: train:14.61s val:0.64s
2022-03-19 15:26:35,878 - runner - DEBUG: Next learning rate: 0.1000
2022-03-19 15:26:51,433 - runner - INFO: Epoch 43/160 : train_acc:0.932, train_loss:0.192, val_acc:0.863, val_loss:0.466 (15.55s, ETA:0h:30m)
2022-03-19 15:26:51,433 - runner - DEBUG: Time split: train:14.77s val:0.67s
2022-03-19 15:26:51,433 - runner - DEBUG: Next learning rate: 0.1000
2022-03-19 15:27:06,978 - runner - INFO: Epoch 44/160 : train_acc:0.934, train_loss:0.186, val_acc:0.859, val_loss:0.478 (15.54s, ETA:0h:30m)
2022-03-19 15:27:06,978 - runner - DEBUG: Time split: train:14.80s val:0.64s
2022-03-19 15:27:06,978 - runner - DEBUG: Next learning rate: 0.1000
2022-03-19 15:27:22,212 - runner - INFO: Epoch 45/160 : train_acc:0.933, train_loss:0.189, val_acc:0.875, val_loss:0.439 (15.23s, ETA:0h:29m)
2022-03-19 15:27:22,212 - runner - DEBUG: Time split: train:14.50s val:0.64s
2022-03-19 15:27:22,212 - runner - DEBUG: Next learning rate: 0.1000
2022-03-19 15:27:37,466 - runner - INFO: Epoch 46/160 : train_acc:0.937, train_loss:0.179, val_acc:0.877, val_loss:0.454 (15.25s, ETA:0h:29m)
2022-03-19 15:27:37,466 - runner - DEBUG: Time split: train:14.52s val:0.63s
2022-03-19 15:27:37,466 - runner - DEBUG: Next learning rate: 0.1000
2022-03-19 15:27:52,708 - runner - INFO: Epoch 47/160 : train_acc:0.937, train_loss:0.179, val_acc:0.857, val_loss:0.552 (15.24s, ETA:0h:28m)
2022-03-19 15:27:52,708 - runner - DEBUG: Time split: train:14.49s val:0.65s
2022-03-19 15:27:52,708 - runner - DEBUG: Next learning rate: 0.1000
2022-03-19 15:28:07,924 - runner - INFO: Epoch 48/160 : train_acc:0.937, train_loss:0.181, val_acc:0.872, val_loss:0.464 (15.22s, ETA:0h:28m)
2022-03-19 15:28:07,924 - runner - DEBUG: Time split: train:14.48s val:0.64s
2022-03-19 15:28:07,924 - runner - DEBUG: Next learning rate: 0.1000
2022-03-19 15:28:23,136 - runner - INFO: Epoch 49/160 : train_acc:0.940, train_loss:0.172, val_acc:0.873, val_loss:0.508 (15.21s, ETA:0h:28m)
2022-03-19 15:28:23,137 - runner - DEBUG: Time split: train:14.47s val:0.64s
2022-03-19 15:28:23,137 - runner - DEBUG: Next learning rate: 0.1000
2022-03-19 15:28:38,428 - runner - INFO: Epoch 50/160 : train_acc:0.939, train_loss:0.173, val_acc:0.868, val_loss:0.522 (15.29s, ETA:0h:28m)
2022-03-19 15:28:38,428 - runner - DEBUG: Time split: train:14.52s val:0.68s
2022-03-19 15:28:38,428 - runner - DEBUG: Next learning rate: 0.1000
2022-03-19 15:28:54,092 - runner - INFO: Epoch 51/160 : train_acc:0.939, train_loss:0.175, val_acc:0.863, val_loss:0.483 (15.66s, ETA:0h:28m)
2022-03-19 15:28:54,092 - runner - DEBUG: Time split: train:14.91s val:0.66s
2022-03-19 15:28:54,092 - runner - DEBUG: Next learning rate: 0.1000
2022-03-19 15:29:09,652 - runner - INFO: Epoch 52/160 : train_acc:0.939, train_loss:0.171, val_acc:0.871, val_loss:0.476 (15.56s, ETA:0h:28m)
2022-03-19 15:29:09,652 - runner - DEBUG: Time split: train:14.82s val:0.64s
2022-03-19 15:29:09,652 - runner - DEBUG: Next learning rate: 0.1000
2022-03-19 15:29:24,925 - runner - INFO: Epoch 53/160 : train_acc:0.941, train_loss:0.168, val_acc:0.875, val_loss:0.450 (15.27s, ETA:0h:27m)
2022-03-19 15:29:24,926 - runner - DEBUG: Time split: train:14.54s val:0.63s
2022-03-19 15:29:24,926 - runner - DEBUG: Next learning rate: 0.1000
2022-03-19 15:29:40,167 - runner - INFO: Epoch 54/160 : train_acc:0.940, train_loss:0.167, val_acc:0.880, val_loss:0.432 (15.24s, ETA:0h:27m)
2022-03-19 15:29:40,167 - runner - DEBUG: Time split: train:14.51s val:0.63s
2022-03-19 15:29:40,167 - runner - DEBUG: Next learning rate: 0.1000
2022-03-19 15:29:55,390 - runner - INFO: Epoch 55/160 : train_acc:0.940, train_loss:0.171, val_acc:0.878, val_loss:0.420 (15.22s, ETA:0h:26m)
2022-03-19 15:29:55,390 - runner - DEBUG: Time split: train:14.49s val:0.64s
2022-03-19 15:29:55,390 - runner - DEBUG: Next learning rate: 0.1000
2022-03-19 15:30:10,629 - runner - INFO: Epoch 56/160 : train_acc:0.942, train_loss:0.163, val_acc:0.873, val_loss:0.457 (15.24s, ETA:0h:26m)
2022-03-19 15:30:10,629 - runner - DEBUG: Time split: train:14.50s val:0.64s
2022-03-19 15:30:10,629 - runner - DEBUG: Next learning rate: 0.1000
2022-03-19 15:30:25,924 - runner - INFO: Epoch 57/160 : train_acc:0.944, train_loss:0.159, val_acc:0.881, val_loss:0.419 (15.29s, ETA:0h:26m)
2022-03-19 15:30:25,924 - runner - DEBUG: Time split: train:14.55s val:0.65s
2022-03-19 15:30:25,924 - runner - DEBUG: Next learning rate: 0.1000
2022-03-19 15:30:41,197 - runner - INFO: Epoch 58/160 : train_acc:0.946, train_loss:0.154, val_acc:0.885, val_loss:0.419 (15.27s, ETA:0h:26m)
2022-03-19 15:30:41,197 - runner - DEBUG: Time split: train:14.53s val:0.64s
2022-03-19 15:30:41,197 - runner - DEBUG: Next learning rate: 0.1000
2022-03-19 15:30:56,483 - runner - INFO: Epoch 59/160 : train_acc:0.943, train_loss:0.160, val_acc:0.869, val_loss:0.471 (15.29s, ETA:0h:25m)
2022-03-19 15:30:56,484 - runner - DEBUG: Time split: train:14.50s val:0.64s
2022-03-19 15:30:56,484 - runner - DEBUG: Next learning rate: 0.1000
2022-03-19 15:31:11,822 - runner - INFO: Epoch 60/160 : train_acc:0.944, train_loss:0.160, val_acc:0.879, val_loss:0.439 (15.34s, ETA:0h:25m)
2022-03-19 15:31:11,822 - runner - DEBUG: Time split: train:14.59s val:0.65s
2022-03-19 15:31:11,822 - runner - DEBUG: Next learning rate: 0.1000
2022-03-19 15:31:27,120 - runner - INFO: Epoch 61/160 : train_acc:0.945, train_loss:0.153, val_acc:0.867, val_loss:0.507 (15.30s, ETA:0h:25m)
2022-03-19 15:31:27,120 - runner - DEBUG: Time split: train:14.50s val:0.66s
2022-03-19 15:31:27,120 - runner - DEBUG: Next learning rate: 0.1000
2022-03-19 15:31:42,381 - runner - INFO: Epoch 62/160 : train_acc:0.947, train_loss:0.150, val_acc:0.872, val_loss:0.475 (15.26s, ETA:0h:25m)
2022-03-19 15:31:42,382 - runner - DEBUG: Time split: train:14.48s val:0.64s
2022-03-19 15:31:42,382 - runner - DEBUG: Next learning rate: 0.1000
2022-03-19 15:31:57,615 - runner - INFO: Epoch 63/160 : train_acc:0.947, train_loss:0.152, val_acc:0.882, val_loss:0.462 (15.23s, ETA:0h:24m)
2022-03-19 15:31:57,615 - runner - DEBUG: Time split: train:14.51s val:0.63s
2022-03-19 15:31:57,615 - runner - DEBUG: Next learning rate: 0.1000
2022-03-19 15:32:12,853 - runner - INFO: Epoch 64/160 : train_acc:0.946, train_loss:0.156, val_acc:0.876, val_loss:0.459 (15.24s, ETA:0h:24m)
2022-03-19 15:32:12,853 - runner - DEBUG: Time split: train:14.50s val:0.63s
2022-03-19 15:32:12,854 - runner - DEBUG: Next learning rate: 0.1000
2022-03-19 15:32:28,145 - runner - INFO: Epoch 65/160 : train_acc:0.947, train_loss:0.151, val_acc:0.863, val_loss:0.524 (15.29s, ETA:0h:24m)
2022-03-19 15:32:28,145 - runner - DEBUG: Time split: train:14.55s val:0.64s
2022-03-19 15:32:28,145 - runner - DEBUG: Next learning rate: 0.1000
2022-03-19 15:32:43,737 - runner - INFO: Epoch 66/160 : train_acc:0.948, train_loss:0.149, val_acc:0.869, val_loss:0.462 (15.59s, ETA:0h:24m)
2022-03-19 15:32:43,738 - runner - DEBUG: Time split: train:14.67s val:0.70s
2022-03-19 15:32:43,738 - runner - DEBUG: Next learning rate: 0.1000
2022-03-19 15:32:59,601 - runner - INFO: Epoch 67/160 : train_acc:0.947, train_loss:0.149, val_acc:0.857, val_loss:0.527 (15.86s, ETA:0h:24m)
2022-03-19 15:32:59,601 - runner - DEBUG: Time split: train:15.12s val:0.65s
2022-03-19 15:32:59,601 - runner - DEBUG: Next learning rate: 0.1000
2022-03-19 15:33:15,201 - runner - INFO: Epoch 68/160 : train_acc:0.949, train_loss:0.143, val_acc:0.871, val_loss:0.495 (15.60s, ETA:0h:24m)
2022-03-19 15:33:15,201 - runner - DEBUG: Time split: train:14.76s val:0.66s
2022-03-19 15:33:15,202 - runner - DEBUG: Next learning rate: 0.1000
2022-03-19 15:33:30,497 - runner - INFO: Epoch 69/160 : train_acc:0.947, train_loss:0.149, val_acc:0.874, val_loss:0.459 (15.30s, ETA:0h:23m)
2022-03-19 15:33:30,498 - runner - DEBUG: Time split: train:14.56s val:0.64s
2022-03-19 15:33:30,498 - runner - DEBUG: Next learning rate: 0.1000
2022-03-19 15:33:46,050 - runner - INFO: Epoch 70/160 : train_acc:0.949, train_loss:0.143, val_acc:0.883, val_loss:0.432 (15.55s, ETA:0h:23m)
2022-03-19 15:33:46,051 - runner - DEBUG: Time split: train:14.80s val:0.65s
2022-03-19 15:33:46,051 - runner - DEBUG: Next learning rate: 0.1000
2022-03-19 15:34:01,436 - runner - INFO: Epoch 71/160 : train_acc:0.949, train_loss:0.145, val_acc:0.864, val_loss:0.521 (15.39s, ETA:0h:23m)
2022-03-19 15:34:01,437 - runner - DEBUG: Time split: train:14.64s val:0.65s
2022-03-19 15:34:01,437 - runner - DEBUG: Next learning rate: 0.1000
2022-03-19 15:34:16,733 - runner - INFO: Epoch 72/160 : train_acc:0.951, train_loss:0.138, val_acc:0.879, val_loss:0.454 (15.30s, ETA:0h:22m)
2022-03-19 15:34:16,733 - runner - DEBUG: Time split: train:14.55s val:0.64s
2022-03-19 15:34:16,733 - runner - DEBUG: Next learning rate: 0.1000
2022-03-19 15:34:32,204 - runner - INFO: Epoch 73/160 : train_acc:0.950, train_loss:0.145, val_acc:0.888, val_loss:0.407 (15.47s, ETA:0h:22m)
2022-03-19 15:34:32,204 - runner - DEBUG: Time split: train:14.74s val:0.64s
2022-03-19 15:34:32,204 - runner - DEBUG: Next learning rate: 0.1000
2022-03-19 15:34:47,520 - runner - INFO: Epoch 74/160 : train_acc:0.952, train_loss:0.137, val_acc:0.878, val_loss:0.490 (15.32s, ETA:0h:22m)
2022-03-19 15:34:47,520 - runner - DEBUG: Time split: train:14.58s val:0.64s
2022-03-19 15:34:47,520 - runner - DEBUG: Next learning rate: 0.1000
2022-03-19 15:35:03,155 - runner - INFO: Epoch 75/160 : train_acc:0.949, train_loss:0.143, val_acc:0.867, val_loss:0.485 (15.64s, ETA:0h:22m)
2022-03-19 15:35:03,155 - runner - DEBUG: Time split: train:14.86s val:0.67s
2022-03-19 15:35:03,155 - runner - DEBUG: Next learning rate: 0.1000
2022-03-19 15:35:18,956 - runner - INFO: Epoch 76/160 : train_acc:0.952, train_loss:0.139, val_acc:0.878, val_loss:0.484 (15.80s, ETA:0h:22m)
2022-03-19 15:35:18,956 - runner - DEBUG: Time split: train:15.02s val:0.68s
2022-03-19 15:35:18,956 - runner - DEBUG: Next learning rate: 0.1000
2022-03-19 15:35:34,786 - runner - INFO: Epoch 77/160 : train_acc:0.950, train_loss:0.143, val_acc:0.885, val_loss:0.450 (15.83s, ETA:0h:22m)
2022-03-19 15:35:34,787 - runner - DEBUG: Time split: train:15.08s val:0.65s
2022-03-19 15:35:34,787 - runner - DEBUG: Next learning rate: 0.1000
2022-03-19 15:35:50,697 - runner - INFO: Epoch 78/160 : train_acc:0.952, train_loss:0.135, val_acc:0.879, val_loss:0.460 (15.91s, ETA:0h:22m)
2022-03-19 15:35:50,697 - runner - DEBUG: Time split: train:15.16s val:0.64s
2022-03-19 15:35:50,698 - runner - DEBUG: Next learning rate: 0.1000
2022-03-19 15:36:06,077 - runner - INFO: Epoch 79/160 : train_acc:0.951, train_loss:0.140, val_acc:0.874, val_loss:0.483 (15.38s, ETA:0h:21m)
2022-03-19 15:36:06,077 - runner - DEBUG: Time split: train:14.61s val:0.67s
2022-03-19 15:36:06,077 - runner - DEBUG: Next learning rate: 0.1000
2022-03-19 15:36:21,593 - runner - INFO: Epoch 80/160 : train_acc:0.953, train_loss:0.134, val_acc:0.884, val_loss:0.457 (15.52s, ETA:0h:20m)
2022-03-19 15:36:21,594 - runner - DEBUG: Time split: train:14.71s val:0.66s
2022-03-19 15:36:21,594 - runner - DEBUG: Next learning rate: 0.0100
2022-03-19 15:36:37,017 - runner - INFO: Epoch 81/160 : train_acc:0.975, train_loss:0.077, val_acc:0.917, val_loss:0.318 (15.42s, ETA:0h:20m)
2022-03-19 15:36:37,018 - runner - DEBUG: Time split: train:14.63s val:0.64s
2022-03-19 15:36:37,018 - runner - DEBUG: Next learning rate: 0.0100
2022-03-19 15:36:52,692 - runner - INFO: Epoch 82/160 : train_acc:0.984, train_loss:0.049, val_acc:0.918, val_loss:0.318 (15.67s, ETA:0h:20m)
2022-03-19 15:36:52,693 - runner - DEBUG: Time split: train:14.87s val:0.65s
2022-03-19 15:36:52,693 - runner - DEBUG: Next learning rate: 0.0100
2022-03-19 15:37:08,068 - runner - INFO: Epoch 83/160 : train_acc:0.986, train_loss:0.041, val_acc:0.922, val_loss:0.319 (15.37s, ETA:0h:19m)
2022-03-19 15:37:08,068 - runner - DEBUG: Time split: train:14.64s val:0.63s
2022-03-19 15:37:08,068 - runner - DEBUG: Next learning rate: 0.0100
2022-03-19 15:37:24,023 - runner - INFO: Epoch 84/160 : train_acc:0.988, train_loss:0.037, val_acc:0.921, val_loss:0.328 (15.96s, ETA:0h:20m)
2022-03-19 15:37:24,023 - runner - DEBUG: Time split: train:15.16s val:0.70s
2022-03-19 15:37:24,023 - runner - DEBUG: Next learning rate: 0.0100
2022-03-19 15:37:39,483 - runner - INFO: Epoch 85/160 : train_acc:0.991, train_loss:0.030, val_acc:0.921, val_loss:0.333 (15.46s, ETA:0h:19m)
2022-03-19 15:37:39,483 - runner - DEBUG: Time split: train:14.72s val:0.64s
2022-03-19 15:37:39,484 - runner - DEBUG: Next learning rate: 0.0100
2022-03-19 15:37:55,129 - runner - INFO: Epoch 86/160 : train_acc:0.992, train_loss:0.027, val_acc:0.919, val_loss:0.339 (15.64s, ETA:0h:19m)
2022-03-19 15:37:55,129 - runner - DEBUG: Time split: train:14.90s val:0.65s
2022-03-19 15:37:55,129 - runner - DEBUG: Next learning rate: 0.0100
2022-03-19 15:38:11,112 - runner - INFO: Epoch 87/160 : train_acc:0.993, train_loss:0.024, val_acc:0.920, val_loss:0.348 (15.98s, ETA:0h:19m)
2022-03-19 15:38:11,112 - runner - DEBUG: Time split: train:15.21s val:0.68s
2022-03-19 15:38:11,112 - runner - DEBUG: Next learning rate: 0.0100
2022-03-19 15:38:26,989 - runner - INFO: Epoch 88/160 : train_acc:0.994, train_loss:0.022, val_acc:0.923, val_loss:0.344 (15.88s, ETA:0h:19m)
2022-03-19 15:38:26,989 - runner - DEBUG: Time split: train:15.10s val:0.67s
2022-03-19 15:38:26,989 - runner - DEBUG: Next learning rate: 0.0100
2022-03-19 15:38:42,984 - runner - INFO: Epoch 89/160 : train_acc:0.994, train_loss:0.021, val_acc:0.922, val_loss:0.358 (16.00s, ETA:0h:19m)
2022-03-19 15:38:42,985 - runner - DEBUG: Time split: train:15.25s val:0.65s
2022-03-19 15:38:42,985 - runner - DEBUG: Next learning rate: 0.0100
2022-03-19 15:38:59,132 - runner - INFO: Epoch 90/160 : train_acc:0.995, train_loss:0.019, val_acc:0.921, val_loss:0.363 (16.15s, ETA:0h:19m)
2022-03-19 15:38:59,132 - runner - DEBUG: Time split: train:15.28s val:0.71s
2022-03-19 15:38:59,132 - runner - DEBUG: Next learning rate: 0.0100
2022-03-19 15:39:14,699 - runner - INFO: Epoch 91/160 : train_acc:0.995, train_loss:0.017, val_acc:0.920, val_loss:0.366 (15.57s, ETA:0h:18m)
2022-03-19 15:39:14,699 - runner - DEBUG: Time split: train:14.78s val:0.67s
2022-03-19 15:39:14,699 - runner - DEBUG: Next learning rate: 0.0100
2022-03-19 15:39:30,526 - runner - INFO: Epoch 92/160 : train_acc:0.995, train_loss:0.016, val_acc:0.920, val_loss:0.374 (15.83s, ETA:0h:18m)
2022-03-19 15:39:30,527 - runner - DEBUG: Time split: train:15.03s val:0.70s
2022-03-19 15:39:30,527 - runner - DEBUG: Next learning rate: 0.0100
2022-03-19 15:39:46,081 - runner - INFO: Epoch 93/160 : train_acc:0.996, train_loss:0.015, val_acc:0.922, val_loss:0.366 (15.55s, ETA:0h:17m)
2022-03-19 15:39:46,081 - runner - DEBUG: Time split: train:14.80s val:0.66s
2022-03-19 15:39:46,081 - runner - DEBUG: Next learning rate: 0.0100
2022-03-19 15:40:01,721 - runner - INFO: Epoch 94/160 : train_acc:0.996, train_loss:0.013, val_acc:0.922, val_loss:0.380 (15.64s, ETA:0h:17m)
2022-03-19 15:40:01,721 - runner - DEBUG: Time split: train:14.87s val:0.67s
2022-03-19 15:40:01,721 - runner - DEBUG: Next learning rate: 0.0100
2022-03-19 15:40:17,305 - runner - INFO: Epoch 95/160 : train_acc:0.996, train_loss:0.013, val_acc:0.922, val_loss:0.374 (15.58s, ETA:0h:17m)
2022-03-19 15:40:17,306 - runner - DEBUG: Time split: train:14.82s val:0.67s
2022-03-19 15:40:17,306 - runner - DEBUG: Next learning rate: 0.0100
2022-03-19 15:40:32,736 - runner - INFO: Epoch 96/160 : train_acc:0.997, train_loss:0.013, val_acc:0.923, val_loss:0.378 (15.43s, ETA:0h:16m)
2022-03-19 15:40:32,736 - runner - DEBUG: Time split: train:14.67s val:0.65s
2022-03-19 15:40:32,736 - runner - DEBUG: Next learning rate: 0.0100
2022-03-19 15:40:48,161 - runner - INFO: Epoch 97/160 : train_acc:0.997, train_loss:0.013, val_acc:0.923, val_loss:0.388 (15.43s, ETA:0h:16m)
2022-03-19 15:40:48,162 - runner - DEBUG: Time split: train:14.57s val:0.66s
2022-03-19 15:40:48,162 - runner - DEBUG: Next learning rate: 0.0100
2022-03-19 15:41:03,517 - runner - INFO: Epoch 98/160 : train_acc:0.997, train_loss:0.011, val_acc:0.920, val_loss:0.396 (15.35s, ETA:0h:16m)
2022-03-19 15:41:03,518 - runner - DEBUG: Time split: train:14.58s val:0.65s
2022-03-19 15:41:03,518 - runner - DEBUG: Next learning rate: 0.0100
2022-03-19 15:41:18,864 - runner - INFO: Epoch 99/160 : train_acc:0.998, train_loss:0.010, val_acc:0.920, val_loss:0.389 (15.35s, ETA:0h:15m)
2022-03-19 15:41:18,864 - runner - DEBUG: Time split: train:14.59s val:0.66s
2022-03-19 15:41:18,864 - runner - DEBUG: Next learning rate: 0.0100
2022-03-19 15:41:34,425 - runner - INFO: Epoch 100/160 : train_acc:0.998, train_loss:0.010, val_acc:0.921, val_loss:0.397 (15.56s, ETA:0h:15m)
2022-03-19 15:41:34,425 - runner - DEBUG: Time split: train:14.77s val:0.69s
2022-03-19 15:41:34,426 - runner - DEBUG: Next learning rate: 0.0100
2022-03-19 15:41:50,057 - runner - INFO: Epoch 101/160 : train_acc:0.997, train_loss:0.009, val_acc:0.922, val_loss:0.391 (15.63s, ETA:0h:15m)
2022-03-19 15:41:50,057 - runner - DEBUG: Time split: train:14.88s val:0.65s
2022-03-19 15:41:50,057 - runner - DEBUG: Next learning rate: 0.0100
2022-03-19 15:42:05,318 - runner - INFO: Epoch 102/160 : train_acc:0.998, train_loss:0.010, val_acc:0.920, val_loss:0.407 (15.26s, ETA:0h:15m)
2022-03-19 15:42:05,318 - runner - DEBUG: Time split: train:14.50s val:0.65s
2022-03-19 15:42:05,318 - runner - DEBUG: Next learning rate: 0.0100
2022-03-19 15:42:20,621 - runner - INFO: Epoch 103/160 : train_acc:0.998, train_loss:0.009, val_acc:0.922, val_loss:0.407 (15.30s, ETA:0h:14m)
2022-03-19 15:42:20,622 - runner - DEBUG: Time split: train:14.47s val:0.65s
2022-03-19 15:42:20,622 - runner - DEBUG: Next learning rate: 0.0100
2022-03-19 15:42:35,920 - runner - INFO: Epoch 104/160 : train_acc:0.998, train_loss:0.008, val_acc:0.922, val_loss:0.413 (15.30s, ETA:0h:14m)
2022-03-19 15:42:35,921 - runner - DEBUG: Time split: train:14.54s val:0.64s
2022-03-19 15:42:35,921 - runner - DEBUG: Next learning rate: 0.0100
2022-03-19 15:42:51,179 - runner - INFO: Epoch 105/160 : train_acc:0.998, train_loss:0.008, val_acc:0.921, val_loss:0.419 (15.26s, ETA:0h:14m)
2022-03-19 15:42:51,179 - runner - DEBUG: Time split: train:14.50s val:0.64s
2022-03-19 15:42:51,179 - runner - DEBUG: Next learning rate: 0.0100
2022-03-19 15:43:06,366 - runner - INFO: Epoch 106/160 : train_acc:0.998, train_loss:0.008, val_acc:0.922, val_loss:0.414 (15.19s, ETA:0h:13m)
2022-03-19 15:43:06,366 - runner - DEBUG: Time split: train:14.46s val:0.63s
2022-03-19 15:43:06,366 - runner - DEBUG: Next learning rate: 0.0100
2022-03-19 15:43:21,628 - runner - INFO: Epoch 107/160 : train_acc:0.998, train_loss:0.008, val_acc:0.924, val_loss:0.413 (15.26s, ETA:0h:13m)
2022-03-19 15:43:21,629 - runner - DEBUG: Time split: train:14.49s val:0.64s
2022-03-19 15:43:21,629 - runner - DEBUG: Next learning rate: 0.0100
2022-03-19 15:43:36,839 - runner - INFO: Epoch 108/160 : train_acc:0.998, train_loss:0.007, val_acc:0.924, val_loss:0.405 (15.21s, ETA:0h:13m)
2022-03-19 15:43:36,839 - runner - DEBUG: Time split: train:14.47s val:0.65s
2022-03-19 15:43:36,839 - runner - DEBUG: Next learning rate: 0.0100
2022-03-19 15:43:52,048 - runner - INFO: Epoch 109/160 : train_acc:0.999, train_loss:0.006, val_acc:0.925, val_loss:0.416 (15.21s, ETA:0h:13m)
2022-03-19 15:43:52,048 - runner - DEBUG: Time split: train:14.47s val:0.64s
2022-03-19 15:43:52,048 - runner - DEBUG: Next learning rate: 0.0100
2022-03-19 15:44:07,266 - runner - INFO: Epoch 110/160 : train_acc:0.999, train_loss:0.006, val_acc:0.923, val_loss:0.412 (15.22s, ETA:0h:12m)
2022-03-19 15:44:07,266 - runner - DEBUG: Time split: train:14.47s val:0.65s
2022-03-19 15:44:07,266 - runner - DEBUG: Next learning rate: 0.0100
2022-03-19 15:44:22,978 - runner - INFO: Epoch 111/160 : train_acc:0.998, train_loss:0.006, val_acc:0.924, val_loss:0.419 (15.71s, ETA:0h:13m)
2022-03-19 15:44:22,978 - runner - DEBUG: Time split: train:14.93s val:0.68s
2022-03-19 15:44:22,978 - runner - DEBUG: Next learning rate: 0.0100
2022-03-19 15:44:38,725 - runner - INFO: Epoch 112/160 : train_acc:0.999, train_loss:0.006, val_acc:0.924, val_loss:0.420 (15.75s, ETA:0h:12m)
2022-03-19 15:44:38,725 - runner - DEBUG: Time split: train:15.00s val:0.65s
2022-03-19 15:44:38,725 - runner - DEBUG: Next learning rate: 0.0100
2022-03-19 15:44:53,960 - runner - INFO: Epoch 113/160 : train_acc:0.999, train_loss:0.006, val_acc:0.924, val_loss:0.418 (15.23s, ETA:0h:12m)
2022-03-19 15:44:53,960 - runner - DEBUG: Time split: train:14.49s val:0.64s
2022-03-19 15:44:53,961 - runner - DEBUG: Next learning rate: 0.0100
2022-03-19 15:45:09,193 - runner - INFO: Epoch 114/160 : train_acc:0.999, train_loss:0.005, val_acc:0.922, val_loss:0.426 (15.23s, ETA:0h:11m)
2022-03-19 15:45:09,193 - runner - DEBUG: Time split: train:14.49s val:0.64s
2022-03-19 15:45:09,194 - runner - DEBUG: Next learning rate: 0.0100
2022-03-19 15:45:24,453 - runner - INFO: Epoch 115/160 : train_acc:0.999, train_loss:0.005, val_acc:0.921, val_loss:0.424 (15.26s, ETA:0h:11m)
2022-03-19 15:45:24,454 - runner - DEBUG: Time split: train:14.45s val:0.65s
2022-03-19 15:45:24,454 - runner - DEBUG: Next learning rate: 0.0100
2022-03-19 15:45:39,678 - runner - INFO: Epoch 116/160 : train_acc:0.999, train_loss:0.005, val_acc:0.922, val_loss:0.434 (15.22s, ETA:0h:11m)
2022-03-19 15:45:39,678 - runner - DEBUG: Time split: train:14.48s val:0.64s
2022-03-19 15:45:39,678 - runner - DEBUG: Next learning rate: 0.0100
2022-03-19 15:45:54,990 - runner - INFO: Epoch 117/160 : train_acc:0.999, train_loss:0.005, val_acc:0.923, val_loss:0.428 (15.31s, ETA:0h:11m)
2022-03-19 15:45:54,990 - runner - DEBUG: Time split: train:14.52s val:0.64s
2022-03-19 15:45:54,990 - runner - DEBUG: Next learning rate: 0.0100
2022-03-19 15:46:10,272 - runner - INFO: Epoch 118/160 : train_acc:0.999, train_loss:0.005, val_acc:0.921, val_loss:0.435 (15.28s, ETA:0h:10m)
2022-03-19 15:46:10,272 - runner - DEBUG: Time split: train:14.52s val:0.64s
2022-03-19 15:46:10,272 - runner - DEBUG: Next learning rate: 0.0100
2022-03-19 15:46:25,476 - runner - INFO: Epoch 119/160 : train_acc:0.999, train_loss:0.005, val_acc:0.922, val_loss:0.434 (15.20s, ETA:0h:10m)
2022-03-19 15:46:25,476 - runner - DEBUG: Time split: train:14.47s val:0.64s
2022-03-19 15:46:25,476 - runner - DEBUG: Next learning rate: 0.0100
2022-03-19 15:46:40,692 - runner - INFO: Epoch 120/160 : train_acc:0.999, train_loss:0.005, val_acc:0.923, val_loss:0.433 (15.22s, ETA:0h:10m)
2022-03-19 15:46:40,693 - runner - DEBUG: Time split: train:14.45s val:0.63s
2022-03-19 15:46:40,693 - runner - DEBUG: Next learning rate: 0.0010
2022-03-19 15:46:55,880 - runner - INFO: Epoch 121/160 : train_acc:0.999, train_loss:0.005, val_acc:0.924, val_loss:0.431 (15.19s, ETA:0h:10m)
2022-03-19 15:46:55,881 - runner - DEBUG: Time split: train:14.45s val:0.64s
2022-03-19 15:46:55,881 - runner - DEBUG: Next learning rate: 0.0010
2022-03-19 15:47:11,092 - runner - INFO: Epoch 122/160 : train_acc:0.999, train_loss:0.004, val_acc:0.923, val_loss:0.431 (15.21s, ETA:0h:9m)
2022-03-19 15:47:11,092 - runner - DEBUG: Time split: train:14.48s val:0.64s
2022-03-19 15:47:11,092 - runner - DEBUG: Next learning rate: 0.0010
2022-03-19 15:47:26,322 - runner - INFO: Epoch 123/160 : train_acc:0.999, train_loss:0.004, val_acc:0.923, val_loss:0.428 (15.23s, ETA:0h:9m)
2022-03-19 15:47:26,322 - runner - DEBUG: Time split: train:14.48s val:0.65s
2022-03-19 15:47:26,322 - runner - DEBUG: Next learning rate: 0.0010
2022-03-19 15:47:41,569 - runner - INFO: Epoch 124/160 : train_acc:0.999, train_loss:0.004, val_acc:0.923, val_loss:0.428 (15.25s, ETA:0h:9m)
2022-03-19 15:47:41,569 - runner - DEBUG: Time split: train:14.50s val:0.65s
2022-03-19 15:47:41,569 - runner - DEBUG: Next learning rate: 0.0010
2022-03-19 15:47:56,805 - runner - INFO: Epoch 125/160 : train_acc:0.999, train_loss:0.004, val_acc:0.924, val_loss:0.429 (15.24s, ETA:0h:9m)
2022-03-19 15:47:56,805 - runner - DEBUG: Time split: train:14.47s val:0.65s
2022-03-19 15:47:56,805 - runner - DEBUG: Next learning rate: 0.0010
2022-03-19 15:48:12,034 - runner - INFO: Epoch 126/160 : train_acc:0.999, train_loss:0.004, val_acc:0.924, val_loss:0.428 (15.23s, ETA:0h:8m)
2022-03-19 15:48:12,034 - runner - DEBUG: Time split: train:14.49s val:0.64s
2022-03-19 15:48:12,035 - runner - DEBUG: Next learning rate: 0.0010
2022-03-19 15:48:27,262 - runner - INFO: Epoch 127/160 : train_acc:0.999, train_loss:0.004, val_acc:0.923, val_loss:0.429 (15.23s, ETA:0h:8m)
2022-03-19 15:48:27,263 - runner - DEBUG: Time split: train:14.48s val:0.65s
2022-03-19 15:48:27,263 - runner - DEBUG: Next learning rate: 0.0010
2022-03-19 15:48:42,834 - runner - INFO: Epoch 128/160 : train_acc:0.999, train_loss:0.004, val_acc:0.925, val_loss:0.428 (15.57s, ETA:0h:8m)
2022-03-19 15:48:42,834 - runner - DEBUG: Time split: train:14.78s val:0.67s
2022-03-19 15:48:42,834 - runner - DEBUG: Next learning rate: 0.0010
2022-03-19 15:48:58,645 - runner - INFO: Epoch 129/160 : train_acc:0.999, train_loss:0.004, val_acc:0.924, val_loss:0.430 (15.81s, ETA:0h:8m)
2022-03-19 15:48:58,646 - runner - DEBUG: Time split: train:14.96s val:0.68s
2022-03-19 15:48:58,646 - runner - DEBUG: Next learning rate: 0.0010
2022-03-19 15:49:14,320 - runner - INFO: Epoch 130/160 : train_acc:0.999, train_loss:0.004, val_acc:0.924, val_loss:0.428 (15.67s, ETA:0h:8m)
2022-03-19 15:49:14,321 - runner - DEBUG: Time split: train:14.90s val:0.67s
2022-03-19 15:49:14,321 - runner - DEBUG: Next learning rate: 0.0010
2022-03-19 15:49:30,021 - runner - INFO: Epoch 131/160 : train_acc:0.999, train_loss:0.004, val_acc:0.924, val_loss:0.428 (15.70s, ETA:0h:7m)
2022-03-19 15:49:30,021 - runner - DEBUG: Time split: train:14.92s val:0.68s
2022-03-19 15:49:30,021 - runner - DEBUG: Next learning rate: 0.0010
2022-03-19 15:49:45,635 - runner - INFO: Epoch 132/160 : train_acc:0.999, train_loss:0.003, val_acc:0.924, val_loss:0.429 (15.61s, ETA:0h:7m)
2022-03-19 15:49:45,635 - runner - DEBUG: Time split: train:14.85s val:0.67s
2022-03-19 15:49:45,635 - runner - DEBUG: Next learning rate: 0.0010
2022-03-19 15:50:00,903 - runner - INFO: Epoch 133/160 : train_acc:0.999, train_loss:0.004, val_acc:0.924, val_loss:0.428 (15.27s, ETA:0h:7m)
2022-03-19 15:50:00,903 - runner - DEBUG: Time split: train:14.54s val:0.64s
2022-03-19 15:50:00,903 - runner - DEBUG: Next learning rate: 0.0010
2022-03-19 15:50:16,212 - runner - INFO: Epoch 134/160 : train_acc:0.999, train_loss:0.004, val_acc:0.924, val_loss:0.427 (15.31s, ETA:0h:6m)
2022-03-19 15:50:16,213 - runner - DEBUG: Time split: train:14.55s val:0.66s
2022-03-19 15:50:16,213 - runner - DEBUG: Next learning rate: 0.0010
2022-03-19 15:50:32,015 - runner - INFO: Epoch 135/160 : train_acc:0.999, train_loss:0.004, val_acc:0.924, val_loss:0.427 (15.80s, ETA:0h:6m)
2022-03-19 15:50:32,015 - runner - DEBUG: Time split: train:15.02s val:0.68s
2022-03-19 15:50:32,015 - runner - DEBUG: Next learning rate: 0.0010
2022-03-19 15:50:47,657 - runner - INFO: Epoch 136/160 : train_acc:0.999, train_loss:0.003, val_acc:0.924, val_loss:0.427 (15.64s, ETA:0h:6m)
2022-03-19 15:50:47,657 - runner - DEBUG: Time split: train:14.83s val:0.71s
2022-03-19 15:50:47,657 - runner - DEBUG: Next learning rate: 0.0010
2022-03-19 15:51:03,350 - runner - INFO: Epoch 137/160 : train_acc:0.999, train_loss:0.003, val_acc:0.924, val_loss:0.425 (15.69s, ETA:0h:6m)
2022-03-19 15:51:03,350 - runner - DEBUG: Time split: train:14.92s val:0.67s
2022-03-19 15:51:03,350 - runner - DEBUG: Next learning rate: 0.0010
2022-03-19 15:51:18,940 - runner - INFO: Epoch 138/160 : train_acc:0.999, train_loss:0.003, val_acc:0.924, val_loss:0.428 (15.59s, ETA:0h:5m)
2022-03-19 15:51:18,940 - runner - DEBUG: Time split: train:14.84s val:0.65s
2022-03-19 15:51:18,940 - runner - DEBUG: Next learning rate: 0.0010
2022-03-19 15:51:34,664 - runner - INFO: Epoch 139/160 : train_acc:0.999, train_loss:0.003, val_acc:0.924, val_loss:0.426 (15.72s, ETA:0h:5m)
2022-03-19 15:51:34,664 - runner - DEBUG: Time split: train:14.97s val:0.65s
2022-03-19 15:51:34,664 - runner - DEBUG: Next learning rate: 0.0010
2022-03-19 15:51:50,224 - runner - INFO: Epoch 140/160 : train_acc:1.000, train_loss:0.003, val_acc:0.924, val_loss:0.428 (15.56s, ETA:0h:5m)
2022-03-19 15:51:50,224 - runner - DEBUG: Time split: train:14.69s val:0.72s
2022-03-19 15:51:50,224 - runner - DEBUG: Next learning rate: 0.0010
2022-03-19 15:52:05,701 - runner - INFO: Epoch 141/160 : train_acc:0.999, train_loss:0.003, val_acc:0.925, val_loss:0.428 (15.48s, ETA:0h:5m)
2022-03-19 15:52:05,701 - runner - DEBUG: Time split: train:14.68s val:0.67s
2022-03-19 15:52:05,701 - runner - DEBUG: Next learning rate: 0.0010
2022-03-19 15:52:21,556 - runner - INFO: Epoch 142/160 : train_acc:0.999, train_loss:0.003, val_acc:0.925, val_loss:0.429 (15.85s, ETA:0h:5m)
2022-03-19 15:52:21,556 - runner - DEBUG: Time split: train:15.08s val:0.68s
2022-03-19 15:52:21,556 - runner - DEBUG: Next learning rate: 0.0010
2022-03-19 15:52:37,526 - runner - INFO: Epoch 143/160 : train_acc:0.999, train_loss:0.003, val_acc:0.925, val_loss:0.428 (15.97s, ETA:0h:4m)
2022-03-19 15:52:37,526 - runner - DEBUG: Time split: train:15.23s val:0.64s
2022-03-19 15:52:37,526 - runner - DEBUG: Next learning rate: 0.0010
2022-03-19 15:52:52,772 - runner - INFO: Epoch 144/160 : train_acc:0.999, train_loss:0.003, val_acc:0.925, val_loss:0.430 (15.25s, ETA:0h:4m)
2022-03-19 15:52:52,772 - runner - DEBUG: Time split: train:14.50s val:0.65s
2022-03-19 15:52:52,772 - runner - DEBUG: Next learning rate: 0.0010
2022-03-19 15:53:08,535 - runner - INFO: Epoch 145/160 : train_acc:1.000, train_loss:0.003, val_acc:0.924, val_loss:0.429 (15.76s, ETA:0h:4m)
2022-03-19 15:53:08,536 - runner - DEBUG: Time split: train:14.99s val:0.68s
2022-03-19 15:53:08,536 - runner - DEBUG: Next learning rate: 0.0010
2022-03-19 15:53:24,374 - runner - INFO: Epoch 146/160 : train_acc:0.999, train_loss:0.003, val_acc:0.924, val_loss:0.428 (15.84s, ETA:0h:3m)
2022-03-19 15:53:24,374 - runner - DEBUG: Time split: train:15.08s val:0.67s
2022-03-19 15:53:24,375 - runner - DEBUG: Next learning rate: 0.0010
2022-03-19 15:53:40,086 - runner - INFO: Epoch 147/160 : train_acc:1.000, train_loss:0.003, val_acc:0.924, val_loss:0.428 (15.71s, ETA:0h:3m)
2022-03-19 15:53:40,086 - runner - DEBUG: Time split: train:14.96s val:0.66s
2022-03-19 15:53:40,086 - runner - DEBUG: Next learning rate: 0.0010
2022-03-19 15:53:55,620 - runner - INFO: Epoch 148/160 : train_acc:0.999, train_loss:0.003, val_acc:0.924, val_loss:0.430 (15.53s, ETA:0h:3m)
2022-03-19 15:53:55,620 - runner - DEBUG: Time split: train:14.73s val:0.70s
2022-03-19 15:53:55,620 - runner - DEBUG: Next learning rate: 0.0010
2022-03-19 15:54:11,077 - runner - INFO: Epoch 149/160 : train_acc:1.000, train_loss:0.003, val_acc:0.925, val_loss:0.429 (15.46s, ETA:0h:3m)
2022-03-19 15:54:11,077 - runner - DEBUG: Time split: train:14.72s val:0.64s
2022-03-19 15:54:11,077 - runner - DEBUG: Next learning rate: 0.0010
2022-03-19 15:54:26,591 - runner - INFO: Epoch 150/160 : train_acc:1.000, train_loss:0.003, val_acc:0.925, val_loss:0.432 (15.51s, ETA:0h:2m)
2022-03-19 15:54:26,591 - runner - DEBUG: Time split: train:14.77s val:0.65s
2022-03-19 15:54:26,591 - runner - DEBUG: Next learning rate: 0.0010
2022-03-19 15:54:41,982 - runner - INFO: Epoch 151/160 : train_acc:1.000, train_loss:0.003, val_acc:0.925, val_loss:0.431 (15.39s, ETA:0h:2m)
2022-03-19 15:54:41,982 - runner - DEBUG: Time split: train:14.59s val:0.71s
2022-03-19 15:54:41,982 - runner - DEBUG: Next learning rate: 0.0010
2022-03-19 15:54:57,375 - runner - INFO: Epoch 152/160 : train_acc:0.999, train_loss:0.003, val_acc:0.925, val_loss:0.430 (15.39s, ETA:0h:2m)
2022-03-19 15:54:57,375 - runner - DEBUG: Time split: train:14.64s val:0.65s
2022-03-19 15:54:57,375 - runner - DEBUG: Next learning rate: 0.0010
2022-03-19 15:55:13,138 - runner - INFO: Epoch 153/160 : train_acc:1.000, train_loss:0.003, val_acc:0.925, val_loss:0.429 (15.76s, ETA:0h:2m)
2022-03-19 15:55:13,138 - runner - DEBUG: Time split: train:14.99s val:0.68s
2022-03-19 15:55:13,138 - runner - DEBUG: Next learning rate: 0.0010
2022-03-19 15:55:28,616 - runner - INFO: Epoch 154/160 : train_acc:1.000, train_loss:0.003, val_acc:0.925, val_loss:0.430 (15.48s, ETA:0h:1m)
2022-03-19 15:55:28,616 - runner - DEBUG: Time split: train:14.68s val:0.70s
2022-03-19 15:55:28,616 - runner - DEBUG: Next learning rate: 0.0010
2022-03-19 15:55:44,173 - runner - INFO: Epoch 155/160 : train_acc:0.999, train_loss:0.003, val_acc:0.925, val_loss:0.432 (15.56s, ETA:0h:1m)
2022-03-19 15:55:44,173 - runner - DEBUG: Time split: train:14.73s val:0.72s
2022-03-19 15:55:44,173 - runner - DEBUG: Next learning rate: 0.0010
2022-03-19 15:55:59,738 - runner - INFO: Epoch 156/160 : train_acc:0.999, train_loss:0.003, val_acc:0.924, val_loss:0.430 (15.56s, ETA:0h:1m)
2022-03-19 15:55:59,738 - runner - DEBUG: Time split: train:14.82s val:0.65s
2022-03-19 15:55:59,738 - runner - DEBUG: Next learning rate: 0.0010
2022-03-19 15:56:14,940 - runner - INFO: Epoch 157/160 : train_acc:1.000, train_loss:0.003, val_acc:0.924, val_loss:0.430 (15.20s, ETA:0h:1m)
2022-03-19 15:56:14,940 - runner - DEBUG: Time split: train:14.46s val:0.64s
2022-03-19 15:56:14,940 - runner - DEBUG: Next learning rate: 0.0010
2022-03-19 15:56:30,143 - runner - INFO: Epoch 158/160 : train_acc:1.000, train_loss:0.003, val_acc:0.924, val_loss:0.431 (15.20s, ETA:0h:0m)
2022-03-19 15:56:30,144 - runner - DEBUG: Time split: train:14.47s val:0.63s
2022-03-19 15:56:30,144 - runner - DEBUG: Next learning rate: 0.0010
2022-03-19 15:56:45,337 - runner - INFO: Epoch 159/160 : train_acc:0.999, train_loss:0.003, val_acc:0.925, val_loss:0.430 (15.19s, ETA:0h:0m)
2022-03-19 15:56:45,337 - runner - DEBUG: Time split: train:14.47s val:0.63s
2022-03-19 15:56:45,337 - runner - DEBUG: Next learning rate: 0.0010
2022-03-19 15:57:00,530 - runner - INFO: Epoch 160/160 : train_acc:0.999, train_loss:0.003, val_acc:0.925, val_loss:0.430 (15.19s, ETA:0h:0m)
2022-03-19 15:57:00,530 - runner - DEBUG: Time split: train:14.46s val:0.64s
2022-03-19 15:57:00,530 - runner - DEBUG: Next learning rate: 0.0010
2022-03-19 15:57:01,799 - runner - INFO: Experiment Completed.
