2022-02-27 12:19:56,034 - runner - INFO: Froze parametrs: ['conv1.weight', 'layer1.0.conv1.weight', 'layer1.0.conv2.weight', 'layer1.1.conv1.weight', 'layer1.1.conv2.weight', 'layer1.2.conv1.weight', 'layer1.2.conv2.weight', 'layer1.3.conv1.weight', 'layer1.3.conv2.weight', 'layer1.4.conv1.weight', 'layer1.4.conv2.weight', 'layer1.5.conv1.weight', 'layer1.5.conv2.weight', 'layer1.6.conv1.weight', 'layer1.6.conv2.weight', 'layer1.7.conv1.weight', 'layer1.7.conv2.weight', 'layer1.8.conv1.weight', 'layer1.8.conv2.weight', 'layer1.9.conv1.weight', 'layer1.9.conv2.weight', 'layer1.10.conv1.weight', 'layer1.10.conv2.weight', 'layer1.11.conv1.weight', 'layer1.11.conv2.weight', 'layer1.12.conv1.weight', 'layer1.12.conv2.weight', 'layer1.13.conv1.weight', 'layer1.13.conv2.weight', 'layer1.14.conv1.weight', 'layer1.14.conv2.weight', 'layer1.15.conv1.weight', 'layer1.15.conv2.weight', 'layer1.16.conv1.weight', 'layer1.16.conv2.weight', 'layer1.17.conv1.weight', 'layer1.17.conv2.weight', 'layer1.18.conv1.weight', 'layer1.18.conv2.weight', 'layer1.19.conv1.weight', 'layer1.19.conv2.weight', 'layer1.20.conv1.weight', 'layer1.20.conv2.weight', 'layer1.21.conv1.weight', 'layer1.21.conv2.weight', 'layer1.22.conv1.weight', 'layer1.22.conv2.weight', 'layer1.23.conv1.weight', 'layer1.23.conv2.weight', 'layer1.24.conv1.weight', 'layer1.24.conv2.weight', 'layer1.25.conv1.weight', 'layer1.25.conv2.weight', 'layer1.26.conv1.weight', 'layer1.26.conv2.weight', 'layer1.27.conv1.weight', 'layer1.27.conv2.weight', 'layer1.28.conv1.weight', 'layer1.28.conv2.weight', 'layer1.29.conv1.weight', 'layer1.29.conv2.weight', 'layer1.30.conv1.weight', 'layer1.30.conv2.weight', 'layer1.31.conv1.weight', 'layer1.31.conv2.weight', 'layer1.32.conv1.weight', 'layer1.32.conv2.weight', 'layer1.33.conv1.weight', 'layer1.33.conv2.weight', 'layer1.34.conv1.weight', 'layer1.34.conv2.weight', 'layer1.35.conv1.weight', 'layer1.35.conv2.weight', 'layer2.0.conv1.weight', 'layer2.0.conv2.weight', 'layer2.1.conv1.weight', 'layer2.1.conv2.weight', 'layer2.2.conv1.weight', 'layer2.2.conv2.weight', 'layer2.3.conv1.weight', 'layer2.3.conv2.weight', 'layer2.4.conv1.weight', 'layer2.4.conv2.weight', 'layer2.5.conv1.weight', 'layer2.5.conv2.weight', 'layer2.6.conv1.weight', 'layer2.6.conv2.weight', 'layer2.7.conv1.weight', 'layer2.7.conv2.weight', 'layer2.8.conv1.weight', 'layer2.8.conv2.weight', 'layer2.9.conv1.weight', 'layer2.9.conv2.weight', 'layer2.10.conv1.weight', 'layer2.10.conv2.weight', 'layer2.11.conv1.weight', 'layer2.11.conv2.weight', 'layer2.12.conv1.weight', 'layer2.12.conv2.weight', 'layer2.13.conv1.weight', 'layer2.13.conv2.weight', 'layer2.14.conv1.weight', 'layer2.14.conv2.weight', 'layer2.15.conv1.weight', 'layer2.15.conv2.weight', 'layer2.16.conv1.weight', 'layer2.16.conv2.weight', 'layer2.17.conv1.weight', 'layer2.17.conv2.weight', 'layer2.18.conv1.weight', 'layer2.18.conv2.weight', 'layer2.19.conv1.weight', 'layer2.19.conv2.weight', 'layer2.20.conv1.weight', 'layer2.20.conv2.weight', 'layer2.21.conv1.weight', 'layer2.21.conv2.weight', 'layer2.22.conv1.weight', 'layer2.22.conv2.weight', 'layer2.23.conv1.weight', 'layer2.23.conv2.weight', 'layer2.24.conv1.weight', 'layer2.24.conv2.weight', 'layer2.25.conv1.weight', 'layer2.25.conv2.weight', 'layer2.26.conv1.weight', 'layer2.26.conv2.weight', 'layer2.27.conv1.weight', 'layer2.27.conv2.weight', 'layer2.28.conv1.weight', 'layer2.28.conv2.weight', 'layer2.29.conv1.weight', 'layer2.29.conv2.weight', 'layer2.30.conv1.weight', 'layer2.30.conv2.weight', 'layer2.31.conv1.weight', 'layer2.31.conv2.weight', 'layer2.32.conv1.weight', 'layer2.32.conv2.weight', 'layer2.33.conv1.weight', 'layer2.33.conv2.weight', 'layer2.34.conv1.weight', 'layer2.34.conv2.weight', 'layer2.35.conv1.weight', 'layer2.35.conv2.weight', 'layer3.0.conv1.weight', 'layer3.0.conv2.weight', 'layer3.1.conv1.weight', 'layer3.1.conv2.weight', 'layer3.2.conv1.weight', 'layer3.2.conv2.weight', 'layer3.3.conv1.weight', 'layer3.3.conv2.weight', 'layer3.4.conv1.weight', 'layer3.4.conv2.weight', 'layer3.5.conv1.weight', 'layer3.5.conv2.weight', 'layer3.6.conv1.weight', 'layer3.6.conv2.weight', 'layer3.7.conv1.weight', 'layer3.7.conv2.weight', 'layer3.8.conv1.weight', 'layer3.8.conv2.weight', 'layer3.9.conv1.weight', 'layer3.9.conv2.weight', 'layer3.10.conv1.weight', 'layer3.10.conv2.weight', 'layer3.11.conv1.weight', 'layer3.11.conv2.weight', 'layer3.12.conv1.weight', 'layer3.12.conv2.weight', 'layer3.13.conv1.weight', 'layer3.13.conv2.weight', 'layer3.14.conv1.weight', 'layer3.14.conv2.weight', 'layer3.15.conv1.weight', 'layer3.15.conv2.weight', 'layer3.16.conv1.weight', 'layer3.16.conv2.weight', 'layer3.17.conv1.weight', 'layer3.17.conv2.weight', 'layer3.18.conv1.weight', 'layer3.18.conv2.weight', 'layer3.19.conv1.weight', 'layer3.19.conv2.weight', 'layer3.20.conv1.weight', 'layer3.20.conv2.weight', 'layer3.21.conv1.weight', 'layer3.21.conv2.weight', 'layer3.22.conv1.weight', 'layer3.22.conv2.weight', 'layer3.23.conv1.weight', 'layer3.23.conv2.weight', 'layer3.24.conv1.weight', 'layer3.24.conv2.weight', 'layer3.25.conv1.weight', 'layer3.25.conv2.weight', 'layer3.26.conv1.weight', 'layer3.26.conv2.weight', 'layer3.27.conv1.weight', 'layer3.27.conv2.weight', 'layer3.28.conv1.weight', 'layer3.28.conv2.weight', 'layer3.29.conv1.weight', 'layer3.29.conv2.weight', 'layer3.30.conv1.weight', 'layer3.30.conv2.weight', 'layer3.31.conv1.weight', 'layer3.31.conv2.weight', 'layer3.32.conv1.weight', 'layer3.32.conv2.weight', 'layer3.33.conv1.weight', 'layer3.33.conv2.weight', 'layer3.34.conv1.weight', 'layer3.34.conv2.weight', 'layer3.35.conv1.weight', 'layer3.35.conv2.weight', 'linear.weight', 'linear.bias']
2022-02-27 12:19:56,037 - runner - INFO: Layer names containing 'conv' : 217
2022-02-27 12:19:56,037 - runner - INFO: Layer names containing 'bn' : 217
2022-02-27 12:19:56,037 - runner - INFO: Non-trainable parameters (Thousands): 3461.69
2022-02-27 12:19:56,037 - runner - INFO: Trainable parameters (Thousands): 16.16
2022-02-27 12:19:56,037 - runner - INFO: Total Parameters (Thousands): 3477.85
2022-02-27 12:20:01,068 - runner - INFO: Using GPU: Tesla K80
2022-02-27 12:20:01,068 - runner - INFO: Using GPU: Tesla K80
2022-02-27 12:20:29,704 - runner - INFO: Using 45000 training samples, and 5000 validation samples.
2022-02-27 12:20:29,934 - runner - INFO: Begun training at epoch 1.
2022-02-27 12:23:07,625 - runner - INFO: Epoch 1/160 : train_acc:0.269, train_loss:1.933, val_acc:0.344, val_loss:1.767 (157.69s, ETA:7h:0m)
2022-02-27 12:23:07,625 - runner - DEBUG: Time split: train:148.78s val:8.39s
2022-02-27 12:23:07,626 - runner - DEBUG: Next learning rate: 0.1000
2022-02-27 12:25:40,774 - runner - INFO: Epoch 2/160 : train_acc:0.378, train_loss:1.649, val_acc:0.409, val_loss:1.560 (153.15s, ETA:6h:45m)
2022-02-27 12:25:40,775 - runner - DEBUG: Time split: train:144.44s val:8.17s
2022-02-27 12:25:40,775 - runner - DEBUG: Next learning rate: 0.1000
2022-02-27 12:28:11,806 - runner - INFO: Epoch 3/160 : train_acc:0.432, train_loss:1.530, val_acc:0.412, val_loss:1.597 (151.03s, ETA:6h:37m)
2022-02-27 12:28:11,806 - runner - DEBUG: Time split: train:142.52s val:8.03s
2022-02-27 12:28:11,807 - runner - DEBUG: Next learning rate: 0.1000
2022-02-27 12:30:43,067 - runner - INFO: Epoch 4/160 : train_acc:0.474, train_loss:1.436, val_acc:0.444, val_loss:1.565 (151.26s, ETA:6h:35m)
2022-02-27 12:30:43,068 - runner - DEBUG: Time split: train:142.74s val:7.95s
2022-02-27 12:30:43,068 - runner - DEBUG: Next learning rate: 0.1000
2022-02-27 12:33:14,759 - runner - INFO: Epoch 5/160 : train_acc:0.503, train_loss:1.362, val_acc:0.490, val_loss:1.436 (151.69s, ETA:6h:34m)
2022-02-27 12:33:14,759 - runner - DEBUG: Time split: train:143.16s val:8.03s
2022-02-27 12:33:14,759 - runner - DEBUG: Next learning rate: 0.1000
2022-02-27 12:35:47,810 - runner - INFO: Epoch 6/160 : train_acc:0.528, train_loss:1.304, val_acc:0.508, val_loss:1.341 (153.05s, ETA:6h:35m)
2022-02-27 12:35:47,811 - runner - DEBUG: Time split: train:144.45s val:8.03s
2022-02-27 12:35:47,811 - runner - DEBUG: Next learning rate: 0.1000
2022-02-27 12:38:19,499 - runner - INFO: Epoch 7/160 : train_acc:0.546, train_loss:1.259, val_acc:0.538, val_loss:1.275 (151.69s, ETA:6h:29m)
2022-02-27 12:38:19,499 - runner - DEBUG: Time split: train:143.09s val:8.05s
2022-02-27 12:38:19,499 - runner - DEBUG: Next learning rate: 0.1000
2022-02-27 12:40:51,967 - runner - INFO: Epoch 8/160 : train_acc:0.563, train_loss:1.214, val_acc:0.561, val_loss:1.209 (152.47s, ETA:6h:28m)
2022-02-27 12:40:51,967 - runner - DEBUG: Time split: train:143.77s val:8.18s
2022-02-27 12:40:51,968 - runner - DEBUG: Next learning rate: 0.1000
2022-02-27 12:43:23,611 - runner - INFO: Epoch 9/160 : train_acc:0.577, train_loss:1.180, val_acc:0.585, val_loss:1.138 (151.64s, ETA:6h:24m)
2022-02-27 12:43:23,611 - runner - DEBUG: Time split: train:143.07s val:8.02s
2022-02-27 12:43:23,611 - runner - DEBUG: Next learning rate: 0.1000
2022-02-27 12:45:56,510 - runner - INFO: Epoch 10/160 : train_acc:0.592, train_loss:1.147, val_acc:0.590, val_loss:1.134 (152.90s, ETA:6h:24m)
2022-02-27 12:45:56,510 - runner - DEBUG: Time split: train:144.30s val:8.04s
2022-02-27 12:45:56,510 - runner - DEBUG: Next learning rate: 0.1000
2022-02-27 12:48:29,173 - runner - INFO: Epoch 11/160 : train_acc:0.597, train_loss:1.126, val_acc:0.589, val_loss:1.134 (152.66s, ETA:6h:21m)
2022-02-27 12:48:29,173 - runner - DEBUG: Time split: train:143.98s val:8.16s
2022-02-27 12:48:29,173 - runner - DEBUG: Next learning rate: 0.1000
2022-02-27 12:51:01,485 - runner - INFO: Epoch 12/160 : train_acc:0.605, train_loss:1.105, val_acc:0.588, val_loss:1.133 (152.31s, ETA:6h:18m)
2022-02-27 12:51:01,485 - runner - DEBUG: Time split: train:143.55s val:8.22s
2022-02-27 12:51:01,485 - runner - DEBUG: Next learning rate: 0.1000
2022-02-27 12:53:33,425 - runner - INFO: Epoch 13/160 : train_acc:0.613, train_loss:1.086, val_acc:0.572, val_loss:1.287 (151.94s, ETA:6h:14m)
2022-02-27 12:53:33,426 - runner - DEBUG: Time split: train:143.51s val:7.92s
2022-02-27 12:53:33,426 - runner - DEBUG: Next learning rate: 0.1000
2022-02-27 12:56:05,895 - runner - INFO: Epoch 14/160 : train_acc:0.616, train_loss:1.072, val_acc:0.602, val_loss:1.112 (152.47s, ETA:6h:13m)
2022-02-27 12:56:05,895 - runner - DEBUG: Time split: train:143.75s val:8.22s
2022-02-27 12:56:05,895 - runner - DEBUG: Next learning rate: 0.1000
2022-02-27 12:58:36,857 - runner - INFO: Epoch 15/160 : train_acc:0.623, train_loss:1.060, val_acc:0.620, val_loss:1.086 (150.96s, ETA:6h:7m)
2022-02-27 12:58:36,857 - runner - DEBUG: Time split: train:142.48s val:7.95s
2022-02-27 12:58:36,857 - runner - DEBUG: Next learning rate: 0.1000
2022-02-27 13:01:08,885 - runner - INFO: Epoch 16/160 : train_acc:0.624, train_loss:1.049, val_acc:0.489, val_loss:1.534 (152.03s, ETA:6h:7m)
2022-02-27 13:01:08,885 - runner - DEBUG: Time split: train:143.09s val:8.41s
2022-02-27 13:01:08,886 - runner - DEBUG: Next learning rate: 0.1000
2022-02-27 13:03:41,405 - runner - INFO: Epoch 17/160 : train_acc:0.631, train_loss:1.038, val_acc:0.523, val_loss:1.410 (152.52s, ETA:6h:6m)
2022-02-27 13:03:41,405 - runner - DEBUG: Time split: train:144.00s val:8.02s
2022-02-27 13:03:41,405 - runner - DEBUG: Next learning rate: 0.1000
2022-02-27 13:06:13,745 - runner - INFO: Epoch 18/160 : train_acc:0.636, train_loss:1.027, val_acc:0.639, val_loss:1.016 (152.34s, ETA:6h:3m)
2022-02-27 13:06:13,745 - runner - DEBUG: Time split: train:143.54s val:8.24s
2022-02-27 13:06:13,745 - runner - DEBUG: Next learning rate: 0.1000
2022-02-27 13:08:44,471 - runner - INFO: Epoch 19/160 : train_acc:0.639, train_loss:1.016, val_acc:0.612, val_loss:1.120 (150.73s, ETA:5h:56m)
2022-02-27 13:08:44,472 - runner - DEBUG: Time split: train:142.19s val:8.03s
2022-02-27 13:08:44,472 - runner - DEBUG: Next learning rate: 0.1000
2022-02-27 13:11:15,440 - runner - INFO: Epoch 20/160 : train_acc:0.641, train_loss:1.010, val_acc:0.595, val_loss:1.193 (150.97s, ETA:5h:54m)
2022-02-27 13:11:15,440 - runner - DEBUG: Time split: train:142.29s val:8.13s
2022-02-27 13:11:15,441 - runner - DEBUG: Next learning rate: 0.1000
2022-02-27 13:13:48,225 - runner - INFO: Epoch 21/160 : train_acc:0.645, train_loss:1.001, val_acc:0.609, val_loss:1.177 (152.78s, ETA:5h:56m)
2022-02-27 13:13:48,225 - runner - DEBUG: Time split: train:144.16s val:8.12s
2022-02-27 13:13:48,225 - runner - DEBUG: Next learning rate: 0.1000
2022-02-27 13:16:20,082 - runner - INFO: Epoch 22/160 : train_acc:0.648, train_loss:0.993, val_acc:0.592, val_loss:1.192 (151.86s, ETA:5h:51m)
2022-02-27 13:16:20,082 - runner - DEBUG: Time split: train:143.02s val:8.27s
2022-02-27 13:16:20,082 - runner - DEBUG: Next learning rate: 0.1000
2022-02-27 13:18:52,100 - runner - INFO: Epoch 23/160 : train_acc:0.649, train_loss:0.989, val_acc:0.635, val_loss:1.060 (152.02s, ETA:5h:49m)
2022-02-27 13:18:52,100 - runner - DEBUG: Time split: train:143.56s val:7.91s
2022-02-27 13:18:52,100 - runner - DEBUG: Next learning rate: 0.1000
2022-02-27 13:21:24,522 - runner - INFO: Epoch 24/160 : train_acc:0.653, train_loss:0.980, val_acc:0.567, val_loss:1.275 (152.42s, ETA:5h:48m)
2022-02-27 13:21:24,523 - runner - DEBUG: Time split: train:143.77s val:8.16s
2022-02-27 13:21:24,523 - runner - DEBUG: Next learning rate: 0.1000
2022-02-27 13:23:56,043 - runner - INFO: Epoch 25/160 : train_acc:0.657, train_loss:0.975, val_acc:0.530, val_loss:1.441 (151.52s, ETA:5h:43m)
2022-02-27 13:23:56,043 - runner - DEBUG: Time split: train:142.97s val:8.04s
2022-02-27 13:23:56,044 - runner - DEBUG: Next learning rate: 0.1000
2022-02-27 13:26:28,069 - runner - INFO: Epoch 26/160 : train_acc:0.656, train_loss:0.972, val_acc:0.565, val_loss:1.333 (152.03s, ETA:5h:42m)
2022-02-27 13:26:28,069 - runner - DEBUG: Time split: train:143.44s val:8.07s
2022-02-27 13:26:28,069 - runner - DEBUG: Next learning rate: 0.1000
2022-02-27 13:28:59,470 - runner - INFO: Epoch 27/160 : train_acc:0.659, train_loss:0.965, val_acc:0.576, val_loss:1.322 (151.40s, ETA:5h:38m)
2022-02-27 13:28:59,470 - runner - DEBUG: Time split: train:142.85s val:8.01s
2022-02-27 13:28:59,470 - runner - DEBUG: Next learning rate: 0.1000
2022-02-27 13:31:30,916 - runner - INFO: Epoch 28/160 : train_acc:0.661, train_loss:0.959, val_acc:0.635, val_loss:1.084 (151.45s, ETA:5h:35m)
2022-02-27 13:31:30,917 - runner - DEBUG: Time split: train:142.84s val:8.10s
2022-02-27 13:31:30,917 - runner - DEBUG: Next learning rate: 0.1000
2022-02-27 13:34:03,219 - runner - INFO: Epoch 29/160 : train_acc:0.665, train_loss:0.952, val_acc:0.646, val_loss:1.063 (152.30s, ETA:5h:35m)
2022-02-27 13:34:03,220 - runner - DEBUG: Time split: train:143.55s val:8.20s
2022-02-27 13:34:03,220 - runner - DEBUG: Next learning rate: 0.1000
2022-02-27 13:36:34,868 - runner - INFO: Epoch 30/160 : train_acc:0.664, train_loss:0.949, val_acc:0.574, val_loss:1.308 (151.65s, ETA:5h:31m)
2022-02-27 13:36:34,868 - runner - DEBUG: Time split: train:143.05s val:8.06s
2022-02-27 13:36:34,868 - runner - DEBUG: Next learning rate: 0.1000
2022-02-27 13:39:06,285 - runner - INFO: Epoch 31/160 : train_acc:0.667, train_loss:0.940, val_acc:0.616, val_loss:1.137 (151.42s, ETA:5h:28m)
2022-02-27 13:39:06,286 - runner - DEBUG: Time split: train:142.60s val:8.20s
2022-02-27 13:39:06,286 - runner - DEBUG: Next learning rate: 0.1000
2022-02-27 13:41:37,656 - runner - INFO: Epoch 32/160 : train_acc:0.669, train_loss:0.938, val_acc:0.660, val_loss:0.979 (151.37s, ETA:5h:25m)
2022-02-27 13:41:37,656 - runner - DEBUG: Time split: train:142.82s val:8.00s
2022-02-27 13:41:37,656 - runner - DEBUG: Next learning rate: 0.1000
2022-02-27 13:44:10,951 - runner - INFO: Epoch 33/160 : train_acc:0.669, train_loss:0.935, val_acc:0.665, val_loss:0.970 (153.29s, ETA:5h:27m)
2022-02-27 13:44:10,951 - runner - DEBUG: Time split: train:144.62s val:8.16s
2022-02-27 13:44:10,951 - runner - DEBUG: Next learning rate: 0.1000
2022-02-27 13:46:43,369 - runner - INFO: Epoch 34/160 : train_acc:0.672, train_loss:0.931, val_acc:0.613, val_loss:1.165 (152.42s, ETA:5h:22m)
2022-02-27 13:46:43,369 - runner - DEBUG: Time split: train:143.94s val:7.94s
2022-02-27 13:46:43,369 - runner - DEBUG: Next learning rate: 0.1000
2022-02-27 13:49:15,014 - runner - INFO: Epoch 35/160 : train_acc:0.675, train_loss:0.929, val_acc:0.645, val_loss:1.008 (151.64s, ETA:5h:18m)
2022-02-27 13:49:15,015 - runner - DEBUG: Time split: train:143.11s val:8.01s
2022-02-27 13:49:15,015 - runner - DEBUG: Next learning rate: 0.1000
2022-02-27 13:51:46,276 - runner - INFO: Epoch 36/160 : train_acc:0.676, train_loss:0.925, val_acc:0.650, val_loss:0.986 (151.26s, ETA:5h:15m)
2022-02-27 13:51:46,276 - runner - DEBUG: Time split: train:142.60s val:8.13s
2022-02-27 13:51:46,276 - runner - DEBUG: Next learning rate: 0.1000
2022-02-27 13:54:18,664 - runner - INFO: Epoch 37/160 : train_acc:0.676, train_loss:0.926, val_acc:0.653, val_loss:0.983 (152.39s, ETA:5h:14m)
2022-02-27 13:54:18,665 - runner - DEBUG: Time split: train:143.65s val:8.18s
2022-02-27 13:54:18,665 - runner - DEBUG: Next learning rate: 0.1000
2022-02-27 13:56:50,791 - runner - INFO: Epoch 38/160 : train_acc:0.676, train_loss:0.920, val_acc:0.650, val_loss:0.985 (152.13s, ETA:5h:11m)
2022-02-27 13:56:50,791 - runner - DEBUG: Time split: train:143.47s val:8.10s
2022-02-27 13:56:50,791 - runner - DEBUG: Next learning rate: 0.1000
2022-02-27 13:59:22,682 - runner - INFO: Epoch 39/160 : train_acc:0.675, train_loss:0.918, val_acc:0.603, val_loss:1.207 (151.89s, ETA:5h:8m)
2022-02-27 13:59:22,683 - runner - DEBUG: Time split: train:143.31s val:8.07s
2022-02-27 13:59:22,683 - runner - DEBUG: Next learning rate: 0.1000
2022-02-27 14:01:54,180 - runner - INFO: Epoch 40/160 : train_acc:0.678, train_loss:0.914, val_acc:0.652, val_loss:1.019 (151.50s, ETA:5h:5m)
2022-02-27 14:01:54,180 - runner - DEBUG: Time split: train:142.97s val:8.01s
2022-02-27 14:01:54,181 - runner - DEBUG: Next learning rate: 0.1000
2022-02-27 14:04:25,859 - runner - INFO: Epoch 41/160 : train_acc:0.678, train_loss:0.912, val_acc:0.656, val_loss:0.994 (151.68s, ETA:5h:3m)
2022-02-27 14:04:25,859 - runner - DEBUG: Time split: train:143.14s val:7.96s
2022-02-27 14:04:25,860 - runner - DEBUG: Next learning rate: 0.1000
2022-02-27 14:06:57,983 - runner - INFO: Epoch 42/160 : train_acc:0.680, train_loss:0.910, val_acc:0.644, val_loss:1.028 (152.12s, ETA:5h:1m)
2022-02-27 14:06:57,984 - runner - DEBUG: Time split: train:143.60s val:8.02s
2022-02-27 14:06:57,984 - runner - DEBUG: Next learning rate: 0.1000
2022-02-27 14:09:29,715 - runner - INFO: Epoch 43/160 : train_acc:0.679, train_loss:0.909, val_acc:0.489, val_loss:1.726 (151.73s, ETA:4h:58m)
2022-02-27 14:09:29,715 - runner - DEBUG: Time split: train:143.19s val:7.99s
2022-02-27 14:09:29,715 - runner - DEBUG: Next learning rate: 0.1000
2022-02-27 14:12:01,557 - runner - INFO: Epoch 44/160 : train_acc:0.684, train_loss:0.902, val_acc:0.532, val_loss:1.517 (151.84s, ETA:4h:56m)
2022-02-27 14:12:01,558 - runner - DEBUG: Time split: train:143.18s val:8.09s
2022-02-27 14:12:01,558 - runner - DEBUG: Next learning rate: 0.1000
2022-02-27 14:14:34,026 - runner - INFO: Epoch 45/160 : train_acc:0.681, train_loss:0.901, val_acc:0.631, val_loss:1.088 (152.47s, ETA:4h:54m)
2022-02-27 14:14:34,027 - runner - DEBUG: Time split: train:143.68s val:8.25s
2022-02-27 14:14:34,027 - runner - DEBUG: Next learning rate: 0.1000
2022-02-27 14:17:05,777 - runner - INFO: Epoch 46/160 : train_acc:0.682, train_loss:0.901, val_acc:0.546, val_loss:1.373 (151.75s, ETA:4h:50m)
2022-02-27 14:17:05,777 - runner - DEBUG: Time split: train:142.80s val:8.42s
2022-02-27 14:17:05,777 - runner - DEBUG: Next learning rate: 0.1000
2022-02-27 14:19:37,192 - runner - INFO: Epoch 47/160 : train_acc:0.686, train_loss:0.896, val_acc:0.624, val_loss:1.133 (151.41s, ETA:4h:47m)
2022-02-27 14:19:37,193 - runner - DEBUG: Time split: train:142.61s val:8.29s
2022-02-27 14:19:37,193 - runner - DEBUG: Next learning rate: 0.1000
2022-02-27 14:22:09,121 - runner - INFO: Epoch 48/160 : train_acc:0.687, train_loss:0.894, val_acc:0.605, val_loss:1.161 (151.93s, ETA:4h:46m)
2022-02-27 14:22:09,121 - runner - DEBUG: Time split: train:143.08s val:8.31s
2022-02-27 14:22:09,121 - runner - DEBUG: Next learning rate: 0.1000
2022-02-27 14:24:41,667 - runner - INFO: Epoch 49/160 : train_acc:0.687, train_loss:0.895, val_acc:0.677, val_loss:0.922 (152.55s, ETA:4h:44m)
2022-02-27 14:24:41,667 - runner - DEBUG: Time split: train:143.78s val:8.16s
2022-02-27 14:24:41,667 - runner - DEBUG: Next learning rate: 0.1000
2022-02-27 14:27:13,647 - runner - INFO: Epoch 50/160 : train_acc:0.687, train_loss:0.890, val_acc:0.647, val_loss:1.051 (151.98s, ETA:4h:41m)
2022-02-27 14:27:13,648 - runner - DEBUG: Time split: train:143.39s val:8.04s
2022-02-27 14:27:13,648 - runner - DEBUG: Next learning rate: 0.1000
2022-02-27 14:29:44,948 - runner - INFO: Epoch 51/160 : train_acc:0.685, train_loss:0.891, val_acc:0.536, val_loss:1.570 (151.30s, ETA:4h:37m)
2022-02-27 14:29:44,948 - runner - DEBUG: Time split: train:142.64s val:8.11s
2022-02-27 14:29:44,949 - runner - DEBUG: Next learning rate: 0.1000
2022-02-27 14:32:16,791 - runner - INFO: Epoch 52/160 : train_acc:0.688, train_loss:0.888, val_acc:0.667, val_loss:0.973 (151.84s, ETA:4h:35m)
2022-02-27 14:32:16,791 - runner - DEBUG: Time split: train:143.24s val:8.06s
2022-02-27 14:32:16,791 - runner - DEBUG: Next learning rate: 0.1000
2022-02-27 14:34:49,882 - runner - INFO: Epoch 53/160 : train_acc:0.691, train_loss:0.884, val_acc:0.622, val_loss:1.100 (153.09s, ETA:4h:35m)
2022-02-27 14:34:49,882 - runner - DEBUG: Time split: train:144.41s val:8.13s
2022-02-27 14:34:49,882 - runner - DEBUG: Next learning rate: 0.1000
2022-02-27 14:37:22,368 - runner - INFO: Epoch 54/160 : train_acc:0.690, train_loss:0.881, val_acc:0.637, val_loss:1.098 (152.49s, ETA:4h:31m)
2022-02-27 14:37:22,368 - runner - DEBUG: Time split: train:143.76s val:8.17s
2022-02-27 14:37:22,368 - runner - DEBUG: Next learning rate: 0.1000
2022-02-27 14:39:54,206 - runner - INFO: Epoch 55/160 : train_acc:0.688, train_loss:0.883, val_acc:0.513, val_loss:1.553 (151.84s, ETA:4h:28m)
2022-02-27 14:39:54,206 - runner - DEBUG: Time split: train:143.10s val:8.21s
2022-02-27 14:39:54,207 - runner - DEBUG: Next learning rate: 0.1000
2022-02-27 14:42:25,709 - runner - INFO: Epoch 56/160 : train_acc:0.693, train_loss:0.875, val_acc:0.582, val_loss:1.226 (151.50s, ETA:4h:25m)
2022-02-27 14:42:25,709 - runner - DEBUG: Time split: train:142.90s val:8.07s
2022-02-27 14:42:25,710 - runner - DEBUG: Next learning rate: 0.1000
2022-02-27 14:44:57,822 - runner - INFO: Epoch 57/160 : train_acc:0.693, train_loss:0.880, val_acc:0.644, val_loss:1.040 (152.11s, ETA:4h:23m)
2022-02-27 14:44:57,822 - runner - DEBUG: Time split: train:143.54s val:8.01s
2022-02-27 14:44:57,822 - runner - DEBUG: Next learning rate: 0.1000
2022-02-27 14:47:30,048 - runner - INFO: Epoch 58/160 : train_acc:0.691, train_loss:0.878, val_acc:0.556, val_loss:1.408 (152.23s, ETA:4h:21m)
2022-02-27 14:47:30,049 - runner - DEBUG: Time split: train:143.69s val:8.03s
2022-02-27 14:47:30,049 - runner - DEBUG: Next learning rate: 0.1000
2022-02-27 14:50:01,379 - runner - INFO: Epoch 59/160 : train_acc:0.694, train_loss:0.871, val_acc:0.667, val_loss:0.984 (151.33s, ETA:4h:17m)
2022-02-27 14:50:01,380 - runner - DEBUG: Time split: train:142.64s val:8.14s
2022-02-27 14:50:01,380 - runner - DEBUG: Next learning rate: 0.1000
2022-02-27 14:52:32,726 - runner - INFO: Epoch 60/160 : train_acc:0.695, train_loss:0.873, val_acc:0.608, val_loss:1.174 (151.35s, ETA:4h:14m)
2022-02-27 14:52:32,726 - runner - DEBUG: Time split: train:142.70s val:8.11s
2022-02-27 14:52:32,727 - runner - DEBUG: Next learning rate: 0.1000
2022-02-27 14:55:04,649 - runner - INFO: Epoch 61/160 : train_acc:0.694, train_loss:0.870, val_acc:0.604, val_loss:1.200 (151.92s, ETA:4h:13m)
2022-02-27 14:55:04,649 - runner - DEBUG: Time split: train:143.14s val:8.23s
2022-02-27 14:55:04,649 - runner - DEBUG: Next learning rate: 0.1000
2022-02-27 14:57:35,928 - runner - INFO: Epoch 62/160 : train_acc:0.694, train_loss:0.874, val_acc:0.639, val_loss:1.041 (151.28s, ETA:4h:9m)
2022-02-27 14:57:35,928 - runner - DEBUG: Time split: train:142.80s val:7.96s
2022-02-27 14:57:35,928 - runner - DEBUG: Next learning rate: 0.1000
2022-02-27 15:00:06,785 - runner - INFO: Epoch 63/160 : train_acc:0.697, train_loss:0.864, val_acc:0.687, val_loss:0.893 (150.86s, ETA:4h:6m)
2022-02-27 15:00:06,786 - runner - DEBUG: Time split: train:142.13s val:8.25s
2022-02-27 15:00:06,786 - runner - DEBUG: Next learning rate: 0.1000
2022-02-27 15:02:38,821 - runner - INFO: Epoch 64/160 : train_acc:0.694, train_loss:0.873, val_acc:0.638, val_loss:1.077 (152.04s, ETA:4h:5m)
2022-02-27 15:02:38,822 - runner - DEBUG: Time split: train:143.41s val:8.07s
2022-02-27 15:02:38,822 - runner - DEBUG: Next learning rate: 0.1000
2022-02-27 15:05:11,447 - runner - INFO: Epoch 65/160 : train_acc:0.695, train_loss:0.869, val_acc:0.626, val_loss:1.110 (152.62s, ETA:4h:4m)
2022-02-27 15:05:11,447 - runner - DEBUG: Time split: train:144.01s val:8.08s
2022-02-27 15:05:11,447 - runner - DEBUG: Next learning rate: 0.1000
2022-02-27 15:07:44,077 - runner - INFO: Epoch 66/160 : train_acc:0.695, train_loss:0.871, val_acc:0.671, val_loss:0.959 (152.63s, ETA:4h:1m)
2022-02-27 15:07:44,077 - runner - DEBUG: Time split: train:143.99s val:8.09s
2022-02-27 15:07:44,077 - runner - DEBUG: Next learning rate: 0.1000
2022-02-27 15:10:15,327 - runner - INFO: Epoch 67/160 : train_acc:0.697, train_loss:0.867, val_acc:0.558, val_loss:1.325 (151.25s, ETA:3h:56m)
2022-02-27 15:10:15,328 - runner - DEBUG: Time split: train:142.71s val:8.03s
2022-02-27 15:10:15,328 - runner - DEBUG: Next learning rate: 0.1000
2022-02-27 15:12:47,864 - runner - INFO: Epoch 68/160 : train_acc:0.698, train_loss:0.865, val_acc:0.650, val_loss:1.025 (152.54s, ETA:3h:56m)
2022-02-27 15:12:47,864 - runner - DEBUG: Time split: train:143.86s val:8.14s
2022-02-27 15:12:47,864 - runner - DEBUG: Next learning rate: 0.1000
2022-02-27 15:15:20,505 - runner - INFO: Epoch 69/160 : train_acc:0.698, train_loss:0.864, val_acc:0.627, val_loss:1.129 (152.64s, ETA:3h:54m)
2022-02-27 15:15:20,505 - runner - DEBUG: Time split: train:143.98s val:8.13s
2022-02-27 15:15:20,505 - runner - DEBUG: Next learning rate: 0.1000
2022-02-27 15:17:52,558 - runner - INFO: Epoch 70/160 : train_acc:0.699, train_loss:0.864, val_acc:0.647, val_loss:1.061 (152.05s, ETA:3h:50m)
2022-02-27 15:17:52,558 - runner - DEBUG: Time split: train:143.35s val:8.13s
2022-02-27 15:17:52,558 - runner - DEBUG: Next learning rate: 0.1000
2022-02-27 15:20:24,402 - runner - INFO: Epoch 71/160 : train_acc:0.699, train_loss:0.862, val_acc:0.653, val_loss:1.039 (151.84s, ETA:3h:47m)
2022-02-27 15:20:24,402 - runner - DEBUG: Time split: train:143.20s val:8.02s
2022-02-27 15:20:24,402 - runner - DEBUG: Next learning rate: 0.1000
2022-02-27 15:22:55,634 - runner - INFO: Epoch 72/160 : train_acc:0.697, train_loss:0.863, val_acc:0.663, val_loss:0.992 (151.23s, ETA:3h:44m)
2022-02-27 15:22:55,635 - runner - DEBUG: Time split: train:142.60s val:8.06s
2022-02-27 15:22:55,635 - runner - DEBUG: Next learning rate: 0.1000
2022-02-27 15:25:27,213 - runner - INFO: Epoch 73/160 : train_acc:0.699, train_loss:0.860, val_acc:0.571, val_loss:1.327 (151.58s, ETA:3h:42m)
2022-02-27 15:25:27,213 - runner - DEBUG: Time split: train:143.05s val:8.00s
2022-02-27 15:25:27,213 - runner - DEBUG: Next learning rate: 0.1000
2022-02-27 15:27:59,119 - runner - INFO: Epoch 74/160 : train_acc:0.700, train_loss:0.860, val_acc:0.564, val_loss:1.282 (151.91s, ETA:3h:40m)
2022-02-27 15:27:59,119 - runner - DEBUG: Time split: train:143.35s val:8.02s
2022-02-27 15:27:59,119 - runner - DEBUG: Next learning rate: 0.1000
2022-02-27 15:30:31,535 - runner - INFO: Epoch 75/160 : train_acc:0.699, train_loss:0.860, val_acc:0.645, val_loss:1.046 (152.42s, ETA:3h:38m)
2022-02-27 15:30:31,535 - runner - DEBUG: Time split: train:143.81s val:8.06s
2022-02-27 15:30:31,535 - runner - DEBUG: Next learning rate: 0.1000
2022-02-27 15:33:04,022 - runner - INFO: Epoch 76/160 : train_acc:0.700, train_loss:0.858, val_acc:0.592, val_loss:1.212 (152.49s, ETA:3h:36m)
2022-02-27 15:33:04,023 - runner - DEBUG: Time split: train:143.73s val:8.21s
2022-02-27 15:33:04,023 - runner - DEBUG: Next learning rate: 0.1000
2022-02-27 15:35:36,639 - runner - INFO: Epoch 77/160 : train_acc:0.701, train_loss:0.854, val_acc:0.590, val_loss:1.247 (152.62s, ETA:3h:33m)
2022-02-27 15:35:36,639 - runner - DEBUG: Time split: train:144.16s val:7.91s
2022-02-27 15:35:36,639 - runner - DEBUG: Next learning rate: 0.1000
2022-02-27 15:38:08,329 - runner - INFO: Epoch 78/160 : train_acc:0.701, train_loss:0.854, val_acc:0.557, val_loss:1.368 (151.69s, ETA:3h:29m)
2022-02-27 15:38:08,329 - runner - DEBUG: Time split: train:142.88s val:8.29s
2022-02-27 15:38:08,329 - runner - DEBUG: Next learning rate: 0.1000
2022-02-27 15:40:40,920 - runner - INFO: Epoch 79/160 : train_acc:0.701, train_loss:0.857, val_acc:0.655, val_loss:1.022 (152.59s, ETA:3h:28m)
2022-02-27 15:40:40,921 - runner - DEBUG: Time split: train:144.09s val:7.99s
2022-02-27 15:40:40,921 - runner - DEBUG: Next learning rate: 0.1000
2022-02-27 15:43:12,555 - runner - INFO: Epoch 80/160 : train_acc:0.700, train_loss:0.854, val_acc:0.628, val_loss:1.082 (151.63s, ETA:3h:24m)
2022-02-27 15:43:12,555 - runner - DEBUG: Time split: train:143.05s val:8.00s
2022-02-27 15:43:12,555 - runner - DEBUG: Next learning rate: 0.0100
2022-02-27 15:45:44,536 - runner - INFO: Epoch 81/160 : train_acc:0.729, train_loss:0.780, val_acc:0.747, val_loss:0.731 (151.98s, ETA:3h:22m)
2022-02-27 15:45:44,536 - runner - DEBUG: Time split: train:143.30s val:8.14s
2022-02-27 15:45:44,536 - runner - DEBUG: Next learning rate: 0.0100
2022-02-27 15:48:17,011 - runner - INFO: Epoch 82/160 : train_acc:0.733, train_loss:0.765, val_acc:0.746, val_loss:0.726 (152.47s, ETA:3h:20m)
2022-02-27 15:48:17,012 - runner - DEBUG: Time split: train:143.61s val:8.30s
2022-02-27 15:48:17,012 - runner - DEBUG: Next learning rate: 0.0100
2022-02-27 15:50:49,218 - runner - INFO: Epoch 83/160 : train_acc:0.736, train_loss:0.762, val_acc:0.747, val_loss:0.724 (152.21s, ETA:3h:17m)
2022-02-27 15:50:49,218 - runner - DEBUG: Time split: train:143.57s val:8.10s
2022-02-27 15:50:49,218 - runner - DEBUG: Next learning rate: 0.0100
2022-02-27 15:53:21,760 - runner - INFO: Epoch 84/160 : train_acc:0.737, train_loss:0.754, val_acc:0.753, val_loss:0.713 (152.54s, ETA:3h:15m)
2022-02-27 15:53:21,760 - runner - DEBUG: Time split: train:143.92s val:8.10s
2022-02-27 15:53:21,760 - runner - DEBUG: Next learning rate: 0.0100
2022-02-27 15:55:53,402 - runner - INFO: Epoch 85/160 : train_acc:0.737, train_loss:0.754, val_acc:0.756, val_loss:0.714 (151.64s, ETA:3h:12m)
2022-02-27 15:55:53,402 - runner - DEBUG: Time split: train:143.11s val:8.02s
2022-02-27 15:55:53,403 - runner - DEBUG: Next learning rate: 0.0100
2022-02-27 15:58:25,763 - runner - INFO: Epoch 86/160 : train_acc:0.735, train_loss:0.755, val_acc:0.752, val_loss:0.719 (152.36s, ETA:3h:10m)
2022-02-27 15:58:25,763 - runner - DEBUG: Time split: train:143.77s val:8.09s
2022-02-27 15:58:25,763 - runner - DEBUG: Next learning rate: 0.0100
2022-02-27 16:00:57,994 - runner - INFO: Epoch 87/160 : train_acc:0.739, train_loss:0.751, val_acc:0.752, val_loss:0.720 (152.23s, ETA:3h:7m)
2022-02-27 16:00:57,994 - runner - DEBUG: Time split: train:143.72s val:7.94s
2022-02-27 16:00:57,994 - runner - DEBUG: Next learning rate: 0.0100
2022-02-27 16:03:30,027 - runner - INFO: Epoch 88/160 : train_acc:0.739, train_loss:0.748, val_acc:0.750, val_loss:0.721 (152.03s, ETA:3h:4m)
2022-02-27 16:03:30,027 - runner - DEBUG: Time split: train:143.43s val:8.09s
2022-02-27 16:03:30,027 - runner - DEBUG: Next learning rate: 0.0100
2022-02-27 16:06:01,462 - runner - INFO: Epoch 89/160 : train_acc:0.740, train_loss:0.748, val_acc:0.755, val_loss:0.713 (151.43s, ETA:3h:1m)
2022-02-27 16:06:01,462 - runner - DEBUG: Time split: train:142.85s val:8.04s
2022-02-27 16:06:01,462 - runner - DEBUG: Next learning rate: 0.0100
2022-02-27 16:08:33,599 - runner - INFO: Epoch 90/160 : train_acc:0.741, train_loss:0.744, val_acc:0.752, val_loss:0.711 (152.14s, ETA:3h:0m)
2022-02-27 16:08:33,599 - runner - DEBUG: Time split: train:143.62s val:7.99s
2022-02-27 16:08:33,599 - runner - DEBUG: Next learning rate: 0.0100
2022-02-27 16:11:05,717 - runner - INFO: Epoch 91/160 : train_acc:0.740, train_loss:0.745, val_acc:0.754, val_loss:0.714 (152.12s, ETA:2h:57m)
2022-02-27 16:11:05,717 - runner - DEBUG: Time split: train:143.14s val:8.39s
2022-02-27 16:11:05,718 - runner - DEBUG: Next learning rate: 0.0100
2022-02-27 16:13:37,296 - runner - INFO: Epoch 92/160 : train_acc:0.741, train_loss:0.744, val_acc:0.751, val_loss:0.713 (151.58s, ETA:2h:54m)
2022-02-27 16:13:37,297 - runner - DEBUG: Time split: train:142.88s val:8.14s
2022-02-27 16:13:37,297 - runner - DEBUG: Next learning rate: 0.0100
2022-02-27 16:16:09,917 - runner - INFO: Epoch 93/160 : train_acc:0.743, train_loss:0.743, val_acc:0.752, val_loss:0.712 (152.62s, ETA:2h:52m)
2022-02-27 16:16:09,917 - runner - DEBUG: Time split: train:143.78s val:8.30s
2022-02-27 16:16:09,917 - runner - DEBUG: Next learning rate: 0.0100
2022-02-27 16:18:42,221 - runner - INFO: Epoch 94/160 : train_acc:0.743, train_loss:0.744, val_acc:0.752, val_loss:0.715 (152.30s, ETA:2h:50m)
2022-02-27 16:18:42,222 - runner - DEBUG: Time split: train:143.76s val:8.01s
2022-02-27 16:18:42,222 - runner - DEBUG: Next learning rate: 0.0100
2022-02-27 16:21:14,030 - runner - INFO: Epoch 95/160 : train_acc:0.743, train_loss:0.738, val_acc:0.755, val_loss:0.708 (151.81s, ETA:2h:46m)
2022-02-27 16:21:14,030 - runner - DEBUG: Time split: train:143.01s val:8.26s
2022-02-27 16:21:14,030 - runner - DEBUG: Next learning rate: 0.0100
2022-02-27 16:23:46,590 - runner - INFO: Epoch 96/160 : train_acc:0.742, train_loss:0.741, val_acc:0.756, val_loss:0.707 (152.56s, ETA:2h:45m)
2022-02-27 16:23:46,591 - runner - DEBUG: Time split: train:143.97s val:8.03s
2022-02-27 16:23:46,591 - runner - DEBUG: Next learning rate: 0.0100
2022-02-27 16:26:18,293 - runner - INFO: Epoch 97/160 : train_acc:0.742, train_loss:0.737, val_acc:0.749, val_loss:0.720 (151.70s, ETA:2h:41m)
2022-02-27 16:26:18,294 - runner - DEBUG: Time split: train:143.13s val:8.02s
2022-02-27 16:26:18,294 - runner - DEBUG: Next learning rate: 0.0100
2022-02-27 16:28:50,560 - runner - INFO: Epoch 98/160 : train_acc:0.742, train_loss:0.739, val_acc:0.753, val_loss:0.706 (152.27s, ETA:2h:39m)
2022-02-27 16:28:50,560 - runner - DEBUG: Time split: train:143.63s val:8.06s
2022-02-27 16:28:50,560 - runner - DEBUG: Next learning rate: 0.0100
2022-02-27 16:31:22,871 - runner - INFO: Epoch 99/160 : train_acc:0.741, train_loss:0.743, val_acc:0.752, val_loss:0.708 (152.31s, ETA:2h:37m)
2022-02-27 16:31:22,872 - runner - DEBUG: Time split: train:143.64s val:8.13s
2022-02-27 16:31:22,872 - runner - DEBUG: Next learning rate: 0.0100
2022-02-27 16:33:55,161 - runner - INFO: Epoch 100/160 : train_acc:0.741, train_loss:0.740, val_acc:0.753, val_loss:0.712 (152.29s, ETA:2h:34m)
2022-02-27 16:33:55,162 - runner - DEBUG: Time split: train:143.70s val:8.03s
2022-02-27 16:33:55,162 - runner - DEBUG: Next learning rate: 0.0100
2022-02-27 16:36:27,772 - runner - INFO: Epoch 101/160 : train_acc:0.743, train_loss:0.735, val_acc:0.752, val_loss:0.709 (152.61s, ETA:2h:32m)
2022-02-27 16:36:27,772 - runner - DEBUG: Time split: train:144.03s val:8.03s
2022-02-27 16:36:27,772 - runner - DEBUG: Next learning rate: 0.0100
2022-02-27 16:39:00,099 - runner - INFO: Epoch 102/160 : train_acc:0.743, train_loss:0.737, val_acc:0.752, val_loss:0.707 (152.33s, ETA:2h:29m)
2022-02-27 16:39:00,099 - runner - DEBUG: Time split: train:143.83s val:7.99s
2022-02-27 16:39:00,099 - runner - DEBUG: Next learning rate: 0.0100
2022-02-27 16:41:31,300 - runner - INFO: Epoch 103/160 : train_acc:0.745, train_loss:0.737, val_acc:0.756, val_loss:0.709 (151.20s, ETA:2h:26m)
2022-02-27 16:41:31,301 - runner - DEBUG: Time split: train:142.69s val:7.98s
2022-02-27 16:41:31,301 - runner - DEBUG: Next learning rate: 0.0100
2022-02-27 16:44:03,666 - runner - INFO: Epoch 104/160 : train_acc:0.744, train_loss:0.732, val_acc:0.756, val_loss:0.706 (152.37s, ETA:2h:24m)
2022-02-27 16:44:03,667 - runner - DEBUG: Time split: train:143.68s val:8.13s
2022-02-27 16:44:03,667 - runner - DEBUG: Next learning rate: 0.0100
2022-02-27 16:46:34,975 - runner - INFO: Epoch 105/160 : train_acc:0.745, train_loss:0.736, val_acc:0.758, val_loss:0.701 (151.31s, ETA:2h:21m)
2022-02-27 16:46:34,976 - runner - DEBUG: Time split: train:142.73s val:8.05s
2022-02-27 16:46:34,976 - runner - DEBUG: Next learning rate: 0.0100
2022-02-27 16:49:08,706 - runner - INFO: Epoch 106/160 : train_acc:0.744, train_loss:0.736, val_acc:0.755, val_loss:0.708 (153.73s, ETA:2h:20m)
2022-02-27 16:49:08,707 - runner - DEBUG: Time split: train:144.93s val:8.27s
2022-02-27 16:49:08,707 - runner - DEBUG: Next learning rate: 0.0100
2022-02-27 16:51:39,944 - runner - INFO: Epoch 107/160 : train_acc:0.743, train_loss:0.736, val_acc:0.759, val_loss:0.705 (151.24s, ETA:2h:16m)
2022-02-27 16:51:39,944 - runner - DEBUG: Time split: train:142.57s val:8.15s
2022-02-27 16:51:39,944 - runner - DEBUG: Next learning rate: 0.0100
2022-02-27 16:54:11,200 - runner - INFO: Epoch 108/160 : train_acc:0.745, train_loss:0.734, val_acc:0.757, val_loss:0.704 (151.26s, ETA:2h:13m)
2022-02-27 16:54:11,201 - runner - DEBUG: Time split: train:142.81s val:7.93s
2022-02-27 16:54:11,201 - runner - DEBUG: Next learning rate: 0.0100
2022-02-27 16:56:42,710 - runner - INFO: Epoch 109/160 : train_acc:0.743, train_loss:0.734, val_acc:0.755, val_loss:0.701 (151.51s, ETA:2h:11m)
2022-02-27 16:56:42,710 - runner - DEBUG: Time split: train:143.11s val:7.92s
2022-02-27 16:56:42,710 - runner - DEBUG: Next learning rate: 0.0100
2022-02-27 16:59:14,091 - runner - INFO: Epoch 110/160 : train_acc:0.746, train_loss:0.731, val_acc:0.754, val_loss:0.704 (151.38s, ETA:2h:8m)
2022-02-27 16:59:14,091 - runner - DEBUG: Time split: train:143.03s val:7.81s
2022-02-27 16:59:14,092 - runner - DEBUG: Next learning rate: 0.0100
2022-02-27 17:01:44,754 - runner - INFO: Epoch 111/160 : train_acc:0.743, train_loss:0.740, val_acc:0.753, val_loss:0.712 (150.66s, ETA:2h:5m)
2022-02-27 17:01:44,754 - runner - DEBUG: Time split: train:142.16s val:7.98s
2022-02-27 17:01:44,754 - runner - DEBUG: Next learning rate: 0.0100
2022-02-27 17:04:16,840 - runner - INFO: Epoch 112/160 : train_acc:0.744, train_loss:0.732, val_acc:0.756, val_loss:0.704 (152.08s, ETA:2h:4m)
2022-02-27 17:04:16,840 - runner - DEBUG: Time split: train:143.60s val:7.92s
2022-02-27 17:04:16,840 - runner - DEBUG: Next learning rate: 0.0100
2022-02-27 17:06:47,789 - runner - INFO: Epoch 113/160 : train_acc:0.745, train_loss:0.730, val_acc:0.759, val_loss:0.705 (150.95s, ETA:2h:0m)
2022-02-27 17:06:47,789 - runner - DEBUG: Time split: train:142.54s val:7.90s
2022-02-27 17:06:47,789 - runner - DEBUG: Next learning rate: 0.0100
2022-02-27 17:09:18,267 - runner - INFO: Epoch 114/160 : train_acc:0.746, train_loss:0.730, val_acc:0.755, val_loss:0.709 (150.48s, ETA:1h:57m)
2022-02-27 17:09:18,267 - runner - DEBUG: Time split: train:141.96s val:8.03s
2022-02-27 17:09:18,268 - runner - DEBUG: Next learning rate: 0.0100
2022-02-27 17:11:50,055 - runner - INFO: Epoch 115/160 : train_acc:0.745, train_loss:0.734, val_acc:0.758, val_loss:0.708 (151.79s, ETA:1h:56m)
2022-02-27 17:11:50,055 - runner - DEBUG: Time split: train:143.36s val:7.93s
2022-02-27 17:11:50,055 - runner - DEBUG: Next learning rate: 0.0100
2022-02-27 17:14:21,002 - runner - INFO: Epoch 116/160 : train_acc:0.748, train_loss:0.732, val_acc:0.761, val_loss:0.694 (150.95s, ETA:1h:53m)
2022-02-27 17:14:21,003 - runner - DEBUG: Time split: train:142.55s val:7.88s
2022-02-27 17:14:21,003 - runner - DEBUG: Next learning rate: 0.0100
2022-02-27 17:16:51,895 - runner - INFO: Epoch 117/160 : train_acc:0.745, train_loss:0.732, val_acc:0.756, val_loss:0.702 (150.89s, ETA:1h:50m)
2022-02-27 17:16:51,895 - runner - DEBUG: Time split: train:142.47s val:7.87s
2022-02-27 17:16:51,895 - runner - DEBUG: Next learning rate: 0.0100
2022-02-27 17:19:22,904 - runner - INFO: Epoch 118/160 : train_acc:0.745, train_loss:0.735, val_acc:0.758, val_loss:0.703 (151.01s, ETA:1h:48m)
2022-02-27 17:19:22,904 - runner - DEBUG: Time split: train:142.60s val:7.90s
2022-02-27 17:19:22,905 - runner - DEBUG: Next learning rate: 0.0100
2022-02-27 17:21:52,520 - runner - INFO: Epoch 119/160 : train_acc:0.748, train_loss:0.728, val_acc:0.759, val_loss:0.707 (149.62s, ETA:1h:44m)
2022-02-27 17:21:52,520 - runner - DEBUG: Time split: train:141.16s val:7.91s
2022-02-27 17:21:52,521 - runner - DEBUG: Next learning rate: 0.0100
2022-02-27 17:24:24,016 - runner - INFO: Epoch 120/160 : train_acc:0.748, train_loss:0.729, val_acc:0.758, val_loss:0.701 (151.50s, ETA:1h:43m)
2022-02-27 17:24:24,016 - runner - DEBUG: Time split: train:143.03s val:7.96s
2022-02-27 17:24:24,017 - runner - DEBUG: Next learning rate: 0.0010
2022-02-27 17:26:56,483 - runner - INFO: Epoch 121/160 : train_acc:0.752, train_loss:0.717, val_acc:0.757, val_loss:0.693 (152.47s, ETA:1h:41m)
2022-02-27 17:26:56,484 - runner - DEBUG: Time split: train:143.79s val:8.14s
2022-02-27 17:26:56,484 - runner - DEBUG: Next learning rate: 0.0010
2022-02-27 17:29:28,480 - runner - INFO: Epoch 122/160 : train_acc:0.752, train_loss:0.716, val_acc:0.759, val_loss:0.693 (152.00s, ETA:1h:38m)
2022-02-27 17:29:28,480 - runner - DEBUG: Time split: train:143.35s val:8.13s
2022-02-27 17:29:28,481 - runner - DEBUG: Next learning rate: 0.0010
2022-02-27 17:32:00,274 - runner - INFO: Epoch 123/160 : train_acc:0.753, train_loss:0.713, val_acc:0.759, val_loss:0.694 (151.79s, ETA:1h:36m)
2022-02-27 17:32:00,274 - runner - DEBUG: Time split: train:143.24s val:8.04s
2022-02-27 17:32:00,275 - runner - DEBUG: Next learning rate: 0.0010
2022-02-27 17:34:32,297 - runner - INFO: Epoch 124/160 : train_acc:0.751, train_loss:0.715, val_acc:0.759, val_loss:0.693 (152.02s, ETA:1h:33m)
2022-02-27 17:34:32,297 - runner - DEBUG: Time split: train:143.46s val:8.04s
2022-02-27 17:34:32,297 - runner - DEBUG: Next learning rate: 0.0010
2022-02-27 17:37:03,558 - runner - INFO: Epoch 125/160 : train_acc:0.750, train_loss:0.715, val_acc:0.757, val_loss:0.694 (151.26s, ETA:1h:30m)
2022-02-27 17:37:03,559 - runner - DEBUG: Time split: train:142.68s val:8.09s
2022-02-27 17:37:03,559 - runner - DEBUG: Next learning rate: 0.0010
2022-02-27 17:39:33,953 - runner - INFO: Epoch 126/160 : train_acc:0.752, train_loss:0.711, val_acc:0.759, val_loss:0.694 (150.39s, ETA:1h:27m)
2022-02-27 17:39:33,954 - runner - DEBUG: Time split: train:141.94s val:7.94s
2022-02-27 17:39:33,954 - runner - DEBUG: Next learning rate: 0.0010
2022-02-27 17:42:05,835 - runner - INFO: Epoch 127/160 : train_acc:0.752, train_loss:0.716, val_acc:0.759, val_loss:0.693 (151.88s, ETA:1h:26m)
2022-02-27 17:42:05,836 - runner - DEBUG: Time split: train:143.03s val:8.33s
2022-02-27 17:42:05,836 - runner - DEBUG: Next learning rate: 0.0010
2022-02-27 17:44:37,465 - runner - INFO: Epoch 128/160 : train_acc:0.751, train_loss:0.715, val_acc:0.762, val_loss:0.691 (151.63s, ETA:1h:23m)
2022-02-27 17:44:37,466 - runner - DEBUG: Time split: train:143.06s val:8.02s
2022-02-27 17:44:37,466 - runner - DEBUG: Next learning rate: 0.0010
2022-02-27 17:47:09,056 - runner - INFO: Epoch 129/160 : train_acc:0.755, train_loss:0.710, val_acc:0.759, val_loss:0.692 (151.59s, ETA:1h:20m)
2022-02-27 17:47:09,056 - runner - DEBUG: Time split: train:142.74s val:8.31s
2022-02-27 17:47:09,056 - runner - DEBUG: Next learning rate: 0.0010
2022-02-27 17:49:40,667 - runner - INFO: Epoch 130/160 : train_acc:0.752, train_loss:0.714, val_acc:0.759, val_loss:0.692 (151.61s, ETA:1h:18m)
2022-02-27 17:49:40,667 - runner - DEBUG: Time split: train:143.18s val:7.92s
2022-02-27 17:49:40,667 - runner - DEBUG: Next learning rate: 0.0010
2022-02-27 17:52:12,552 - runner - INFO: Epoch 131/160 : train_acc:0.754, train_loss:0.711, val_acc:0.760, val_loss:0.691 (151.88s, ETA:1h:15m)
2022-02-27 17:52:12,552 - runner - DEBUG: Time split: train:143.30s val:8.03s
2022-02-27 17:52:12,552 - runner - DEBUG: Next learning rate: 0.0010
2022-02-27 17:54:44,163 - runner - INFO: Epoch 132/160 : train_acc:0.749, train_loss:0.715, val_acc:0.761, val_loss:0.689 (151.61s, ETA:1h:13m)
2022-02-27 17:54:44,163 - runner - DEBUG: Time split: train:142.95s val:8.14s
2022-02-27 17:54:44,164 - runner - DEBUG: Next learning rate: 0.0010
2022-02-27 17:57:14,919 - runner - INFO: Epoch 133/160 : train_acc:0.752, train_loss:0.711, val_acc:0.761, val_loss:0.691 (150.76s, ETA:1h:10m)
2022-02-27 17:57:14,920 - runner - DEBUG: Time split: train:142.25s val:7.92s
2022-02-27 17:57:14,920 - runner - DEBUG: Next learning rate: 0.0010
2022-02-27 17:59:46,505 - runner - INFO: Epoch 134/160 : train_acc:0.751, train_loss:0.711, val_acc:0.760, val_loss:0.690 (151.58s, ETA:1h:8m)
2022-02-27 17:59:46,505 - runner - DEBUG: Time split: train:143.13s val:7.90s
2022-02-27 17:59:46,505 - runner - DEBUG: Next learning rate: 0.0010
2022-02-27 18:02:18,020 - runner - INFO: Epoch 135/160 : train_acc:0.752, train_loss:0.715, val_acc:0.760, val_loss:0.690 (151.52s, ETA:1h:5m)
2022-02-27 18:02:18,021 - runner - DEBUG: Time split: train:142.94s val:8.04s
2022-02-27 18:02:18,021 - runner - DEBUG: Next learning rate: 0.0010
2022-02-27 18:04:49,417 - runner - INFO: Epoch 136/160 : train_acc:0.751, train_loss:0.713, val_acc:0.761, val_loss:0.688 (151.40s, ETA:1h:3m)
2022-02-27 18:04:49,418 - runner - DEBUG: Time split: train:142.93s val:7.96s
2022-02-27 18:04:49,418 - runner - DEBUG: Next learning rate: 0.0010
2022-02-27 18:07:20,606 - runner - INFO: Epoch 137/160 : train_acc:0.752, train_loss:0.712, val_acc:0.763, val_loss:0.687 (151.19s, ETA:1h:0m)
2022-02-27 18:07:20,606 - runner - DEBUG: Time split: train:142.61s val:8.04s
2022-02-27 18:07:20,607 - runner - DEBUG: Next learning rate: 0.0010
2022-02-27 18:09:51,640 - runner - INFO: Epoch 138/160 : train_acc:0.753, train_loss:0.711, val_acc:0.761, val_loss:0.687 (151.03s, ETA:0h:57m)
2022-02-27 18:09:51,641 - runner - DEBUG: Time split: train:142.62s val:7.91s
2022-02-27 18:09:51,641 - runner - DEBUG: Next learning rate: 0.0010
2022-02-27 18:12:22,613 - runner - INFO: Epoch 139/160 : train_acc:0.753, train_loss:0.713, val_acc:0.760, val_loss:0.689 (150.97s, ETA:0h:55m)
2022-02-27 18:12:22,614 - runner - DEBUG: Time split: train:142.53s val:7.90s
2022-02-27 18:12:22,614 - runner - DEBUG: Next learning rate: 0.0010
2022-02-27 18:14:53,001 - runner - INFO: Epoch 140/160 : train_acc:0.752, train_loss:0.710, val_acc:0.761, val_loss:0.688 (150.39s, ETA:0h:52m)
2022-02-27 18:14:53,002 - runner - DEBUG: Time split: train:141.93s val:7.94s
2022-02-27 18:14:53,002 - runner - DEBUG: Next learning rate: 0.0010
2022-02-27 18:17:24,113 - runner - INFO: Epoch 141/160 : train_acc:0.752, train_loss:0.712, val_acc:0.761, val_loss:0.688 (151.11s, ETA:0h:50m)
2022-02-27 18:17:24,113 - runner - DEBUG: Time split: train:142.52s val:8.05s
2022-02-27 18:17:24,113 - runner - DEBUG: Next learning rate: 0.0010
2022-02-27 18:19:54,827 - runner - INFO: Epoch 142/160 : train_acc:0.757, train_loss:0.704, val_acc:0.762, val_loss:0.688 (150.71s, ETA:0h:47m)
2022-02-27 18:19:54,827 - runner - DEBUG: Time split: train:142.22s val:7.90s
2022-02-27 18:19:54,828 - runner - DEBUG: Next learning rate: 0.0010
2022-02-27 18:22:25,913 - runner - INFO: Epoch 143/160 : train_acc:0.753, train_loss:0.708, val_acc:0.759, val_loss:0.689 (151.08s, ETA:0h:45m)
2022-02-27 18:22:25,913 - runner - DEBUG: Time split: train:142.66s val:7.93s
2022-02-27 18:22:25,913 - runner - DEBUG: Next learning rate: 0.0010
2022-02-27 18:24:56,831 - runner - INFO: Epoch 144/160 : train_acc:0.753, train_loss:0.709, val_acc:0.759, val_loss:0.688 (150.92s, ETA:0h:42m)
2022-02-27 18:24:56,831 - runner - DEBUG: Time split: train:142.59s val:7.81s
2022-02-27 18:24:56,832 - runner - DEBUG: Next learning rate: 0.0010
2022-02-27 18:27:29,457 - runner - INFO: Epoch 145/160 : train_acc:0.753, train_loss:0.709, val_acc:0.758, val_loss:0.689 (152.63s, ETA:0h:40m)
2022-02-27 18:27:29,458 - runner - DEBUG: Time split: train:143.94s val:8.18s
2022-02-27 18:27:29,458 - runner - DEBUG: Next learning rate: 0.0010
2022-02-27 18:30:01,175 - runner - INFO: Epoch 146/160 : train_acc:0.752, train_loss:0.714, val_acc:0.760, val_loss:0.688 (151.72s, ETA:0h:37m)
2022-02-27 18:30:01,175 - runner - DEBUG: Time split: train:143.36s val:7.84s
2022-02-27 18:30:01,175 - runner - DEBUG: Next learning rate: 0.0010
2022-02-27 18:32:33,079 - runner - INFO: Epoch 147/160 : train_acc:0.750, train_loss:0.713, val_acc:0.760, val_loss:0.688 (151.90s, ETA:0h:35m)
2022-02-27 18:32:33,079 - runner - DEBUG: Time split: train:143.32s val:8.03s
2022-02-27 18:32:33,080 - runner - DEBUG: Next learning rate: 0.0010
2022-02-27 18:35:04,953 - runner - INFO: Epoch 148/160 : train_acc:0.753, train_loss:0.712, val_acc:0.762, val_loss:0.689 (151.87s, ETA:0h:32m)
2022-02-27 18:35:04,954 - runner - DEBUG: Time split: train:143.19s val:8.16s
2022-02-27 18:35:04,954 - runner - DEBUG: Next learning rate: 0.0010
2022-02-27 18:37:36,593 - runner - INFO: Epoch 149/160 : train_acc:0.752, train_loss:0.709, val_acc:0.761, val_loss:0.687 (151.64s, ETA:0h:30m)
2022-02-27 18:37:36,593 - runner - DEBUG: Time split: train:143.11s val:7.96s
2022-02-27 18:37:36,593 - runner - DEBUG: Next learning rate: 0.0010
2022-02-27 18:40:07,678 - runner - INFO: Epoch 150/160 : train_acc:0.752, train_loss:0.709, val_acc:0.762, val_loss:0.689 (151.08s, ETA:0h:27m)
2022-02-27 18:40:07,678 - runner - DEBUG: Time split: train:142.46s val:8.10s
2022-02-27 18:40:07,678 - runner - DEBUG: Next learning rate: 0.0010
2022-02-27 18:42:39,650 - runner - INFO: Epoch 151/160 : train_acc:0.754, train_loss:0.708, val_acc:0.759, val_loss:0.687 (151.97s, ETA:0h:25m)
2022-02-27 18:42:39,650 - runner - DEBUG: Time split: train:143.33s val:8.10s
2022-02-27 18:42:39,650 - runner - DEBUG: Next learning rate: 0.0010
2022-02-27 18:45:10,935 - runner - INFO: Epoch 152/160 : train_acc:0.753, train_loss:0.708, val_acc:0.761, val_loss:0.688 (151.28s, ETA:0h:22m)
2022-02-27 18:45:10,935 - runner - DEBUG: Time split: train:142.78s val:7.96s
2022-02-27 18:45:10,935 - runner - DEBUG: Next learning rate: 0.0010
2022-02-27 18:47:43,028 - runner - INFO: Epoch 153/160 : train_acc:0.753, train_loss:0.710, val_acc:0.760, val_loss:0.687 (152.09s, ETA:0h:20m)
2022-02-27 18:47:43,028 - runner - DEBUG: Time split: train:143.61s val:7.97s
2022-02-27 18:47:43,029 - runner - DEBUG: Next learning rate: 0.0010
2022-02-27 18:50:14,543 - runner - INFO: Epoch 154/160 : train_acc:0.753, train_loss:0.709, val_acc:0.760, val_loss:0.687 (151.51s, ETA:0h:17m)
2022-02-27 18:50:14,544 - runner - DEBUG: Time split: train:143.01s val:8.00s
2022-02-27 18:50:14,544 - runner - DEBUG: Next learning rate: 0.0010
2022-02-27 18:52:46,012 - runner - INFO: Epoch 155/160 : train_acc:0.753, train_loss:0.711, val_acc:0.761, val_loss:0.688 (151.47s, ETA:0h:15m)
2022-02-27 18:52:46,012 - runner - DEBUG: Time split: train:143.06s val:7.89s
2022-02-27 18:52:46,012 - runner - DEBUG: Next learning rate: 0.0010
2022-02-27 18:55:17,539 - runner - INFO: Epoch 156/160 : train_acc:0.753, train_loss:0.710, val_acc:0.758, val_loss:0.689 (151.53s, ETA:0h:12m)
2022-02-27 18:55:17,539 - runner - DEBUG: Time split: train:143.10s val:7.88s
2022-02-27 18:55:17,539 - runner - DEBUG: Next learning rate: 0.0010
2022-02-27 18:57:49,244 - runner - INFO: Epoch 157/160 : train_acc:0.755, train_loss:0.709, val_acc:0.761, val_loss:0.686 (151.70s, ETA:0h:10m)
2022-02-27 18:57:49,244 - runner - DEBUG: Time split: train:143.22s val:7.92s
2022-02-27 18:57:49,244 - runner - DEBUG: Next learning rate: 0.0010
2022-02-27 19:00:21,096 - runner - INFO: Epoch 158/160 : train_acc:0.753, train_loss:0.706, val_acc:0.760, val_loss:0.687 (151.85s, ETA:0h:7m)
2022-02-27 19:00:21,097 - runner - DEBUG: Time split: train:143.33s val:8.00s
2022-02-27 19:00:21,097 - runner - DEBUG: Next learning rate: 0.0010
2022-02-27 19:02:51,995 - runner - INFO: Epoch 159/160 : train_acc:0.754, train_loss:0.709, val_acc:0.761, val_loss:0.688 (150.90s, ETA:0h:5m)
2022-02-27 19:02:51,995 - runner - DEBUG: Time split: train:142.38s val:7.97s
2022-02-27 19:02:51,995 - runner - DEBUG: Next learning rate: 0.0010
2022-02-27 19:05:23,432 - runner - INFO: Epoch 160/160 : train_acc:0.753, train_loss:0.708, val_acc:0.759, val_loss:0.686 (151.44s, ETA:0h:2m)
2022-02-27 19:05:23,432 - runner - DEBUG: Time split: train:142.85s val:8.04s
2022-02-27 19:05:23,432 - runner - DEBUG: Next learning rate: 0.0010
2022-02-27 19:05:39,411 - runner - INFO: Experiment Completed.
