2022-02-28 14:24:19,751 - runner - INFO: Froze parametrs: ['conv1.weight', 'layer1.0.conv1.weight', 'layer1.0.conv2.weight', 'layer1.1.conv1.weight', 'layer1.1.conv2.weight', 'layer1.2.conv1.weight', 'layer1.2.conv2.weight', 'layer1.3.conv1.weight', 'layer1.3.conv2.weight', 'layer1.4.conv1.weight', 'layer1.4.conv2.weight', 'layer1.5.conv1.weight', 'layer1.5.conv2.weight', 'layer1.6.conv1.weight', 'layer1.6.conv2.weight', 'layer1.7.conv1.weight', 'layer1.7.conv2.weight', 'layer1.8.conv1.weight', 'layer1.8.conv2.weight', 'layer1.9.conv1.weight', 'layer1.9.conv2.weight', 'layer1.10.conv1.weight', 'layer1.10.conv2.weight', 'layer1.11.conv1.weight', 'layer1.11.conv2.weight', 'layer1.12.conv1.weight', 'layer1.12.conv2.weight', 'layer1.13.conv1.weight', 'layer1.13.conv2.weight', 'layer1.14.conv1.weight', 'layer1.14.conv2.weight', 'layer1.15.conv1.weight', 'layer1.15.conv2.weight', 'layer1.16.conv1.weight', 'layer1.16.conv2.weight', 'layer1.17.conv1.weight', 'layer1.17.conv2.weight', 'layer2.0.conv1.weight', 'layer2.0.conv2.weight', 'layer2.1.conv1.weight', 'layer2.1.conv2.weight', 'layer2.2.conv1.weight', 'layer2.2.conv2.weight', 'layer2.3.conv1.weight', 'layer2.3.conv2.weight', 'layer2.4.conv1.weight', 'layer2.4.conv2.weight', 'layer2.5.conv1.weight', 'layer2.5.conv2.weight', 'layer2.6.conv1.weight', 'layer2.6.conv2.weight', 'layer2.7.conv1.weight', 'layer2.7.conv2.weight', 'layer2.8.conv1.weight', 'layer2.8.conv2.weight', 'layer2.9.conv1.weight', 'layer2.9.conv2.weight', 'layer2.10.conv1.weight', 'layer2.10.conv2.weight', 'layer2.11.conv1.weight', 'layer2.11.conv2.weight', 'layer2.12.conv1.weight', 'layer2.12.conv2.weight', 'layer2.13.conv1.weight', 'layer2.13.conv2.weight', 'layer2.14.conv1.weight', 'layer2.14.conv2.weight', 'layer2.15.conv1.weight', 'layer2.15.conv2.weight', 'layer2.16.conv1.weight', 'layer2.16.conv2.weight', 'layer2.17.conv1.weight', 'layer2.17.conv2.weight', 'layer3.0.conv1.weight', 'layer3.0.conv2.weight', 'layer3.1.conv1.weight', 'layer3.1.conv2.weight', 'layer3.2.conv1.weight', 'layer3.2.conv2.weight', 'layer3.3.conv1.weight', 'layer3.3.conv2.weight', 'layer3.4.conv1.weight', 'layer3.4.conv2.weight', 'layer3.5.conv1.weight', 'layer3.5.conv2.weight', 'layer3.6.conv1.weight', 'layer3.6.conv2.weight', 'layer3.7.conv1.weight', 'layer3.7.conv2.weight', 'layer3.8.conv1.weight', 'layer3.8.conv2.weight', 'layer3.9.conv1.weight', 'layer3.9.conv2.weight', 'layer3.10.conv1.weight', 'layer3.10.conv2.weight', 'layer3.11.conv1.weight', 'layer3.11.conv2.weight', 'layer3.12.conv1.weight', 'layer3.12.conv2.weight', 'layer3.13.conv1.weight', 'layer3.13.conv2.weight', 'layer3.14.conv1.weight', 'layer3.14.conv2.weight', 'layer3.15.conv1.weight', 'layer3.15.conv2.weight', 'layer3.16.conv1.weight', 'layer3.16.conv2.weight', 'layer3.17.conv1.weight', 'layer3.17.conv2.weight', 'linear.weight', 'linear.bias']
2022-02-28 14:24:19,752 - runner - INFO: Layer names containing 'conv' : 109
2022-02-28 14:24:19,752 - runner - INFO: Layer names containing 'bn' : 55
2022-02-28 14:24:19,752 - runner - INFO: Non-trainable parameters (Thousands): 1719.866
2022-02-28 14:24:19,752 - runner - INFO: Trainable parameters (Thousands): 4.064
2022-02-28 14:24:19,752 - runner - INFO: Total Parameters (Thousands): 1723.93
2022-02-28 14:24:24,624 - runner - INFO: Using GPU: Tesla K80
2022-02-28 14:24:24,624 - runner - INFO: Using GPU: Tesla K80
2022-02-28 14:24:31,900 - runner - INFO: Using 45000 training samples, and 5000 validation samples.
2022-02-28 14:24:31,954 - runner - INFO: Begun training at epoch 1.
2022-02-28 14:25:44,307 - runner - INFO: Epoch 1/160 : train_acc:0.239, train_loss:2.037, val_acc:0.300, val_loss:1.829 (72.35s, ETA:3h:12m)
2022-02-28 14:25:44,307 - runner - DEBUG: Time split: train:68.10s val:4.06s
2022-02-28 14:25:44,307 - runner - DEBUG: Next learning rate: 0.1000
2022-02-28 14:26:53,875 - runner - INFO: Epoch 2/160 : train_acc:0.339, train_loss:1.764, val_acc:0.338, val_loss:1.737 (69.57s, ETA:3h:4m)
2022-02-28 14:26:53,875 - runner - DEBUG: Time split: train:65.55s val:3.82s
2022-02-28 14:26:53,875 - runner - DEBUG: Next learning rate: 0.1000
2022-02-28 14:28:03,724 - runner - INFO: Epoch 3/160 : train_acc:0.373, train_loss:1.687, val_acc:0.362, val_loss:1.668 (69.85s, ETA:3h:3m)
2022-02-28 14:28:03,724 - runner - DEBUG: Time split: train:65.50s val:4.16s
2022-02-28 14:28:03,724 - runner - DEBUG: Next learning rate: 0.1000
2022-02-28 14:29:13,735 - runner - INFO: Epoch 4/160 : train_acc:0.393, train_loss:1.643, val_acc:0.355, val_loss:1.743 (70.01s, ETA:3h:3m)
2022-02-28 14:29:13,735 - runner - DEBUG: Time split: train:65.71s val:4.12s
2022-02-28 14:29:13,735 - runner - DEBUG: Next learning rate: 0.1000
2022-02-28 14:30:23,653 - runner - INFO: Epoch 5/160 : train_acc:0.406, train_loss:1.605, val_acc:0.393, val_loss:1.653 (69.92s, ETA:3h:1m)
2022-02-28 14:30:23,654 - runner - DEBUG: Time split: train:65.85s val:3.88s
2022-02-28 14:30:23,654 - runner - DEBUG: Next learning rate: 0.1000
2022-02-28 14:31:33,076 - runner - INFO: Epoch 6/160 : train_acc:0.419, train_loss:1.579, val_acc:0.379, val_loss:1.668 (69.42s, ETA:2h:59m)
2022-02-28 14:31:33,077 - runner - DEBUG: Time split: train:65.44s val:3.79s
2022-02-28 14:31:33,077 - runner - DEBUG: Next learning rate: 0.1000
2022-02-28 14:32:42,296 - runner - INFO: Epoch 7/160 : train_acc:0.426, train_loss:1.562, val_acc:0.428, val_loss:1.579 (69.22s, ETA:2h:57m)
2022-02-28 14:32:42,296 - runner - DEBUG: Time split: train:65.21s val:3.82s
2022-02-28 14:32:42,296 - runner - DEBUG: Next learning rate: 0.1000
2022-02-28 14:33:51,362 - runner - INFO: Epoch 8/160 : train_acc:0.434, train_loss:1.546, val_acc:0.425, val_loss:1.588 (69.07s, ETA:2h:56m)
2022-02-28 14:33:51,362 - runner - DEBUG: Time split: train:65.08s val:3.80s
2022-02-28 14:33:51,362 - runner - DEBUG: Next learning rate: 0.1000
2022-02-28 14:35:00,848 - runner - INFO: Epoch 9/160 : train_acc:0.440, train_loss:1.528, val_acc:0.439, val_loss:1.574 (69.49s, ETA:2h:56m)
2022-02-28 14:35:00,848 - runner - DEBUG: Time split: train:65.52s val:3.78s
2022-02-28 14:35:00,848 - runner - DEBUG: Next learning rate: 0.1000
2022-02-28 14:36:10,423 - runner - INFO: Epoch 10/160 : train_acc:0.443, train_loss:1.522, val_acc:0.446, val_loss:1.536 (69.57s, ETA:2h:55m)
2022-02-28 14:36:10,423 - runner - DEBUG: Time split: train:65.56s val:3.82s
2022-02-28 14:36:10,423 - runner - DEBUG: Next learning rate: 0.1000
2022-02-28 14:37:19,636 - runner - INFO: Epoch 11/160 : train_acc:0.445, train_loss:1.514, val_acc:0.419, val_loss:1.632 (69.21s, ETA:2h:53m)
2022-02-28 14:37:19,636 - runner - DEBUG: Time split: train:65.11s val:3.92s
2022-02-28 14:37:19,636 - runner - DEBUG: Next learning rate: 0.1000
2022-02-28 14:38:28,768 - runner - INFO: Epoch 12/160 : train_acc:0.453, train_loss:1.498, val_acc:0.445, val_loss:1.578 (69.13s, ETA:2h:51m)
2022-02-28 14:38:28,768 - runner - DEBUG: Time split: train:65.09s val:3.86s
2022-02-28 14:38:28,768 - runner - DEBUG: Next learning rate: 0.1000
2022-02-28 14:39:37,786 - runner - INFO: Epoch 13/160 : train_acc:0.455, train_loss:1.493, val_acc:0.424, val_loss:1.671 (69.02s, ETA:2h:50m)
2022-02-28 14:39:37,786 - runner - DEBUG: Time split: train:64.89s val:3.94s
2022-02-28 14:39:37,786 - runner - DEBUG: Next learning rate: 0.1000
2022-02-28 14:40:48,567 - runner - INFO: Epoch 14/160 : train_acc:0.459, train_loss:1.487, val_acc:0.407, val_loss:1.755 (70.78s, ETA:2h:53m)
2022-02-28 14:40:48,567 - runner - DEBUG: Time split: train:66.74s val:3.85s
2022-02-28 14:40:48,567 - runner - DEBUG: Next learning rate: 0.1000
2022-02-28 14:41:57,784 - runner - INFO: Epoch 15/160 : train_acc:0.462, train_loss:1.477, val_acc:0.404, val_loss:1.718 (69.22s, ETA:2h:48m)
2022-02-28 14:41:57,784 - runner - DEBUG: Time split: train:65.22s val:3.81s
2022-02-28 14:41:57,784 - runner - DEBUG: Next learning rate: 0.1000
2022-02-28 14:43:07,795 - runner - INFO: Epoch 16/160 : train_acc:0.464, train_loss:1.471, val_acc:0.452, val_loss:1.552 (70.01s, ETA:2h:49m)
2022-02-28 14:43:07,795 - runner - DEBUG: Time split: train:66.04s val:3.78s
2022-02-28 14:43:07,795 - runner - DEBUG: Next learning rate: 0.1000
2022-02-28 14:44:16,895 - runner - INFO: Epoch 17/160 : train_acc:0.466, train_loss:1.465, val_acc:0.468, val_loss:1.499 (69.10s, ETA:2h:45m)
2022-02-28 14:44:16,895 - runner - DEBUG: Time split: train:65.03s val:3.88s
2022-02-28 14:44:16,895 - runner - DEBUG: Next learning rate: 0.1000
2022-02-28 14:45:26,757 - runner - INFO: Epoch 18/160 : train_acc:0.469, train_loss:1.461, val_acc:0.406, val_loss:1.736 (69.86s, ETA:2h:46m)
2022-02-28 14:45:26,758 - runner - DEBUG: Time split: train:65.66s val:4.00s
2022-02-28 14:45:26,758 - runner - DEBUG: Next learning rate: 0.1000
2022-02-28 14:46:36,819 - runner - INFO: Epoch 19/160 : train_acc:0.470, train_loss:1.457, val_acc:0.491, val_loss:1.425 (70.06s, ETA:2h:45m)
2022-02-28 14:46:36,819 - runner - DEBUG: Time split: train:66.01s val:3.86s
2022-02-28 14:46:36,819 - runner - DEBUG: Next learning rate: 0.1000
2022-02-28 14:47:46,216 - runner - INFO: Epoch 20/160 : train_acc:0.471, train_loss:1.452, val_acc:0.479, val_loss:1.456 (69.40s, ETA:2h:43m)
2022-02-28 14:47:46,216 - runner - DEBUG: Time split: train:65.26s val:3.94s
2022-02-28 14:47:46,216 - runner - DEBUG: Next learning rate: 0.1000
2022-02-28 14:48:55,313 - runner - INFO: Epoch 21/160 : train_acc:0.472, train_loss:1.448, val_acc:0.428, val_loss:1.686 (69.10s, ETA:2h:41m)
2022-02-28 14:48:55,314 - runner - DEBUG: Time split: train:64.99s val:3.90s
2022-02-28 14:48:55,314 - runner - DEBUG: Next learning rate: 0.1000
2022-02-28 14:50:04,915 - runner - INFO: Epoch 22/160 : train_acc:0.476, train_loss:1.441, val_acc:0.469, val_loss:1.465 (69.60s, ETA:2h:41m)
2022-02-28 14:50:04,916 - runner - DEBUG: Time split: train:65.26s val:4.15s
2022-02-28 14:50:04,916 - runner - DEBUG: Next learning rate: 0.1000
2022-02-28 14:51:14,423 - runner - INFO: Epoch 23/160 : train_acc:0.478, train_loss:1.436, val_acc:0.474, val_loss:1.464 (69.51s, ETA:2h:39m)
2022-02-28 14:51:14,423 - runner - DEBUG: Time split: train:65.45s val:3.86s
2022-02-28 14:51:14,423 - runner - DEBUG: Next learning rate: 0.1000
2022-02-28 14:52:23,506 - runner - INFO: Epoch 24/160 : train_acc:0.481, train_loss:1.428, val_acc:0.483, val_loss:1.442 (69.08s, ETA:2h:37m)
2022-02-28 14:52:23,507 - runner - DEBUG: Time split: train:65.04s val:3.84s
2022-02-28 14:52:23,507 - runner - DEBUG: Next learning rate: 0.1000
2022-02-28 14:53:32,538 - runner - INFO: Epoch 25/160 : train_acc:0.485, train_loss:1.426, val_acc:0.481, val_loss:1.445 (69.03s, ETA:2h:36m)
2022-02-28 14:53:32,538 - runner - DEBUG: Time split: train:64.91s val:3.94s
2022-02-28 14:53:32,538 - runner - DEBUG: Next learning rate: 0.1000
2022-02-28 14:54:41,533 - runner - INFO: Epoch 26/160 : train_acc:0.485, train_loss:1.423, val_acc:0.463, val_loss:1.495 (68.99s, ETA:2h:35m)
2022-02-28 14:54:41,533 - runner - DEBUG: Time split: train:64.96s val:3.85s
2022-02-28 14:54:41,533 - runner - DEBUG: Next learning rate: 0.1000
2022-02-28 14:55:49,872 - runner - INFO: Epoch 27/160 : train_acc:0.486, train_loss:1.416, val_acc:0.474, val_loss:1.497 (68.34s, ETA:2h:32m)
2022-02-28 14:55:49,872 - runner - DEBUG: Time split: train:64.39s val:3.73s
2022-02-28 14:55:49,872 - runner - DEBUG: Next learning rate: 0.1000
2022-02-28 14:56:58,859 - runner - INFO: Epoch 28/160 : train_acc:0.487, train_loss:1.417, val_acc:0.482, val_loss:1.425 (68.99s, ETA:2h:32m)
2022-02-28 14:56:58,859 - runner - DEBUG: Time split: train:64.89s val:3.88s
2022-02-28 14:56:58,859 - runner - DEBUG: Next learning rate: 0.1000
2022-02-28 14:58:08,050 - runner - INFO: Epoch 29/160 : train_acc:0.490, train_loss:1.412, val_acc:0.507, val_loss:1.384 (69.19s, ETA:2h:32m)
2022-02-28 14:58:08,050 - runner - DEBUG: Time split: train:65.10s val:3.88s
2022-02-28 14:58:08,050 - runner - DEBUG: Next learning rate: 0.1000
2022-02-28 14:59:17,062 - runner - INFO: Epoch 30/160 : train_acc:0.493, train_loss:1.407, val_acc:0.472, val_loss:1.491 (69.01s, ETA:2h:30m)
2022-02-28 14:59:17,062 - runner - DEBUG: Time split: train:65.03s val:3.77s
2022-02-28 14:59:17,062 - runner - DEBUG: Next learning rate: 0.1000
2022-02-28 15:00:26,370 - runner - INFO: Epoch 31/160 : train_acc:0.493, train_loss:1.402, val_acc:0.484, val_loss:1.425 (69.31s, ETA:2h:30m)
2022-02-28 15:00:26,370 - runner - DEBUG: Time split: train:65.25s val:3.84s
2022-02-28 15:00:26,370 - runner - DEBUG: Next learning rate: 0.1000
2022-02-28 15:01:35,975 - runner - INFO: Epoch 32/160 : train_acc:0.491, train_loss:1.404, val_acc:0.465, val_loss:1.508 (69.60s, ETA:2h:29m)
2022-02-28 15:01:35,975 - runner - DEBUG: Time split: train:65.54s val:3.85s
2022-02-28 15:01:35,976 - runner - DEBUG: Next learning rate: 0.1000
2022-02-28 15:02:45,198 - runner - INFO: Epoch 33/160 : train_acc:0.494, train_loss:1.397, val_acc:0.484, val_loss:1.404 (69.22s, ETA:2h:27m)
2022-02-28 15:02:45,198 - runner - DEBUG: Time split: train:65.19s val:3.82s
2022-02-28 15:02:45,198 - runner - DEBUG: Next learning rate: 0.1000
2022-02-28 15:03:54,817 - runner - INFO: Epoch 34/160 : train_acc:0.497, train_loss:1.395, val_acc:0.456, val_loss:1.496 (69.62s, ETA:2h:27m)
2022-02-28 15:03:54,817 - runner - DEBUG: Time split: train:65.56s val:3.86s
2022-02-28 15:03:54,817 - runner - DEBUG: Next learning rate: 0.1000
2022-02-28 15:05:04,363 - runner - INFO: Epoch 35/160 : train_acc:0.495, train_loss:1.399, val_acc:0.492, val_loss:1.418 (69.55s, ETA:2h:26m)
2022-02-28 15:05:04,363 - runner - DEBUG: Time split: train:65.15s val:4.18s
2022-02-28 15:05:04,364 - runner - DEBUG: Next learning rate: 0.1000
2022-02-28 15:06:12,835 - runner - INFO: Epoch 36/160 : train_acc:0.496, train_loss:1.394, val_acc:0.517, val_loss:1.347 (68.47s, ETA:2h:22m)
2022-02-28 15:06:12,835 - runner - DEBUG: Time split: train:64.45s val:3.80s
2022-02-28 15:06:12,835 - runner - DEBUG: Next learning rate: 0.1000
2022-02-28 15:07:22,290 - runner - INFO: Epoch 37/160 : train_acc:0.499, train_loss:1.392, val_acc:0.488, val_loss:1.468 (69.46s, ETA:2h:23m)
2022-02-28 15:07:22,291 - runner - DEBUG: Time split: train:65.41s val:3.80s
2022-02-28 15:07:22,291 - runner - DEBUG: Next learning rate: 0.1000
2022-02-28 15:08:31,812 - runner - INFO: Epoch 38/160 : train_acc:0.499, train_loss:1.387, val_acc:0.425, val_loss:1.561 (69.52s, ETA:2h:22m)
2022-02-28 15:08:31,812 - runner - DEBUG: Time split: train:65.49s val:3.83s
2022-02-28 15:08:31,812 - runner - DEBUG: Next learning rate: 0.1000
2022-02-28 15:09:40,739 - runner - INFO: Epoch 39/160 : train_acc:0.498, train_loss:1.389, val_acc:0.412, val_loss:1.595 (68.93s, ETA:2h:20m)
2022-02-28 15:09:40,739 - runner - DEBUG: Time split: train:64.91s val:3.82s
2022-02-28 15:09:40,739 - runner - DEBUG: Next learning rate: 0.1000
2022-02-28 15:10:50,185 - runner - INFO: Epoch 40/160 : train_acc:0.500, train_loss:1.388, val_acc:0.451, val_loss:1.521 (69.45s, ETA:2h:20m)
2022-02-28 15:10:50,185 - runner - DEBUG: Time split: train:65.24s val:4.01s
2022-02-28 15:10:50,185 - runner - DEBUG: Next learning rate: 0.1000
2022-02-28 15:11:59,798 - runner - INFO: Epoch 41/160 : train_acc:0.501, train_loss:1.384, val_acc:0.467, val_loss:1.494 (69.61s, ETA:2h:19m)
2022-02-28 15:11:59,798 - runner - DEBUG: Time split: train:65.59s val:3.82s
2022-02-28 15:11:59,799 - runner - DEBUG: Next learning rate: 0.1000
2022-02-28 15:13:09,554 - runner - INFO: Epoch 42/160 : train_acc:0.504, train_loss:1.381, val_acc:0.466, val_loss:1.485 (69.75s, ETA:2h:18m)
2022-02-28 15:13:09,554 - runner - DEBUG: Time split: train:65.70s val:3.85s
2022-02-28 15:13:09,554 - runner - DEBUG: Next learning rate: 0.1000
2022-02-28 15:14:19,338 - runner - INFO: Epoch 43/160 : train_acc:0.505, train_loss:1.381, val_acc:0.462, val_loss:1.495 (69.78s, ETA:2h:17m)
2022-02-28 15:14:19,339 - runner - DEBUG: Time split: train:65.71s val:3.86s
2022-02-28 15:14:19,339 - runner - DEBUG: Next learning rate: 0.1000
2022-02-28 15:15:29,099 - runner - INFO: Epoch 44/160 : train_acc:0.506, train_loss:1.379, val_acc:0.496, val_loss:1.419 (69.76s, ETA:2h:16m)
2022-02-28 15:15:29,099 - runner - DEBUG: Time split: train:65.74s val:3.82s
2022-02-28 15:15:29,099 - runner - DEBUG: Next learning rate: 0.1000
2022-02-28 15:16:39,140 - runner - INFO: Epoch 45/160 : train_acc:0.502, train_loss:1.378, val_acc:0.491, val_loss:1.450 (70.04s, ETA:2h:15m)
2022-02-28 15:16:39,140 - runner - DEBUG: Time split: train:65.80s val:4.06s
2022-02-28 15:16:39,141 - runner - DEBUG: Next learning rate: 0.1000
2022-02-28 15:17:49,414 - runner - INFO: Epoch 46/160 : train_acc:0.505, train_loss:1.377, val_acc:0.477, val_loss:1.473 (70.27s, ETA:2h:14m)
2022-02-28 15:17:49,415 - runner - DEBUG: Time split: train:66.17s val:3.89s
2022-02-28 15:17:49,415 - runner - DEBUG: Next learning rate: 0.1000
2022-02-28 15:18:58,842 - runner - INFO: Epoch 47/160 : train_acc:0.505, train_loss:1.375, val_acc:0.496, val_loss:1.438 (69.43s, ETA:2h:11m)
2022-02-28 15:18:58,842 - runner - DEBUG: Time split: train:65.33s val:3.87s
2022-02-28 15:18:58,842 - runner - DEBUG: Next learning rate: 0.1000
2022-02-28 15:20:07,942 - runner - INFO: Epoch 48/160 : train_acc:0.509, train_loss:1.369, val_acc:0.453, val_loss:1.528 (69.10s, ETA:2h:10m)
2022-02-28 15:20:07,943 - runner - DEBUG: Time split: train:65.00s val:3.91s
2022-02-28 15:20:07,943 - runner - DEBUG: Next learning rate: 0.1000
2022-02-28 15:21:17,411 - runner - INFO: Epoch 49/160 : train_acc:0.509, train_loss:1.368, val_acc:0.506, val_loss:1.376 (69.47s, ETA:2h:9m)
2022-02-28 15:21:17,411 - runner - DEBUG: Time split: train:65.35s val:3.91s
2022-02-28 15:21:17,411 - runner - DEBUG: Next learning rate: 0.1000
2022-02-28 15:22:27,339 - runner - INFO: Epoch 50/160 : train_acc:0.505, train_loss:1.372, val_acc:0.463, val_loss:1.482 (69.93s, ETA:2h:9m)
2022-02-28 15:22:27,339 - runner - DEBUG: Time split: train:65.70s val:4.03s
2022-02-28 15:22:27,339 - runner - DEBUG: Next learning rate: 0.1000
2022-02-28 15:23:37,435 - runner - INFO: Epoch 51/160 : train_acc:0.506, train_loss:1.368, val_acc:0.480, val_loss:1.429 (70.10s, ETA:2h:8m)
2022-02-28 15:23:37,435 - runner - DEBUG: Time split: train:65.95s val:3.97s
2022-02-28 15:23:37,435 - runner - DEBUG: Next learning rate: 0.1000
2022-02-28 15:24:46,785 - runner - INFO: Epoch 52/160 : train_acc:0.513, train_loss:1.369, val_acc:0.506, val_loss:1.367 (69.35s, ETA:2h:5m)
2022-02-28 15:24:46,785 - runner - DEBUG: Time split: train:65.37s val:3.78s
2022-02-28 15:24:46,785 - runner - DEBUG: Next learning rate: 0.1000
2022-02-28 15:25:55,617 - runner - INFO: Epoch 53/160 : train_acc:0.508, train_loss:1.367, val_acc:0.466, val_loss:1.499 (68.83s, ETA:2h:3m)
2022-02-28 15:25:55,618 - runner - DEBUG: Time split: train:64.76s val:3.87s
2022-02-28 15:25:55,618 - runner - DEBUG: Next learning rate: 0.1000
2022-02-28 15:27:05,642 - runner - INFO: Epoch 54/160 : train_acc:0.511, train_loss:1.362, val_acc:0.474, val_loss:1.464 (70.02s, ETA:2h:4m)
2022-02-28 15:27:05,642 - runner - DEBUG: Time split: train:65.70s val:4.10s
2022-02-28 15:27:05,642 - runner - DEBUG: Next learning rate: 0.1000
2022-02-28 15:28:15,135 - runner - INFO: Epoch 55/160 : train_acc:0.513, train_loss:1.358, val_acc:0.475, val_loss:1.447 (69.49s, ETA:2h:2m)
2022-02-28 15:28:15,135 - runner - DEBUG: Time split: train:65.40s val:3.90s
2022-02-28 15:28:15,135 - runner - DEBUG: Next learning rate: 0.1000
2022-02-28 15:29:24,355 - runner - INFO: Epoch 56/160 : train_acc:0.509, train_loss:1.361, val_acc:0.506, val_loss:1.384 (69.22s, ETA:2h:1m)
2022-02-28 15:29:24,356 - runner - DEBUG: Time split: train:65.12s val:3.91s
2022-02-28 15:29:24,356 - runner - DEBUG: Next learning rate: 0.1000
2022-02-28 15:30:33,949 - runner - INFO: Epoch 57/160 : train_acc:0.514, train_loss:1.359, val_acc:0.506, val_loss:1.385 (69.59s, ETA:2h:0m)
2022-02-28 15:30:33,950 - runner - DEBUG: Time split: train:65.19s val:4.21s
2022-02-28 15:30:33,950 - runner - DEBUG: Next learning rate: 0.1000
2022-02-28 15:31:43,369 - runner - INFO: Epoch 58/160 : train_acc:0.514, train_loss:1.362, val_acc:0.503, val_loss:1.404 (69.42s, ETA:1h:59m)
2022-02-28 15:31:43,369 - runner - DEBUG: Time split: train:65.46s val:3.77s
2022-02-28 15:31:43,369 - runner - DEBUG: Next learning rate: 0.1000
2022-02-28 15:32:52,949 - runner - INFO: Epoch 59/160 : train_acc:0.512, train_loss:1.357, val_acc:0.507, val_loss:1.364 (69.58s, ETA:1h:58m)
2022-02-28 15:32:52,949 - runner - DEBUG: Time split: train:65.47s val:3.91s
2022-02-28 15:32:52,950 - runner - DEBUG: Next learning rate: 0.1000
2022-02-28 15:34:03,092 - runner - INFO: Epoch 60/160 : train_acc:0.513, train_loss:1.359, val_acc:0.488, val_loss:1.418 (70.14s, ETA:1h:58m)
2022-02-28 15:34:03,092 - runner - DEBUG: Time split: train:65.80s val:4.14s
2022-02-28 15:34:03,092 - runner - DEBUG: Next learning rate: 0.1000
2022-02-28 15:35:12,441 - runner - INFO: Epoch 61/160 : train_acc:0.511, train_loss:1.359, val_acc:0.476, val_loss:1.457 (69.35s, ETA:1h:55m)
2022-02-28 15:35:12,441 - runner - DEBUG: Time split: train:65.33s val:3.80s
2022-02-28 15:35:12,441 - runner - DEBUG: Next learning rate: 0.1000
2022-02-28 15:36:22,267 - runner - INFO: Epoch 62/160 : train_acc:0.515, train_loss:1.354, val_acc:0.463, val_loss:1.489 (69.83s, ETA:1h:55m)
2022-02-28 15:36:22,267 - runner - DEBUG: Time split: train:65.85s val:3.79s
2022-02-28 15:36:22,267 - runner - DEBUG: Next learning rate: 0.1000
2022-02-28 15:37:31,826 - runner - INFO: Epoch 63/160 : train_acc:0.513, train_loss:1.354, val_acc:0.514, val_loss:1.381 (69.56s, ETA:1h:53m)
2022-02-28 15:37:31,826 - runner - DEBUG: Time split: train:65.51s val:3.84s
2022-02-28 15:37:31,826 - runner - DEBUG: Next learning rate: 0.1000
2022-02-28 15:38:41,209 - runner - INFO: Epoch 64/160 : train_acc:0.513, train_loss:1.355, val_acc:0.460, val_loss:1.543 (69.38s, ETA:1h:52m)
2022-02-28 15:38:41,210 - runner - DEBUG: Time split: train:65.27s val:3.92s
2022-02-28 15:38:41,210 - runner - DEBUG: Next learning rate: 0.1000
2022-02-28 15:39:51,054 - runner - INFO: Epoch 65/160 : train_acc:0.514, train_loss:1.353, val_acc:0.526, val_loss:1.321 (69.84s, ETA:1h:51m)
2022-02-28 15:39:51,054 - runner - DEBUG: Time split: train:65.91s val:3.74s
2022-02-28 15:39:51,054 - runner - DEBUG: Next learning rate: 0.1000
2022-02-28 15:41:00,717 - runner - INFO: Epoch 66/160 : train_acc:0.513, train_loss:1.355, val_acc:0.521, val_loss:1.327 (69.66s, ETA:1h:50m)
2022-02-28 15:41:00,718 - runner - DEBUG: Time split: train:65.45s val:3.99s
2022-02-28 15:41:00,718 - runner - DEBUG: Next learning rate: 0.1000
2022-02-28 15:42:10,921 - runner - INFO: Epoch 67/160 : train_acc:0.514, train_loss:1.354, val_acc:0.498, val_loss:1.389 (70.20s, ETA:1h:49m)
2022-02-28 15:42:10,921 - runner - DEBUG: Time split: train:65.86s val:4.14s
2022-02-28 15:42:10,921 - runner - DEBUG: Next learning rate: 0.1000
2022-02-28 15:43:19,717 - runner - INFO: Epoch 68/160 : train_acc:0.512, train_loss:1.356, val_acc:0.519, val_loss:1.345 (68.80s, ETA:1h:46m)
2022-02-28 15:43:19,718 - runner - DEBUG: Time split: train:64.70s val:3.89s
2022-02-28 15:43:19,718 - runner - DEBUG: Next learning rate: 0.1000
2022-02-28 15:44:29,934 - runner - INFO: Epoch 69/160 : train_acc:0.514, train_loss:1.348, val_acc:0.459, val_loss:1.509 (70.22s, ETA:1h:47m)
2022-02-28 15:44:29,934 - runner - DEBUG: Time split: train:66.10s val:3.92s
2022-02-28 15:44:29,934 - runner - DEBUG: Next learning rate: 0.1000
2022-02-28 15:45:39,584 - runner - INFO: Epoch 70/160 : train_acc:0.511, train_loss:1.355, val_acc:0.465, val_loss:1.497 (69.65s, ETA:1h:45m)
2022-02-28 15:45:39,585 - runner - DEBUG: Time split: train:65.63s val:3.84s
2022-02-28 15:45:39,585 - runner - DEBUG: Next learning rate: 0.1000
2022-02-28 15:46:48,948 - runner - INFO: Epoch 71/160 : train_acc:0.513, train_loss:1.350, val_acc:0.498, val_loss:1.428 (69.36s, ETA:1h:44m)
2022-02-28 15:46:48,948 - runner - DEBUG: Time split: train:65.25s val:3.90s
2022-02-28 15:46:48,948 - runner - DEBUG: Next learning rate: 0.1000
2022-02-28 15:47:58,647 - runner - INFO: Epoch 72/160 : train_acc:0.515, train_loss:1.351, val_acc:0.513, val_loss:1.375 (69.70s, ETA:1h:43m)
2022-02-28 15:47:58,647 - runner - DEBUG: Time split: train:65.68s val:3.80s
2022-02-28 15:47:58,647 - runner - DEBUG: Next learning rate: 0.1000
2022-02-28 15:49:08,166 - runner - INFO: Epoch 73/160 : train_acc:0.514, train_loss:1.351, val_acc:0.523, val_loss:1.339 (69.52s, ETA:1h:41m)
2022-02-28 15:49:08,166 - runner - DEBUG: Time split: train:65.53s val:3.77s
2022-02-28 15:49:08,166 - runner - DEBUG: Next learning rate: 0.1000
2022-02-28 15:50:18,020 - runner - INFO: Epoch 74/160 : train_acc:0.515, train_loss:1.350, val_acc:0.472, val_loss:1.464 (69.85s, ETA:1h:41m)
2022-02-28 15:50:18,020 - runner - DEBUG: Time split: train:65.70s val:3.95s
2022-02-28 15:50:18,020 - runner - DEBUG: Next learning rate: 0.1000
2022-02-28 15:51:27,552 - runner - INFO: Epoch 75/160 : train_acc:0.514, train_loss:1.352, val_acc:0.528, val_loss:1.331 (69.53s, ETA:1h:39m)
2022-02-28 15:51:27,552 - runner - DEBUG: Time split: train:65.13s val:4.17s
2022-02-28 15:51:27,552 - runner - DEBUG: Next learning rate: 0.1000
2022-02-28 15:52:37,829 - runner - INFO: Epoch 76/160 : train_acc:0.518, train_loss:1.350, val_acc:0.507, val_loss:1.410 (70.28s, ETA:1h:39m)
2022-02-28 15:52:37,829 - runner - DEBUG: Time split: train:66.26s val:3.82s
2022-02-28 15:52:37,829 - runner - DEBUG: Next learning rate: 0.1000
2022-02-28 15:53:47,372 - runner - INFO: Epoch 77/160 : train_acc:0.518, train_loss:1.346, val_acc:0.490, val_loss:1.414 (69.54s, ETA:1h:37m)
2022-02-28 15:53:47,373 - runner - DEBUG: Time split: train:65.48s val:3.86s
2022-02-28 15:53:47,373 - runner - DEBUG: Next learning rate: 0.1000
2022-02-28 15:54:57,309 - runner - INFO: Epoch 78/160 : train_acc:0.518, train_loss:1.343, val_acc:0.502, val_loss:1.381 (69.94s, ETA:1h:36m)
2022-02-28 15:54:57,309 - runner - DEBUG: Time split: train:65.87s val:3.86s
2022-02-28 15:54:57,309 - runner - DEBUG: Next learning rate: 0.1000
2022-02-28 15:56:06,801 - runner - INFO: Epoch 79/160 : train_acc:0.516, train_loss:1.344, val_acc:0.516, val_loss:1.353 (69.49s, ETA:1h:34m)
2022-02-28 15:56:06,801 - runner - DEBUG: Time split: train:65.53s val:3.78s
2022-02-28 15:56:06,801 - runner - DEBUG: Next learning rate: 0.1000
2022-02-28 15:57:15,984 - runner - INFO: Epoch 80/160 : train_acc:0.517, train_loss:1.346, val_acc:0.495, val_loss:1.423 (69.18s, ETA:1h:33m)
2022-02-28 15:57:15,984 - runner - DEBUG: Time split: train:65.22s val:3.76s
2022-02-28 15:57:15,984 - runner - DEBUG: Next learning rate: 0.0100
2022-02-28 15:58:25,216 - runner - INFO: Epoch 81/160 : train_acc:0.531, train_loss:1.309, val_acc:0.545, val_loss:1.264 (69.23s, ETA:1h:32m)
2022-02-28 15:58:25,217 - runner - DEBUG: Time split: train:65.16s val:3.86s
2022-02-28 15:58:25,217 - runner - DEBUG: Next learning rate: 0.0100
2022-02-28 15:59:34,542 - runner - INFO: Epoch 82/160 : train_acc:0.537, train_loss:1.299, val_acc:0.546, val_loss:1.265 (69.33s, ETA:1h:31m)
2022-02-28 15:59:34,542 - runner - DEBUG: Time split: train:65.11s val:3.99s
2022-02-28 15:59:34,543 - runner - DEBUG: Next learning rate: 0.0100
2022-02-28 16:00:43,875 - runner - INFO: Epoch 83/160 : train_acc:0.536, train_loss:1.301, val_acc:0.548, val_loss:1.261 (69.33s, ETA:1h:30m)
2022-02-28 16:00:43,876 - runner - DEBUG: Time split: train:65.17s val:3.95s
2022-02-28 16:00:43,876 - runner - DEBUG: Next learning rate: 0.0100
2022-02-28 16:01:52,932 - runner - INFO: Epoch 84/160 : train_acc:0.538, train_loss:1.298, val_acc:0.550, val_loss:1.256 (69.06s, ETA:1h:28m)
2022-02-28 16:01:52,933 - runner - DEBUG: Time split: train:64.92s val:3.93s
2022-02-28 16:01:52,933 - runner - DEBUG: Next learning rate: 0.0100
2022-02-28 16:03:02,475 - runner - INFO: Epoch 85/160 : train_acc:0.535, train_loss:1.298, val_acc:0.548, val_loss:1.261 (69.54s, ETA:1h:28m)
2022-02-28 16:03:02,476 - runner - DEBUG: Time split: train:65.20s val:4.14s
2022-02-28 16:03:02,476 - runner - DEBUG: Next learning rate: 0.0100
2022-02-28 16:04:11,894 - runner - INFO: Epoch 86/160 : train_acc:0.534, train_loss:1.301, val_acc:0.554, val_loss:1.256 (69.42s, ETA:1h:26m)
2022-02-28 16:04:11,894 - runner - DEBUG: Time split: train:65.26s val:3.97s
2022-02-28 16:04:11,895 - runner - DEBUG: Next learning rate: 0.0100
2022-02-28 16:05:21,504 - runner - INFO: Epoch 87/160 : train_acc:0.536, train_loss:1.298, val_acc:0.540, val_loss:1.263 (69.61s, ETA:1h:25m)
2022-02-28 16:05:21,504 - runner - DEBUG: Time split: train:65.51s val:3.89s
2022-02-28 16:05:21,505 - runner - DEBUG: Next learning rate: 0.0100
2022-02-28 16:06:30,754 - runner - INFO: Epoch 88/160 : train_acc:0.535, train_loss:1.297, val_acc:0.546, val_loss:1.257 (69.25s, ETA:1h:24m)
2022-02-28 16:06:30,754 - runner - DEBUG: Time split: train:65.22s val:3.82s
2022-02-28 16:06:30,754 - runner - DEBUG: Next learning rate: 0.0100
2022-02-28 16:07:39,626 - runner - INFO: Epoch 89/160 : train_acc:0.537, train_loss:1.295, val_acc:0.541, val_loss:1.266 (68.87s, ETA:1h:22m)
2022-02-28 16:07:39,626 - runner - DEBUG: Time split: train:64.94s val:3.76s
2022-02-28 16:07:39,626 - runner - DEBUG: Next learning rate: 0.0100
2022-02-28 16:08:48,512 - runner - INFO: Epoch 90/160 : train_acc:0.540, train_loss:1.291, val_acc:0.552, val_loss:1.252 (68.89s, ETA:1h:21m)
2022-02-28 16:08:48,512 - runner - DEBUG: Time split: train:64.90s val:3.80s
2022-02-28 16:08:48,512 - runner - DEBUG: Next learning rate: 0.0100
2022-02-28 16:09:57,637 - runner - INFO: Epoch 91/160 : train_acc:0.534, train_loss:1.300, val_acc:0.557, val_loss:1.247 (69.13s, ETA:1h:20m)
2022-02-28 16:09:57,638 - runner - DEBUG: Time split: train:65.08s val:3.82s
2022-02-28 16:09:57,638 - runner - DEBUG: Next learning rate: 0.0100
2022-02-28 16:11:06,848 - runner - INFO: Epoch 92/160 : train_acc:0.535, train_loss:1.296, val_acc:0.551, val_loss:1.248 (69.21s, ETA:1h:19m)
2022-02-28 16:11:06,848 - runner - DEBUG: Time split: train:64.93s val:4.06s
2022-02-28 16:11:06,848 - runner - DEBUG: Next learning rate: 0.0100
2022-02-28 16:12:16,433 - runner - INFO: Epoch 93/160 : train_acc:0.537, train_loss:1.297, val_acc:0.543, val_loss:1.266 (69.58s, ETA:1h:18m)
2022-02-28 16:12:16,433 - runner - DEBUG: Time split: train:65.48s val:3.91s
2022-02-28 16:12:16,433 - runner - DEBUG: Next learning rate: 0.0100
2022-02-28 16:13:25,912 - runner - INFO: Epoch 94/160 : train_acc:0.536, train_loss:1.294, val_acc:0.545, val_loss:1.256 (69.48s, ETA:1h:17m)
2022-02-28 16:13:25,912 - runner - DEBUG: Time split: train:65.41s val:3.85s
2022-02-28 16:13:25,912 - runner - DEBUG: Next learning rate: 0.0100
2022-02-28 16:14:35,325 - runner - INFO: Epoch 95/160 : train_acc:0.540, train_loss:1.294, val_acc:0.542, val_loss:1.263 (69.41s, ETA:1h:16m)
2022-02-28 16:14:35,326 - runner - DEBUG: Time split: train:65.23s val:4.00s
2022-02-28 16:14:35,326 - runner - DEBUG: Next learning rate: 0.0100
2022-02-28 16:15:44,969 - runner - INFO: Epoch 96/160 : train_acc:0.536, train_loss:1.298, val_acc:0.550, val_loss:1.252 (69.64s, ETA:1h:15m)
2022-02-28 16:15:44,970 - runner - DEBUG: Time split: train:65.41s val:4.00s
2022-02-28 16:15:44,970 - runner - DEBUG: Next learning rate: 0.0100
2022-02-28 16:16:53,946 - runner - INFO: Epoch 97/160 : train_acc:0.537, train_loss:1.294, val_acc:0.539, val_loss:1.265 (68.98s, ETA:1h:13m)
2022-02-28 16:16:53,946 - runner - DEBUG: Time split: train:64.98s val:3.81s
2022-02-28 16:16:53,946 - runner - DEBUG: Next learning rate: 0.0100
2022-02-28 16:18:03,517 - runner - INFO: Epoch 98/160 : train_acc:0.536, train_loss:1.296, val_acc:0.533, val_loss:1.281 (69.57s, ETA:1h:13m)
2022-02-28 16:18:03,517 - runner - DEBUG: Time split: train:65.20s val:4.15s
2022-02-28 16:18:03,517 - runner - DEBUG: Next learning rate: 0.0100
2022-02-28 16:19:13,094 - runner - INFO: Epoch 99/160 : train_acc:0.539, train_loss:1.293, val_acc:0.547, val_loss:1.256 (69.58s, ETA:1h:11m)
2022-02-28 16:19:13,094 - runner - DEBUG: Time split: train:65.32s val:4.05s
2022-02-28 16:19:13,095 - runner - DEBUG: Next learning rate: 0.0100
2022-02-28 16:20:23,100 - runner - INFO: Epoch 100/160 : train_acc:0.539, train_loss:1.293, val_acc:0.549, val_loss:1.253 (70.00s, ETA:1h:11m)
2022-02-28 16:20:23,100 - runner - DEBUG: Time split: train:65.95s val:3.84s
2022-02-28 16:20:23,100 - runner - DEBUG: Next learning rate: 0.0100
2022-02-28 16:21:32,808 - runner - INFO: Epoch 101/160 : train_acc:0.538, train_loss:1.294, val_acc:0.550, val_loss:1.254 (69.71s, ETA:1h:9m)
2022-02-28 16:21:32,808 - runner - DEBUG: Time split: train:65.61s val:3.89s
2022-02-28 16:21:32,808 - runner - DEBUG: Next learning rate: 0.0100
2022-02-28 16:22:42,172 - runner - INFO: Epoch 102/160 : train_acc:0.538, train_loss:1.289, val_acc:0.546, val_loss:1.253 (69.36s, ETA:1h:8m)
2022-02-28 16:22:42,172 - runner - DEBUG: Time split: train:65.23s val:3.92s
2022-02-28 16:22:42,172 - runner - DEBUG: Next learning rate: 0.0100
2022-02-28 16:23:52,070 - runner - INFO: Epoch 103/160 : train_acc:0.538, train_loss:1.292, val_acc:0.537, val_loss:1.275 (69.90s, ETA:1h:7m)
2022-02-28 16:23:52,070 - runner - DEBUG: Time split: train:65.72s val:3.98s
2022-02-28 16:23:52,070 - runner - DEBUG: Next learning rate: 0.0100
2022-02-28 16:25:01,686 - runner - INFO: Epoch 104/160 : train_acc:0.539, train_loss:1.290, val_acc:0.547, val_loss:1.255 (69.62s, ETA:1h:6m)
2022-02-28 16:25:01,686 - runner - DEBUG: Time split: train:65.28s val:4.01s
2022-02-28 16:25:01,686 - runner - DEBUG: Next learning rate: 0.0100
2022-02-28 16:26:10,773 - runner - INFO: Epoch 105/160 : train_acc:0.538, train_loss:1.292, val_acc:0.542, val_loss:1.269 (69.09s, ETA:1h:4m)
2022-02-28 16:26:10,773 - runner - DEBUG: Time split: train:65.02s val:3.88s
2022-02-28 16:26:10,773 - runner - DEBUG: Next learning rate: 0.0100
2022-02-28 16:27:19,587 - runner - INFO: Epoch 106/160 : train_acc:0.536, train_loss:1.296, val_acc:0.549, val_loss:1.258 (68.81s, ETA:1h:3m)
2022-02-28 16:27:19,587 - runner - DEBUG: Time split: train:64.78s val:3.82s
2022-02-28 16:27:19,587 - runner - DEBUG: Next learning rate: 0.0100
2022-02-28 16:28:28,862 - runner - INFO: Epoch 107/160 : train_acc:0.538, train_loss:1.291, val_acc:0.549, val_loss:1.250 (69.27s, ETA:1h:2m)
2022-02-28 16:28:28,862 - runner - DEBUG: Time split: train:65.34s val:3.73s
2022-02-28 16:28:28,862 - runner - DEBUG: Next learning rate: 0.0100
2022-02-28 16:29:38,186 - runner - INFO: Epoch 108/160 : train_acc:0.539, train_loss:1.291, val_acc:0.548, val_loss:1.250 (69.32s, ETA:1h:1m)
2022-02-28 16:29:38,186 - runner - DEBUG: Time split: train:65.02s val:4.10s
2022-02-28 16:29:38,186 - runner - DEBUG: Next learning rate: 0.0100
2022-02-28 16:30:47,661 - runner - INFO: Epoch 109/160 : train_acc:0.537, train_loss:1.294, val_acc:0.544, val_loss:1.257 (69.47s, ETA:1h:0m)
2022-02-28 16:30:47,661 - runner - DEBUG: Time split: train:65.46s val:3.81s
2022-02-28 16:30:47,661 - runner - DEBUG: Next learning rate: 0.0100
2022-02-28 16:31:56,643 - runner - INFO: Epoch 110/160 : train_acc:0.540, train_loss:1.294, val_acc:0.551, val_loss:1.259 (68.98s, ETA:0h:58m)
2022-02-28 16:31:56,643 - runner - DEBUG: Time split: train:64.90s val:3.86s
2022-02-28 16:31:56,643 - runner - DEBUG: Next learning rate: 0.0100
2022-02-28 16:33:06,235 - runner - INFO: Epoch 111/160 : train_acc:0.540, train_loss:1.293, val_acc:0.540, val_loss:1.264 (69.59s, ETA:0h:57m)
2022-02-28 16:33:06,235 - runner - DEBUG: Time split: train:65.21s val:4.18s
2022-02-28 16:33:06,236 - runner - DEBUG: Next learning rate: 0.0100
2022-02-28 16:34:15,278 - runner - INFO: Epoch 112/160 : train_acc:0.539, train_loss:1.292, val_acc:0.549, val_loss:1.253 (69.04s, ETA:0h:56m)
2022-02-28 16:34:15,279 - runner - DEBUG: Time split: train:64.98s val:3.85s
2022-02-28 16:34:15,279 - runner - DEBUG: Next learning rate: 0.0100
2022-02-28 16:35:24,993 - runner - INFO: Epoch 113/160 : train_acc:0.539, train_loss:1.293, val_acc:0.552, val_loss:1.250 (69.71s, ETA:0h:55m)
2022-02-28 16:35:24,993 - runner - DEBUG: Time split: train:65.52s val:3.99s
2022-02-28 16:35:24,993 - runner - DEBUG: Next learning rate: 0.0100
2022-02-28 16:36:34,666 - runner - INFO: Epoch 114/160 : train_acc:0.537, train_loss:1.293, val_acc:0.547, val_loss:1.264 (69.67s, ETA:0h:54m)
2022-02-28 16:36:34,666 - runner - DEBUG: Time split: train:65.66s val:3.81s
2022-02-28 16:36:34,666 - runner - DEBUG: Next learning rate: 0.0100
2022-02-28 16:37:43,803 - runner - INFO: Epoch 115/160 : train_acc:0.538, train_loss:1.293, val_acc:0.548, val_loss:1.259 (69.14s, ETA:0h:53m)
2022-02-28 16:37:43,804 - runner - DEBUG: Time split: train:65.07s val:3.87s
2022-02-28 16:37:43,804 - runner - DEBUG: Next learning rate: 0.0100
2022-02-28 16:38:53,067 - runner - INFO: Epoch 116/160 : train_acc:0.537, train_loss:1.292, val_acc:0.550, val_loss:1.250 (69.26s, ETA:0h:51m)
2022-02-28 16:38:53,067 - runner - DEBUG: Time split: train:65.28s val:3.80s
2022-02-28 16:38:53,068 - runner - DEBUG: Next learning rate: 0.0100
2022-02-28 16:40:03,155 - runner - INFO: Epoch 117/160 : train_acc:0.538, train_loss:1.291, val_acc:0.542, val_loss:1.276 (70.09s, ETA:0h:51m)
2022-02-28 16:40:03,155 - runner - DEBUG: Time split: train:65.81s val:4.06s
2022-02-28 16:40:03,155 - runner - DEBUG: Next learning rate: 0.0100
2022-02-28 16:41:12,760 - runner - INFO: Epoch 118/160 : train_acc:0.540, train_loss:1.288, val_acc:0.545, val_loss:1.265 (69.60s, ETA:0h:49m)
2022-02-28 16:41:12,760 - runner - DEBUG: Time split: train:65.44s val:3.95s
2022-02-28 16:41:12,760 - runner - DEBUG: Next learning rate: 0.0100
2022-02-28 16:42:22,104 - runner - INFO: Epoch 119/160 : train_acc:0.539, train_loss:1.290, val_acc:0.540, val_loss:1.272 (69.34s, ETA:0h:48m)
2022-02-28 16:42:22,104 - runner - DEBUG: Time split: train:65.15s val:3.98s
2022-02-28 16:42:22,104 - runner - DEBUG: Next learning rate: 0.0100
2022-02-28 16:43:31,419 - runner - INFO: Epoch 120/160 : train_acc:0.539, train_loss:1.289, val_acc:0.551, val_loss:1.252 (69.31s, ETA:0h:47m)
2022-02-28 16:43:31,419 - runner - DEBUG: Time split: train:65.27s val:3.80s
2022-02-28 16:43:31,419 - runner - DEBUG: Next learning rate: 0.0010
2022-02-28 16:44:40,927 - runner - INFO: Epoch 121/160 : train_acc:0.541, train_loss:1.283, val_acc:0.553, val_loss:1.233 (69.51s, ETA:0h:46m)
2022-02-28 16:44:40,927 - runner - DEBUG: Time split: train:65.41s val:3.89s
2022-02-28 16:44:40,928 - runner - DEBUG: Next learning rate: 0.0010
2022-02-28 16:45:50,104 - runner - INFO: Epoch 122/160 : train_acc:0.542, train_loss:1.280, val_acc:0.553, val_loss:1.234 (69.18s, ETA:0h:44m)
2022-02-28 16:45:50,105 - runner - DEBUG: Time split: train:65.10s val:3.85s
2022-02-28 16:45:50,105 - runner - DEBUG: Next learning rate: 0.0010
2022-02-28 16:46:59,707 - runner - INFO: Epoch 123/160 : train_acc:0.544, train_loss:1.280, val_acc:0.551, val_loss:1.235 (69.60s, ETA:0h:44m)
2022-02-28 16:46:59,707 - runner - DEBUG: Time split: train:65.57s val:3.83s
2022-02-28 16:46:59,708 - runner - DEBUG: Next learning rate: 0.0010
2022-02-28 16:48:09,127 - runner - INFO: Epoch 124/160 : train_acc:0.544, train_loss:1.281, val_acc:0.552, val_loss:1.235 (69.42s, ETA:0h:42m)
2022-02-28 16:48:09,127 - runner - DEBUG: Time split: train:65.25s val:3.98s
2022-02-28 16:48:09,127 - runner - DEBUG: Next learning rate: 0.0010
2022-02-28 16:49:18,625 - runner - INFO: Epoch 125/160 : train_acc:0.544, train_loss:1.280, val_acc:0.553, val_loss:1.234 (69.50s, ETA:0h:41m)
2022-02-28 16:49:18,625 - runner - DEBUG: Time split: train:65.39s val:3.91s
2022-02-28 16:49:18,625 - runner - DEBUG: Next learning rate: 0.0010
2022-02-28 16:50:28,153 - runner - INFO: Epoch 126/160 : train_acc:0.543, train_loss:1.280, val_acc:0.552, val_loss:1.233 (69.53s, ETA:0h:40m)
2022-02-28 16:50:28,153 - runner - DEBUG: Time split: train:65.39s val:3.92s
2022-02-28 16:50:28,153 - runner - DEBUG: Next learning rate: 0.0010
2022-02-28 16:51:37,799 - runner - INFO: Epoch 127/160 : train_acc:0.542, train_loss:1.282, val_acc:0.551, val_loss:1.234 (69.65s, ETA:0h:39m)
2022-02-28 16:51:37,799 - runner - DEBUG: Time split: train:65.43s val:3.99s
2022-02-28 16:51:37,799 - runner - DEBUG: Next learning rate: 0.0010
2022-02-28 16:52:47,646 - runner - INFO: Epoch 128/160 : train_acc:0.538, train_loss:1.283, val_acc:0.553, val_loss:1.233 (69.85s, ETA:0h:38m)
2022-02-28 16:52:47,646 - runner - DEBUG: Time split: train:65.75s val:3.90s
2022-02-28 16:52:47,647 - runner - DEBUG: Next learning rate: 0.0010
2022-02-28 16:53:56,491 - runner - INFO: Epoch 129/160 : train_acc:0.543, train_loss:1.278, val_acc:0.550, val_loss:1.236 (68.84s, ETA:0h:36m)
2022-02-28 16:53:56,491 - runner - DEBUG: Time split: train:64.71s val:3.92s
2022-02-28 16:53:56,491 - runner - DEBUG: Next learning rate: 0.0010
2022-02-28 16:55:06,709 - runner - INFO: Epoch 130/160 : train_acc:0.542, train_loss:1.280, val_acc:0.553, val_loss:1.233 (70.22s, ETA:0h:36m)
2022-02-28 16:55:06,709 - runner - DEBUG: Time split: train:65.72s val:4.30s
2022-02-28 16:55:06,709 - runner - DEBUG: Next learning rate: 0.0010
2022-02-28 16:56:16,745 - runner - INFO: Epoch 131/160 : train_acc:0.543, train_loss:1.280, val_acc:0.551, val_loss:1.236 (70.04s, ETA:0h:35m)
2022-02-28 16:56:16,745 - runner - DEBUG: Time split: train:65.77s val:4.06s
2022-02-28 16:56:16,745 - runner - DEBUG: Next learning rate: 0.0010
2022-02-28 16:57:25,603 - runner - INFO: Epoch 132/160 : train_acc:0.541, train_loss:1.280, val_acc:0.552, val_loss:1.233 (68.86s, ETA:0h:33m)
2022-02-28 16:57:25,603 - runner - DEBUG: Time split: train:64.84s val:3.81s
2022-02-28 16:57:25,603 - runner - DEBUG: Next learning rate: 0.0010
2022-02-28 16:58:35,034 - runner - INFO: Epoch 133/160 : train_acc:0.543, train_loss:1.280, val_acc:0.552, val_loss:1.233 (69.43s, ETA:0h:32m)
2022-02-28 16:58:35,034 - runner - DEBUG: Time split: train:65.37s val:3.84s
2022-02-28 16:58:35,034 - runner - DEBUG: Next learning rate: 0.0010
2022-02-28 16:59:45,237 - runner - INFO: Epoch 134/160 : train_acc:0.545, train_loss:1.279, val_acc:0.553, val_loss:1.234 (70.20s, ETA:0h:31m)
2022-02-28 16:59:45,237 - runner - DEBUG: Time split: train:66.00s val:4.00s
2022-02-28 16:59:45,238 - runner - DEBUG: Next learning rate: 0.0010
2022-02-28 17:00:55,310 - runner - INFO: Epoch 135/160 : train_acc:0.539, train_loss:1.285, val_acc:0.551, val_loss:1.236 (70.07s, ETA:0h:30m)
2022-02-28 17:00:55,310 - runner - DEBUG: Time split: train:65.83s val:4.04s
2022-02-28 17:00:55,310 - runner - DEBUG: Next learning rate: 0.0010
2022-02-28 17:02:05,354 - runner - INFO: Epoch 136/160 : train_acc:0.543, train_loss:1.281, val_acc:0.553, val_loss:1.234 (70.04s, ETA:0h:29m)
2022-02-28 17:02:05,355 - runner - DEBUG: Time split: train:65.57s val:4.25s
2022-02-28 17:02:05,355 - runner - DEBUG: Next learning rate: 0.0010
2022-02-28 17:03:14,622 - runner - INFO: Epoch 137/160 : train_acc:0.544, train_loss:1.277, val_acc:0.552, val_loss:1.234 (69.27s, ETA:0h:27m)
2022-02-28 17:03:14,622 - runner - DEBUG: Time split: train:65.11s val:3.96s
2022-02-28 17:03:14,622 - runner - DEBUG: Next learning rate: 0.0010
2022-02-28 17:04:24,165 - runner - INFO: Epoch 138/160 : train_acc:0.541, train_loss:1.280, val_acc:0.553, val_loss:1.235 (69.54s, ETA:0h:26m)
2022-02-28 17:04:24,165 - runner - DEBUG: Time split: train:65.55s val:3.81s
2022-02-28 17:04:24,166 - runner - DEBUG: Next learning rate: 0.0010
2022-02-28 17:05:34,291 - runner - INFO: Epoch 139/160 : train_acc:0.541, train_loss:1.283, val_acc:0.552, val_loss:1.236 (70.13s, ETA:0h:25m)
2022-02-28 17:05:34,292 - runner - DEBUG: Time split: train:66.08s val:3.85s
2022-02-28 17:05:34,292 - runner - DEBUG: Next learning rate: 0.0010
2022-02-28 17:06:43,602 - runner - INFO: Epoch 140/160 : train_acc:0.544, train_loss:1.280, val_acc:0.552, val_loss:1.236 (69.31s, ETA:0h:24m)
2022-02-28 17:06:43,603 - runner - DEBUG: Time split: train:65.05s val:4.05s
2022-02-28 17:06:43,603 - runner - DEBUG: Next learning rate: 0.0010
2022-02-28 17:07:52,951 - runner - INFO: Epoch 141/160 : train_acc:0.541, train_loss:1.281, val_acc:0.554, val_loss:1.236 (69.35s, ETA:0h:23m)
2022-02-28 17:07:52,951 - runner - DEBUG: Time split: train:65.02s val:4.12s
2022-02-28 17:07:52,951 - runner - DEBUG: Next learning rate: 0.0010
2022-02-28 17:09:02,016 - runner - INFO: Epoch 142/160 : train_acc:0.541, train_loss:1.281, val_acc:0.556, val_loss:1.234 (69.06s, ETA:0h:21m)
2022-02-28 17:09:02,016 - runner - DEBUG: Time split: train:64.92s val:3.94s
2022-02-28 17:09:02,016 - runner - DEBUG: Next learning rate: 0.0010
2022-02-28 17:10:11,329 - runner - INFO: Epoch 143/160 : train_acc:0.542, train_loss:1.279, val_acc:0.552, val_loss:1.237 (69.31s, ETA:0h:20m)
2022-02-28 17:10:11,329 - runner - DEBUG: Time split: train:65.10s val:4.01s
2022-02-28 17:10:11,329 - runner - DEBUG: Next learning rate: 0.0010
2022-02-28 17:11:20,703 - runner - INFO: Epoch 144/160 : train_acc:0.542, train_loss:1.282, val_acc:0.553, val_loss:1.236 (69.37s, ETA:0h:19m)
2022-02-28 17:11:20,703 - runner - DEBUG: Time split: train:65.36s val:3.81s
2022-02-28 17:11:20,703 - runner - DEBUG: Next learning rate: 0.0010
2022-02-28 17:12:29,989 - runner - INFO: Epoch 145/160 : train_acc:0.540, train_loss:1.279, val_acc:0.553, val_loss:1.236 (69.29s, ETA:0h:18m)
2022-02-28 17:12:29,989 - runner - DEBUG: Time split: train:65.05s val:4.03s
2022-02-28 17:12:29,989 - runner - DEBUG: Next learning rate: 0.0010
2022-02-28 17:13:39,125 - runner - INFO: Epoch 146/160 : train_acc:0.541, train_loss:1.281, val_acc:0.555, val_loss:1.235 (69.14s, ETA:0h:17m)
2022-02-28 17:13:39,125 - runner - DEBUG: Time split: train:65.16s val:3.81s
2022-02-28 17:13:39,125 - runner - DEBUG: Next learning rate: 0.0010
2022-02-28 17:14:48,487 - runner - INFO: Epoch 147/160 : train_acc:0.543, train_loss:1.281, val_acc:0.554, val_loss:1.236 (69.36s, ETA:0h:16m)
2022-02-28 17:14:48,487 - runner - DEBUG: Time split: train:65.32s val:3.84s
2022-02-28 17:14:48,487 - runner - DEBUG: Next learning rate: 0.0010
2022-02-28 17:15:57,803 - runner - INFO: Epoch 148/160 : train_acc:0.540, train_loss:1.281, val_acc:0.554, val_loss:1.236 (69.32s, ETA:0h:15m)
2022-02-28 17:15:57,803 - runner - DEBUG: Time split: train:65.22s val:3.89s
2022-02-28 17:15:57,803 - runner - DEBUG: Next learning rate: 0.0010
2022-02-28 17:17:07,625 - runner - INFO: Epoch 149/160 : train_acc:0.544, train_loss:1.279, val_acc:0.555, val_loss:1.234 (69.82s, ETA:0h:13m)
2022-02-28 17:17:07,625 - runner - DEBUG: Time split: train:65.77s val:3.87s
2022-02-28 17:17:07,626 - runner - DEBUG: Next learning rate: 0.0010
2022-02-28 17:18:17,769 - runner - INFO: Epoch 150/160 : train_acc:0.541, train_loss:1.284, val_acc:0.556, val_loss:1.235 (70.14s, ETA:0h:12m)
2022-02-28 17:18:17,769 - runner - DEBUG: Time split: train:66.02s val:3.93s
2022-02-28 17:18:17,769 - runner - DEBUG: Next learning rate: 0.0010
2022-02-28 17:19:27,646 - runner - INFO: Epoch 151/160 : train_acc:0.545, train_loss:1.276, val_acc:0.553, val_loss:1.235 (69.88s, ETA:0h:11m)
2022-02-28 17:19:27,646 - runner - DEBUG: Time split: train:65.56s val:4.09s
2022-02-28 17:19:27,646 - runner - DEBUG: Next learning rate: 0.0010
2022-02-28 17:20:37,440 - runner - INFO: Epoch 152/160 : train_acc:0.541, train_loss:1.280, val_acc:0.554, val_loss:1.234 (69.79s, ETA:0h:10m)
2022-02-28 17:20:37,441 - runner - DEBUG: Time split: train:65.74s val:3.84s
2022-02-28 17:20:37,441 - runner - DEBUG: Next learning rate: 0.0010
2022-02-28 17:21:46,878 - runner - INFO: Epoch 153/160 : train_acc:0.543, train_loss:1.281, val_acc:0.553, val_loss:1.235 (69.44s, ETA:0h:9m)
2022-02-28 17:21:46,879 - runner - DEBUG: Time split: train:65.44s val:3.77s
2022-02-28 17:21:46,879 - runner - DEBUG: Next learning rate: 0.0010
2022-02-28 17:22:57,057 - runner - INFO: Epoch 154/160 : train_acc:0.543, train_loss:1.280, val_acc:0.552, val_loss:1.236 (70.18s, ETA:0h:8m)
2022-02-28 17:22:57,057 - runner - DEBUG: Time split: train:66.15s val:3.82s
2022-02-28 17:22:57,058 - runner - DEBUG: Next learning rate: 0.0010
2022-02-28 17:24:07,636 - runner - INFO: Epoch 155/160 : train_acc:0.540, train_loss:1.281, val_acc:0.554, val_loss:1.235 (70.58s, ETA:0h:7m)
2022-02-28 17:24:07,636 - runner - DEBUG: Time split: train:66.35s val:4.05s
2022-02-28 17:24:07,636 - runner - DEBUG: Next learning rate: 0.0010
2022-02-28 17:25:17,525 - runner - INFO: Epoch 156/160 : train_acc:0.541, train_loss:1.279, val_acc:0.551, val_loss:1.235 (69.89s, ETA:0h:5m)
2022-02-28 17:25:17,526 - runner - DEBUG: Time split: train:65.95s val:3.74s
2022-02-28 17:25:17,526 - runner - DEBUG: Next learning rate: 0.0010
2022-02-28 17:26:27,455 - runner - INFO: Epoch 157/160 : train_acc:0.540, train_loss:1.284, val_acc:0.554, val_loss:1.233 (69.93s, ETA:0h:4m)
2022-02-28 17:26:27,455 - runner - DEBUG: Time split: train:65.65s val:4.06s
2022-02-28 17:26:27,455 - runner - DEBUG: Next learning rate: 0.0010
2022-02-28 17:27:36,744 - runner - INFO: Epoch 158/160 : train_acc:0.542, train_loss:1.279, val_acc:0.552, val_loss:1.235 (69.29s, ETA:0h:3m)
2022-02-28 17:27:36,744 - runner - DEBUG: Time split: train:65.15s val:3.94s
2022-02-28 17:27:36,744 - runner - DEBUG: Next learning rate: 0.0010
2022-02-28 17:28:46,258 - runner - INFO: Epoch 159/160 : train_acc:0.542, train_loss:1.280, val_acc:0.553, val_loss:1.233 (69.51s, ETA:0h:2m)
2022-02-28 17:28:46,258 - runner - DEBUG: Time split: train:65.46s val:3.84s
2022-02-28 17:28:46,259 - runner - DEBUG: Next learning rate: 0.0010
2022-02-28 17:29:55,687 - runner - INFO: Epoch 160/160 : train_acc:0.542, train_loss:1.280, val_acc:0.556, val_loss:1.234 (69.43s, ETA:0h:1m)
2022-02-28 17:29:55,687 - runner - DEBUG: Time split: train:65.29s val:3.92s
2022-02-28 17:29:55,687 - runner - DEBUG: Next learning rate: 0.0010
2022-02-28 17:30:03,431 - runner - INFO: Experiment Completed.
