2022-03-08 14:59:31,753 - runner - INFO: Froze parametrs: ['conv1.weight', 'layer1.0.conv1.weight', 'layer1.0.conv2.weight', 'layer1.1.conv1.weight', 'layer1.1.conv2.weight', 'layer1.2.conv1.weight', 'layer1.2.conv2.weight', 'layer1.3.conv1.weight', 'layer1.3.conv2.weight', 'layer1.4.conv1.weight', 'layer1.4.conv2.weight', 'layer1.5.conv1.weight', 'layer1.5.conv2.weight', 'layer1.6.conv1.weight', 'layer1.6.conv2.weight', 'layer1.7.conv1.weight', 'layer1.7.conv2.weight', 'layer1.8.conv1.weight', 'layer1.8.conv2.weight', 'layer2.0.conv1.weight', 'layer2.0.conv2.weight', 'layer2.1.conv1.weight', 'layer2.1.conv2.weight', 'layer2.2.conv1.weight', 'layer2.2.conv2.weight', 'layer2.3.conv1.weight', 'layer2.3.conv2.weight', 'layer2.4.conv1.weight', 'layer2.4.conv2.weight', 'layer2.5.conv1.weight', 'layer2.5.conv2.weight', 'layer2.6.conv1.weight', 'layer2.6.conv2.weight', 'layer2.7.conv1.weight', 'layer2.7.conv2.weight', 'layer2.8.conv1.weight', 'layer2.8.conv2.weight', 'layer3.0.conv1.weight', 'layer3.0.conv2.weight', 'layer3.1.conv1.weight', 'layer3.1.conv2.weight', 'layer3.2.conv1.weight', 'layer3.2.conv2.weight', 'layer3.3.conv1.weight', 'layer3.3.conv2.weight', 'layer3.4.conv1.weight', 'layer3.4.conv2.weight', 'layer3.5.conv1.weight', 'layer3.5.conv2.weight', 'layer3.6.conv1.weight', 'layer3.6.conv2.weight', 'layer3.7.conv1.weight', 'layer3.7.conv2.weight', 'layer3.8.conv1.weight', 'layer3.8.conv2.weight', 'linear.weight', 'linear.bias']
2022-03-08 14:59:31,754 - runner - INFO: Unfrozen parametrs: [('bn1.weight', 16), ('bn1.bias', 16), ('layer1.0.bn1.weight', 16), ('layer1.0.bn1.bias', 16), ('layer1.0.bn2.weight', 16), ('layer1.0.bn2.bias', 16), ('layer1.1.bn1.weight', 16), ('layer1.1.bn1.bias', 16), ('layer1.1.bn2.weight', 16), ('layer1.1.bn2.bias', 16), ('layer1.2.bn1.weight', 16), ('layer1.2.bn1.bias', 16), ('layer1.2.bn2.weight', 16), ('layer1.2.bn2.bias', 16), ('layer1.3.bn1.weight', 16), ('layer1.3.bn1.bias', 16), ('layer1.3.bn2.weight', 16), ('layer1.3.bn2.bias', 16), ('layer1.4.bn1.weight', 16), ('layer1.4.bn1.bias', 16), ('layer1.4.bn2.weight', 16), ('layer1.4.bn2.bias', 16), ('layer1.5.bn1.weight', 16), ('layer1.5.bn1.bias', 16), ('layer1.5.bn2.weight', 16), ('layer1.5.bn2.bias', 16), ('layer1.6.bn1.weight', 16), ('layer1.6.bn1.bias', 16), ('layer1.6.bn2.weight', 16), ('layer1.6.bn2.bias', 16), ('layer1.7.bn1.weight', 16), ('layer1.7.bn1.bias', 16), ('layer1.7.bn2.weight', 16), ('layer1.7.bn2.bias', 16), ('layer1.8.bn1.weight', 16), ('layer1.8.bn1.bias', 16), ('layer1.8.bn2.weight', 16), ('layer1.8.bn2.bias', 16), ('layer2.0.bn1.weight', 32), ('layer2.0.bn1.bias', 32), ('layer2.0.bn2.weight', 32), ('layer2.0.bn2.bias', 32), ('layer2.1.bn1.weight', 32), ('layer2.1.bn1.bias', 32), ('layer2.1.bn2.weight', 32), ('layer2.1.bn2.bias', 32), ('layer2.2.bn1.weight', 32), ('layer2.2.bn1.bias', 32), ('layer2.2.bn2.weight', 32), ('layer2.2.bn2.bias', 32), ('layer2.3.bn1.weight', 32), ('layer2.3.bn1.bias', 32), ('layer2.3.bn2.weight', 32), ('layer2.3.bn2.bias', 32), ('layer2.4.bn1.weight', 32), ('layer2.4.bn1.bias', 32), ('layer2.4.bn2.weight', 32), ('layer2.4.bn2.bias', 32), ('layer2.5.bn1.weight', 32), ('layer2.5.bn1.bias', 32), ('layer2.5.bn2.weight', 32), ('layer2.5.bn2.bias', 32), ('layer2.6.bn1.weight', 32), ('layer2.6.bn1.bias', 32), ('layer2.6.bn2.weight', 32), ('layer2.6.bn2.bias', 32), ('layer2.7.bn1.weight', 32), ('layer2.7.bn1.bias', 32), ('layer2.7.bn2.weight', 32), ('layer2.7.bn2.bias', 32), ('layer2.8.bn1.weight', 32), ('layer2.8.bn1.bias', 32), ('layer2.8.bn2.weight', 32), ('layer2.8.bn2.bias', 32), ('layer3.0.bn1.weight', 64), ('layer3.0.bn1.bias', 64), ('layer3.0.bn2.weight', 64), ('layer3.0.bn2.bias', 64), ('layer3.1.bn1.weight', 64), ('layer3.1.bn1.bias', 64), ('layer3.1.bn2.weight', 64), ('layer3.1.bn2.bias', 64), ('layer3.2.bn1.weight', 64), ('layer3.2.bn1.bias', 64), ('layer3.2.bn2.weight', 64), ('layer3.2.bn2.bias', 64), ('layer3.3.bn1.weight', 64), ('layer3.3.bn1.bias', 64), ('layer3.3.bn2.weight', 64), ('layer3.3.bn2.bias', 64), ('layer3.4.bn1.weight', 64), ('layer3.4.bn1.bias', 64), ('layer3.4.bn2.weight', 64), ('layer3.4.bn2.bias', 64), ('layer3.5.bn1.weight', 64), ('layer3.5.bn1.bias', 64), ('layer3.5.bn2.weight', 64), ('layer3.5.bn2.bias', 64), ('layer3.6.bn1.weight', 64), ('layer3.6.bn1.bias', 64), ('layer3.6.bn2.weight', 64), ('layer3.6.bn2.bias', 64), ('layer3.7.bn1.weight', 64), ('layer3.7.bn1.bias', 64), ('layer3.7.bn2.weight', 64), ('layer3.7.bn2.bias', 64), ('layer3.8.bn1.weight', 64), ('layer3.8.bn1.bias', 64), ('layer3.8.bn2.weight', 64), ('layer3.8.bn2.bias', 64)]
2022-03-08 14:59:31,755 - runner - INFO: Layer names containing 'conv' : 55
2022-03-08 14:59:31,755 - runner - INFO: Layer names containing 'bn' : 55
2022-03-08 14:59:31,755 - runner - INFO: Non-trainable parameters (Thousands): 848.954
2022-03-08 14:59:31,755 - runner - INFO: Trainable parameters (Thousands): 4.064
2022-03-08 14:59:31,755 - runner - INFO: Total Parameters (Thousands): 853.018
2022-03-08 14:59:35,672 - runner - INFO: Using GPU: Tesla K80
2022-03-08 14:59:35,672 - runner - INFO: Using GPU: Tesla K80
2022-03-08 14:59:41,803 - runner - INFO: Using 45000 training samples, and 5000 validation samples.
2022-03-08 14:59:42,008 - runner - INFO: Begun training at epoch 1.
2022-03-08 15:00:27,212 - runner - INFO: Epoch 1/160 : train_acc:0.258, train_loss:2.007, val_acc:0.310, val_loss:1.838 (45.20s, ETA:2h:0m)
2022-03-08 15:00:27,212 - runner - DEBUG: Time split: train:42.74s val:2.30s
2022-03-08 15:00:27,212 - runner - DEBUG: Next learning rate: 0.1000
2022-03-08 15:01:06,991 - runner - INFO: Epoch 2/160 : train_acc:0.345, train_loss:1.744, val_acc:0.368, val_loss:1.680 (39.78s, ETA:1h:45m)
2022-03-08 15:01:06,991 - runner - DEBUG: Time split: train:37.40s val:2.25s
2022-03-08 15:01:06,991 - runner - DEBUG: Next learning rate: 0.1000
2022-03-08 15:01:46,403 - runner - INFO: Epoch 3/160 : train_acc:0.384, train_loss:1.651, val_acc:0.405, val_loss:1.593 (39.41s, ETA:1h:43m)
2022-03-08 15:01:46,403 - runner - DEBUG: Time split: train:37.02s val:2.25s
2022-03-08 15:01:46,403 - runner - DEBUG: Next learning rate: 0.1000
2022-03-08 15:02:26,026 - runner - INFO: Epoch 4/160 : train_acc:0.413, train_loss:1.582, val_acc:0.398, val_loss:1.582 (39.62s, ETA:1h:43m)
2022-03-08 15:02:26,026 - runner - DEBUG: Time split: train:37.23s val:2.25s
2022-03-08 15:02:26,027 - runner - DEBUG: Next learning rate: 0.1000
2022-03-08 15:03:05,765 - runner - INFO: Epoch 5/160 : train_acc:0.433, train_loss:1.532, val_acc:0.393, val_loss:1.643 (39.74s, ETA:1h:43m)
2022-03-08 15:03:05,765 - runner - DEBUG: Time split: train:37.32s val:2.27s
2022-03-08 15:03:05,765 - runner - DEBUG: Next learning rate: 0.1000
2022-03-08 15:03:45,412 - runner - INFO: Epoch 6/160 : train_acc:0.444, train_loss:1.505, val_acc:0.429, val_loss:1.533 (39.65s, ETA:1h:42m)
2022-03-08 15:03:45,412 - runner - DEBUG: Time split: train:37.27s val:2.24s
2022-03-08 15:03:45,412 - runner - DEBUG: Next learning rate: 0.1000
2022-03-08 15:04:25,137 - runner - INFO: Epoch 7/160 : train_acc:0.456, train_loss:1.481, val_acc:0.465, val_loss:1.446 (39.72s, ETA:1h:41m)
2022-03-08 15:04:25,137 - runner - DEBUG: Time split: train:37.20s val:2.36s
2022-03-08 15:04:25,137 - runner - DEBUG: Next learning rate: 0.1000
2022-03-08 15:05:04,591 - runner - INFO: Epoch 8/160 : train_acc:0.463, train_loss:1.462, val_acc:0.473, val_loss:1.424 (39.45s, ETA:1h:40m)
2022-03-08 15:05:04,591 - runner - DEBUG: Time split: train:37.01s val:2.30s
2022-03-08 15:05:04,591 - runner - DEBUG: Next learning rate: 0.1000
2022-03-08 15:05:44,124 - runner - INFO: Epoch 9/160 : train_acc:0.470, train_loss:1.444, val_acc:0.454, val_loss:1.515 (39.53s, ETA:1h:40m)
2022-03-08 15:05:44,124 - runner - DEBUG: Time split: train:37.00s val:2.40s
2022-03-08 15:05:44,124 - runner - DEBUG: Next learning rate: 0.1000
2022-03-08 15:06:23,626 - runner - INFO: Epoch 10/160 : train_acc:0.479, train_loss:1.424, val_acc:0.474, val_loss:1.473 (39.50s, ETA:1h:39m)
2022-03-08 15:06:23,626 - runner - DEBUG: Time split: train:37.14s val:2.19s
2022-03-08 15:06:23,626 - runner - DEBUG: Next learning rate: 0.1000
2022-03-08 15:07:02,969 - runner - INFO: Epoch 11/160 : train_acc:0.484, train_loss:1.410, val_acc:0.470, val_loss:1.503 (39.34s, ETA:1h:38m)
2022-03-08 15:07:02,969 - runner - DEBUG: Time split: train:36.71s val:2.49s
2022-03-08 15:07:02,969 - runner - DEBUG: Next learning rate: 0.1000
2022-03-08 15:07:42,662 - runner - INFO: Epoch 12/160 : train_acc:0.493, train_loss:1.391, val_acc:0.504, val_loss:1.361 (39.69s, ETA:1h:38m)
2022-03-08 15:07:42,662 - runner - DEBUG: Time split: train:37.15s val:2.41s
2022-03-08 15:07:42,662 - runner - DEBUG: Next learning rate: 0.1000
2022-03-08 15:08:22,350 - runner - INFO: Epoch 13/160 : train_acc:0.500, train_loss:1.380, val_acc:0.482, val_loss:1.449 (39.69s, ETA:1h:37m)
2022-03-08 15:08:22,350 - runner - DEBUG: Time split: train:37.25s val:2.29s
2022-03-08 15:08:22,351 - runner - DEBUG: Next learning rate: 0.1000
2022-03-08 15:09:02,237 - runner - INFO: Epoch 14/160 : train_acc:0.504, train_loss:1.369, val_acc:0.502, val_loss:1.361 (39.89s, ETA:1h:37m)
2022-03-08 15:09:02,238 - runner - DEBUG: Time split: train:37.25s val:2.46s
2022-03-08 15:09:02,238 - runner - DEBUG: Next learning rate: 0.1000
2022-03-08 15:09:41,399 - runner - INFO: Epoch 15/160 : train_acc:0.507, train_loss:1.357, val_acc:0.500, val_loss:1.385 (39.16s, ETA:1h:35m)
2022-03-08 15:09:41,399 - runner - DEBUG: Time split: train:36.76s val:2.26s
2022-03-08 15:09:41,399 - runner - DEBUG: Next learning rate: 0.1000
2022-03-08 15:10:20,852 - runner - INFO: Epoch 16/160 : train_acc:0.515, train_loss:1.345, val_acc:0.507, val_loss:1.343 (39.45s, ETA:1h:35m)
2022-03-08 15:10:20,852 - runner - DEBUG: Time split: train:37.14s val:2.17s
2022-03-08 15:10:20,853 - runner - DEBUG: Next learning rate: 0.1000
2022-03-08 15:11:00,447 - runner - INFO: Epoch 17/160 : train_acc:0.518, train_loss:1.335, val_acc:0.514, val_loss:1.343 (39.59s, ETA:1h:35m)
2022-03-08 15:11:00,447 - runner - DEBUG: Time split: train:37.06s val:2.40s
2022-03-08 15:11:00,447 - runner - DEBUG: Next learning rate: 0.1000
2022-03-08 15:11:40,044 - runner - INFO: Epoch 18/160 : train_acc:0.521, train_loss:1.328, val_acc:0.532, val_loss:1.283 (39.60s, ETA:1h:34m)
2022-03-08 15:11:40,045 - runner - DEBUG: Time split: train:37.18s val:2.28s
2022-03-08 15:11:40,045 - runner - DEBUG: Next learning rate: 0.1000
2022-03-08 15:12:19,339 - runner - INFO: Epoch 19/160 : train_acc:0.523, train_loss:1.321, val_acc:0.511, val_loss:1.341 (39.29s, ETA:1h:32m)
2022-03-08 15:12:19,339 - runner - DEBUG: Time split: train:36.92s val:2.23s
2022-03-08 15:12:19,339 - runner - DEBUG: Next learning rate: 0.1000
2022-03-08 15:12:59,020 - runner - INFO: Epoch 20/160 : train_acc:0.524, train_loss:1.312, val_acc:0.520, val_loss:1.343 (39.68s, ETA:1h:33m)
2022-03-08 15:12:59,021 - runner - DEBUG: Time split: train:37.28s val:2.25s
2022-03-08 15:12:59,021 - runner - DEBUG: Next learning rate: 0.1000
2022-03-08 15:13:38,593 - runner - INFO: Epoch 21/160 : train_acc:0.531, train_loss:1.303, val_acc:0.500, val_loss:1.407 (39.57s, ETA:1h:32m)
2022-03-08 15:13:38,594 - runner - DEBUG: Time split: train:37.10s val:2.33s
2022-03-08 15:13:38,594 - runner - DEBUG: Next learning rate: 0.1000
2022-03-08 15:14:17,993 - runner - INFO: Epoch 22/160 : train_acc:0.530, train_loss:1.301, val_acc:0.470, val_loss:1.489 (39.40s, ETA:1h:31m)
2022-03-08 15:14:17,993 - runner - DEBUG: Time split: train:37.00s val:2.28s
2022-03-08 15:14:17,993 - runner - DEBUG: Next learning rate: 0.1000
2022-03-08 15:14:57,538 - runner - INFO: Epoch 23/160 : train_acc:0.534, train_loss:1.293, val_acc:0.529, val_loss:1.312 (39.54s, ETA:1h:30m)
2022-03-08 15:14:57,538 - runner - DEBUG: Time split: train:37.01s val:2.40s
2022-03-08 15:14:57,539 - runner - DEBUG: Next learning rate: 0.1000
2022-03-08 15:15:36,946 - runner - INFO: Epoch 24/160 : train_acc:0.538, train_loss:1.285, val_acc:0.498, val_loss:1.394 (39.41s, ETA:1h:29m)
2022-03-08 15:15:36,946 - runner - DEBUG: Time split: train:37.02s val:2.22s
2022-03-08 15:15:36,946 - runner - DEBUG: Next learning rate: 0.1000
2022-03-08 15:16:16,398 - runner - INFO: Epoch 25/160 : train_acc:0.536, train_loss:1.282, val_acc:0.546, val_loss:1.241 (39.45s, ETA:1h:29m)
2022-03-08 15:16:16,398 - runner - DEBUG: Time split: train:37.07s val:2.25s
2022-03-08 15:16:16,398 - runner - DEBUG: Next learning rate: 0.1000
2022-03-08 15:16:55,791 - runner - INFO: Epoch 26/160 : train_acc:0.541, train_loss:1.280, val_acc:0.526, val_loss:1.333 (39.39s, ETA:1h:28m)
2022-03-08 15:16:55,791 - runner - DEBUG: Time split: train:36.98s val:2.31s
2022-03-08 15:16:55,791 - runner - DEBUG: Next learning rate: 0.1000
2022-03-08 15:17:35,420 - runner - INFO: Epoch 27/160 : train_acc:0.544, train_loss:1.275, val_acc:0.521, val_loss:1.340 (39.63s, ETA:1h:28m)
2022-03-08 15:17:35,420 - runner - DEBUG: Time split: train:37.14s val:2.36s
2022-03-08 15:17:35,421 - runner - DEBUG: Next learning rate: 0.1000
2022-03-08 15:18:15,330 - runner - INFO: Epoch 28/160 : train_acc:0.544, train_loss:1.267, val_acc:0.526, val_loss:1.371 (39.91s, ETA:1h:28m)
2022-03-08 15:18:15,330 - runner - DEBUG: Time split: train:37.37s val:2.39s
2022-03-08 15:18:15,330 - runner - DEBUG: Next learning rate: 0.1000
2022-03-08 15:18:54,916 - runner - INFO: Epoch 29/160 : train_acc:0.546, train_loss:1.263, val_acc:0.529, val_loss:1.317 (39.59s, ETA:1h:27m)
2022-03-08 15:18:54,916 - runner - DEBUG: Time split: train:37.13s val:2.32s
2022-03-08 15:18:54,916 - runner - DEBUG: Next learning rate: 0.1000
2022-03-08 15:19:34,547 - runner - INFO: Epoch 30/160 : train_acc:0.546, train_loss:1.259, val_acc:0.540, val_loss:1.295 (39.63s, ETA:1h:26m)
2022-03-08 15:19:34,548 - runner - DEBUG: Time split: train:37.23s val:2.29s
2022-03-08 15:19:34,548 - runner - DEBUG: Next learning rate: 0.1000
2022-03-08 15:20:14,023 - runner - INFO: Epoch 31/160 : train_acc:0.545, train_loss:1.259, val_acc:0.563, val_loss:1.217 (39.47s, ETA:1h:25m)
2022-03-08 15:20:14,023 - runner - DEBUG: Time split: train:37.09s val:2.23s
2022-03-08 15:20:14,023 - runner - DEBUG: Next learning rate: 0.1000
2022-03-08 15:20:53,427 - runner - INFO: Epoch 32/160 : train_acc:0.547, train_loss:1.253, val_acc:0.554, val_loss:1.236 (39.40s, ETA:1h:24m)
2022-03-08 15:20:53,428 - runner - DEBUG: Time split: train:36.88s val:2.37s
2022-03-08 15:20:53,428 - runner - DEBUG: Next learning rate: 0.1000
2022-03-08 15:21:32,906 - runner - INFO: Epoch 33/160 : train_acc:0.549, train_loss:1.250, val_acc:0.526, val_loss:1.340 (39.48s, ETA:1h:24m)
2022-03-08 15:21:32,906 - runner - DEBUG: Time split: train:37.08s val:2.25s
2022-03-08 15:21:32,906 - runner - DEBUG: Next learning rate: 0.1000
2022-03-08 15:22:12,232 - runner - INFO: Epoch 34/160 : train_acc:0.552, train_loss:1.245, val_acc:0.564, val_loss:1.198 (39.33s, ETA:1h:23m)
2022-03-08 15:22:12,232 - runner - DEBUG: Time split: train:36.86s val:2.31s
2022-03-08 15:22:12,233 - runner - DEBUG: Next learning rate: 0.1000
2022-03-08 15:22:51,410 - runner - INFO: Epoch 35/160 : train_acc:0.553, train_loss:1.245, val_acc:0.553, val_loss:1.260 (39.18s, ETA:1h:22m)
2022-03-08 15:22:51,410 - runner - DEBUG: Time split: train:36.77s val:2.31s
2022-03-08 15:22:51,410 - runner - DEBUG: Next learning rate: 0.1000
2022-03-08 15:23:30,648 - runner - INFO: Epoch 36/160 : train_acc:0.556, train_loss:1.235, val_acc:0.537, val_loss:1.307 (39.24s, ETA:1h:21m)
2022-03-08 15:23:30,649 - runner - DEBUG: Time split: train:36.84s val:2.27s
2022-03-08 15:23:30,649 - runner - DEBUG: Next learning rate: 0.1000
2022-03-08 15:24:10,011 - runner - INFO: Epoch 37/160 : train_acc:0.557, train_loss:1.235, val_acc:0.549, val_loss:1.263 (39.36s, ETA:1h:21m)
2022-03-08 15:24:10,012 - runner - DEBUG: Time split: train:36.85s val:2.34s
2022-03-08 15:24:10,012 - runner - DEBUG: Next learning rate: 0.1000
2022-03-08 15:24:49,229 - runner - INFO: Epoch 38/160 : train_acc:0.556, train_loss:1.234, val_acc:0.567, val_loss:1.201 (39.22s, ETA:1h:20m)
2022-03-08 15:24:49,229 - runner - DEBUG: Time split: train:36.87s val:2.23s
2022-03-08 15:24:49,229 - runner - DEBUG: Next learning rate: 0.1000
2022-03-08 15:25:28,876 - runner - INFO: Epoch 39/160 : train_acc:0.556, train_loss:1.231, val_acc:0.574, val_loss:1.186 (39.65s, ETA:1h:20m)
2022-03-08 15:25:28,876 - runner - DEBUG: Time split: train:37.22s val:2.25s
2022-03-08 15:25:28,876 - runner - DEBUG: Next learning rate: 0.1000
2022-03-08 15:26:08,109 - runner - INFO: Epoch 40/160 : train_acc:0.559, train_loss:1.227, val_acc:0.572, val_loss:1.194 (39.23s, ETA:1h:19m)
2022-03-08 15:26:08,110 - runner - DEBUG: Time split: train:36.78s val:2.28s
2022-03-08 15:26:08,110 - runner - DEBUG: Next learning rate: 0.1000
2022-03-08 15:26:47,668 - runner - INFO: Epoch 41/160 : train_acc:0.559, train_loss:1.222, val_acc:0.539, val_loss:1.313 (39.56s, ETA:1h:19m)
2022-03-08 15:26:47,669 - runner - DEBUG: Time split: train:37.05s val:2.36s
2022-03-08 15:26:47,669 - runner - DEBUG: Next learning rate: 0.1000
2022-03-08 15:27:27,544 - runner - INFO: Epoch 42/160 : train_acc:0.560, train_loss:1.221, val_acc:0.568, val_loss:1.201 (39.87s, ETA:1h:19m)
2022-03-08 15:27:27,544 - runner - DEBUG: Time split: train:37.41s val:2.31s
2022-03-08 15:27:27,544 - runner - DEBUG: Next learning rate: 0.1000
2022-03-08 15:28:07,203 - runner - INFO: Epoch 43/160 : train_acc:0.561, train_loss:1.219, val_acc:0.570, val_loss:1.180 (39.66s, ETA:1h:17m)
2022-03-08 15:28:07,203 - runner - DEBUG: Time split: train:37.29s val:2.23s
2022-03-08 15:28:07,203 - runner - DEBUG: Next learning rate: 0.1000
2022-03-08 15:28:46,441 - runner - INFO: Epoch 44/160 : train_acc:0.562, train_loss:1.216, val_acc:0.553, val_loss:1.251 (39.24s, ETA:1h:16m)
2022-03-08 15:28:46,441 - runner - DEBUG: Time split: train:36.61s val:2.48s
2022-03-08 15:28:46,441 - runner - DEBUG: Next learning rate: 0.1000
2022-03-08 15:29:26,280 - runner - INFO: Epoch 45/160 : train_acc:0.564, train_loss:1.217, val_acc:0.570, val_loss:1.220 (39.84s, ETA:1h:17m)
2022-03-08 15:29:26,280 - runner - DEBUG: Time split: train:37.29s val:2.39s
2022-03-08 15:29:26,281 - runner - DEBUG: Next learning rate: 0.1000
2022-03-08 15:30:06,091 - runner - INFO: Epoch 46/160 : train_acc:0.567, train_loss:1.208, val_acc:0.566, val_loss:1.214 (39.81s, ETA:1h:16m)
2022-03-08 15:30:06,092 - runner - DEBUG: Time split: train:37.34s val:2.31s
2022-03-08 15:30:06,092 - runner - DEBUG: Next learning rate: 0.1000
2022-03-08 15:30:45,808 - runner - INFO: Epoch 47/160 : train_acc:0.563, train_loss:1.212, val_acc:0.571, val_loss:1.209 (39.72s, ETA:1h:15m)
2022-03-08 15:30:45,809 - runner - DEBUG: Time split: train:37.33s val:2.24s
2022-03-08 15:30:45,809 - runner - DEBUG: Next learning rate: 0.1000
2022-03-08 15:31:25,278 - runner - INFO: Epoch 48/160 : train_acc:0.569, train_loss:1.205, val_acc:0.556, val_loss:1.269 (39.47s, ETA:1h:14m)
2022-03-08 15:31:25,278 - runner - DEBUG: Time split: train:37.05s val:2.27s
2022-03-08 15:31:25,278 - runner - DEBUG: Next learning rate: 0.1000
2022-03-08 15:32:05,041 - runner - INFO: Epoch 49/160 : train_acc:0.567, train_loss:1.206, val_acc:0.580, val_loss:1.181 (39.76s, ETA:1h:14m)
2022-03-08 15:32:05,041 - runner - DEBUG: Time split: train:37.40s val:2.21s
2022-03-08 15:32:05,041 - runner - DEBUG: Next learning rate: 0.1000
2022-03-08 15:32:44,377 - runner - INFO: Epoch 50/160 : train_acc:0.568, train_loss:1.205, val_acc:0.580, val_loss:1.188 (39.34s, ETA:1h:12m)
2022-03-08 15:32:44,378 - runner - DEBUG: Time split: train:36.92s val:2.28s
2022-03-08 15:32:44,378 - runner - DEBUG: Next learning rate: 0.1000
2022-03-08 15:33:23,631 - runner - INFO: Epoch 51/160 : train_acc:0.569, train_loss:1.199, val_acc:0.582, val_loss:1.173 (39.25s, ETA:1h:11m)
2022-03-08 15:33:23,631 - runner - DEBUG: Time split: train:36.87s val:2.24s
2022-03-08 15:33:23,631 - runner - DEBUG: Next learning rate: 0.1000
2022-03-08 15:34:03,141 - runner - INFO: Epoch 52/160 : train_acc:0.572, train_loss:1.199, val_acc:0.578, val_loss:1.190 (39.51s, ETA:1h:11m)
2022-03-08 15:34:03,141 - runner - DEBUG: Time split: train:36.92s val:2.43s
2022-03-08 15:34:03,141 - runner - DEBUG: Next learning rate: 0.1000
2022-03-08 15:34:42,568 - runner - INFO: Epoch 53/160 : train_acc:0.571, train_loss:1.198, val_acc:0.578, val_loss:1.178 (39.43s, ETA:1h:10m)
2022-03-08 15:34:42,568 - runner - DEBUG: Time split: train:37.00s val:2.26s
2022-03-08 15:34:42,568 - runner - DEBUG: Next learning rate: 0.1000
2022-03-08 15:35:22,280 - runner - INFO: Epoch 54/160 : train_acc:0.571, train_loss:1.196, val_acc:0.569, val_loss:1.216 (39.71s, ETA:1h:10m)
2022-03-08 15:35:22,280 - runner - DEBUG: Time split: train:37.14s val:2.41s
2022-03-08 15:35:22,281 - runner - DEBUG: Next learning rate: 0.1000
2022-03-08 15:36:01,715 - runner - INFO: Epoch 55/160 : train_acc:0.572, train_loss:1.195, val_acc:0.576, val_loss:1.202 (39.43s, ETA:1h:9m)
2022-03-08 15:36:01,716 - runner - DEBUG: Time split: train:36.87s val:2.32s
2022-03-08 15:36:01,716 - runner - DEBUG: Next learning rate: 0.1000
2022-03-08 15:36:41,040 - runner - INFO: Epoch 56/160 : train_acc:0.573, train_loss:1.194, val_acc:0.560, val_loss:1.266 (39.32s, ETA:1h:8m)
2022-03-08 15:36:41,040 - runner - DEBUG: Time split: train:36.90s val:2.27s
2022-03-08 15:36:41,041 - runner - DEBUG: Next learning rate: 0.1000
2022-03-08 15:37:20,747 - runner - INFO: Epoch 57/160 : train_acc:0.574, train_loss:1.192, val_acc:0.578, val_loss:1.222 (39.71s, ETA:1h:8m)
2022-03-08 15:37:20,748 - runner - DEBUG: Time split: train:37.27s val:2.29s
2022-03-08 15:37:20,748 - runner - DEBUG: Next learning rate: 0.1000
2022-03-08 15:38:00,485 - runner - INFO: Epoch 58/160 : train_acc:0.574, train_loss:1.189, val_acc:0.579, val_loss:1.195 (39.74s, ETA:1h:8m)
2022-03-08 15:38:00,486 - runner - DEBUG: Time split: train:37.30s val:2.29s
2022-03-08 15:38:00,486 - runner - DEBUG: Next learning rate: 0.1000
2022-03-08 15:38:40,170 - runner - INFO: Epoch 59/160 : train_acc:0.573, train_loss:1.189, val_acc:0.560, val_loss:1.263 (39.68s, ETA:1h:7m)
2022-03-08 15:38:40,170 - runner - DEBUG: Time split: train:37.29s val:2.25s
2022-03-08 15:38:40,171 - runner - DEBUG: Next learning rate: 0.1000
2022-03-08 15:39:19,304 - runner - INFO: Epoch 60/160 : train_acc:0.577, train_loss:1.186, val_acc:0.585, val_loss:1.160 (39.13s, ETA:1h:5m)
2022-03-08 15:39:19,304 - runner - DEBUG: Time split: train:36.75s val:2.24s
2022-03-08 15:39:19,304 - runner - DEBUG: Next learning rate: 0.1000
2022-03-08 15:39:58,138 - runner - INFO: Epoch 61/160 : train_acc:0.577, train_loss:1.185, val_acc:0.580, val_loss:1.203 (38.83s, ETA:1h:4m)
2022-03-08 15:39:58,138 - runner - DEBUG: Time split: train:36.46s val:2.25s
2022-03-08 15:39:58,138 - runner - DEBUG: Next learning rate: 0.1000
2022-03-08 15:40:38,141 - runner - INFO: Epoch 62/160 : train_acc:0.574, train_loss:1.185, val_acc:0.584, val_loss:1.188 (40.00s, ETA:1h:6m)
2022-03-08 15:40:38,142 - runner - DEBUG: Time split: train:37.50s val:2.34s
2022-03-08 15:40:38,142 - runner - DEBUG: Next learning rate: 0.1000
2022-03-08 15:41:17,617 - runner - INFO: Epoch 63/160 : train_acc:0.578, train_loss:1.180, val_acc:0.578, val_loss:1.189 (39.47s, ETA:1h:4m)
2022-03-08 15:41:17,617 - runner - DEBUG: Time split: train:37.00s val:2.35s
2022-03-08 15:41:17,617 - runner - DEBUG: Next learning rate: 0.1000
2022-03-08 15:41:56,754 - runner - INFO: Epoch 64/160 : train_acc:0.576, train_loss:1.182, val_acc:0.567, val_loss:1.218 (39.14s, ETA:1h:3m)
2022-03-08 15:41:56,755 - runner - DEBUG: Time split: train:36.76s val:2.24s
2022-03-08 15:41:56,755 - runner - DEBUG: Next learning rate: 0.1000
2022-03-08 15:42:36,820 - runner - INFO: Epoch 65/160 : train_acc:0.578, train_loss:1.182, val_acc:0.584, val_loss:1.191 (40.06s, ETA:1h:4m)
2022-03-08 15:42:36,820 - runner - DEBUG: Time split: train:37.66s val:2.27s
2022-03-08 15:42:36,820 - runner - DEBUG: Next learning rate: 0.1000
2022-03-08 15:43:16,945 - runner - INFO: Epoch 66/160 : train_acc:0.578, train_loss:1.181, val_acc:0.582, val_loss:1.172 (40.12s, ETA:1h:3m)
2022-03-08 15:43:16,945 - runner - DEBUG: Time split: train:37.58s val:2.36s
2022-03-08 15:43:16,945 - runner - DEBUG: Next learning rate: 0.1000
2022-03-08 15:43:56,445 - runner - INFO: Epoch 67/160 : train_acc:0.582, train_loss:1.175, val_acc:0.589, val_loss:1.164 (39.50s, ETA:1h:1m)
2022-03-08 15:43:56,445 - runner - DEBUG: Time split: train:37.01s val:2.35s
2022-03-08 15:43:56,445 - runner - DEBUG: Next learning rate: 0.1000
2022-03-08 15:44:36,647 - runner - INFO: Epoch 68/160 : train_acc:0.580, train_loss:1.177, val_acc:0.601, val_loss:1.134 (40.20s, ETA:1h:2m)
2022-03-08 15:44:36,647 - runner - DEBUG: Time split: train:37.74s val:2.31s
2022-03-08 15:44:36,647 - runner - DEBUG: Next learning rate: 0.1000
2022-03-08 15:45:16,690 - runner - INFO: Epoch 69/160 : train_acc:0.577, train_loss:1.177, val_acc:0.571, val_loss:1.240 (40.04s, ETA:1h:1m)
2022-03-08 15:45:16,690 - runner - DEBUG: Time split: train:37.50s val:2.38s
2022-03-08 15:45:16,690 - runner - DEBUG: Next learning rate: 0.1000
2022-03-08 15:45:56,488 - runner - INFO: Epoch 70/160 : train_acc:0.580, train_loss:1.173, val_acc:0.583, val_loss:1.170 (39.80s, ETA:1h:0m)
2022-03-08 15:45:56,488 - runner - DEBUG: Time split: train:37.27s val:2.38s
2022-03-08 15:45:56,488 - runner - DEBUG: Next learning rate: 0.1000
2022-03-08 15:46:36,793 - runner - INFO: Epoch 71/160 : train_acc:0.580, train_loss:1.173, val_acc:0.591, val_loss:1.171 (40.31s, ETA:1h:0m)
2022-03-08 15:46:36,793 - runner - DEBUG: Time split: train:37.77s val:2.38s
2022-03-08 15:46:36,794 - runner - DEBUG: Next learning rate: 0.1000
2022-03-08 15:47:16,408 - runner - INFO: Epoch 72/160 : train_acc:0.578, train_loss:1.174, val_acc:0.580, val_loss:1.183 (39.61s, ETA:0h:58m)
2022-03-08 15:47:16,409 - runner - DEBUG: Time split: train:37.11s val:2.35s
2022-03-08 15:47:16,409 - runner - DEBUG: Next learning rate: 0.1000
2022-03-08 15:47:56,233 - runner - INFO: Epoch 73/160 : train_acc:0.580, train_loss:1.173, val_acc:0.594, val_loss:1.143 (39.82s, ETA:0h:58m)
2022-03-08 15:47:56,233 - runner - DEBUG: Time split: train:37.32s val:2.22s
2022-03-08 15:47:56,233 - runner - DEBUG: Next learning rate: 0.1000
2022-03-08 15:48:35,958 - runner - INFO: Epoch 74/160 : train_acc:0.580, train_loss:1.173, val_acc:0.597, val_loss:1.138 (39.72s, ETA:0h:57m)
2022-03-08 15:48:35,958 - runner - DEBUG: Time split: train:37.13s val:2.43s
2022-03-08 15:48:35,958 - runner - DEBUG: Next learning rate: 0.1000
2022-03-08 15:49:15,622 - runner - INFO: Epoch 75/160 : train_acc:0.580, train_loss:1.175, val_acc:0.591, val_loss:1.171 (39.66s, ETA:0h:56m)
2022-03-08 15:49:15,622 - runner - DEBUG: Time split: train:37.06s val:2.44s
2022-03-08 15:49:15,622 - runner - DEBUG: Next learning rate: 0.1000
2022-03-08 15:49:54,938 - runner - INFO: Epoch 76/160 : train_acc:0.580, train_loss:1.170, val_acc:0.588, val_loss:1.150 (39.32s, ETA:0h:55m)
2022-03-08 15:49:54,938 - runner - DEBUG: Time split: train:36.90s val:2.24s
2022-03-08 15:49:54,939 - runner - DEBUG: Next learning rate: 0.1000
2022-03-08 15:50:34,953 - runner - INFO: Epoch 77/160 : train_acc:0.583, train_loss:1.166, val_acc:0.593, val_loss:1.158 (40.01s, ETA:0h:56m)
2022-03-08 15:50:34,953 - runner - DEBUG: Time split: train:37.47s val:2.40s
2022-03-08 15:50:34,954 - runner - DEBUG: Next learning rate: 0.1000
2022-03-08 15:51:14,760 - runner - INFO: Epoch 78/160 : train_acc:0.580, train_loss:1.167, val_acc:0.595, val_loss:1.144 (39.81s, ETA:0h:55m)
2022-03-08 15:51:14,761 - runner - DEBUG: Time split: train:37.39s val:2.24s
2022-03-08 15:51:14,761 - runner - DEBUG: Next learning rate: 0.1000
2022-03-08 15:51:54,054 - runner - INFO: Epoch 79/160 : train_acc:0.584, train_loss:1.166, val_acc:0.598, val_loss:1.138 (39.29s, ETA:0h:53m)
2022-03-08 15:51:54,055 - runner - DEBUG: Time split: train:36.81s val:2.33s
2022-03-08 15:51:54,055 - runner - DEBUG: Next learning rate: 0.1000
2022-03-08 15:52:33,722 - runner - INFO: Epoch 80/160 : train_acc:0.583, train_loss:1.165, val_acc:0.596, val_loss:1.137 (39.67s, ETA:0h:53m)
2022-03-08 15:52:33,723 - runner - DEBUG: Time split: train:37.18s val:2.38s
2022-03-08 15:52:33,723 - runner - DEBUG: Next learning rate: 0.0100
2022-03-08 15:53:13,755 - runner - INFO: Epoch 81/160 : train_acc:0.591, train_loss:1.143, val_acc:0.604, val_loss:1.106 (40.03s, ETA:0h:53m)
2022-03-08 15:53:13,756 - runner - DEBUG: Time split: train:37.57s val:2.27s
2022-03-08 15:53:13,756 - runner - DEBUG: Next learning rate: 0.0100
2022-03-08 15:53:53,283 - runner - INFO: Epoch 82/160 : train_acc:0.593, train_loss:1.138, val_acc:0.604, val_loss:1.113 (39.53s, ETA:0h:52m)
2022-03-08 15:53:53,284 - runner - DEBUG: Time split: train:37.14s val:2.22s
2022-03-08 15:53:53,284 - runner - DEBUG: Next learning rate: 0.0100
2022-03-08 15:54:33,080 - runner - INFO: Epoch 83/160 : train_acc:0.595, train_loss:1.137, val_acc:0.604, val_loss:1.105 (39.80s, ETA:0h:51m)
2022-03-08 15:54:33,080 - runner - DEBUG: Time split: train:37.40s val:2.24s
2022-03-08 15:54:33,080 - runner - DEBUG: Next learning rate: 0.0100
2022-03-08 15:55:12,662 - runner - INFO: Epoch 84/160 : train_acc:0.593, train_loss:1.136, val_acc:0.606, val_loss:1.105 (39.58s, ETA:0h:50m)
2022-03-08 15:55:12,662 - runner - DEBUG: Time split: train:37.12s val:2.32s
2022-03-08 15:55:12,662 - runner - DEBUG: Next learning rate: 0.0100
2022-03-08 15:55:52,035 - runner - INFO: Epoch 85/160 : train_acc:0.592, train_loss:1.136, val_acc:0.606, val_loss:1.116 (39.37s, ETA:0h:49m)
2022-03-08 15:55:52,036 - runner - DEBUG: Time split: train:37.00s val:2.19s
2022-03-08 15:55:52,036 - runner - DEBUG: Next learning rate: 0.0100
2022-03-08 15:56:31,805 - runner - INFO: Epoch 86/160 : train_acc:0.594, train_loss:1.135, val_acc:0.603, val_loss:1.110 (39.77s, ETA:0h:49m)
2022-03-08 15:56:31,805 - runner - DEBUG: Time split: train:37.33s val:2.28s
2022-03-08 15:56:31,805 - runner - DEBUG: Next learning rate: 0.0100
2022-03-08 15:57:11,341 - runner - INFO: Epoch 87/160 : train_acc:0.594, train_loss:1.134, val_acc:0.605, val_loss:1.105 (39.54s, ETA:0h:48m)
2022-03-08 15:57:11,341 - runner - DEBUG: Time split: train:37.12s val:2.26s
2022-03-08 15:57:11,342 - runner - DEBUG: Next learning rate: 0.0100
2022-03-08 15:57:51,002 - runner - INFO: Epoch 88/160 : train_acc:0.592, train_loss:1.137, val_acc:0.603, val_loss:1.106 (39.66s, ETA:0h:48m)
2022-03-08 15:57:51,003 - runner - DEBUG: Time split: train:37.26s val:2.26s
2022-03-08 15:57:51,003 - runner - DEBUG: Next learning rate: 0.0100
2022-03-08 15:58:30,794 - runner - INFO: Epoch 89/160 : train_acc:0.597, train_loss:1.133, val_acc:0.605, val_loss:1.107 (39.79s, ETA:0h:47m)
2022-03-08 15:58:30,794 - runner - DEBUG: Time split: train:37.32s val:2.33s
2022-03-08 15:58:30,794 - runner - DEBUG: Next learning rate: 0.0100
2022-03-08 15:59:10,373 - runner - INFO: Epoch 90/160 : train_acc:0.597, train_loss:1.132, val_acc:0.607, val_loss:1.104 (39.58s, ETA:0h:46m)
2022-03-08 15:59:10,373 - runner - DEBUG: Time split: train:37.04s val:2.39s
2022-03-08 15:59:10,373 - runner - DEBUG: Next learning rate: 0.0100
2022-03-08 15:59:49,796 - runner - INFO: Epoch 91/160 : train_acc:0.592, train_loss:1.141, val_acc:0.603, val_loss:1.106 (39.42s, ETA:0h:45m)
2022-03-08 15:59:49,796 - runner - DEBUG: Time split: train:37.07s val:2.19s
2022-03-08 15:59:49,797 - runner - DEBUG: Next learning rate: 0.0100
2022-03-08 16:00:29,197 - runner - INFO: Epoch 92/160 : train_acc:0.597, train_loss:1.135, val_acc:0.607, val_loss:1.106 (39.40s, ETA:0h:45m)
2022-03-08 16:00:29,197 - runner - DEBUG: Time split: train:36.88s val:2.35s
2022-03-08 16:00:29,197 - runner - DEBUG: Next learning rate: 0.0100
2022-03-08 16:01:08,431 - runner - INFO: Epoch 93/160 : train_acc:0.595, train_loss:1.132, val_acc:0.606, val_loss:1.108 (39.23s, ETA:0h:44m)
2022-03-08 16:01:08,431 - runner - DEBUG: Time split: train:36.84s val:2.22s
2022-03-08 16:01:08,431 - runner - DEBUG: Next learning rate: 0.0100
2022-03-08 16:01:47,481 - runner - INFO: Epoch 94/160 : train_acc:0.596, train_loss:1.133, val_acc:0.606, val_loss:1.100 (39.05s, ETA:0h:43m)
2022-03-08 16:01:47,481 - runner - DEBUG: Time split: train:36.68s val:2.21s
2022-03-08 16:01:47,481 - runner - DEBUG: Next learning rate: 0.0100
2022-03-08 16:02:27,263 - runner - INFO: Epoch 95/160 : train_acc:0.595, train_loss:1.134, val_acc:0.608, val_loss:1.105 (39.78s, ETA:0h:43m)
2022-03-08 16:02:27,263 - runner - DEBUG: Time split: train:37.41s val:2.23s
2022-03-08 16:02:27,263 - runner - DEBUG: Next learning rate: 0.0100
2022-03-08 16:03:06,879 - runner - INFO: Epoch 96/160 : train_acc:0.594, train_loss:1.134, val_acc:0.606, val_loss:1.103 (39.62s, ETA:0h:42m)
2022-03-08 16:03:06,879 - runner - DEBUG: Time split: train:37.25s val:2.22s
2022-03-08 16:03:06,879 - runner - DEBUG: Next learning rate: 0.0100
2022-03-08 16:03:46,415 - runner - INFO: Epoch 97/160 : train_acc:0.593, train_loss:1.135, val_acc:0.608, val_loss:1.106 (39.54s, ETA:0h:42m)
2022-03-08 16:03:46,415 - runner - DEBUG: Time split: train:37.17s val:2.23s
2022-03-08 16:03:46,416 - runner - DEBUG: Next learning rate: 0.0100
2022-03-08 16:04:26,019 - runner - INFO: Epoch 98/160 : train_acc:0.598, train_loss:1.132, val_acc:0.604, val_loss:1.108 (39.60s, ETA:0h:41m)
2022-03-08 16:04:26,019 - runner - DEBUG: Time split: train:37.21s val:2.25s
2022-03-08 16:04:26,019 - runner - DEBUG: Next learning rate: 0.0100
2022-03-08 16:05:05,205 - runner - INFO: Epoch 99/160 : train_acc:0.596, train_loss:1.130, val_acc:0.603, val_loss:1.104 (39.19s, ETA:0h:40m)
2022-03-08 16:05:05,205 - runner - DEBUG: Time split: train:36.79s val:2.24s
2022-03-08 16:05:05,205 - runner - DEBUG: Next learning rate: 0.0100
2022-03-08 16:05:44,640 - runner - INFO: Epoch 100/160 : train_acc:0.597, train_loss:1.129, val_acc:0.606, val_loss:1.103 (39.43s, ETA:0h:40m)
2022-03-08 16:05:44,640 - runner - DEBUG: Time split: train:37.01s val:2.30s
2022-03-08 16:05:44,640 - runner - DEBUG: Next learning rate: 0.0100
2022-03-08 16:06:24,081 - runner - INFO: Epoch 101/160 : train_acc:0.594, train_loss:1.134, val_acc:0.604, val_loss:1.106 (39.44s, ETA:0h:39m)
2022-03-08 16:06:24,081 - runner - DEBUG: Time split: train:36.99s val:2.25s
2022-03-08 16:06:24,081 - runner - DEBUG: Next learning rate: 0.0100
2022-03-08 16:07:03,839 - runner - INFO: Epoch 102/160 : train_acc:0.594, train_loss:1.131, val_acc:0.608, val_loss:1.107 (39.76s, ETA:0h:39m)
2022-03-08 16:07:03,839 - runner - DEBUG: Time split: train:37.15s val:2.43s
2022-03-08 16:07:03,839 - runner - DEBUG: Next learning rate: 0.0100
2022-03-08 16:07:43,281 - runner - INFO: Epoch 103/160 : train_acc:0.595, train_loss:1.134, val_acc:0.604, val_loss:1.106 (39.44s, ETA:0h:38m)
2022-03-08 16:07:43,281 - runner - DEBUG: Time split: train:36.99s val:2.31s
2022-03-08 16:07:43,282 - runner - DEBUG: Next learning rate: 0.0100
2022-03-08 16:08:22,676 - runner - INFO: Epoch 104/160 : train_acc:0.598, train_loss:1.128, val_acc:0.607, val_loss:1.098 (39.39s, ETA:0h:37m)
2022-03-08 16:08:22,676 - runner - DEBUG: Time split: train:36.96s val:2.27s
2022-03-08 16:08:22,676 - runner - DEBUG: Next learning rate: 0.0100
2022-03-08 16:09:02,089 - runner - INFO: Epoch 105/160 : train_acc:0.598, train_loss:1.132, val_acc:0.606, val_loss:1.111 (39.41s, ETA:0h:36m)
2022-03-08 16:09:02,090 - runner - DEBUG: Time split: train:36.78s val:2.49s
2022-03-08 16:09:02,090 - runner - DEBUG: Next learning rate: 0.0100
2022-03-08 16:09:40,731 - runner - INFO: Epoch 106/160 : train_acc:0.595, train_loss:1.130, val_acc:0.605, val_loss:1.098 (38.64s, ETA:0h:35m)
2022-03-08 16:09:40,732 - runner - DEBUG: Time split: train:36.33s val:2.16s
2022-03-08 16:09:40,732 - runner - DEBUG: Next learning rate: 0.0100
2022-03-08 16:10:19,770 - runner - INFO: Epoch 107/160 : train_acc:0.597, train_loss:1.128, val_acc:0.611, val_loss:1.108 (39.04s, ETA:0h:35m)
2022-03-08 16:10:19,770 - runner - DEBUG: Time split: train:36.58s val:2.29s
2022-03-08 16:10:19,771 - runner - DEBUG: Next learning rate: 0.0100
2022-03-08 16:10:58,990 - runner - INFO: Epoch 108/160 : train_acc:0.595, train_loss:1.129, val_acc:0.607, val_loss:1.106 (39.22s, ETA:0h:34m)
2022-03-08 16:10:58,990 - runner - DEBUG: Time split: train:36.78s val:2.25s
2022-03-08 16:10:58,990 - runner - DEBUG: Next learning rate: 0.0100
2022-03-08 16:11:38,107 - runner - INFO: Epoch 109/160 : train_acc:0.596, train_loss:1.128, val_acc:0.606, val_loss:1.100 (39.12s, ETA:0h:33m)
2022-03-08 16:11:38,108 - runner - DEBUG: Time split: train:36.78s val:2.18s
2022-03-08 16:11:38,108 - runner - DEBUG: Next learning rate: 0.0100
2022-03-08 16:12:17,328 - runner - INFO: Epoch 110/160 : train_acc:0.599, train_loss:1.129, val_acc:0.606, val_loss:1.103 (39.22s, ETA:0h:33m)
2022-03-08 16:12:17,328 - runner - DEBUG: Time split: train:36.80s val:2.25s
2022-03-08 16:12:17,328 - runner - DEBUG: Next learning rate: 0.0100
2022-03-08 16:12:56,107 - runner - INFO: Epoch 111/160 : train_acc:0.596, train_loss:1.131, val_acc:0.605, val_loss:1.108 (38.78s, ETA:0h:32m)
2022-03-08 16:12:56,107 - runner - DEBUG: Time split: train:36.41s val:2.23s
2022-03-08 16:12:56,107 - runner - DEBUG: Next learning rate: 0.0100
2022-03-08 16:13:35,057 - runner - INFO: Epoch 112/160 : train_acc:0.596, train_loss:1.130, val_acc:0.606, val_loss:1.111 (38.95s, ETA:0h:31m)
2022-03-08 16:13:35,057 - runner - DEBUG: Time split: train:36.57s val:2.21s
2022-03-08 16:13:35,057 - runner - DEBUG: Next learning rate: 0.0100
2022-03-08 16:14:14,091 - runner - INFO: Epoch 113/160 : train_acc:0.596, train_loss:1.128, val_acc:0.609, val_loss:1.102 (39.03s, ETA:0h:31m)
2022-03-08 16:14:14,091 - runner - DEBUG: Time split: train:36.70s val:2.18s
2022-03-08 16:14:14,091 - runner - DEBUG: Next learning rate: 0.0100
2022-03-08 16:14:52,753 - runner - INFO: Epoch 114/160 : train_acc:0.596, train_loss:1.133, val_acc:0.606, val_loss:1.101 (38.66s, ETA:0h:30m)
2022-03-08 16:14:52,754 - runner - DEBUG: Time split: train:36.23s val:2.29s
2022-03-08 16:14:52,754 - runner - DEBUG: Next learning rate: 0.0100
2022-03-08 16:15:31,596 - runner - INFO: Epoch 115/160 : train_acc:0.597, train_loss:1.134, val_acc:0.608, val_loss:1.105 (38.84s, ETA:0h:29m)
2022-03-08 16:15:31,596 - runner - DEBUG: Time split: train:36.38s val:2.29s
2022-03-08 16:15:31,597 - runner - DEBUG: Next learning rate: 0.0100
2022-03-08 16:16:10,434 - runner - INFO: Epoch 116/160 : train_acc:0.596, train_loss:1.131, val_acc:0.611, val_loss:1.098 (38.84s, ETA:0h:29m)
2022-03-08 16:16:10,434 - runner - DEBUG: Time split: train:36.45s val:2.24s
2022-03-08 16:16:10,434 - runner - DEBUG: Next learning rate: 0.0100
2022-03-08 16:16:49,146 - runner - INFO: Epoch 117/160 : train_acc:0.596, train_loss:1.131, val_acc:0.610, val_loss:1.095 (38.71s, ETA:0h:28m)
2022-03-08 16:16:49,147 - runner - DEBUG: Time split: train:36.40s val:2.18s
2022-03-08 16:16:49,147 - runner - DEBUG: Next learning rate: 0.0100
2022-03-08 16:17:28,584 - runner - INFO: Epoch 118/160 : train_acc:0.596, train_loss:1.131, val_acc:0.604, val_loss:1.107 (39.44s, ETA:0h:28m)
2022-03-08 16:17:28,584 - runner - DEBUG: Time split: train:37.02s val:2.27s
2022-03-08 16:17:28,585 - runner - DEBUG: Next learning rate: 0.0100
2022-03-08 16:18:07,693 - runner - INFO: Epoch 119/160 : train_acc:0.597, train_loss:1.129, val_acc:0.609, val_loss:1.099 (39.11s, ETA:0h:27m)
2022-03-08 16:18:07,693 - runner - DEBUG: Time split: train:36.74s val:2.25s
2022-03-08 16:18:07,693 - runner - DEBUG: Next learning rate: 0.0100
2022-03-08 16:18:46,927 - runner - INFO: Epoch 120/160 : train_acc:0.597, train_loss:1.128, val_acc:0.607, val_loss:1.097 (39.23s, ETA:0h:26m)
2022-03-08 16:18:46,927 - runner - DEBUG: Time split: train:36.73s val:2.35s
2022-03-08 16:18:46,927 - runner - DEBUG: Next learning rate: 0.0010
2022-03-08 16:19:26,148 - runner - INFO: Epoch 121/160 : train_acc:0.596, train_loss:1.124, val_acc:0.608, val_loss:1.097 (39.22s, ETA:0h:26m)
2022-03-08 16:19:26,148 - runner - DEBUG: Time split: train:36.76s val:2.31s
2022-03-08 16:19:26,148 - runner - DEBUG: Next learning rate: 0.0010
2022-03-08 16:20:05,238 - runner - INFO: Epoch 122/160 : train_acc:0.601, train_loss:1.122, val_acc:0.606, val_loss:1.097 (39.09s, ETA:0h:25m)
2022-03-08 16:20:05,238 - runner - DEBUG: Time split: train:36.69s val:2.26s
2022-03-08 16:20:05,238 - runner - DEBUG: Next learning rate: 0.0010
2022-03-08 16:20:44,179 - runner - INFO: Epoch 123/160 : train_acc:0.599, train_loss:1.124, val_acc:0.607, val_loss:1.098 (38.94s, ETA:0h:24m)
2022-03-08 16:20:44,179 - runner - DEBUG: Time split: train:36.55s val:2.26s
2022-03-08 16:20:44,179 - runner - DEBUG: Next learning rate: 0.0010
2022-03-08 16:21:23,415 - runner - INFO: Epoch 124/160 : train_acc:0.599, train_loss:1.127, val_acc:0.607, val_loss:1.096 (39.24s, ETA:0h:24m)
2022-03-08 16:21:23,415 - runner - DEBUG: Time split: train:36.88s val:2.19s
2022-03-08 16:21:23,416 - runner - DEBUG: Next learning rate: 0.0010
2022-03-08 16:22:02,845 - runner - INFO: Epoch 125/160 : train_acc:0.599, train_loss:1.124, val_acc:0.606, val_loss:1.098 (39.43s, ETA:0h:23m)
2022-03-08 16:22:02,845 - runner - DEBUG: Time split: train:36.81s val:2.47s
2022-03-08 16:22:02,845 - runner - DEBUG: Next learning rate: 0.0010
2022-03-08 16:22:41,923 - runner - INFO: Epoch 126/160 : train_acc:0.599, train_loss:1.122, val_acc:0.605, val_loss:1.100 (39.08s, ETA:0h:22m)
2022-03-08 16:22:41,923 - runner - DEBUG: Time split: train:36.73s val:2.20s
2022-03-08 16:22:41,923 - runner - DEBUG: Next learning rate: 0.0010
2022-03-08 16:23:21,465 - runner - INFO: Epoch 127/160 : train_acc:0.600, train_loss:1.124, val_acc:0.607, val_loss:1.095 (39.54s, ETA:0h:22m)
2022-03-08 16:23:21,465 - runner - DEBUG: Time split: train:37.11s val:2.27s
2022-03-08 16:23:21,465 - runner - DEBUG: Next learning rate: 0.0010
2022-03-08 16:24:00,483 - runner - INFO: Epoch 128/160 : train_acc:0.599, train_loss:1.125, val_acc:0.605, val_loss:1.098 (39.02s, ETA:0h:21m)
2022-03-08 16:24:00,483 - runner - DEBUG: Time split: train:36.68s val:2.21s
2022-03-08 16:24:00,483 - runner - DEBUG: Next learning rate: 0.0010
2022-03-08 16:24:39,712 - runner - INFO: Epoch 129/160 : train_acc:0.599, train_loss:1.124, val_acc:0.608, val_loss:1.096 (39.23s, ETA:0h:20m)
2022-03-08 16:24:39,712 - runner - DEBUG: Time split: train:36.91s val:2.16s
2022-03-08 16:24:39,712 - runner - DEBUG: Next learning rate: 0.0010
2022-03-08 16:25:18,943 - runner - INFO: Epoch 130/160 : train_acc:0.598, train_loss:1.123, val_acc:0.608, val_loss:1.098 (39.23s, ETA:0h:20m)
2022-03-08 16:25:18,944 - runner - DEBUG: Time split: train:36.71s val:2.36s
2022-03-08 16:25:18,944 - runner - DEBUG: Next learning rate: 0.0010
2022-03-08 16:25:58,101 - runner - INFO: Epoch 131/160 : train_acc:0.598, train_loss:1.126, val_acc:0.607, val_loss:1.098 (39.16s, ETA:0h:19m)
2022-03-08 16:25:58,101 - runner - DEBUG: Time split: train:36.71s val:2.30s
2022-03-08 16:25:58,101 - runner - DEBUG: Next learning rate: 0.0010
2022-03-08 16:26:37,577 - runner - INFO: Epoch 132/160 : train_acc:0.598, train_loss:1.123, val_acc:0.606, val_loss:1.097 (39.48s, ETA:0h:19m)
2022-03-08 16:26:37,577 - runner - DEBUG: Time split: train:36.95s val:2.37s
2022-03-08 16:26:37,577 - runner - DEBUG: Next learning rate: 0.0010
2022-03-08 16:27:16,455 - runner - INFO: Epoch 133/160 : train_acc:0.599, train_loss:1.125, val_acc:0.608, val_loss:1.095 (38.88s, ETA:0h:18m)
2022-03-08 16:27:16,455 - runner - DEBUG: Time split: train:36.54s val:2.19s
2022-03-08 16:27:16,455 - runner - DEBUG: Next learning rate: 0.0010
2022-03-08 16:27:55,631 - runner - INFO: Epoch 134/160 : train_acc:0.596, train_loss:1.127, val_acc:0.606, val_loss:1.097 (39.18s, ETA:0h:17m)
2022-03-08 16:27:55,631 - runner - DEBUG: Time split: train:36.71s val:2.30s
2022-03-08 16:27:55,632 - runner - DEBUG: Next learning rate: 0.0010
2022-03-08 16:28:35,252 - runner - INFO: Epoch 135/160 : train_acc:0.597, train_loss:1.126, val_acc:0.607, val_loss:1.096 (39.62s, ETA:0h:17m)
2022-03-08 16:28:35,253 - runner - DEBUG: Time split: train:37.13s val:2.31s
2022-03-08 16:28:35,253 - runner - DEBUG: Next learning rate: 0.0010
2022-03-08 16:29:14,619 - runner - INFO: Epoch 136/160 : train_acc:0.600, train_loss:1.122, val_acc:0.605, val_loss:1.099 (39.37s, ETA:0h:16m)
2022-03-08 16:29:14,619 - runner - DEBUG: Time split: train:36.81s val:2.40s
2022-03-08 16:29:14,620 - runner - DEBUG: Next learning rate: 0.0010
2022-03-08 16:29:54,437 - runner - INFO: Epoch 137/160 : train_acc:0.599, train_loss:1.122, val_acc:0.606, val_loss:1.098 (39.82s, ETA:0h:15m)
2022-03-08 16:29:54,438 - runner - DEBUG: Time split: train:37.40s val:2.25s
2022-03-08 16:29:54,438 - runner - DEBUG: Next learning rate: 0.0010
2022-03-08 16:30:33,783 - runner - INFO: Epoch 138/160 : train_acc:0.599, train_loss:1.124, val_acc:0.606, val_loss:1.097 (39.34s, ETA:0h:15m)
2022-03-08 16:30:33,783 - runner - DEBUG: Time split: train:36.81s val:2.36s
2022-03-08 16:30:33,783 - runner - DEBUG: Next learning rate: 0.0010
2022-03-08 16:31:13,404 - runner - INFO: Epoch 139/160 : train_acc:0.596, train_loss:1.126, val_acc:0.604, val_loss:1.099 (39.62s, ETA:0h:14m)
2022-03-08 16:31:13,404 - runner - DEBUG: Time split: train:37.21s val:2.24s
2022-03-08 16:31:13,404 - runner - DEBUG: Next learning rate: 0.0010
2022-03-08 16:31:52,671 - runner - INFO: Epoch 140/160 : train_acc:0.597, train_loss:1.124, val_acc:0.606, val_loss:1.099 (39.27s, ETA:0h:13m)
2022-03-08 16:31:52,671 - runner - DEBUG: Time split: train:36.89s val:2.28s
2022-03-08 16:31:52,672 - runner - DEBUG: Next learning rate: 0.0010
2022-03-08 16:32:32,270 - runner - INFO: Epoch 141/160 : train_acc:0.597, train_loss:1.126, val_acc:0.607, val_loss:1.097 (39.60s, ETA:0h:13m)
2022-03-08 16:32:32,270 - runner - DEBUG: Time split: train:37.09s val:2.36s
2022-03-08 16:32:32,270 - runner - DEBUG: Next learning rate: 0.0010
2022-03-08 16:33:11,634 - runner - INFO: Epoch 142/160 : train_acc:0.600, train_loss:1.121, val_acc:0.607, val_loss:1.097 (39.36s, ETA:0h:12m)
2022-03-08 16:33:11,635 - runner - DEBUG: Time split: train:37.03s val:2.18s
2022-03-08 16:33:11,635 - runner - DEBUG: Next learning rate: 0.0010
2022-03-08 16:33:50,736 - runner - INFO: Epoch 143/160 : train_acc:0.597, train_loss:1.124, val_acc:0.608, val_loss:1.096 (39.10s, ETA:0h:11m)
2022-03-08 16:33:50,736 - runner - DEBUG: Time split: train:36.62s val:2.39s
2022-03-08 16:33:50,736 - runner - DEBUG: Next learning rate: 0.0010
2022-03-08 16:34:30,760 - runner - INFO: Epoch 144/160 : train_acc:0.597, train_loss:1.124, val_acc:0.604, val_loss:1.098 (40.02s, ETA:0h:11m)
2022-03-08 16:34:30,760 - runner - DEBUG: Time split: train:37.43s val:2.44s
2022-03-08 16:34:30,760 - runner - DEBUG: Next learning rate: 0.0010
2022-03-08 16:35:10,278 - runner - INFO: Epoch 145/160 : train_acc:0.597, train_loss:1.126, val_acc:0.609, val_loss:1.097 (39.52s, ETA:0h:10m)
2022-03-08 16:35:10,278 - runner - DEBUG: Time split: train:37.00s val:2.37s
2022-03-08 16:35:10,279 - runner - DEBUG: Next learning rate: 0.0010
2022-03-08 16:35:49,470 - runner - INFO: Epoch 146/160 : train_acc:0.597, train_loss:1.127, val_acc:0.608, val_loss:1.097 (39.19s, ETA:0h:9m)
2022-03-08 16:35:49,470 - runner - DEBUG: Time split: train:36.80s val:2.24s
2022-03-08 16:35:49,470 - runner - DEBUG: Next learning rate: 0.0010
2022-03-08 16:36:28,509 - runner - INFO: Epoch 147/160 : train_acc:0.597, train_loss:1.126, val_acc:0.607, val_loss:1.094 (39.04s, ETA:0h:9m)
2022-03-08 16:36:28,510 - runner - DEBUG: Time split: train:36.61s val:2.27s
2022-03-08 16:36:28,510 - runner - DEBUG: Next learning rate: 0.0010
2022-03-08 16:37:08,171 - runner - INFO: Epoch 148/160 : train_acc:0.599, train_loss:1.124, val_acc:0.606, val_loss:1.097 (39.66s, ETA:0h:8m)
2022-03-08 16:37:08,171 - runner - DEBUG: Time split: train:37.23s val:2.29s
2022-03-08 16:37:08,172 - runner - DEBUG: Next learning rate: 0.0010
2022-03-08 16:37:47,916 - runner - INFO: Epoch 149/160 : train_acc:0.599, train_loss:1.123, val_acc:0.605, val_loss:1.096 (39.74s, ETA:0h:7m)
2022-03-08 16:37:47,916 - runner - DEBUG: Time split: train:37.36s val:2.24s
2022-03-08 16:37:47,917 - runner - DEBUG: Next learning rate: 0.0010
2022-03-08 16:38:27,781 - runner - INFO: Epoch 150/160 : train_acc:0.599, train_loss:1.124, val_acc:0.607, val_loss:1.097 (39.86s, ETA:0h:7m)
2022-03-08 16:38:27,781 - runner - DEBUG: Time split: train:37.43s val:2.29s
2022-03-08 16:38:27,781 - runner - DEBUG: Next learning rate: 0.0010
2022-03-08 16:39:07,748 - runner - INFO: Epoch 151/160 : train_acc:0.597, train_loss:1.122, val_acc:0.608, val_loss:1.092 (39.97s, ETA:0h:6m)
2022-03-08 16:39:07,748 - runner - DEBUG: Time split: train:37.62s val:2.21s
2022-03-08 16:39:07,749 - runner - DEBUG: Next learning rate: 0.0010
2022-03-08 16:39:47,242 - runner - INFO: Epoch 152/160 : train_acc:0.599, train_loss:1.121, val_acc:0.606, val_loss:1.097 (39.49s, ETA:0h:5m)
2022-03-08 16:39:47,242 - runner - DEBUG: Time split: train:37.14s val:2.22s
2022-03-08 16:39:47,242 - runner - DEBUG: Next learning rate: 0.0010
2022-03-08 16:40:26,672 - runner - INFO: Epoch 153/160 : train_acc:0.597, train_loss:1.124, val_acc:0.609, val_loss:1.095 (39.43s, ETA:0h:5m)
2022-03-08 16:40:26,672 - runner - DEBUG: Time split: train:36.97s val:2.28s
2022-03-08 16:40:26,672 - runner - DEBUG: Next learning rate: 0.0010
2022-03-08 16:41:05,985 - runner - INFO: Epoch 154/160 : train_acc:0.596, train_loss:1.128, val_acc:0.609, val_loss:1.097 (39.31s, ETA:0h:4m)
2022-03-08 16:41:05,986 - runner - DEBUG: Time split: train:36.87s val:2.26s
2022-03-08 16:41:05,986 - runner - DEBUG: Next learning rate: 0.0010
2022-03-08 16:41:45,544 - runner - INFO: Epoch 155/160 : train_acc:0.597, train_loss:1.125, val_acc:0.607, val_loss:1.095 (39.56s, ETA:0h:3m)
2022-03-08 16:41:45,544 - runner - DEBUG: Time split: train:37.09s val:2.28s
2022-03-08 16:41:45,544 - runner - DEBUG: Next learning rate: 0.0010
2022-03-08 16:42:24,663 - runner - INFO: Epoch 156/160 : train_acc:0.598, train_loss:1.125, val_acc:0.607, val_loss:1.095 (39.12s, ETA:0h:3m)
2022-03-08 16:42:24,664 - runner - DEBUG: Time split: train:36.74s val:2.21s
2022-03-08 16:42:24,664 - runner - DEBUG: Next learning rate: 0.0010
2022-03-08 16:43:03,573 - runner - INFO: Epoch 157/160 : train_acc:0.598, train_loss:1.128, val_acc:0.606, val_loss:1.097 (38.91s, ETA:0h:2m)
2022-03-08 16:43:03,573 - runner - DEBUG: Time split: train:36.40s val:2.38s
2022-03-08 16:43:03,573 - runner - DEBUG: Next learning rate: 0.0010
2022-03-08 16:43:42,821 - runner - INFO: Epoch 158/160 : train_acc:0.599, train_loss:1.124, val_acc:0.607, val_loss:1.097 (39.25s, ETA:0h:1m)
2022-03-08 16:43:42,821 - runner - DEBUG: Time split: train:36.87s val:2.23s
2022-03-08 16:43:42,821 - runner - DEBUG: Next learning rate: 0.0010
2022-03-08 16:44:22,242 - runner - INFO: Epoch 159/160 : train_acc:0.598, train_loss:1.122, val_acc:0.607, val_loss:1.098 (39.42s, ETA:0h:1m)
2022-03-08 16:44:22,242 - runner - DEBUG: Time split: train:37.06s val:2.23s
2022-03-08 16:44:22,242 - runner - DEBUG: Next learning rate: 0.0010
2022-03-08 16:45:01,198 - runner - INFO: Epoch 160/160 : train_acc:0.598, train_loss:1.122, val_acc:0.608, val_loss:1.094 (38.96s, ETA:0h:0m)
2022-03-08 16:45:01,199 - runner - DEBUG: Time split: train:36.66s val:2.16s
2022-03-08 16:45:01,199 - runner - DEBUG: Next learning rate: 0.0010
2022-03-08 16:45:05,906 - runner - INFO: Experiment Completed.
