2022-03-12 14:41:10,228 - runner - INFO: Froze parametrs: []
2022-03-12 14:41:10,228 - runner - INFO: Unfrozen parametrs: []
2022-03-12 14:41:10,231 - runner - INFO: Layer names containing 'conv' : 217
2022-03-12 14:41:10,231 - runner - INFO: Layer names containing 'bn' : 217
2022-03-12 14:41:10,231 - runner - INFO: Non-trainable parameters (Thousands): 0.0
2022-03-12 14:41:10,231 - runner - INFO: Trainable parameters (Thousands): 3477.85
2022-03-12 14:41:10,231 - runner - INFO: Total Parameters (Thousands): 3477.85
2022-03-12 14:41:14,315 - runner - INFO: Using GPU: Tesla K80
2022-03-12 14:41:14,315 - runner - INFO: Using GPU: Tesla K80
2022-03-12 14:41:21,052 - runner - INFO: Using 45000 training samples, and 5000 validation samples.
2022-03-12 14:41:21,359 - runner - INFO: Begun training at epoch 1.
2022-03-12 14:45:13,397 - runner - INFO: Epoch 1/160 : train_acc:0.151, train_loss:2.336, val_acc:0.182, val_loss:2.124 (232.04s, ETA:10h:18m)
2022-03-12 14:45:13,397 - runner - DEBUG: Time split: train:222.98s val:8.24s
2022-03-12 14:45:13,397 - runner - DEBUG: Next learning rate: 0.1000
2022-03-12 14:49:00,326 - runner - INFO: Epoch 2/160 : train_acc:0.376, train_loss:1.677, val_acc:0.385, val_loss:1.833 (226.93s, ETA:10h:1m)
2022-03-12 14:49:00,326 - runner - DEBUG: Time split: train:218.05s val:8.20s
2022-03-12 14:49:00,327 - runner - DEBUG: Next learning rate: 0.1000
2022-03-12 14:52:46,574 - runner - INFO: Epoch 3/160 : train_acc:0.523, train_loss:1.304, val_acc:0.588, val_loss:1.156 (226.25s, ETA:9h:55m)
2022-03-12 14:52:46,575 - runner - DEBUG: Time split: train:217.49s val:8.06s
2022-03-12 14:52:46,575 - runner - DEBUG: Next learning rate: 0.1000
2022-03-12 14:56:32,989 - runner - INFO: Epoch 4/160 : train_acc:0.628, train_loss:1.043, val_acc:0.621, val_loss:1.091 (226.41s, ETA:9h:52m)
2022-03-12 14:56:32,990 - runner - DEBUG: Time split: train:217.48s val:8.30s
2022-03-12 14:56:32,990 - runner - DEBUG: Next learning rate: 0.1000
2022-03-12 15:00:19,142 - runner - INFO: Epoch 5/160 : train_acc:0.692, train_loss:0.873, val_acc:0.720, val_loss:0.814 (226.15s, ETA:9h:47m)
2022-03-12 15:00:19,142 - runner - DEBUG: Time split: train:217.33s val:8.14s
2022-03-12 15:00:19,143 - runner - DEBUG: Next learning rate: 0.1000
2022-03-12 15:04:05,791 - runner - INFO: Epoch 6/160 : train_acc:0.735, train_loss:0.763, val_acc:0.692, val_loss:0.936 (226.65s, ETA:9h:45m)
2022-03-12 15:04:05,791 - runner - DEBUG: Time split: train:217.76s val:8.20s
2022-03-12 15:04:05,792 - runner - DEBUG: Next learning rate: 0.1000
2022-03-12 15:07:51,677 - runner - INFO: Epoch 7/160 : train_acc:0.765, train_loss:0.677, val_acc:0.739, val_loss:0.772 (225.89s, ETA:9h:39m)
2022-03-12 15:07:51,678 - runner - DEBUG: Time split: train:217.15s val:8.05s
2022-03-12 15:07:51,678 - runner - DEBUG: Next learning rate: 0.1000
2022-03-12 15:11:38,142 - runner - INFO: Epoch 8/160 : train_acc:0.786, train_loss:0.615, val_acc:0.758, val_loss:0.736 (226.46s, ETA:9h:37m)
2022-03-12 15:11:38,143 - runner - DEBUG: Time split: train:217.71s val:8.12s
2022-03-12 15:11:38,143 - runner - DEBUG: Next learning rate: 0.1000
2022-03-12 15:15:24,229 - runner - INFO: Epoch 9/160 : train_acc:0.806, train_loss:0.564, val_acc:0.765, val_loss:0.710 (226.09s, ETA:9h:32m)
2022-03-12 15:15:24,229 - runner - DEBUG: Time split: train:217.39s val:8.05s
2022-03-12 15:15:24,230 - runner - DEBUG: Next learning rate: 0.1000
2022-03-12 15:19:09,880 - runner - INFO: Epoch 10/160 : train_acc:0.817, train_loss:0.530, val_acc:0.785, val_loss:0.644 (225.65s, ETA:9h:27m)
2022-03-12 15:19:09,881 - runner - DEBUG: Time split: train:216.80s val:8.19s
2022-03-12 15:19:09,881 - runner - DEBUG: Next learning rate: 0.1000
2022-03-12 15:22:55,547 - runner - INFO: Epoch 11/160 : train_acc:0.828, train_loss:0.494, val_acc:0.804, val_loss:0.579 (225.67s, ETA:9h:24m)
2022-03-12 15:22:55,547 - runner - DEBUG: Time split: train:216.86s val:8.14s
2022-03-12 15:22:55,547 - runner - DEBUG: Next learning rate: 0.1000
2022-03-12 15:26:41,115 - runner - INFO: Epoch 12/160 : train_acc:0.840, train_loss:0.464, val_acc:0.786, val_loss:0.720 (225.57s, ETA:9h:20m)
2022-03-12 15:26:41,116 - runner - DEBUG: Time split: train:216.82s val:8.08s
2022-03-12 15:26:41,116 - runner - DEBUG: Next learning rate: 0.1000
2022-03-12 15:30:27,178 - runner - INFO: Epoch 13/160 : train_acc:0.851, train_loss:0.434, val_acc:0.825, val_loss:0.534 (226.06s, ETA:9h:17m)
2022-03-12 15:30:27,178 - runner - DEBUG: Time split: train:217.16s val:8.22s
2022-03-12 15:30:27,179 - runner - DEBUG: Next learning rate: 0.1000
2022-03-12 15:34:14,133 - runner - INFO: Epoch 14/160 : train_acc:0.855, train_loss:0.423, val_acc:0.808, val_loss:0.608 (226.95s, ETA:9h:16m)
2022-03-12 15:34:14,134 - runner - DEBUG: Time split: train:218.13s val:8.16s
2022-03-12 15:34:14,134 - runner - DEBUG: Next learning rate: 0.1000
2022-03-12 15:37:58,961 - runner - INFO: Epoch 15/160 : train_acc:0.863, train_loss:0.399, val_acc:0.838, val_loss:0.496 (224.83s, ETA:9h:7m)
2022-03-12 15:37:58,961 - runner - DEBUG: Time split: train:216.03s val:8.12s
2022-03-12 15:37:58,962 - runner - DEBUG: Next learning rate: 0.1000
2022-03-12 15:41:44,314 - runner - INFO: Epoch 16/160 : train_acc:0.869, train_loss:0.378, val_acc:0.795, val_loss:0.651 (225.35s, ETA:9h:4m)
2022-03-12 15:41:44,315 - runner - DEBUG: Time split: train:216.63s val:8.04s
2022-03-12 15:41:44,315 - runner - DEBUG: Next learning rate: 0.1000
2022-03-12 15:45:29,762 - runner - INFO: Epoch 17/160 : train_acc:0.872, train_loss:0.365, val_acc:0.841, val_loss:0.493 (225.45s, ETA:9h:1m)
2022-03-12 15:45:29,763 - runner - DEBUG: Time split: train:216.62s val:8.14s
2022-03-12 15:45:29,763 - runner - DEBUG: Next learning rate: 0.1000
2022-03-12 15:49:14,830 - runner - INFO: Epoch 18/160 : train_acc:0.877, train_loss:0.351, val_acc:0.816, val_loss:0.597 (225.07s, ETA:8h:56m)
2022-03-12 15:49:14,830 - runner - DEBUG: Time split: train:216.19s val:8.21s
2022-03-12 15:49:14,830 - runner - DEBUG: Next learning rate: 0.1000
2022-03-12 15:53:00,051 - runner - INFO: Epoch 19/160 : train_acc:0.881, train_loss:0.340, val_acc:0.812, val_loss:0.600 (225.22s, ETA:8h:53m)
2022-03-12 15:53:00,051 - runner - DEBUG: Time split: train:216.64s val:7.90s
2022-03-12 15:53:00,051 - runner - DEBUG: Next learning rate: 0.1000
2022-03-12 15:56:45,885 - runner - INFO: Epoch 20/160 : train_acc:0.889, train_loss:0.323, val_acc:0.835, val_loss:0.549 (225.83s, ETA:8h:50m)
2022-03-12 15:56:45,885 - runner - DEBUG: Time split: train:217.08s val:8.07s
2022-03-12 15:56:45,885 - runner - DEBUG: Next learning rate: 0.1000
2022-03-12 16:00:31,563 - runner - INFO: Epoch 21/160 : train_acc:0.890, train_loss:0.314, val_acc:0.845, val_loss:0.503 (225.68s, ETA:8h:46m)
2022-03-12 16:00:31,564 - runner - DEBUG: Time split: train:216.76s val:8.24s
2022-03-12 16:00:31,564 - runner - DEBUG: Next learning rate: 0.1000
2022-03-12 16:04:16,912 - runner - INFO: Epoch 22/160 : train_acc:0.892, train_loss:0.304, val_acc:0.803, val_loss:0.656 (225.35s, ETA:8h:42m)
2022-03-12 16:04:16,912 - runner - DEBUG: Time split: train:216.72s val:7.98s
2022-03-12 16:04:16,912 - runner - DEBUG: Next learning rate: 0.1000
2022-03-12 16:08:02,663 - runner - INFO: Epoch 23/160 : train_acc:0.896, train_loss:0.297, val_acc:0.830, val_loss:0.519 (225.75s, ETA:8h:39m)
2022-03-12 16:08:02,663 - runner - DEBUG: Time split: train:216.87s val:8.20s
2022-03-12 16:08:02,663 - runner - DEBUG: Next learning rate: 0.1000
2022-03-12 16:11:47,464 - runner - INFO: Epoch 24/160 : train_acc:0.902, train_loss:0.283, val_acc:0.829, val_loss:0.565 (224.80s, ETA:8h:33m)
2022-03-12 16:11:47,465 - runner - DEBUG: Time split: train:216.08s val:8.06s
2022-03-12 16:11:47,465 - runner - DEBUG: Next learning rate: 0.1000
2022-03-12 16:34:54,681 - runner - INFO: Froze parametrs: []
2022-03-12 16:34:54,694 - runner - INFO: Unfrozen parametrs: []
2022-03-12 16:34:54,697 - runner - INFO: Layer names containing 'conv' : 217
2022-03-12 16:34:54,697 - runner - INFO: Layer names containing 'bn' : 217
2022-03-12 16:34:54,697 - runner - INFO: Non-trainable parameters (Thousands): 0.0
2022-03-12 16:34:54,697 - runner - INFO: Trainable parameters (Thousands): 3477.85
2022-03-12 16:34:54,697 - runner - INFO: Total Parameters (Thousands): 3477.85
2022-03-12 16:34:58,114 - runner - INFO: Using GPU: Tesla K80
2022-03-12 16:34:58,114 - runner - INFO: Using GPU: Tesla K80
2022-03-12 16:35:25,620 - runner - INFO: Using 45000 training samples, and 5000 validation samples.
2022-03-12 16:35:27,870 - runner - INFO: Begun training at epoch 25.
2022-03-12 16:39:17,955 - runner - INFO: Epoch 25/160 : train_acc:0.904, train_loss:0.273, val_acc:0.840, val_loss:0.541 (230.09s, ETA:8h:41m)
2022-03-12 16:39:17,956 - runner - DEBUG: Time split: train:221.19s val:8.01s
2022-03-12 16:39:17,956 - runner - DEBUG: Next learning rate: 0.1000
2022-03-12 16:43:01,984 - runner - INFO: Epoch 26/160 : train_acc:0.905, train_loss:0.269, val_acc:0.821, val_loss:0.599 (224.03s, ETA:8h:24m)
2022-03-12 16:43:01,984 - runner - DEBUG: Time split: train:215.22s val:8.11s
2022-03-12 16:43:01,985 - runner - DEBUG: Next learning rate: 0.1000
2022-03-12 16:46:46,056 - runner - INFO: Epoch 27/160 : train_acc:0.910, train_loss:0.260, val_acc:0.815, val_loss:0.605 (224.07s, ETA:8h:20m)
2022-03-12 16:46:46,057 - runner - DEBUG: Time split: train:215.58s val:7.81s
2022-03-12 16:46:46,057 - runner - DEBUG: Next learning rate: 0.1000
2022-03-12 16:50:29,802 - runner - INFO: Epoch 28/160 : train_acc:0.910, train_loss:0.256, val_acc:0.836, val_loss:0.533 (223.74s, ETA:8h:15m)
2022-03-12 16:50:29,802 - runner - DEBUG: Time split: train:215.20s val:7.87s
2022-03-12 16:50:29,802 - runner - DEBUG: Next learning rate: 0.1000
2022-03-12 16:54:14,284 - runner - INFO: Epoch 29/160 : train_acc:0.914, train_loss:0.249, val_acc:0.861, val_loss:0.449 (224.48s, ETA:8h:13m)
2022-03-12 16:54:14,284 - runner - DEBUG: Time split: train:215.87s val:7.93s
2022-03-12 16:54:14,284 - runner - DEBUG: Next learning rate: 0.1000
2022-03-12 16:57:57,935 - runner - INFO: Epoch 30/160 : train_acc:0.915, train_loss:0.244, val_acc:0.838, val_loss:0.561 (223.65s, ETA:8h:8m)
2022-03-12 16:57:57,935 - runner - DEBUG: Time split: train:215.03s val:7.96s
2022-03-12 16:57:57,935 - runner - DEBUG: Next learning rate: 0.1000
2022-03-12 17:01:41,380 - runner - INFO: Epoch 31/160 : train_acc:0.917, train_loss:0.237, val_acc:0.859, val_loss:0.459 (223.44s, ETA:8h:4m)
2022-03-12 17:01:41,380 - runner - DEBUG: Time split: train:214.86s val:7.89s
2022-03-12 17:01:41,380 - runner - DEBUG: Next learning rate: 0.1000
2022-03-12 17:05:24,993 - runner - INFO: Epoch 32/160 : train_acc:0.918, train_loss:0.235, val_acc:0.838, val_loss:0.555 (223.61s, ETA:8h:0m)
2022-03-12 17:05:24,993 - runner - DEBUG: Time split: train:214.98s val:7.97s
2022-03-12 17:05:24,993 - runner - DEBUG: Next learning rate: 0.1000
2022-03-12 17:09:08,460 - runner - INFO: Epoch 33/160 : train_acc:0.920, train_loss:0.231, val_acc:0.862, val_loss:0.460 (223.47s, ETA:7h:56m)
2022-03-12 17:09:08,460 - runner - DEBUG: Time split: train:214.55s val:8.22s
2022-03-12 17:09:08,460 - runner - DEBUG: Next learning rate: 0.1000
2022-03-12 17:12:51,589 - runner - INFO: Epoch 34/160 : train_acc:0.921, train_loss:0.223, val_acc:0.795, val_loss:0.763 (223.13s, ETA:7h:52m)
2022-03-12 17:12:51,589 - runner - DEBUG: Time split: train:214.51s val:7.96s
2022-03-12 17:12:51,589 - runner - DEBUG: Next learning rate: 0.1000
2022-03-12 17:16:35,625 - runner - INFO: Epoch 35/160 : train_acc:0.920, train_loss:0.225, val_acc:0.866, val_loss:0.441 (224.04s, ETA:7h:50m)
2022-03-12 17:16:35,625 - runner - DEBUG: Time split: train:215.38s val:7.97s
2022-03-12 17:16:35,626 - runner - DEBUG: Next learning rate: 0.1000
2022-03-12 17:20:19,241 - runner - INFO: Epoch 36/160 : train_acc:0.926, train_loss:0.211, val_acc:0.860, val_loss:0.455 (223.62s, ETA:7h:45m)
2022-03-12 17:20:19,241 - runner - DEBUG: Time split: train:214.78s val:8.15s
2022-03-12 17:20:19,241 - runner - DEBUG: Next learning rate: 0.1000
2022-03-12 17:24:03,725 - runner - INFO: Epoch 37/160 : train_acc:0.927, train_loss:0.209, val_acc:0.849, val_loss:0.521 (224.48s, ETA:7h:43m)
2022-03-12 17:24:03,725 - runner - DEBUG: Time split: train:215.66s val:8.15s
2022-03-12 17:24:03,725 - runner - DEBUG: Next learning rate: 0.1000
2022-03-12 17:27:47,765 - runner - INFO: Epoch 38/160 : train_acc:0.926, train_loss:0.209, val_acc:0.813, val_loss:0.687 (224.04s, ETA:7h:39m)
2022-03-12 17:27:47,766 - runner - DEBUG: Time split: train:215.33s val:8.05s
2022-03-12 17:27:47,766 - runner - DEBUG: Next learning rate: 0.1000
2022-03-12 17:31:32,017 - runner - INFO: Epoch 39/160 : train_acc:0.928, train_loss:0.203, val_acc:0.852, val_loss:0.520 (224.25s, ETA:7h:35m)
2022-03-12 17:31:32,017 - runner - DEBUG: Time split: train:215.58s val:8.00s
2022-03-12 17:31:32,017 - runner - DEBUG: Next learning rate: 0.1000
2022-03-12 17:35:16,636 - runner - INFO: Epoch 40/160 : train_acc:0.929, train_loss:0.199, val_acc:0.867, val_loss:0.454 (224.62s, ETA:7h:32m)
2022-03-12 17:35:16,636 - runner - DEBUG: Time split: train:215.74s val:8.20s
2022-03-12 17:35:16,636 - runner - DEBUG: Next learning rate: 0.1000
2022-03-12 17:39:00,925 - runner - INFO: Epoch 41/160 : train_acc:0.930, train_loss:0.197, val_acc:0.865, val_loss:0.461 (224.29s, ETA:7h:28m)
2022-03-12 17:39:00,925 - runner - DEBUG: Time split: train:215.62s val:7.98s
2022-03-12 17:39:00,925 - runner - DEBUG: Next learning rate: 0.1000
2022-03-12 17:42:46,228 - runner - INFO: Epoch 42/160 : train_acc:0.930, train_loss:0.196, val_acc:0.854, val_loss:0.500 (225.30s, ETA:7h:26m)
2022-03-12 17:42:46,229 - runner - DEBUG: Time split: train:216.27s val:8.36s
2022-03-12 17:42:46,229 - runner - DEBUG: Next learning rate: 0.1000
2022-03-12 17:46:31,002 - runner - INFO: Epoch 43/160 : train_acc:0.934, train_loss:0.189, val_acc:0.836, val_loss:0.583 (224.77s, ETA:7h:22m)
2022-03-12 17:46:31,002 - runner - DEBUG: Time split: train:216.21s val:7.89s
2022-03-12 17:46:31,002 - runner - DEBUG: Next learning rate: 0.1000
2022-03-12 17:50:15,335 - runner - INFO: Epoch 44/160 : train_acc:0.933, train_loss:0.191, val_acc:0.853, val_loss:0.541 (224.33s, ETA:7h:17m)
2022-03-12 17:50:15,336 - runner - DEBUG: Time split: train:215.63s val:8.03s
2022-03-12 17:50:15,336 - runner - DEBUG: Next learning rate: 0.1000
2022-03-12 17:53:59,338 - runner - INFO: Epoch 45/160 : train_acc:0.933, train_loss:0.186, val_acc:0.859, val_loss:0.494 (224.00s, ETA:7h:13m)
2022-03-12 17:53:59,338 - runner - DEBUG: Time split: train:215.32s val:7.99s
2022-03-12 17:53:59,338 - runner - DEBUG: Next learning rate: 0.1000
2022-03-12 17:57:44,181 - runner - INFO: Epoch 46/160 : train_acc:0.936, train_loss:0.184, val_acc:0.867, val_loss:0.442 (224.84s, ETA:7h:10m)
2022-03-12 17:57:44,181 - runner - DEBUG: Time split: train:216.19s val:7.99s
2022-03-12 17:57:44,181 - runner - DEBUG: Next learning rate: 0.1000
2022-03-12 18:01:29,058 - runner - INFO: Epoch 47/160 : train_acc:0.938, train_loss:0.178, val_acc:0.844, val_loss:0.540 (224.88s, ETA:7h:7m)
2022-03-12 18:01:29,058 - runner - DEBUG: Time split: train:216.26s val:7.92s
2022-03-12 18:01:29,058 - runner - DEBUG: Next learning rate: 0.1000
2022-03-12 18:05:14,153 - runner - INFO: Epoch 48/160 : train_acc:0.937, train_loss:0.180, val_acc:0.842, val_loss:0.561 (225.09s, ETA:7h:3m)
2022-03-12 18:05:14,153 - runner - DEBUG: Time split: train:216.34s val:8.08s
2022-03-12 18:05:14,154 - runner - DEBUG: Next learning rate: 0.1000
2022-03-12 18:08:59,280 - runner - INFO: Epoch 49/160 : train_acc:0.939, train_loss:0.173, val_acc:0.842, val_loss:0.546 (225.13s, ETA:7h:0m)
2022-03-12 18:08:59,280 - runner - DEBUG: Time split: train:216.36s val:8.07s
2022-03-12 18:08:59,281 - runner - DEBUG: Next learning rate: 0.1000
2022-03-12 18:12:43,920 - runner - INFO: Epoch 50/160 : train_acc:0.937, train_loss:0.180, val_acc:0.859, val_loss:0.517 (224.64s, ETA:6h:55m)
2022-03-12 18:12:43,920 - runner - DEBUG: Time split: train:216.01s val:7.97s
2022-03-12 18:12:43,920 - runner - DEBUG: Next learning rate: 0.1000
2022-03-12 18:16:30,186 - runner - INFO: Epoch 51/160 : train_acc:0.939, train_loss:0.172, val_acc:0.844, val_loss:0.575 (226.27s, ETA:6h:54m)
2022-03-12 18:16:30,187 - runner - DEBUG: Time split: train:216.17s val:8.18s
2022-03-12 18:16:30,187 - runner - DEBUG: Next learning rate: 0.1000
2022-03-12 18:20:14,289 - runner - INFO: Epoch 52/160 : train_acc:0.939, train_loss:0.171, val_acc:0.844, val_loss:0.594 (224.10s, ETA:6h:47m)
2022-03-12 18:20:14,289 - runner - DEBUG: Time split: train:215.43s val:8.00s
2022-03-12 18:20:14,289 - runner - DEBUG: Next learning rate: 0.1000
2022-03-12 18:23:57,977 - runner - INFO: Epoch 53/160 : train_acc:0.941, train_loss:0.164, val_acc:0.870, val_loss:0.453 (223.69s, ETA:6h:42m)
2022-03-12 18:23:57,977 - runner - DEBUG: Time split: train:215.11s val:7.89s
2022-03-12 18:23:57,978 - runner - DEBUG: Next learning rate: 0.1000
2022-03-12 18:27:42,546 - runner - INFO: Epoch 54/160 : train_acc:0.941, train_loss:0.168, val_acc:0.855, val_loss:0.518 (224.57s, ETA:6h:40m)
2022-03-12 18:27:42,546 - runner - DEBUG: Time split: train:215.95s val:7.95s
2022-03-12 18:27:42,546 - runner - DEBUG: Next learning rate: 0.1000
2022-03-12 18:31:27,559 - runner - INFO: Epoch 55/160 : train_acc:0.944, train_loss:0.161, val_acc:0.865, val_loss:0.478 (225.01s, ETA:6h:37m)
2022-03-12 18:31:27,559 - runner - DEBUG: Time split: train:216.30s val:8.03s
2022-03-12 18:31:27,559 - runner - DEBUG: Next learning rate: 0.1000
2022-03-12 18:35:12,535 - runner - INFO: Epoch 56/160 : train_acc:0.942, train_loss:0.161, val_acc:0.867, val_loss:0.482 (224.98s, ETA:6h:33m)
2022-03-12 18:35:12,535 - runner - DEBUG: Time split: train:216.25s val:8.06s
2022-03-12 18:35:12,535 - runner - DEBUG: Next learning rate: 0.1000
2022-03-12 18:38:56,779 - runner - INFO: Epoch 57/160 : train_acc:0.945, train_loss:0.156, val_acc:0.847, val_loss:0.528 (224.24s, ETA:6h:28m)
2022-03-12 18:38:56,779 - runner - DEBUG: Time split: train:215.62s val:7.93s
2022-03-12 18:38:56,779 - runner - DEBUG: Next learning rate: 0.1000
2022-03-12 18:42:41,175 - runner - INFO: Epoch 58/160 : train_acc:0.942, train_loss:0.164, val_acc:0.845, val_loss:0.567 (224.40s, ETA:6h:25m)
2022-03-12 18:42:41,175 - runner - DEBUG: Time split: train:215.81s val:7.92s
2022-03-12 18:42:41,175 - runner - DEBUG: Next learning rate: 0.1000
2022-03-12 18:46:25,839 - runner - INFO: Epoch 59/160 : train_acc:0.945, train_loss:0.154, val_acc:0.857, val_loss:0.569 (224.66s, ETA:6h:21m)
2022-03-12 18:46:25,839 - runner - DEBUG: Time split: train:215.98s val:7.98s
2022-03-12 18:46:25,839 - runner - DEBUG: Next learning rate: 0.1000
2022-03-12 18:50:10,685 - runner - INFO: Epoch 60/160 : train_acc:0.944, train_loss:0.158, val_acc:0.874, val_loss:0.474 (224.85s, ETA:6h:18m)
2022-03-12 18:50:10,685 - runner - DEBUG: Time split: train:215.91s val:8.28s
2022-03-12 18:50:10,685 - runner - DEBUG: Next learning rate: 0.1000
2022-03-12 18:53:55,040 - runner - INFO: Epoch 61/160 : train_acc:0.945, train_loss:0.154, val_acc:0.853, val_loss:0.588 (224.35s, ETA:6h:13m)
2022-03-12 18:53:55,040 - runner - DEBUG: Time split: train:215.56s val:8.10s
2022-03-12 18:53:55,040 - runner - DEBUG: Next learning rate: 0.1000
2022-03-12 18:57:39,140 - runner - INFO: Epoch 62/160 : train_acc:0.948, train_loss:0.151, val_acc:0.831, val_loss:0.764 (224.10s, ETA:6h:9m)
2022-03-12 18:57:39,140 - runner - DEBUG: Time split: train:215.46s val:7.99s
2022-03-12 18:57:39,141 - runner - DEBUG: Next learning rate: 0.1000
2022-03-12 19:01:22,788 - runner - INFO: Epoch 63/160 : train_acc:0.946, train_loss:0.154, val_acc:0.851, val_loss:0.560 (223.65s, ETA:6h:5m)
2022-03-12 19:01:22,788 - runner - DEBUG: Time split: train:215.11s val:7.87s
2022-03-12 19:01:22,789 - runner - DEBUG: Next learning rate: 0.1000
2022-03-12 19:05:06,940 - runner - INFO: Epoch 64/160 : train_acc:0.948, train_loss:0.150, val_acc:0.885, val_loss:0.410 (224.15s, ETA:6h:2m)
2022-03-12 19:05:06,941 - runner - DEBUG: Time split: train:215.26s val:8.23s
2022-03-12 19:05:06,941 - runner - DEBUG: Next learning rate: 0.1000
2022-03-12 19:08:51,959 - runner - INFO: Epoch 65/160 : train_acc:0.951, train_loss:0.141, val_acc:0.873, val_loss:0.433 (225.02s, ETA:6h:0m)
2022-03-12 19:08:51,960 - runner - DEBUG: Time split: train:216.34s val:8.00s
2022-03-12 19:08:51,960 - runner - DEBUG: Next learning rate: 0.1000
2022-03-12 19:12:36,251 - runner - INFO: Epoch 66/160 : train_acc:0.946, train_loss:0.150, val_acc:0.860, val_loss:0.543 (224.29s, ETA:5h:55m)
2022-03-12 19:12:36,251 - runner - DEBUG: Time split: train:215.54s val:8.08s
2022-03-12 19:12:36,252 - runner - DEBUG: Next learning rate: 0.1000
2022-03-12 19:16:19,994 - runner - INFO: Epoch 67/160 : train_acc:0.947, train_loss:0.153, val_acc:0.858, val_loss:0.535 (223.74s, ETA:5h:50m)
2022-03-12 19:16:19,994 - runner - DEBUG: Time split: train:215.17s val:7.86s
2022-03-12 19:16:19,994 - runner - DEBUG: Next learning rate: 0.1000
2022-03-12 19:20:05,323 - runner - INFO: Epoch 68/160 : train_acc:0.949, train_loss:0.146, val_acc:0.876, val_loss:0.458 (225.33s, ETA:5h:49m)
2022-03-12 19:20:05,323 - runner - DEBUG: Time split: train:216.22s val:8.45s
2022-03-12 19:20:05,323 - runner - DEBUG: Next learning rate: 0.1000
2022-03-12 19:23:49,111 - runner - INFO: Epoch 69/160 : train_acc:0.950, train_loss:0.141, val_acc:0.872, val_loss:0.460 (223.79s, ETA:5h:43m)
2022-03-12 19:23:49,111 - runner - DEBUG: Time split: train:215.12s val:7.97s
2022-03-12 19:23:49,111 - runner - DEBUG: Next learning rate: 0.1000
2022-03-12 19:27:33,309 - runner - INFO: Epoch 70/160 : train_acc:0.947, train_loss:0.148, val_acc:0.851, val_loss:0.547 (224.20s, ETA:5h:40m)
2022-03-12 19:27:33,309 - runner - DEBUG: Time split: train:215.30s val:8.27s
2022-03-12 19:27:33,309 - runner - DEBUG: Next learning rate: 0.1000
2022-03-12 19:31:17,295 - runner - INFO: Epoch 71/160 : train_acc:0.950, train_loss:0.142, val_acc:0.853, val_loss:0.568 (223.99s, ETA:5h:35m)
2022-03-12 19:31:17,296 - runner - DEBUG: Time split: train:215.34s val:7.96s
2022-03-12 19:31:17,296 - runner - DEBUG: Next learning rate: 0.1000
2022-03-12 19:35:01,874 - runner - INFO: Epoch 72/160 : train_acc:0.949, train_loss:0.143, val_acc:0.850, val_loss:0.561 (224.58s, ETA:5h:33m)
2022-03-12 19:35:01,874 - runner - DEBUG: Time split: train:215.72s val:7.90s
2022-03-12 19:35:01,874 - runner - DEBUG: Next learning rate: 0.1000
2022-03-12 19:38:46,628 - runner - INFO: Epoch 73/160 : train_acc:0.951, train_loss:0.141, val_acc:0.857, val_loss:0.537 (224.75s, ETA:5h:29m)
2022-03-12 19:38:46,628 - runner - DEBUG: Time split: train:216.01s val:8.03s
2022-03-12 19:38:46,628 - runner - DEBUG: Next learning rate: 0.1000
2022-03-12 19:42:30,695 - runner - INFO: Epoch 74/160 : train_acc:0.951, train_loss:0.140, val_acc:0.864, val_loss:0.510 (224.07s, ETA:5h:24m)
2022-03-12 19:42:30,696 - runner - DEBUG: Time split: train:215.35s val:8.05s
2022-03-12 19:42:30,696 - runner - DEBUG: Next learning rate: 0.1000
2022-03-12 19:46:14,986 - runner - INFO: Epoch 75/160 : train_acc:0.951, train_loss:0.140, val_acc:0.858, val_loss:0.568 (224.29s, ETA:5h:21m)
2022-03-12 19:46:14,986 - runner - DEBUG: Time split: train:215.60s val:8.01s
2022-03-12 19:46:14,987 - runner - DEBUG: Next learning rate: 0.1000
2022-03-12 19:49:58,188 - runner - INFO: Epoch 76/160 : train_acc:0.952, train_loss:0.138, val_acc:0.852, val_loss:0.617 (223.20s, ETA:5h:16m)
2022-03-12 19:49:58,188 - runner - DEBUG: Time split: train:214.70s val:7.81s
2022-03-12 19:49:58,188 - runner - DEBUG: Next learning rate: 0.1000
2022-03-12 19:53:42,297 - runner - INFO: Epoch 77/160 : train_acc:0.951, train_loss:0.140, val_acc:0.867, val_loss:0.494 (224.11s, ETA:5h:13m)
2022-03-12 19:53:42,297 - runner - DEBUG: Time split: train:215.43s val:7.98s
2022-03-12 19:53:42,298 - runner - DEBUG: Next learning rate: 0.1000
2022-03-12 19:57:26,560 - runner - INFO: Epoch 78/160 : train_acc:0.953, train_loss:0.134, val_acc:0.862, val_loss:0.521 (224.26s, ETA:5h:10m)
2022-03-12 19:57:26,560 - runner - DEBUG: Time split: train:215.64s val:7.96s
2022-03-12 19:57:26,560 - runner - DEBUG: Next learning rate: 0.1000
2022-03-12 20:01:11,197 - runner - INFO: Epoch 79/160 : train_acc:0.952, train_loss:0.134, val_acc:0.854, val_loss:0.513 (224.64s, ETA:5h:7m)
2022-03-12 20:01:11,197 - runner - DEBUG: Time split: train:216.00s val:7.95s
2022-03-12 20:01:11,197 - runner - DEBUG: Next learning rate: 0.1000
2022-03-12 20:04:56,028 - runner - INFO: Epoch 80/160 : train_acc:0.950, train_loss:0.141, val_acc:0.852, val_loss:0.544 (224.83s, ETA:5h:3m)
2022-03-12 20:04:56,028 - runner - DEBUG: Time split: train:215.95s val:8.21s
2022-03-12 20:04:56,028 - runner - DEBUG: Next learning rate: 0.1000
2022-03-12 20:08:40,682 - runner - INFO: Epoch 81/160 : train_acc:0.953, train_loss:0.132, val_acc:0.879, val_loss:0.456 (224.65s, ETA:4h:59m)
2022-03-12 20:08:40,683 - runner - DEBUG: Time split: train:215.91s val:8.05s
2022-03-12 20:08:40,683 - runner - DEBUG: Next learning rate: 0.0100
2022-03-12 20:12:24,191 - runner - INFO: Epoch 82/160 : train_acc:0.979, train_loss:0.064, val_acc:0.914, val_loss:0.315 (223.51s, ETA:4h:54m)
2022-03-12 20:12:24,191 - runner - DEBUG: Time split: train:215.05s val:7.81s
2022-03-12 20:12:24,191 - runner - DEBUG: Next learning rate: 0.0100
2022-03-12 20:16:07,016 - runner - INFO: Epoch 83/160 : train_acc:0.988, train_loss:0.037, val_acc:0.917, val_loss:0.311 (222.82s, ETA:4h:49m)
2022-03-12 20:16:07,016 - runner - DEBUG: Time split: train:214.18s val:8.02s
2022-03-12 20:16:07,017 - runner - DEBUG: Next learning rate: 0.0100
2022-03-12 20:19:50,490 - runner - INFO: Epoch 84/160 : train_acc:0.991, train_loss:0.029, val_acc:0.916, val_loss:0.317 (223.47s, ETA:4h:46m)
2022-03-12 20:19:50,490 - runner - DEBUG: Time split: train:214.98s val:7.84s
2022-03-12 20:19:50,490 - runner - DEBUG: Next learning rate: 0.0100
2022-03-12 20:23:34,049 - runner - INFO: Epoch 85/160 : train_acc:0.993, train_loss:0.024, val_acc:0.915, val_loss:0.328 (223.56s, ETA:4h:43m)
2022-03-12 20:23:34,050 - runner - DEBUG: Time split: train:215.06s val:7.80s
2022-03-12 20:23:34,050 - runner - DEBUG: Next learning rate: 0.0100
2022-03-12 20:27:18,301 - runner - INFO: Epoch 86/160 : train_acc:0.994, train_loss:0.021, val_acc:0.918, val_loss:0.328 (224.25s, ETA:4h:40m)
2022-03-12 20:27:18,301 - runner - DEBUG: Time split: train:215.72s val:7.88s
2022-03-12 20:27:18,301 - runner - DEBUG: Next learning rate: 0.0100
2022-03-12 20:31:01,276 - runner - INFO: Epoch 87/160 : train_acc:0.995, train_loss:0.018, val_acc:0.919, val_loss:0.338 (222.97s, ETA:4h:35m)
2022-03-12 20:31:01,277 - runner - DEBUG: Time split: train:214.40s val:7.87s
2022-03-12 20:31:01,277 - runner - DEBUG: Next learning rate: 0.0100
2022-03-12 20:34:44,774 - runner - INFO: Epoch 88/160 : train_acc:0.996, train_loss:0.015, val_acc:0.918, val_loss:0.358 (223.50s, ETA:4h:31m)
2022-03-12 20:34:44,774 - runner - DEBUG: Time split: train:215.01s val:7.84s
2022-03-12 20:34:44,775 - runner - DEBUG: Next learning rate: 0.0100
2022-03-12 20:38:28,505 - runner - INFO: Epoch 89/160 : train_acc:0.997, train_loss:0.013, val_acc:0.918, val_loss:0.358 (223.73s, ETA:4h:28m)
2022-03-12 20:38:28,505 - runner - DEBUG: Time split: train:215.25s val:7.79s
2022-03-12 20:38:28,505 - runner - DEBUG: Next learning rate: 0.0100
2022-03-12 20:42:12,144 - runner - INFO: Epoch 90/160 : train_acc:0.997, train_loss:0.012, val_acc:0.919, val_loss:0.355 (223.64s, ETA:4h:24m)
2022-03-12 20:42:12,144 - runner - DEBUG: Time split: train:215.07s val:7.91s
2022-03-12 20:42:12,144 - runner - DEBUG: Next learning rate: 0.0100
2022-03-12 20:45:55,360 - runner - INFO: Epoch 91/160 : train_acc:0.998, train_loss:0.011, val_acc:0.920, val_loss:0.357 (223.22s, ETA:4h:20m)
2022-03-12 20:45:55,360 - runner - DEBUG: Time split: train:214.78s val:7.80s
2022-03-12 20:45:55,360 - runner - DEBUG: Next learning rate: 0.0100
2022-03-12 20:49:39,683 - runner - INFO: Epoch 92/160 : train_acc:0.998, train_loss:0.010, val_acc:0.921, val_loss:0.371 (224.32s, ETA:4h:17m)
2022-03-12 20:49:39,684 - runner - DEBUG: Time split: train:215.68s val:7.98s
2022-03-12 20:49:39,684 - runner - DEBUG: Next learning rate: 0.0100
2022-03-12 20:53:24,450 - runner - INFO: Epoch 93/160 : train_acc:0.998, train_loss:0.009, val_acc:0.919, val_loss:0.378 (224.77s, ETA:4h:14m)
2022-03-12 20:53:24,450 - runner - DEBUG: Time split: train:216.18s val:7.87s
2022-03-12 20:53:24,450 - runner - DEBUG: Next learning rate: 0.0100
2022-03-12 20:57:08,851 - runner - INFO: Epoch 94/160 : train_acc:0.998, train_loss:0.009, val_acc:0.922, val_loss:0.377 (224.40s, ETA:4h:10m)
2022-03-12 20:57:08,851 - runner - DEBUG: Time split: train:215.57s val:8.17s
2022-03-12 20:57:08,852 - runner - DEBUG: Next learning rate: 0.0100
2022-03-12 21:00:52,968 - runner - INFO: Epoch 95/160 : train_acc:0.998, train_loss:0.007, val_acc:0.921, val_loss:0.394 (224.12s, ETA:4h:6m)
2022-03-12 21:00:52,969 - runner - DEBUG: Time split: train:215.49s val:7.93s
2022-03-12 21:00:52,969 - runner - DEBUG: Next learning rate: 0.0100
2022-03-12 21:04:37,893 - runner - INFO: Epoch 96/160 : train_acc:0.998, train_loss:0.007, val_acc:0.919, val_loss:0.397 (224.92s, ETA:4h:3m)
2022-03-12 21:04:37,894 - runner - DEBUG: Time split: train:216.32s val:7.95s
2022-03-12 21:04:37,894 - runner - DEBUG: Next learning rate: 0.0100
2022-03-12 21:08:22,067 - runner - INFO: Epoch 97/160 : train_acc:0.999, train_loss:0.006, val_acc:0.920, val_loss:0.399 (224.17s, ETA:3h:59m)
2022-03-12 21:08:22,067 - runner - DEBUG: Time split: train:215.46s val:8.03s
2022-03-12 21:08:22,067 - runner - DEBUG: Next learning rate: 0.0100
2022-03-12 21:12:06,247 - runner - INFO: Epoch 98/160 : train_acc:0.999, train_loss:0.006, val_acc:0.922, val_loss:0.396 (224.18s, ETA:3h:55m)
2022-03-12 21:12:06,248 - runner - DEBUG: Time split: train:215.53s val:8.00s
2022-03-12 21:12:06,248 - runner - DEBUG: Next learning rate: 0.0100
2022-03-12 21:15:50,308 - runner - INFO: Epoch 99/160 : train_acc:0.999, train_loss:0.005, val_acc:0.921, val_loss:0.396 (224.06s, ETA:3h:51m)
2022-03-12 21:15:50,309 - runner - DEBUG: Time split: train:215.45s val:7.93s
2022-03-12 21:15:50,309 - runner - DEBUG: Next learning rate: 0.0100
2022-03-12 21:19:34,759 - runner - INFO: Epoch 100/160 : train_acc:0.999, train_loss:0.006, val_acc:0.923, val_loss:0.394 (224.45s, ETA:3h:48m)
2022-03-12 21:19:34,759 - runner - DEBUG: Time split: train:215.78s val:7.99s
2022-03-12 21:19:34,759 - runner - DEBUG: Next learning rate: 0.0100
2022-03-12 21:23:19,551 - runner - INFO: Epoch 101/160 : train_acc:0.999, train_loss:0.005, val_acc:0.922, val_loss:0.411 (224.79s, ETA:3h:44m)
2022-03-12 21:23:19,552 - runner - DEBUG: Time split: train:216.12s val:7.97s
2022-03-12 21:23:19,552 - runner - DEBUG: Next learning rate: 0.0100
2022-03-12 21:27:04,192 - runner - INFO: Epoch 102/160 : train_acc:0.999, train_loss:0.005, val_acc:0.922, val_loss:0.416 (224.64s, ETA:3h:40m)
2022-03-12 21:27:04,192 - runner - DEBUG: Time split: train:215.78s val:8.20s
2022-03-12 21:27:04,192 - runner - DEBUG: Next learning rate: 0.0100
2022-03-12 21:30:48,023 - runner - INFO: Epoch 103/160 : train_acc:0.999, train_loss:0.005, val_acc:0.920, val_loss:0.426 (223.83s, ETA:3h:36m)
2022-03-12 21:30:48,023 - runner - DEBUG: Time split: train:215.19s val:7.94s
2022-03-12 21:30:48,023 - runner - DEBUG: Next learning rate: 0.0100
2022-03-12 21:34:32,282 - runner - INFO: Epoch 104/160 : train_acc:0.999, train_loss:0.005, val_acc:0.920, val_loss:0.419 (224.26s, ETA:3h:33m)
2022-03-12 21:34:32,282 - runner - DEBUG: Time split: train:215.54s val:8.04s
2022-03-12 21:34:32,282 - runner - DEBUG: Next learning rate: 0.0100
2022-03-12 21:38:16,721 - runner - INFO: Epoch 105/160 : train_acc:0.999, train_loss:0.004, val_acc:0.921, val_loss:0.416 (224.44s, ETA:3h:29m)
2022-03-12 21:38:16,722 - runner - DEBUG: Time split: train:215.89s val:7.89s
2022-03-12 21:38:16,722 - runner - DEBUG: Next learning rate: 0.0100
2022-03-12 21:42:01,130 - runner - INFO: Epoch 106/160 : train_acc:0.999, train_loss:0.004, val_acc:0.920, val_loss:0.425 (224.41s, ETA:3h:25m)
2022-03-12 21:42:01,131 - runner - DEBUG: Time split: train:215.86s val:7.85s
2022-03-12 21:42:01,131 - runner - DEBUG: Next learning rate: 0.0100
2022-03-12 21:45:45,257 - runner - INFO: Epoch 107/160 : train_acc:0.999, train_loss:0.004, val_acc:0.922, val_loss:0.414 (224.13s, ETA:3h:21m)
2022-03-12 21:45:45,257 - runner - DEBUG: Time split: train:215.57s val:7.87s
2022-03-12 21:45:45,257 - runner - DEBUG: Next learning rate: 0.0100
2022-03-12 21:49:28,384 - runner - INFO: Epoch 108/160 : train_acc:0.999, train_loss:0.004, val_acc:0.923, val_loss:0.420 (223.13s, ETA:3h:17m)
2022-03-12 21:49:28,384 - runner - DEBUG: Time split: train:214.54s val:7.95s
2022-03-12 21:49:28,384 - runner - DEBUG: Next learning rate: 0.0100
2022-03-12 21:53:12,487 - runner - INFO: Epoch 109/160 : train_acc:1.000, train_loss:0.003, val_acc:0.922, val_loss:0.427 (224.10s, ETA:3h:14m)
2022-03-12 21:53:12,488 - runner - DEBUG: Time split: train:215.57s val:7.83s
2022-03-12 21:53:12,488 - runner - DEBUG: Next learning rate: 0.0100
2022-03-12 21:56:56,482 - runner - INFO: Epoch 110/160 : train_acc:1.000, train_loss:0.003, val_acc:0.922, val_loss:0.425 (223.99s, ETA:3h:10m)
2022-03-12 21:56:56,483 - runner - DEBUG: Time split: train:215.51s val:7.83s
2022-03-12 21:56:56,483 - runner - DEBUG: Next learning rate: 0.0100
2022-03-12 22:00:40,085 - runner - INFO: Epoch 111/160 : train_acc:0.999, train_loss:0.004, val_acc:0.921, val_loss:0.418 (223.60s, ETA:3h:6m)
2022-03-12 22:00:40,085 - runner - DEBUG: Time split: train:215.09s val:7.81s
2022-03-12 22:00:40,086 - runner - DEBUG: Next learning rate: 0.0100
2022-03-12 22:04:24,158 - runner - INFO: Epoch 112/160 : train_acc:0.999, train_loss:0.003, val_acc:0.922, val_loss:0.420 (224.07s, ETA:3h:2m)
2022-03-12 22:04:24,158 - runner - DEBUG: Time split: train:215.42s val:7.95s
2022-03-12 22:04:24,158 - runner - DEBUG: Next learning rate: 0.0100
2022-03-12 22:08:07,492 - runner - INFO: Epoch 113/160 : train_acc:0.999, train_loss:0.003, val_acc:0.920, val_loss:0.433 (223.33s, ETA:2h:58m)
2022-03-12 22:08:07,492 - runner - DEBUG: Time split: train:214.58s val:8.10s
2022-03-12 22:08:07,492 - runner - DEBUG: Next learning rate: 0.0100
2022-03-12 22:11:50,574 - runner - INFO: Epoch 114/160 : train_acc:0.999, train_loss:0.003, val_acc:0.922, val_loss:0.427 (223.08s, ETA:2h:54m)
2022-03-12 22:11:50,575 - runner - DEBUG: Time split: train:214.51s val:7.92s
2022-03-12 22:11:50,575 - runner - DEBUG: Next learning rate: 0.0100
2022-03-12 22:15:34,607 - runner - INFO: Epoch 115/160 : train_acc:0.999, train_loss:0.003, val_acc:0.921, val_loss:0.427 (224.03s, ETA:2h:51m)
2022-03-12 22:15:34,607 - runner - DEBUG: Time split: train:215.51s val:7.85s
2022-03-12 22:15:34,607 - runner - DEBUG: Next learning rate: 0.0100
2022-03-12 22:19:18,406 - runner - INFO: Epoch 116/160 : train_acc:0.999, train_loss:0.003, val_acc:0.922, val_loss:0.444 (223.80s, ETA:2h:47m)
2022-03-12 22:19:18,406 - runner - DEBUG: Time split: train:215.26s val:7.90s
2022-03-12 22:19:18,406 - runner - DEBUG: Next learning rate: 0.0100
2022-03-12 22:23:03,026 - runner - INFO: Epoch 117/160 : train_acc:1.000, train_loss:0.003, val_acc:0.920, val_loss:0.458 (224.62s, ETA:2h:44m)
2022-03-12 22:23:03,026 - runner - DEBUG: Time split: train:215.96s val:7.98s
2022-03-12 22:23:03,027 - runner - DEBUG: Next learning rate: 0.0100
2022-03-12 22:26:46,147 - runner - INFO: Epoch 118/160 : train_acc:0.999, train_loss:0.003, val_acc:0.924, val_loss:0.446 (223.12s, ETA:2h:39m)
2022-03-12 22:26:46,147 - runner - DEBUG: Time split: train:214.66s val:7.82s
2022-03-12 22:26:46,147 - runner - DEBUG: Next learning rate: 0.0100
2022-03-12 22:30:29,681 - runner - INFO: Epoch 119/160 : train_acc:0.999, train_loss:0.003, val_acc:0.922, val_loss:0.441 (223.53s, ETA:2h:36m)
2022-03-12 22:30:29,682 - runner - DEBUG: Time split: train:214.95s val:7.89s
2022-03-12 22:30:29,682 - runner - DEBUG: Next learning rate: 0.0100
2022-03-12 22:34:13,381 - runner - INFO: Epoch 120/160 : train_acc:1.000, train_loss:0.002, val_acc:0.923, val_loss:0.432 (223.70s, ETA:2h:32m)
2022-03-12 22:34:13,381 - runner - DEBUG: Time split: train:215.23s val:7.78s
2022-03-12 22:34:13,381 - runner - DEBUG: Next learning rate: 0.0100
2022-03-12 22:37:56,909 - runner - INFO: Epoch 121/160 : train_acc:1.000, train_loss:0.002, val_acc:0.924, val_loss:0.440 (223.53s, ETA:2h:29m)
2022-03-12 22:37:56,910 - runner - DEBUG: Time split: train:214.95s val:7.89s
2022-03-12 22:37:56,910 - runner - DEBUG: Next learning rate: 0.0010
2022-03-12 22:41:41,350 - runner - INFO: Epoch 122/160 : train_acc:0.999, train_loss:0.003, val_acc:0.924, val_loss:0.441 (224.44s, ETA:2h:25m)
2022-03-12 22:41:41,350 - runner - DEBUG: Time split: train:215.88s val:7.89s
2022-03-12 22:41:41,351 - runner - DEBUG: Next learning rate: 0.0010
2022-03-12 22:45:24,709 - runner - INFO: Epoch 123/160 : train_acc:1.000, train_loss:0.002, val_acc:0.924, val_loss:0.441 (223.36s, ETA:2h:21m)
2022-03-12 22:45:24,709 - runner - DEBUG: Time split: train:214.76s val:7.94s
2022-03-12 22:45:24,710 - runner - DEBUG: Next learning rate: 0.0010
2022-03-12 22:49:08,603 - runner - INFO: Epoch 124/160 : train_acc:1.000, train_loss:0.002, val_acc:0.923, val_loss:0.439 (223.89s, ETA:2h:18m)
2022-03-12 22:49:08,603 - runner - DEBUG: Time split: train:215.19s val:8.07s
2022-03-12 22:49:08,603 - runner - DEBUG: Next learning rate: 0.0010
2022-03-12 22:52:52,146 - runner - INFO: Epoch 125/160 : train_acc:1.000, train_loss:0.002, val_acc:0.923, val_loss:0.441 (223.54s, ETA:2h:14m)
2022-03-12 22:52:52,146 - runner - DEBUG: Time split: train:215.05s val:7.81s
2022-03-12 22:52:52,146 - runner - DEBUG: Next learning rate: 0.0010
2022-03-12 22:56:35,772 - runner - INFO: Epoch 126/160 : train_acc:1.000, train_loss:0.002, val_acc:0.924, val_loss:0.439 (223.63s, ETA:2h:10m)
2022-03-12 22:56:35,772 - runner - DEBUG: Time split: train:215.14s val:7.85s
2022-03-12 22:56:35,772 - runner - DEBUG: Next learning rate: 0.0010
2022-03-12 23:00:20,139 - runner - INFO: Epoch 127/160 : train_acc:1.000, train_loss:0.002, val_acc:0.924, val_loss:0.439 (224.37s, ETA:2h:7m)
2022-03-12 23:00:20,140 - runner - DEBUG: Time split: train:215.69s val:7.96s
2022-03-12 23:00:20,140 - runner - DEBUG: Next learning rate: 0.0010
2022-03-12 23:04:03,739 - runner - INFO: Epoch 128/160 : train_acc:1.000, train_loss:0.002, val_acc:0.924, val_loss:0.437 (223.60s, ETA:2h:2m)
2022-03-12 23:04:03,739 - runner - DEBUG: Time split: train:214.83s val:8.10s
2022-03-12 23:04:03,740 - runner - DEBUG: Next learning rate: 0.0010
2022-03-12 23:07:46,832 - runner - INFO: Epoch 129/160 : train_acc:1.000, train_loss:0.002, val_acc:0.924, val_loss:0.437 (223.09s, ETA:1h:58m)
2022-03-12 23:07:46,833 - runner - DEBUG: Time split: train:214.62s val:7.76s
2022-03-12 23:07:46,833 - runner - DEBUG: Next learning rate: 0.0010
2022-03-12 23:11:30,565 - runner - INFO: Epoch 130/160 : train_acc:1.000, train_loss:0.002, val_acc:0.924, val_loss:0.438 (223.73s, ETA:1h:55m)
2022-03-12 23:11:30,565 - runner - DEBUG: Time split: train:215.15s val:7.90s
2022-03-12 23:11:30,565 - runner - DEBUG: Next learning rate: 0.0010
2022-03-12 23:15:13,460 - runner - INFO: Epoch 131/160 : train_acc:1.000, train_loss:0.002, val_acc:0.923, val_loss:0.441 (222.89s, ETA:1h:51m)
2022-03-12 23:15:13,460 - runner - DEBUG: Time split: train:214.36s val:7.85s
2022-03-12 23:15:13,460 - runner - DEBUG: Next learning rate: 0.0010
2022-03-12 23:18:56,592 - runner - INFO: Epoch 132/160 : train_acc:1.000, train_loss:0.001, val_acc:0.923, val_loss:0.436 (223.13s, ETA:1h:47m)
2022-03-12 23:18:56,592 - runner - DEBUG: Time split: train:214.67s val:7.80s
2022-03-12 23:18:56,592 - runner - DEBUG: Next learning rate: 0.0010
2022-03-12 23:22:39,964 - runner - INFO: Epoch 133/160 : train_acc:1.000, train_loss:0.001, val_acc:0.924, val_loss:0.435 (223.37s, ETA:1h:44m)
2022-03-12 23:22:39,964 - runner - DEBUG: Time split: train:214.93s val:7.78s
2022-03-12 23:22:39,964 - runner - DEBUG: Next learning rate: 0.0010
2022-03-12 23:26:23,397 - runner - INFO: Epoch 134/160 : train_acc:1.000, train_loss:0.002, val_acc:0.924, val_loss:0.439 (223.43s, ETA:1h:40m)
2022-03-12 23:26:23,397 - runner - DEBUG: Time split: train:214.93s val:7.85s
2022-03-12 23:26:23,397 - runner - DEBUG: Next learning rate: 0.0010
2022-03-12 23:30:07,252 - runner - INFO: Epoch 135/160 : train_acc:1.000, train_loss:0.002, val_acc:0.924, val_loss:0.438 (223.85s, ETA:1h:37m)
2022-03-12 23:30:07,253 - runner - DEBUG: Time split: train:215.10s val:8.13s
2022-03-12 23:30:07,253 - runner - DEBUG: Next learning rate: 0.0010
2022-03-12 23:33:51,044 - runner - INFO: Epoch 136/160 : train_acc:1.000, train_loss:0.002, val_acc:0.924, val_loss:0.436 (223.79s, ETA:1h:33m)
2022-03-12 23:33:51,044 - runner - DEBUG: Time split: train:215.16s val:7.96s
2022-03-12 23:33:51,044 - runner - DEBUG: Next learning rate: 0.0010
2022-03-12 23:37:35,117 - runner - INFO: Epoch 137/160 : train_acc:1.000, train_loss:0.002, val_acc:0.925, val_loss:0.438 (224.07s, ETA:1h:29m)
2022-03-12 23:37:35,117 - runner - DEBUG: Time split: train:215.58s val:7.81s
2022-03-12 23:37:35,117 - runner - DEBUG: Next learning rate: 0.0010
2022-03-12 23:41:18,331 - runner - INFO: Epoch 138/160 : train_acc:1.000, train_loss:0.002, val_acc:0.925, val_loss:0.441 (223.21s, ETA:1h:25m)
2022-03-12 23:41:18,332 - runner - DEBUG: Time split: train:214.61s val:7.94s
2022-03-12 23:41:18,332 - runner - DEBUG: Next learning rate: 0.0010
2022-03-12 23:45:01,273 - runner - INFO: Epoch 139/160 : train_acc:1.000, train_loss:0.002, val_acc:0.925, val_loss:0.440 (222.94s, ETA:1h:21m)
2022-03-12 23:45:01,274 - runner - DEBUG: Time split: train:214.34s val:7.92s
2022-03-12 23:45:01,274 - runner - DEBUG: Next learning rate: 0.0010
2022-03-12 23:48:44,831 - runner - INFO: Epoch 140/160 : train_acc:1.000, train_loss:0.002, val_acc:0.924, val_loss:0.440 (223.56s, ETA:1h:18m)
2022-03-12 23:48:44,832 - runner - DEBUG: Time split: train:215.09s val:7.82s
2022-03-12 23:48:44,832 - runner - DEBUG: Next learning rate: 0.0010
2022-03-12 23:52:28,026 - runner - INFO: Epoch 141/160 : train_acc:1.000, train_loss:0.002, val_acc:0.923, val_loss:0.438 (223.19s, ETA:1h:14m)
2022-03-12 23:52:28,026 - runner - DEBUG: Time split: train:214.73s val:7.78s
2022-03-12 23:52:28,026 - runner - DEBUG: Next learning rate: 0.0010
2022-03-12 23:56:11,395 - runner - INFO: Epoch 142/160 : train_acc:1.000, train_loss:0.002, val_acc:0.924, val_loss:0.436 (223.37s, ETA:1h:10m)
2022-03-12 23:56:11,395 - runner - DEBUG: Time split: train:214.91s val:7.79s
2022-03-12 23:56:11,396 - runner - DEBUG: Next learning rate: 0.0010
2022-03-12 23:59:54,996 - runner - INFO: Epoch 143/160 : train_acc:1.000, train_loss:0.002, val_acc:0.924, val_loss:0.439 (223.60s, ETA:1h:7m)
2022-03-12 23:59:54,996 - runner - DEBUG: Time split: train:215.13s val:7.79s
2022-03-12 23:59:54,996 - runner - DEBUG: Next learning rate: 0.0010
2022-03-13 00:03:38,087 - runner - INFO: Epoch 144/160 : train_acc:1.000, train_loss:0.001, val_acc:0.925, val_loss:0.437 (223.09s, ETA:1h:3m)
2022-03-13 00:03:38,088 - runner - DEBUG: Time split: train:214.54s val:7.86s
2022-03-13 00:03:38,088 - runner - DEBUG: Next learning rate: 0.0010
2022-03-13 00:07:21,983 - runner - INFO: Epoch 145/160 : train_acc:1.000, train_loss:0.001, val_acc:0.924, val_loss:0.438 (223.90s, ETA:0h:59m)
2022-03-13 00:07:21,984 - runner - DEBUG: Time split: train:215.44s val:7.79s
2022-03-13 00:07:21,984 - runner - DEBUG: Next learning rate: 0.0010
2022-03-13 00:11:06,815 - runner - INFO: Epoch 146/160 : train_acc:1.000, train_loss:0.002, val_acc:0.924, val_loss:0.438 (224.83s, ETA:0h:56m)
2022-03-13 00:11:06,815 - runner - DEBUG: Time split: train:215.96s val:8.21s
2022-03-13 00:11:06,816 - runner - DEBUG: Next learning rate: 0.0010
2022-03-13 00:14:50,373 - runner - INFO: Epoch 147/160 : train_acc:1.000, train_loss:0.001, val_acc:0.923, val_loss:0.443 (223.56s, ETA:0h:52m)
2022-03-13 00:14:50,374 - runner - DEBUG: Time split: train:215.00s val:7.82s
2022-03-13 00:14:50,374 - runner - DEBUG: Next learning rate: 0.0010
2022-03-13 00:18:33,804 - runner - INFO: Epoch 148/160 : train_acc:1.000, train_loss:0.001, val_acc:0.924, val_loss:0.439 (223.43s, ETA:0h:48m)
2022-03-13 00:18:33,805 - runner - DEBUG: Time split: train:215.00s val:7.85s
2022-03-13 00:18:33,805 - runner - DEBUG: Next learning rate: 0.0010
2022-03-13 00:22:17,250 - runner - INFO: Epoch 149/160 : train_acc:1.000, train_loss:0.002, val_acc:0.924, val_loss:0.440 (223.45s, ETA:0h:44m)
2022-03-13 00:22:17,250 - runner - DEBUG: Time split: train:214.98s val:7.77s
2022-03-13 00:22:17,251 - runner - DEBUG: Next learning rate: 0.0010
2022-03-13 00:26:01,580 - runner - INFO: Epoch 150/160 : train_acc:1.000, train_loss:0.002, val_acc:0.924, val_loss:0.438 (224.33s, ETA:0h:41m)
2022-03-13 00:26:01,580 - runner - DEBUG: Time split: train:215.77s val:7.91s
2022-03-13 00:26:01,580 - runner - DEBUG: Next learning rate: 0.0010
2022-03-13 00:29:45,927 - runner - INFO: Epoch 151/160 : train_acc:1.000, train_loss:0.002, val_acc:0.925, val_loss:0.442 (224.35s, ETA:0h:37m)
2022-03-13 00:29:45,927 - runner - DEBUG: Time split: train:215.90s val:7.75s
2022-03-13 00:29:45,928 - runner - DEBUG: Next learning rate: 0.0010
2022-03-13 00:33:29,816 - runner - INFO: Epoch 152/160 : train_acc:1.000, train_loss:0.002, val_acc:0.924, val_loss:0.441 (223.89s, ETA:0h:33m)
2022-03-13 00:33:29,816 - runner - DEBUG: Time split: train:215.42s val:7.81s
2022-03-13 00:33:29,816 - runner - DEBUG: Next learning rate: 0.0010
2022-03-13 00:37:12,812 - runner - INFO: Epoch 153/160 : train_acc:1.000, train_loss:0.002, val_acc:0.925, val_loss:0.442 (223.00s, ETA:0h:29m)
2022-03-13 00:37:12,812 - runner - DEBUG: Time split: train:214.50s val:7.81s
2022-03-13 00:37:12,813 - runner - DEBUG: Next learning rate: 0.0010
2022-03-13 00:40:55,908 - runner - INFO: Epoch 154/160 : train_acc:1.000, train_loss:0.002, val_acc:0.924, val_loss:0.440 (223.10s, ETA:0h:26m)
2022-03-13 00:40:55,908 - runner - DEBUG: Time split: train:214.62s val:7.82s
2022-03-13 00:40:55,908 - runner - DEBUG: Next learning rate: 0.0010
2022-03-13 00:44:39,988 - runner - INFO: Epoch 155/160 : train_acc:1.000, train_loss:0.002, val_acc:0.924, val_loss:0.440 (224.08s, ETA:0h:22m)
2022-03-13 00:44:39,988 - runner - DEBUG: Time split: train:215.58s val:7.82s
2022-03-13 00:44:39,988 - runner - DEBUG: Next learning rate: 0.0010
2022-03-13 00:48:23,735 - runner - INFO: Epoch 156/160 : train_acc:1.000, train_loss:0.002, val_acc:0.925, val_loss:0.440 (223.75s, ETA:0h:18m)
2022-03-13 00:48:23,735 - runner - DEBUG: Time split: train:215.17s val:7.93s
2022-03-13 00:48:23,736 - runner - DEBUG: Next learning rate: 0.0010
2022-03-13 00:52:08,006 - runner - INFO: Epoch 157/160 : train_acc:1.000, train_loss:0.002, val_acc:0.924, val_loss:0.439 (224.27s, ETA:0h:14m)
2022-03-13 00:52:08,007 - runner - DEBUG: Time split: train:215.53s val:8.06s
2022-03-13 00:52:08,007 - runner - DEBUG: Next learning rate: 0.0010
2022-03-13 00:55:51,299 - runner - INFO: Epoch 158/160 : train_acc:1.000, train_loss:0.001, val_acc:0.924, val_loss:0.439 (223.29s, ETA:0h:11m)
2022-03-13 00:55:51,299 - runner - DEBUG: Time split: train:214.65s val:7.98s
2022-03-13 00:55:51,299 - runner - DEBUG: Next learning rate: 0.0010
2022-03-13 00:59:35,432 - runner - INFO: Epoch 159/160 : train_acc:1.000, train_loss:0.001, val_acc:0.924, val_loss:0.438 (224.13s, ETA:0h:7m)
2022-03-13 00:59:35,432 - runner - DEBUG: Time split: train:215.68s val:7.78s
2022-03-13 00:59:35,432 - runner - DEBUG: Next learning rate: 0.0010
2022-03-13 01:03:19,034 - runner - INFO: Epoch 160/160 : train_acc:1.000, train_loss:0.001, val_acc:0.925, val_loss:0.443 (223.60s, ETA:0h:3m)
2022-03-13 01:03:19,034 - runner - DEBUG: Time split: train:215.08s val:7.88s
2022-03-13 01:03:19,034 - runner - DEBUG: Next learning rate: 0.0010
2022-03-13 01:03:34,772 - runner - INFO: Experiment Completed.
